❤❤❤❤❤❤❤❤❤❤❤❤❤❤❤❤❤❤❤❤❤❤❤❤❤❤❤❤❤❤❤❤❤❤❤❤❤❤❤❤❤❤❤❤❤❤❤❤❤❤❤❤❤❤❤❤❤❤❤❤❤❤❤❤❤❤❤❤❤❤❤❤
❤                           Results obtained                           ❤
❤                                using                                 ❤
❤                        ElasTool Version: 3.0                         ❤
❤             Calculations ended at 17:36:12 on 2023-12-15             ❤
❤❤❤❤❤❤❤❤❤❤❤❤❤❤❤❤❤❤❤❤❤❤❤❤❤❤❤❤❤❤❤❤❤❤❤❤❤❤❤❤❤❤❤❤❤❤❤❤❤❤❤❤❤❤❤❤❤❤❤❤❤❤❤❤❤❤❤❤❤❤❤❤
+-====================================================================-+
|             This is a 3D Hexagonal lattice.                          |
|               Mean Pressure = 0.09 GPa                               |
+----------------------------------------------------------------------+
| -------------------------------------------------------              |
|        Elastic Constants and Mechanical Properties                   |
+----------------------------------------------------------------------+
| C11 = 761.42 GPa                                                     |
| C12 = 165.61 GPa                                                     |
| C13 = -0.10 GPa                                                      |
| C33 = 7.75 GPa                                                       |
| C44 = 1.40 GPa                                                       |
| B_v = 206.82 GPa                                                     |
| B_r = 7.62 GPa                                                       |
| G_v = 151.15 GPa                                                     |
| G_r = 3.11 GPa                                                       |
| B_vrh = 107.22 GPa                                                   |
| G_vrh = 77.13 GPa                                                    |
| Young's modulus (E) = 186.65 GPa                                     |
| Poisson's ratio (V) = 0.21                                           |
| Sound velocity (V_s) = 6.28 Km/s                                     |
| Sound velocity (V_b) = 7.40 Km/s                                     |
| Sound velocity (V_p) = 10.36 Km/s                                    |
| Sound velocity (V_m) = 6.94 Km/s                                     |
| Debye temperature (T_d) = 942.13 K                                   |
| Kleinman’s parameter (Q) = 0.42                                      |
| Lame's parameter (M_1) = 55.80 N/m                                   |
| Lame's parameter (M_2) = 77.13 N/m                                   |
| Pugh's modulus ratio (P) = 1.39                                      |
| Min thermal conductivity (K_clarke) = 2.44 W/(mK)                    |
| Min thermal conductivity (K_cahill) = 0.92 W/(mK)                    |
| Linear compressibility (C[100]) = 1.38e+00 TPa^-1                    |
| Linear compressibility (C[110]) = 1.38e+00 TPa^-1                    |
| Linear compressibility (C[010]) = 1.38e+00 TPa^-1                    |
| Linear compressibility (C[111]) = 1.73e+02 TPa^-1                    |
| Linear compressibility (C_avg) = 4.44e+01 TPa^-1                     |
| Ductility test (D) = Material is brittle                             |
| Strain Energy Density = 4.211e+09 J/m³                               |
| -------------------------------------------------------              |
| Elastic anisotropy:                                                  |
| A_U = 263.8261                                                       |
| A_C = 0.9596                                                         |
+----------------------------------------------------------------------+
|                  Structural Stability Analysis                       |
+----------------------------------------------------------------------+
|              λ_1    λ_2    λ_3    λ_4    λ_5    λ_6                  |
| Eigenvalues:  1.402  1.402  7.751 297.907 595.815 927.028            |
| This structure is mechanically STABLE.                               |
+----------------------------------------------------------------------+
| Hardness (H) and Fracture Toughness (F) Analysis                     |
| WARNING: An empirical approximation; check validity!                 |
+----------------------------------------------------------------------+
| Hardness (H1a) = 11.38 GPa;  Ref.[1]                                 |
| Hardness (H1b) = 11.33 GPa;  Ref.[1]                                 |
| Hardness (H1c) = 10.33 GPa;  Ref.[2]                                 |
| Hardness (H2)  = 11.84 GPa;  Ref.[3]                                 |
| Hardness (H3)  = 10.75 GPa;  Ref.[4]                                 |
| Hardness (H4)  = 8.57 GPa;  Ref.[1]                                  |
| Hardness (H5)  = 14.29 GPa;  Ref.[5]                                 |
| Hardness (H6)  = 14.29 GPa;  Ref.[6]                                 |
| Hardness (H7)  = 9.30 GPa;  Ref.[7]                                  |
| Fracture Toughness (F1)  = 1.70 MPa m¹/₂;  Ref.[5]                   |
| Fracture Toughness (F2)  = 1.21 MPa m¹/₂;  Ref.[6]                   |
| Fracture Toughness (F3)  = 80.28 MPa m¹/₂;  Ref.[6]                  |
| -------------------------------------------------------------------- |
|    Cubic      Hexagonal  Orthorhombic   Rhombohedral  General        |
| -------------------------------------------------------------------- |
| I  All,F1-2   All,F1-2  H2,H6,H7,F1-2  All,F1-2  H2,H6,H7,F1-2       |
| S  All,F1-2   All,F1-2  H2,H6,H7,F1-2  All,F1-2  H5,H6,H7,F1-2       |
| M  H1a,H7,F3  H4,H7,F3  H4,H7,F3       H4,H7,F3  H4,H7,F3            |
| -------------------------------------------------------------------- |
| Insulator (I)     : bandgap > 2 eV                                   |
| Semiconductor (S) : bandgap < 2 eV                                   |
| Metal (M)         : bandgap = 0                                      |
| -------------------------------------------------------------------- |
| References                                                           |
+----------------------------------------------------------------------+
| [1] Comp. Mater. Sci. 50 (2011)                                      |
| [2] Scientific Reports, 3776 (2022)                                  |
| [3] MRS Bull. 23, 22 (1998)                                          |
| [4] J. Phys.: Condens. Matter 22 315503 (2010)                       |
| [5] Intermetallics 19, 1275 (2011)                                   |
| [6] J. Appl. Phys. 125, 065105 (2019)                                |
| [7] J. Appl. Phys. 126, 125109 (2019)                                |
|                                                                      |
+-====================================================================-+
+------------------------------------------------------------------------------+
|                                 * CITATIONS *                                |
| ---------------------------------------------------------------------------- |
|           If you have used Elastool in your research, PLEASE cite:           |
|                                                                              |
|      ElasTool: An automated toolkit for elastic constants calculation,       |
|         Z.-L. Liu, C.E. Ekuma, W.-Q. Li, J.-Q. Yang, and X.-J. Li,           |
|             Computer Physics Communications 270, 108180, (2022)              |
|                                                                              |
|                                                                              |
|          Efficient prediction of temperature-dependent elastic and           |
|  mechanical properties of 2D materials, S.M. Kastuar, C.E. Ekuma, Z-L. Liu,  |
|                   Nature Scientific Report 12, 3776 (2022)                   |
+------------------------------------------------------------------------------+

