❤❤❤❤❤❤❤❤❤❤❤❤❤❤❤❤❤❤❤❤❤❤❤❤❤❤❤❤❤❤❤❤❤❤❤❤❤❤❤❤❤❤❤❤❤❤❤❤❤❤❤❤❤❤❤❤❤❤❤❤❤❤❤❤❤❤❤❤❤❤❤❤
❤                           Results obtained                           ❤
❤                                using                                 ❤
❤                        ElasTool Version: 3.0                         ❤
❤             Calculations ended at 18:52:17 on 2023-12-15             ❤
❤❤❤❤❤❤❤❤❤❤❤❤❤❤❤❤❤❤❤❤❤❤❤❤❤❤❤❤❤❤❤❤❤❤❤❤❤❤❤❤❤❤❤❤❤❤❤❤❤❤❤❤❤❤❤❤❤❤❤❤❤❤❤❤❤❤❤❤❤❤❤❤
+-====================================================================-+
|             This is a 3D Nanoribbon lattice.                         |
|               Mean Pressure = 0.03 GPa                               |
+----------------------------------------------------------------------+
| -------------------------------------------------------              |
|        Elastic Constants and Mechanical Properties                   |
+----------------------------------------------------------------------+
| C11 = 774.96 GPa                                                     |
| C12 = 173.18 GPa                                                     |
| C44 = 436.39 GPa                                                     |
| B_v = 373.77 GPa                                                     |
| B_r = 373.77 GPa                                                     |
| G_v = 382.19 GPa                                                     |
| G_r = 369.78 GPa                                                     |
| B_vrh = 373.77 GPa                                                   |
| G_vrh = 375.99 GPa                                                   |
| Young's modulus (E) = 844.72 GPa                                     |
| Poisson's ratio (V) = 0.12                                           |
| Sound velocity (V_s) = 10.48 Km/s                                    |
| Sound velocity (V_b) = 10.45 Km/s                                    |
| Sound velocity (V_p) = 15.99 Km/s                                    |
| Sound velocity (V_m) = 11.48 Km/s                                    |
| Debye temperature (T_d) = 1878.54 K                                  |
| Kleinman’s parameter (Q) = 0.43                                      |
| Lame's parameter (M_1) = 123.12 N/m                                  |
| Lame's parameter (M_2) = 375.99 N/m                                  |
| Pugh's modulus ratio (P) = 0.99                                      |
| Min thermal conductivity (K_clarke) = 5.70 W/(mK)                    |
| Min thermal conductivity (K_cahill) = 3.33 W/(mK)                    |
| Linear compressibility (C[100]) = 1.41e+00 TPa^-1                    |
| Linear compressibility (C[110]) = 1.15e+00 TPa^-1                    |
| Linear compressibility (C[010]) = 1.41e+00 TPa^-1                    |
| Linear compressibility (C[111]) = 1.06e+00 TPa^-1                    |
| Linear compressibility (C_avg) = 1.25e+00 TPa^-1                     |
| Ductility test (D) = Material is brittle                             |
| Strain Energy Density = 7.010e+09 J/m³                               |
| -------------------------------------------------------              |
| Elastic anisotropy:                                                  |
| A_U = 0.1678                                                         |
| A_C = 0.0165                                                         |
+----------------------------------------------------------------------+
|                  Structural Stability Analysis                       |
+----------------------------------------------------------------------+
|              λ_1    λ_2    λ_3    λ_4    λ_5    λ_6                  |
| Eigenvalues: 436.394 436.394 436.394 601.780 601.780 1121.322        |
| This structure is mechanically STABLE.                               |
+----------------------------------------------------------------------+
| Hardness (H) and Fracture Toughness (F) Analysis                     |
| WARNING: An empirical approximation; check validity!                 |
+----------------------------------------------------------------------+
| Hardness (H1a) = 55.46 GPa;  Ref.[1]                                 |
| Hardness (H1b) = 51.26 GPa;  Ref.[1]                                 |
| Hardness (H1c) = 35.99 GPa;  Ref.[2]                                 |
| Hardness (H2)  = 53.60 GPa;  Ref.[3]                                 |
| Hardness (H3)  = 63.61 GPa;  Ref.[4]                                 |
| Hardness (H4)  = 41.78 GPa;  Ref.[1]                                 |
| Hardness (H5)  = 61.64 GPa;  Ref.[5]                                 |
| Hardness (H6)  = 61.64 GPa;  Ref.[6]                                 |
| Hardness (H7)  = 67.71 GPa;  Ref.[7]                                 |
| Fracture Toughness (F1)  = 5.68 MPa m¹/₂;  Ref.[5]                   |
| Fracture Toughness (F2)  = 5.41 MPa m¹/₂;  Ref.[6]                   |
| Fracture Toughness (F3)  = 359.42 MPa m¹/₂;  Ref.[6]                 |
| -------------------------------------------------------------------- |
|    Cubic      Hexagonal  Orthorhombic   Rhombohedral  General        |
| -------------------------------------------------------------------- |
| I  All,F1-2   All,F1-2  H2,H6,H7,F1-2  All,F1-2  H2,H6,H7,F1-2       |
| S  All,F1-2   All,F1-2  H2,H6,H7,F1-2  All,F1-2  H5,H6,H7,F1-2       |
| M  H1a,H7,F3  H4,H7,F3  H4,H7,F3       H4,H7,F3  H4,H7,F3            |
| -------------------------------------------------------------------- |
| Insulator (I)     : bandgap > 2 eV                                   |
| Semiconductor (S) : bandgap < 2 eV                                   |
| Metal (M)         : bandgap = 0                                      |
| -------------------------------------------------------------------- |
| References                                                           |
+----------------------------------------------------------------------+
| [1] Comp. Mater. Sci. 50 (2011)                                      |
| [2] Scientific Reports, 3776 (2022)                                  |
| [3] MRS Bull. 23, 22 (1998)                                          |
| [4] J. Phys.: Condens. Matter 22 315503 (2010)                       |
| [5] Intermetallics 19, 1275 (2011)                                   |
| [6] J. Appl. Phys. 125, 065105 (2019)                                |
| [7] J. Appl. Phys. 126, 125109 (2019)                                |
|                                                                      |
+-====================================================================-+
+------------------------------------------------------------------------------+
|                                 * CITATIONS *                                |
| ---------------------------------------------------------------------------- |
|           If you have used Elastool in your research, PLEASE cite:           |
|                                                                              |
|      ElasTool: An automated toolkit for elastic constants calculation,       |
|         Z.-L. Liu, C.E. Ekuma, W.-Q. Li, J.-Q. Yang, and X.-J. Li,           |
|             Computer Physics Communications 270, 108180, (2022)              |
|                                                                              |
|                                                                              |
|          Efficient prediction of temperature-dependent elastic and           |
|  mechanical properties of 2D materials, S.M. Kastuar, C.E. Ekuma, Z-L. Liu,  |
|                   Nature Scientific Report 12, 3776 (2022)                   |
+------------------------------------------------------------------------------+

