/entrypoint.sh: /entrypoint.d/ is not empty, will attempt to perform configuration
/entrypoint.sh: Looking for shell scripts in /entrypoint.d/
/entrypoint.sh: Launching /entrypoint.d/40-self-service-acl.sh
Traceback (most recent call last):
  File "/usr/sbin/ucr-light-filter", line 192, in <module>
    main()
  File "/usr/sbin/ucr-light-filter", line 188, in main
    print(run_filter(sys.stdin.read(), config_registry).decode("UTF-8"))
          ^^^^^^^^^^^^^^^^^^^^^^^^^^^^^^^^^^^^^^^^^^^^^
  File "/usr/sbin/ucr-light-filter", line 139, in run_filter
    line = resolve_variable(line)
           ^^^^^^^^^^^^^^^^^^^^^^
  File "/usr/sbin/ucr-light-filter", line 108, in resolve_variable
    return VARIABLE_PATTERN.sub(lambda x: config_registry[x.group(1)], line)
           ^^^^^^^^^^^^^^^^^^^^^^^^^^^^^^^^^^^^^^^^^^^^^^^^^^^^^^^^^^^^^^^^^
  File "/usr/sbin/ucr-light-filter", line 108, in <lambda>
    return VARIABLE_PATTERN.sub(lambda x: config_registry[x.group(1)], line)
                                          ~~~~~~~~~~~~~~~^^^^^^^^^^^^
  File "/usr/lib/python3.11/collections/__init__.py", line 1124, in __getitem__
    raise KeyError(key)
KeyError: 'self-service/ldap_attributes'
/entrypoint.sh: Launching /entrypoint.d/50-entrypoint.sh
Setting 'last_id' to '0' because it is empty
Traceback (most recent call last):
  File "/usr/sbin/ucr-light-filter", line 192, in <module>
    main()
  File "/usr/sbin/ucr-light-filter", line 188, in main
    print(run_filter(sys.stdin.read(), config_registry).decode("UTF-8"))
          ^^^^^^^^^^^^^^^^^^^^^^^^^^^^^^^^^^^^^^^^^^^^^
  File "/usr/sbin/ucr-light-filter", line 139, in run_filter
    line = resolve_variable(line)
           ^^^^^^^^^^^^^^^^^^^^^^
  File "/usr/sbin/ucr-light-filter", line 108, in resolve_variable
    return VARIABLE_PATTERN.sub(lambda x: config_registry[x.group(1)], line)
           ^^^^^^^^^^^^^^^^^^^^^^^^^^^^^^^^^^^^^^^^^^^^^^^^^^^^^^^^^^^^^^^^^
  File "/usr/sbin/ucr-light-filter", line 108, in <lambda>
    return VARIABLE_PATTERN.sub(lambda x: config_registry[x.group(1)], line)
                                          ~~~~~~~~~~~~~~~^^^^^^^^^^^^
  File "/usr/lib/python3.11/collections/__init__.py", line 1124, in __getitem__
    raise KeyError(key)
KeyError: 'umc/saml/idp-server'
Traceback (most recent call last):
  File "/usr/sbin/ucr-light-filter", line 192, in <module>
    main()
  File "/usr/sbin/ucr-light-filter", line 188, in main
    print(run_filter(sys.stdin.read(), config_registry).decode("UTF-8"))
          ^^^^^^^^^^^^^^^^^^^^^^^^^^^^^^^^^^^^^^^^^^^^^
  File "/usr/sbin/ucr-light-filter", line 139, in run_filter
    line = resolve_variable(line)
           ^^^^^^^^^^^^^^^^^^^^^^
  File "/usr/sbin/ucr-light-filter", line 108, in resolve_variable
    return VARIABLE_PATTERN.sub(lambda x: config_registry[x.group(1)], line)
           ^^^^^^^^^^^^^^^^^^^^^^^^^^^^^^^^^^^^^^^^^^^^^^^^^^^^^^^^^^^^^^^^^
  File "/usr/sbin/ucr-light-filter", line 108, in <lambda>
    return VARIABLE_PATTERN.sub(lambda x: config_registry[x.group(1)], line)
                                          ~~~~~~~~~~~~~~~^^^^^^^^^^^^
  File "/usr/lib/python3.11/collections/__init__.py", line 1124, in __getitem__
    raise KeyError(key)
KeyError: 'umc/saml/idp-server-internal'
Traceback (most recent call last):
  File "/usr/sbin/ucr-light-filter", line 192, in <module>
    main()
  File "/usr/sbin/ucr-light-filter", line 188, in main
    print(run_filter(sys.stdin.read(), config_registry).decode("UTF-8"))
          ^^^^^^^^^^^^^^^^^^^^^^^^^^^^^^^^^^^^^^^^^^^^^
  File "/usr/sbin/ucr-light-filter", line 139, in run_filter
    line = resolve_variable(line)
           ^^^^^^^^^^^^^^^^^^^^^^
  File "/usr/sbin/ucr-light-filter", line 108, in resolve_variable
    return VARIABLE_PATTERN.sub(lambda x: config_registry[x.group(1)], line)
           ^^^^^^^^^^^^^^^^^^^^^^^^^^^^^^^^^^^^^^^^^^^^^^^^^^^^^^^^^^^^^^^^^
  File "/usr/sbin/ucr-light-filter", line 108, in <lambda>
    return VARIABLE_PATTERN.sub(lambda x: config_registry[x.group(1)], line)
                                          ~~~~~~~~~~~~~~~^^^^^^^^^^^^
  File "/usr/lib/python3.11/collections/__init__.py", line 1124, in __getitem__
    raise KeyError(key)
KeyError: 'ldap/saml/service-providers'
2025-06-12 09:36:09,382 INFO  [sync-ldap-indexes.main:234] Checking if ldap indexes need to be updated
2025-06-12 09:36:09,448 INFO  [sync-ldap-indexes.main:254] Virgin persistent volume. New state file with current state created.
INFO: Feature "Status ConfigMap" not enabled.
INFO: Loading initial directory content.
/etc/ldap/slapd.conf: line 285: rootdn is always granted unlimited privileges.
/etc/ldap/slapd.conf: line 285: rootdn is always granted unlimited privileges.
mdb_db_open: database "cn=translog" cannot be opened: No such file or directory (2). Restore from backup!
backend_startup_one (type=mdb, suffix="cn=translog"): bi_db_open failed! (2)
slap_startup failed
/etc/ldap/slapd.conf: line 285: rootdn is always granted unlimited privileges.
No TLS certificates configured!
Setting OpenLDAP log level from UCS.
/entrypoint.sh: Configuration complete; ready for start up
684a9f8d.38dc8eff 0x7ff6b7dcc740 @(#) $OpenLDAP: slapd 2.5.13+dfsg-5A~5.2.0.202503251807 (Mar 25 2025 18:33:52) $
	Debian OpenLDAP Maintainers <pkg-openldap-devel@lists.alioth.debian.org>
684a9f8f.0aa039c6 0x7ff6b7dcc740 /etc/ldap/slapd.conf: line 280: rootdn is always granted unlimited privileges.
684a9f8f.0b53b3b6 0x7ff6b7dcc740 WARNING: No dynamic config support for overlay translog.
684a9f8f.0b558ccb 0x7ff6b7dcc740 WARNING: No dynamic config support for overlay shadowbind.
684a9f8f.0b6f81e6 0x7ff6b7dcc740 slapd starting
684a9fd2.250f7515 0x7ff3ac94e6c0 conn=1000 op=258 slap_read_controls: (1.3.6.1.1.13.2) cn=foo_ae4f5f8497,cn=uid,cn=temporary,cn=univention,dc=univention-organization,dc=intranet
684a9fd2.252d4d50 0x7ff3ac94e6c0 OVER: unable to open file /var/lib/univention-ldap/listener/listener.priv
684a9fd2.258f4b7a 0x7ff3a7fff6c0 conn=1000 op=263 slap_read_controls: (1.3.6.1.1.13.2) cn=2001,cn=uidNumber,cn=temporary,cn=univention,dc=univention-organization,dc=intranet
684a9fd2.25d969c8 0x7ff3a7fff6c0 conn=1000 op=265 slap_read_controls: (1.3.6.1.1.13.2) cn=2001,cn=gidNumber,cn=temporary,cn=univention,dc=univention-organization,dc=intranet
684a9fd2.26194991 0x7ff3a7fff6c0 conn=1000 op=267 slap_read_controls: (1.3.6.1.1.13.1) cn=2001,cn=gidNumber,cn=temporary,cn=univention,dc=univention-organization,dc=intranet
684a9fd3.028fa4bd 0x7ff3ac94e6c0 conn=1000 op=280 slap_read_controls: (1.3.6.1.1.13.2) cn=S-1-5-21-UNSET-5002,cn=sid,cn=temporary,cn=univention,dc=univention-organization,dc=intranet
684a9fd3.02eec5b2 0x7ff3ac94e6c0 conn=1000 op=284 slap_read_controls: (1.3.6.1.1.13.2) uid=foo_ae4f5f8497,cn=users,dc=univention-organization,dc=intranet
684a9fd3.037a2bd8 0x7ff3a7fff6c0 conn=1000 op=285 slap_read_controls: (1.3.6.1.1.13.1) cn=S-1-5-21-UNSET-5002,cn=sid,cn=temporary,cn=univention,dc=univention-organization,dc=intranet
684a9fd3.03cf37ac 0x7ff3ac94e6c0 conn=1000 op=286 slap_read_controls: (1.3.6.1.1.13.1) cn=uidNumber,cn=temporary,cn=univention,dc=univention-organization,dc=intranet
684a9fd3.03d11a30 0x7ff3ac94e6c0 conn=1000 op=286 slap_read_controls: (1.3.6.1.1.13.2) cn=uidNumber,cn=temporary,cn=univention,dc=univention-organization,dc=intranet
684a9fd3.042e0760 0x7ff3a7fff6c0 conn=1000 op=287 slap_read_controls: (1.3.6.1.1.13.1) cn=2001,cn=uidNumber,cn=temporary,cn=univention,dc=univention-organization,dc=intranet
684a9fd3.046d50ca 0x7ff3ac94e6c0 conn=1000 op=288 slap_read_controls: (1.3.6.1.1.13.1) cn=foo_ae4f5f8497,cn=uid,cn=temporary,cn=univention,dc=univention-organization,dc=intranet
684a9fd3.04bb907f 0x7ff3a7fff6c0 conn=1000 op=291 slap_read_controls: (1.3.6.1.1.13.1) cn=Domain Users,cn=groups,dc=univention-organization,dc=intranet
684a9fd3.04be6343 0x7ff3a7fff6c0 conn=1000 op=291 slap_read_controls: (1.3.6.1.1.13.2) cn=Domain Users,cn=groups,dc=univention-organization,dc=intranet
684a9fd3.04c62973 0x7ff3a7fff6c0 conn=1000 op=291 slap_read_controls: (1.3.6.1.1.13.1) uid=foo_ae4f5f8497,cn=users,dc=univention-organization,dc=intranet
684a9fd3.04c879c3 0x7ff3a7fff6c0 conn=1000 op=291 slap_read_controls: (1.3.6.1.1.13.2) uid=foo_ae4f5f8497,cn=users,dc=univention-organization,dc=intranet
684a9fd3.203f1acc 0x7ff3a7fff6c0 conn=1000 op=333 slap_read_controls: (1.3.6.1.1.13.1) uid=foo_ae4f5f8497,cn=users,dc=univention-organization,dc=intranet
684a9fd3.205e064f 0x7ff3ac94e6c0 conn=-1 op=0: memberof_value_modify DN="uid=foo_ae4f5f8497,cn=users,dc=univention-organization,dc=intranet" delete memberOf="cn=Domain Users,cn=groups,dc=univention-organization,dc=intranet" failed err=32
684a9fd3.20fe11bb 0x7ff3ac94e6c0 conn=1000 op=339 slap_read_controls: (1.3.6.1.1.13.1) cn=Domain Users,cn=groups,dc=univention-organization,dc=intranet
684a9fd3.20ffeec5 0x7ff3ac94e6c0 conn=1000 op=339 slap_read_controls: (1.3.6.1.1.13.2) cn=Domain Users,cn=groups,dc=univention-organization,dc=intranet
684a9fd4.226f937f 0x7ff3ac94e6c0 conn=1000 op=399 slap_read_controls: (1.3.6.1.1.13.2) cn=foo_1ac4fed44b,cn=uid,cn=temporary,cn=univention,dc=univention-organization,dc=intranet
684a9fd4.22e88862 0x7ff3a7fff6c0 conn=1000 op=404 slap_read_controls: (1.3.6.1.1.13.2) cn=2002,cn=uidNumber,cn=temporary,cn=univention,dc=univention-organization,dc=intranet
684a9fd4.232c859d 0x7ff3a7fff6c0 conn=1000 op=406 slap_read_controls: (1.3.6.1.1.13.2) cn=2002,cn=gidNumber,cn=temporary,cn=univention,dc=univention-organization,dc=intranet
684a9fd4.23855809 0x7ff3a7fff6c0 conn=1000 op=408 slap_read_controls: (1.3.6.1.1.13.1) cn=2002,cn=gidNumber,cn=temporary,cn=univention,dc=univention-organization,dc=intranet
684a9fd4.36cfc2f0 0x7ff3ac94e6c0 conn=1000 op=421 slap_read_controls: (1.3.6.1.1.13.2) cn=S-1-5-21-UNSET-5004,cn=sid,cn=temporary,cn=univention,dc=univention-organization,dc=intranet
684a9fd4.3733d920 0x7ff3ac94e6c0 conn=1000 op=425 slap_read_controls: (1.3.6.1.1.13.2) uid=foo_1ac4fed44b,cn=users,dc=univention-organization,dc=intranet
684a9fd4.37a52445 0x7ff3a7fff6c0 conn=1000 op=426 slap_read_controls: (1.3.6.1.1.13.1) cn=S-1-5-21-UNSET-5004,cn=sid,cn=temporary,cn=univention,dc=univention-organization,dc=intranet
684a9fd4.37e94133 0x7ff3ac94e6c0 conn=1000 op=427 slap_read_controls: (1.3.6.1.1.13.1) cn=uidNumber,cn=temporary,cn=univention,dc=univention-organization,dc=intranet
684a9fd4.37eba6bf 0x7ff3ac94e6c0 conn=1000 op=427 slap_read_controls: (1.3.6.1.1.13.2) cn=uidNumber,cn=temporary,cn=univention,dc=univention-organization,dc=intranet
684a9fd4.3848665f 0x7ff3a7fff6c0 conn=1000 op=428 slap_read_controls: (1.3.6.1.1.13.1) cn=2002,cn=uidNumber,cn=temporary,cn=univention,dc=univention-organization,dc=intranet
684a9fd4.38831b85 0x7ff3ac94e6c0 conn=1000 op=429 slap_read_controls: (1.3.6.1.1.13.1) cn=foo_1ac4fed44b,cn=uid,cn=temporary,cn=univention,dc=univention-organization,dc=intranet
684a9fd4.38e947f5 0x7ff3a7fff6c0 conn=1000 op=432 slap_read_controls: (1.3.6.1.1.13.1) cn=Domain Users,cn=groups,dc=univention-organization,dc=intranet
684a9fd4.38ebae9c 0x7ff3a7fff6c0 conn=1000 op=432 slap_read_controls: (1.3.6.1.1.13.2) cn=Domain Users,cn=groups,dc=univention-organization,dc=intranet
684a9fd4.38fdc172 0x7ff3a7fff6c0 conn=1000 op=432 slap_read_controls: (1.3.6.1.1.13.1) uid=foo_1ac4fed44b,cn=users,dc=univention-organization,dc=intranet
684a9fd4.38ffc523 0x7ff3a7fff6c0 conn=1000 op=432 slap_read_controls: (1.3.6.1.1.13.2) uid=foo_1ac4fed44b,cn=users,dc=univention-organization,dc=intranet
684a9fd6.1430ef51 0x7ff3ac94e6c0 conn=1000 op=505 slap_read_controls: (1.3.6.1.1.13.1) uid=foo_1ac4fed44b,cn=users,dc=univention-organization,dc=intranet
684a9fd6.145506fd 0x7ff3a7fff6c0 conn=-1 op=0: memberof_value_modify DN="uid=foo_1ac4fed44b,cn=users,dc=univention-organization,dc=intranet" delete memberOf="cn=Domain Users,cn=groups,dc=univention-organization,dc=intranet" failed err=32
684a9fd6.152164c4 0x7ff3a7fff6c0 conn=1000 op=511 slap_read_controls: (1.3.6.1.1.13.1) cn=Domain Users,cn=groups,dc=univention-organization,dc=intranet
684a9fd6.15249dff 0x7ff3a7fff6c0 conn=1000 op=511 slap_read_controls: (1.3.6.1.1.13.2) cn=Domain Users,cn=groups,dc=univention-organization,dc=intranet
684a9fd6.2b5bfc74 0x7ff3a7fff6c0 conn=1000 op=565 slap_read_controls: (1.3.6.1.1.13.2) cn=foo,cn=uid,cn=temporary,cn=univention,dc=univention-organization,dc=intranet
684a9fd6.2bc2ab94 0x7ff3ac94e6c0 conn=1000 op=570 slap_read_controls: (1.3.6.1.1.13.2) cn=2003,cn=uidNumber,cn=temporary,cn=univention,dc=univention-organization,dc=intranet
684a9fd6.2c1ef28e 0x7ff3ac94e6c0 conn=1000 op=572 slap_read_controls: (1.3.6.1.1.13.2) cn=2003,cn=gidNumber,cn=temporary,cn=univention,dc=univention-organization,dc=intranet
684a9fd6.2c5ca6e4 0x7ff3ac94e6c0 conn=1000 op=574 slap_read_controls: (1.3.6.1.1.13.1) cn=2003,cn=gidNumber,cn=temporary,cn=univention,dc=univention-organization,dc=intranet
684a9fd7.0498e7fe 0x7ff3a7fff6c0 conn=1000 op=587 slap_read_controls: (1.3.6.1.1.13.2) cn=S-1-5-21-UNSET-5006,cn=sid,cn=temporary,cn=univention,dc=univention-organization,dc=intranet
684a9fd7.050710fc 0x7ff3a7fff6c0 conn=1000 op=591 slap_read_controls: (1.3.6.1.1.13.2) uid=foo,cn=users,dc=univention-organization,dc=intranet
684a9fd7.057f5615 0x7ff3ac94e6c0 conn=1000 op=592 slap_read_controls: (1.3.6.1.1.13.1) cn=S-1-5-21-UNSET-5006,cn=sid,cn=temporary,cn=univention,dc=univention-organization,dc=intranet
684a9fd7.05bdbce5 0x7ff3a7fff6c0 conn=1000 op=593 slap_read_controls: (1.3.6.1.1.13.1) cn=uidNumber,cn=temporary,cn=univention,dc=univention-organization,dc=intranet
684a9fd7.05bf2dcd 0x7ff3a7fff6c0 conn=1000 op=593 slap_read_controls: (1.3.6.1.1.13.2) cn=uidNumber,cn=temporary,cn=univention,dc=univention-organization,dc=intranet
684a9fd7.061b005c 0x7ff3ac94e6c0 conn=1000 op=594 slap_read_controls: (1.3.6.1.1.13.1) cn=2003,cn=uidNumber,cn=temporary,cn=univention,dc=univention-organization,dc=intranet
684a9fd7.06603096 0x7ff3a7fff6c0 conn=1000 op=595 slap_read_controls: (1.3.6.1.1.13.1) cn=foo,cn=uid,cn=temporary,cn=univention,dc=univention-organization,dc=intranet
684a9fd7.06af91bf 0x7ff3a7fff6c0 conn=1000 op=598 slap_read_controls: (1.3.6.1.1.13.1) cn=Domain Users,cn=groups,dc=univention-organization,dc=intranet
684a9fd7.06b1276b 0x7ff3a7fff6c0 conn=1000 op=598 slap_read_controls: (1.3.6.1.1.13.2) cn=Domain Users,cn=groups,dc=univention-organization,dc=intranet
684a9fd7.06b7144e 0x7ff3a7fff6c0 conn=1000 op=598 slap_read_controls: (1.3.6.1.1.13.1) uid=foo,cn=users,dc=univention-organization,dc=intranet
684a9fd7.06b929ea 0x7ff3a7fff6c0 conn=1000 op=598 slap_read_controls: (1.3.6.1.1.13.2) uid=foo,cn=users,dc=univention-organization,dc=intranet
684a9fd7.212c23ca 0x7ff3ac94e6c0 conn=1000 op=647 slap_read_controls: (1.3.6.1.1.13.2) uid=foo,cn=users,dc=univention-organization,dc=intranet
684a9fd7.2aed63ad 0x7ff3a7fff6c0 conn=1000 op=674 slap_read_controls: (1.3.6.1.1.13.1) uid=foo,cn=users,dc=univention-organization,dc=intranet
684a9fd7.2af0c627 0x7ff3a7fff6c0 conn=1000 op=674 slap_read_controls: (1.3.6.1.1.13.2) uid=foo,dc=univention-organization,dc=intranet
684a9fd7.2b05f50c 0x7ff3ac94e6c0 conn=-1 op=0: memberof_value_modify DN="uid=foo,cn=users,dc=univention-organization,dc=intranet" delete memberOf="cn=Domain Users,cn=groups,dc=univention-organization,dc=intranet" failed err=32
684a9fd7.2b074e48 0x7ff3ac94e6c0 conn=-1 op=0: memberof_value_modify DN="uid=foo,dc=univention-organization,dc=intranet" add memberOf="cn=Domain Users,cn=groups,dc=univention-organization,dc=intranet" failed err=20
684a9fd7.2bbf0639 0x7ff3a7fff6c0 conn=1000 op=675 slap_read_controls: (1.3.6.1.1.13.1) cn=Domain Users,cn=groups,dc=univention-organization,dc=intranet
684a9fd7.2bd0206c 0x7ff3ac94e6c0 conn=1000 op=676 slap_read_controls: (1.3.6.1.1.13.1) cn=Domain Users,cn=groups,dc=univention-organization,dc=intranet
684a9fd7.34e6d0cb 0x7ff3ac94e6c0 conn=1000 op=702 slap_read_controls: (1.3.6.1.1.13.1) uid=foo,dc=univention-organization,dc=intranet
684a9fd7.35009db6 0x7ff3a7fff6c0 conn=-1 op=0: memberof_value_modify DN="uid=foo,dc=univention-organization,dc=intranet" delete memberOf="cn=Domain Users,cn=groups,dc=univention-organization,dc=intranet" failed err=32
684a9fd7.359524bb 0x7ff3a7fff6c0 conn=1000 op=708 slap_read_controls: (1.3.6.1.1.13.1) cn=Domain Users,cn=groups,dc=univention-organization,dc=intranet
684a9fd7.3596b5f0 0x7ff3a7fff6c0 conn=1000 op=708 slap_read_controls: (1.3.6.1.1.13.2) cn=Domain Users,cn=groups,dc=univention-organization,dc=intranet
684a9fd8.1bd83b49 0x7ff3ac94e6c0 conn=1000 op=795 slap_read_controls: (1.3.6.1.1.13.2) cn=foo_async,cn=uid,cn=temporary,cn=univention,dc=univention-organization,dc=intranet
684a9fd8.1c32e1ba 0x7ff3a7fff6c0 conn=1000 op=800 slap_read_controls: (1.3.6.1.1.13.2) cn=2004,cn=uidNumber,cn=temporary,cn=univention,dc=univention-organization,dc=intranet
684a9fd8.1c72980f 0x7ff3a7fff6c0 conn=1000 op=802 slap_read_controls: (1.3.6.1.1.13.2) cn=2004,cn=gidNumber,cn=temporary,cn=univention,dc=univention-organization,dc=intranet
684a9fd8.1cac1b5e 0x7ff3a7fff6c0 conn=1000 op=804 slap_read_controls: (1.3.6.1.1.13.1) cn=2004,cn=gidNumber,cn=temporary,cn=univention,dc=univention-organization,dc=intranet
684a9fd8.2f116c14 0x7ff3ac94e6c0 conn=1000 op=817 slap_read_controls: (1.3.6.1.1.13.2) cn=S-1-5-21-UNSET-5008,cn=sid,cn=temporary,cn=univention,dc=univention-organization,dc=intranet
684a9fd8.2f6e9457 0x7ff3ac94e6c0 conn=1000 op=821 slap_read_controls: (1.3.6.1.1.13.2) uid=foo_async,cn=users,dc=univention-organization,dc=intranet
684a9fd8.2fd1a49e 0x7ff3a7fff6c0 conn=1000 op=822 slap_read_controls: (1.3.6.1.1.13.1) cn=S-1-5-21-UNSET-5008,cn=sid,cn=temporary,cn=univention,dc=univention-organization,dc=intranet
684a9fd8.300aaeaa 0x7ff3ac94e6c0 conn=1000 op=823 slap_read_controls: (1.3.6.1.1.13.1) cn=uidNumber,cn=temporary,cn=univention,dc=univention-organization,dc=intranet
684a9fd8.300c8072 0x7ff3ac94e6c0 conn=1000 op=823 slap_read_controls: (1.3.6.1.1.13.2) cn=uidNumber,cn=temporary,cn=univention,dc=univention-organization,dc=intranet
684a9fd8.3057ba6e 0x7ff3a7fff6c0 conn=1000 op=824 slap_read_controls: (1.3.6.1.1.13.1) cn=2004,cn=uidNumber,cn=temporary,cn=univention,dc=univention-organization,dc=intranet
684a9fd8.308d6861 0x7ff3ac94e6c0 conn=1000 op=825 slap_read_controls: (1.3.6.1.1.13.1) cn=foo_async,cn=uid,cn=temporary,cn=univention,dc=univention-organization,dc=intranet
684a9fd8.30daea4e 0x7ff3a7fff6c0 conn=1000 op=828 slap_read_controls: (1.3.6.1.1.13.1) cn=Domain Users,cn=groups,dc=univention-organization,dc=intranet
684a9fd8.30dd18ee 0x7ff3a7fff6c0 conn=1000 op=828 slap_read_controls: (1.3.6.1.1.13.2) cn=Domain Users,cn=groups,dc=univention-organization,dc=intranet
684a9fd8.30e37126 0x7ff3a7fff6c0 conn=1000 op=828 slap_read_controls: (1.3.6.1.1.13.1) uid=foo_async,cn=users,dc=univention-organization,dc=intranet
684a9fd8.30e5ec8a 0x7ff3a7fff6c0 conn=1000 op=828 slap_read_controls: (1.3.6.1.1.13.2) uid=foo_async,cn=users,dc=univention-organization,dc=intranet
684a9fd9.0d0e904e 0x7ff3ac94e6c0 conn=1000 op=877 slap_read_controls: (1.3.6.1.1.13.2) uid=foo_async,cn=users,dc=univention-organization,dc=intranet
684a9fd9.15cc903f 0x7ff3a7fff6c0 conn=1000 op=904 slap_read_controls: (1.3.6.1.1.13.1) uid=foo_async,cn=users,dc=univention-organization,dc=intranet
684a9fd9.15cfe589 0x7ff3a7fff6c0 conn=1000 op=904 slap_read_controls: (1.3.6.1.1.13.2) uid=foo_async,dc=univention-organization,dc=intranet
684a9fd9.15e4e7cc 0x7ff3ac94e6c0 conn=-1 op=0: memberof_value_modify DN="uid=foo_async,cn=users,dc=univention-organization,dc=intranet" delete memberOf="cn=Domain Users,cn=groups,dc=univention-organization,dc=intranet" failed err=32
684a9fd9.15e63a95 0x7ff3ac94e6c0 conn=-1 op=0: memberof_value_modify DN="uid=foo_async,dc=univention-organization,dc=intranet" add memberOf="cn=Domain Users,cn=groups,dc=univention-organization,dc=intranet" failed err=20
684a9fd9.16b496ce 0x7ff3a7fff6c0 conn=1000 op=905 slap_read_controls: (1.3.6.1.1.13.1) cn=Domain Users,cn=groups,dc=univention-organization,dc=intranet
684a9fd9.16ca7f66 0x7ff3ac94e6c0 conn=1000 op=906 slap_read_controls: (1.3.6.1.1.13.1) cn=Domain Users,cn=groups,dc=univention-organization,dc=intranet
684a9fd9.1f367e8f 0x7ff3ac94e6c0 conn=1000 op=932 slap_read_controls: (1.3.6.1.1.13.1) uid=foo_async,dc=univention-organization,dc=intranet
684a9fd9.1f6c536c 0x7ff3a7fff6c0 conn=-1 op=0: memberof_value_modify DN="uid=foo_async,dc=univention-organization,dc=intranet" delete memberOf="cn=Domain Users,cn=groups,dc=univention-organization,dc=intranet" failed err=32
684a9fd9.20171477 0x7ff3a7fff6c0 conn=1000 op=938 slap_read_controls: (1.3.6.1.1.13.1) cn=Domain Users,cn=groups,dc=univention-organization,dc=intranet
684a9fd9.201928b8 0x7ff3a7fff6c0 conn=1000 op=938 slap_read_controls: (1.3.6.1.1.13.2) cn=Domain Users,cn=groups,dc=univention-organization,dc=intranet
