2025-06-08 13:58:16,307 - DEBUG - Logging initialized. Writing to /Users/johnrush/repos/chuck-data/log/sessions/2025-06-08_13-58-16.log
2025-06-08 13:58:16,309 - DEBUG - Loaded configuration from /Users/johnrush/.chuck_config.json
2025-06-08 13:58:16,325 - DEBUG - Using selector: KqueueSelector
2025-06-08 13:58:19,385 - DEBUG - GET request to: https://dbc-df998298-4c7e.cloud.databricks.com/api/2.1/unity-catalog/catalogs/john_test
2025-06-08 13:58:19,390 - DEBUG - Starting new HTTPS connection (1): dbc-df998298-4c7e.cloud.databricks.com:443
2025-06-08 13:58:19,755 - DEBUG - https://dbc-df998298-4c7e.cloud.databricks.com:443 "GET /api/2.1/unity-catalog/catalogs/john_test HTTP/1.1" 200 None
2025-06-08 13:58:19,756 - DEBUG - GET request to: https://dbc-df998298-4c7e.cloud.databricks.com/api/2.1/unity-catalog/schemas/john_test.bronze
2025-06-08 13:58:19,757 - DEBUG - Starting new HTTPS connection (1): dbc-df998298-4c7e.cloud.databricks.com:443
2025-06-08 13:58:19,903 - DEBUG - https://dbc-df998298-4c7e.cloud.databricks.com:443 "GET /api/2.1/unity-catalog/schemas/john_test.bronze HTTP/1.1" 200 None
2025-06-08 13:58:19,904 - DEBUG - GET request with params to: https://dbc-df998298-4c7e.cloud.databricks.com/api/2.1/unity-catalog/tables
2025-06-08 13:58:19,905 - DEBUG - Starting new HTTPS connection (1): dbc-df998298-4c7e.cloud.databricks.com:443
2025-06-08 13:58:20,137 - DEBUG - https://dbc-df998298-4c7e.cloud.databricks.com:443 "GET /api/2.1/unity-catalog/tables?catalog_name=john_test&schema_name=bronze&omit_columns=true HTTP/1.1" 200 None
2025-06-08 13:58:20,139 - INFO - Starting PII Scan for 3 tables in john_test.bronze.
2025-06-08 13:58:20,142 - DEBUG - GET request to: https://dbc-df998298-4c7e.cloud.databricks.com/api/2.1/unity-catalog/tables/john_test.bronze.ecommerce_profiles
2025-06-08 13:58:20,143 - DEBUG - GET request to: https://dbc-df998298-4c7e.cloud.databricks.com/api/2.1/unity-catalog/tables/john_test.bronze.loyalty_member
2025-06-08 13:58:20,144 - DEBUG - GET request to: https://dbc-df998298-4c7e.cloud.databricks.com/api/2.1/unity-catalog/tables/john_test.bronze.pos_customer
2025-06-08 13:58:20,144 - DEBUG - Starting new HTTPS connection (1): dbc-df998298-4c7e.cloud.databricks.com:443
2025-06-08 13:58:20,145 - DEBUG - Starting new HTTPS connection (1): dbc-df998298-4c7e.cloud.databricks.com:443
2025-06-08 13:58:20,146 - DEBUG - Starting new HTTPS connection (1): dbc-df998298-4c7e.cloud.databricks.com:443
2025-06-08 13:58:20,293 - DEBUG - https://dbc-df998298-4c7e.cloud.databricks.com:443 "GET /api/2.1/unity-catalog/tables/john_test.bronze.ecommerce_profiles HTTP/1.1" 200 None
2025-06-08 13:58:20,295 - DEBUG - https://dbc-df998298-4c7e.cloud.databricks.com:443 "GET /api/2.1/unity-catalog/tables/john_test.bronze.loyalty_member HTTP/1.1" 200 None
2025-06-08 13:58:20,300 - DEBUG - https://dbc-df998298-4c7e.cloud.databricks.com:443 "GET /api/2.1/unity-catalog/tables/john_test.bronze.pos_customer HTTP/1.1" 200 None
2025-06-08 13:58:20,346 - DEBUG - connect_tcp.started host='dbc-df998298-4c7e.cloud.databricks.com' port=443 local_address=None timeout=5.0 socket_options=None
2025-06-08 13:58:20,346 - DEBUG - connect_tcp.started host='dbc-df998298-4c7e.cloud.databricks.com' port=443 local_address=None timeout=5.0 socket_options=None
2025-06-08 13:58:20,346 - DEBUG - connect_tcp.started host='dbc-df998298-4c7e.cloud.databricks.com' port=443 local_address=None timeout=5.0 socket_options=None
2025-06-08 13:58:20,367 - DEBUG - connect_tcp.complete return_value=<httpcore._backends.sync.SyncStream object at 0x106b97a10>
2025-06-08 13:58:20,367 - DEBUG - start_tls.started ssl_context=<ssl.SSLContext object at 0x106b79640> server_hostname='dbc-df998298-4c7e.cloud.databricks.com' timeout=5.0
2025-06-08 13:58:20,375 - DEBUG - connect_tcp.complete return_value=<httpcore._backends.sync.SyncStream object at 0x106bc79d0>
2025-06-08 13:58:20,375 - DEBUG - start_tls.started ssl_context=<ssl.SSLContext object at 0x106b79250> server_hostname='dbc-df998298-4c7e.cloud.databricks.com' timeout=5.0
2025-06-08 13:58:20,375 - DEBUG - connect_tcp.complete return_value=<httpcore._backends.sync.SyncStream object at 0x106bc6c10>
2025-06-08 13:58:20,375 - DEBUG - start_tls.started ssl_context=<ssl.SSLContext object at 0x106b79880> server_hostname='dbc-df998298-4c7e.cloud.databricks.com' timeout=5.0
2025-06-08 13:58:20,416 - DEBUG - start_tls.complete return_value=<httpcore._backends.sync.SyncStream object at 0x106b7cc30>
2025-06-08 13:58:20,416 - DEBUG - send_request_headers.started request=<Request [b'POST']>
2025-06-08 13:58:20,416 - DEBUG - send_request_headers.complete
2025-06-08 13:58:20,416 - DEBUG - send_request_body.started request=<Request [b'POST']>
2025-06-08 13:58:20,416 - DEBUG - send_request_body.complete
2025-06-08 13:58:20,416 - DEBUG - receive_response_headers.started request=<Request [b'POST']>
2025-06-08 13:58:20,422 - DEBUG - start_tls.complete return_value=<httpcore._backends.sync.SyncStream object at 0x106b7cd60>
2025-06-08 13:58:20,422 - DEBUG - send_request_headers.started request=<Request [b'POST']>
2025-06-08 13:58:20,422 - DEBUG - send_request_headers.complete
2025-06-08 13:58:20,422 - DEBUG - send_request_body.started request=<Request [b'POST']>
2025-06-08 13:58:20,422 - DEBUG - send_request_body.complete
2025-06-08 13:58:20,422 - DEBUG - receive_response_headers.started request=<Request [b'POST']>
2025-06-08 13:58:20,428 - DEBUG - start_tls.complete return_value=<httpcore._backends.sync.SyncStream object at 0x106b89d90>
2025-06-08 13:58:20,428 - DEBUG - send_request_headers.started request=<Request [b'POST']>
2025-06-08 13:58:20,428 - DEBUG - send_request_headers.complete
2025-06-08 13:58:20,428 - DEBUG - send_request_body.started request=<Request [b'POST']>
2025-06-08 13:58:20,428 - DEBUG - send_request_body.complete
2025-06-08 13:58:20,428 - DEBUG - receive_response_headers.started request=<Request [b'POST']>
2025-06-08 13:58:24,052 - DEBUG - receive_response_headers.complete return_value=(b'HTTP/1.1', 200, b'OK', [(b'x-amzn-requestid', b'29a81f6e-3a82-4411-abbe-3c7a7f16105b'), (b'x-amzn-bedrock-invocation-latency', b'3475'), (b'x-amzn-bedrock-output-token-count', b'205'), (b'x-amzn-bedrock-input-token-count', b'508'), (b'content-type', b'application/json'), (b'date', b'Sun, 8 Jun 2025 20:58:24 GMT'), (b'x-databricks-org-id', b'3416276235813320'), (b'x-request-id', b'5f2c6705-1e43-4ace-991b-4b8fdc2b9ec1'), (b'content-encoding', b'gzip'), (b'vary', b'Accept-Encoding'), (b'strict-transport-security', b'max-age=31536000; includeSubDomains; preload'), (b'x-content-type-options', b'nosniff'), (b'server', b'databricks'), (b'transfer-encoding', b'chunked')])
2025-06-08 13:58:24,052 - DEBUG - receive_response_body.started request=<Request [b'POST']>
2025-06-08 13:58:24,052 - DEBUG - receive_response_body.complete
2025-06-08 13:58:24,052 - DEBUG - response_closed.started
2025-06-08 13:58:24,052 - DEBUG - response_closed.complete
2025-06-08 13:58:24,268 - DEBUG - receive_response_headers.complete return_value=(b'HTTP/1.1', 200, b'OK', [(b'x-amzn-requestid', b'7ecdbfa2-0cfe-4645-b094-5343f497a4b3'), (b'x-amzn-bedrock-invocation-latency', b'3708'), (b'x-amzn-bedrock-output-token-count', b'197'), (b'x-amzn-bedrock-input-token-count', b'493'), (b'content-type', b'application/json'), (b'date', b'Sun, 8 Jun 2025 20:58:24 GMT'), (b'x-databricks-org-id', b'3416276235813320'), (b'x-request-id', b'1d29e7f9-a441-4e5b-b7e0-3f653da8f6d1'), (b'content-encoding', b'gzip'), (b'vary', b'Accept-Encoding'), (b'strict-transport-security', b'max-age=31536000; includeSubDomains; preload'), (b'x-content-type-options', b'nosniff'), (b'server', b'databricks'), (b'transfer-encoding', b'chunked')])
2025-06-08 13:58:24,268 - DEBUG - receive_response_body.started request=<Request [b'POST']>
2025-06-08 13:58:24,268 - DEBUG - receive_response_body.complete
2025-06-08 13:58:24,268 - DEBUG - response_closed.started
2025-06-08 13:58:24,268 - DEBUG - response_closed.complete
2025-06-08 13:58:24,949 - DEBUG - receive_response_headers.complete return_value=(b'HTTP/1.1', 200, b'OK', [(b'x-amzn-requestid', b'1497ae7e-6953-438b-9d6d-0fc518f357be'), (b'x-amzn-bedrock-invocation-latency', b'4396'), (b'x-amzn-bedrock-output-token-count', b'267'), (b'x-amzn-bedrock-input-token-count', b'588'), (b'content-type', b'application/json'), (b'date', b'Sun, 8 Jun 2025 20:58:24 GMT'), (b'x-databricks-org-id', b'3416276235813320'), (b'x-request-id', b'291023e9-96af-438e-a83e-45060d9485e7'), (b'content-encoding', b'gzip'), (b'vary', b'Accept-Encoding'), (b'strict-transport-security', b'max-age=31536000; includeSubDomains; preload'), (b'x-content-type-options', b'nosniff'), (b'server', b'databricks'), (b'transfer-encoding', b'chunked')])
2025-06-08 13:58:24,949 - DEBUG - receive_response_body.started request=<Request [b'POST']>
2025-06-08 13:58:24,950 - DEBUG - receive_response_body.complete
2025-06-08 13:58:24,950 - DEBUG - response_closed.started
2025-06-08 13:58:24,950 - DEBUG - response_closed.complete
2025-06-08 13:58:24,951 - DEBUG - Using selector: KqueueSelector
2025-06-08 14:03:11,308 - DEBUG - close.started
2025-06-08 14:03:11,310 - DEBUG - close.complete
2025-06-08 14:03:11,310 - DEBUG - close.started
2025-06-08 14:03:11,310 - DEBUG - close.complete
2025-06-08 14:03:11,310 - DEBUG - close.started
2025-06-08 14:03:11,310 - DEBUG - close.complete
