2025-06-05 14:42:49,219 - DEBUG - Logging initialized. Writing to /Users/johnrush/repos/chuck-data/log/sessions/2025-06-05_14-42-49.log
2025-06-05 14:42:49,221 - DEBUG - HTTP error: HTTP 401, Response: {"status":401,"message":"Unauthorized"}
2025-06-05 14:42:49,223 - DEBUG - GET request to: https://test-workspace.cloud.databricks.com/test-endpoint
2025-06-05 14:42:49,223 - DEBUG - Connection error: Connection failed
2025-06-05 14:42:49,223 - DEBUG - GET request to: https://test-workspace.cloud.databricks.com/test-endpoint
2025-06-05 14:42:49,223 - DEBUG - HTTP error: HTTP 404, Response: Not Found
2025-06-05 14:42:49,224 - DEBUG - GET request to: https://test-workspace.cloud.databricks.com/test-endpoint
2025-06-05 14:42:49,224 - DEBUG - POST request to: https://test-workspace.cloud.databricks.com/test-endpoint
2025-06-05 14:42:49,224 - DEBUG - Connection error: Connection failed
2025-06-05 14:42:49,225 - DEBUG - POST request to: https://test-workspace.cloud.databricks.com/test-endpoint
2025-06-05 14:42:49,225 - DEBUG - HTTP error: HTTP 400, Response: Bad Request
2025-06-05 14:42:49,226 - DEBUG - POST request to: https://test-workspace.cloud.databricks.com/test-endpoint
2025-06-05 14:42:49,228 - DEBUG - Saved configuration to /var/folders/3f/2n5sjdw50vj9gfnrxjbptj4c0000gn/T/tmpxzcy_pne/test_config.json
2025-06-05 14:42:49,228 - DEBUG - Loaded configuration from /var/folders/3f/2n5sjdw50vj9gfnrxjbptj4c0000gn/T/tmpxzcy_pne/test_config.json
2025-06-05 14:42:49,228 - DEBUG - Loaded configuration from /var/folders/3f/2n5sjdw50vj9gfnrxjbptj4c0000gn/T/tmpxzcy_pne/test_config.json
2025-06-05 14:42:49,228 - DEBUG - Saved configuration to /var/folders/3f/2n5sjdw50vj9gfnrxjbptj4c0000gn/T/tmpxzcy_pne/test_config.json
2025-06-05 14:42:49,229 - DEBUG - Loaded configuration from /var/folders/3f/2n5sjdw50vj9gfnrxjbptj4c0000gn/T/tmpxzcy_pne/test_config.json
2025-06-05 14:42:49,229 - DEBUG - Saved configuration to /var/folders/3f/2n5sjdw50vj9gfnrxjbptj4c0000gn/T/tmpxzcy_pne/test_config.json
2025-06-05 14:42:49,229 - DEBUG - Loaded configuration from /var/folders/3f/2n5sjdw50vj9gfnrxjbptj4c0000gn/T/tmpxzcy_pne/test_config.json
2025-06-05 14:42:49,229 - DEBUG - Saved configuration to /var/folders/3f/2n5sjdw50vj9gfnrxjbptj4c0000gn/T/tmpxzcy_pne/test_config.json
2025-06-05 14:42:49,230 - DEBUG - Loaded configuration from /var/folders/3f/2n5sjdw50vj9gfnrxjbptj4c0000gn/T/tmpxzcy_pne/test_config.json
2025-06-05 14:42:49,230 - DEBUG - Saved configuration to /var/folders/3f/2n5sjdw50vj9gfnrxjbptj4c0000gn/T/tmpxzcy_pne/test_config.json
2025-06-05 14:42:49,230 - DEBUG - Loaded configuration from /var/folders/3f/2n5sjdw50vj9gfnrxjbptj4c0000gn/T/tmpxzcy_pne/test_config.json
2025-06-05 14:42:49,230 - DEBUG - Loaded configuration from /var/folders/3f/2n5sjdw50vj9gfnrxjbptj4c0000gn/T/tmpxzcy_pne/test_config.json
2025-06-05 14:42:49,230 - DEBUG - Loaded configuration from /var/folders/3f/2n5sjdw50vj9gfnrxjbptj4c0000gn/T/tmpxzcy_pne/test_config.json
2025-06-05 14:42:49,230 - DEBUG - Loaded configuration from /var/folders/3f/2n5sjdw50vj9gfnrxjbptj4c0000gn/T/tmpxzcy_pne/test_config.json
2025-06-05 14:42:49,230 - DEBUG - Loaded configuration from /var/folders/3f/2n5sjdw50vj9gfnrxjbptj4c0000gn/T/tmpxzcy_pne/test_config.json
2025-06-05 14:42:49,232 - DEBUG - Saved configuration to /var/folders/3f/2n5sjdw50vj9gfnrxjbptj4c0000gn/T/tmpjev50477/test_config.json
2025-06-05 14:42:49,232 - DEBUG - Loaded configuration from /var/folders/3f/2n5sjdw50vj9gfnrxjbptj4c0000gn/T/tmpjev50477/test_config.json
2025-06-05 14:42:49,233 - DEBUG - Saved configuration to /var/folders/3f/2n5sjdw50vj9gfnrxjbptj4c0000gn/T/tmpoe7dlr31/test_config.json
2025-06-05 14:42:49,233 - DEBUG - Loaded configuration from /var/folders/3f/2n5sjdw50vj9gfnrxjbptj4c0000gn/T/tmpoe7dlr31/test_config.json
2025-06-05 14:42:49,235 - DEBUG - Saved configuration to /var/folders/3f/2n5sjdw50vj9gfnrxjbptj4c0000gn/T/tmp93059by_/test_config.json
2025-06-05 14:42:49,235 - DEBUG - Loaded configuration from /var/folders/3f/2n5sjdw50vj9gfnrxjbptj4c0000gn/T/tmp93059by_/test_config.json
2025-06-05 14:42:49,235 - DEBUG - Loaded configuration from /var/folders/3f/2n5sjdw50vj9gfnrxjbptj4c0000gn/T/tmp93059by_/test_config.json
2025-06-05 14:42:49,235 - DEBUG - Saved configuration to /var/folders/3f/2n5sjdw50vj9gfnrxjbptj4c0000gn/T/tmp93059by_/test_config.json
2025-06-05 14:42:49,236 - DEBUG - Loaded configuration from /var/folders/3f/2n5sjdw50vj9gfnrxjbptj4c0000gn/T/tmp93059by_/test_config.json
2025-06-05 14:42:49,236 - DEBUG - Loaded configuration from /var/folders/3f/2n5sjdw50vj9gfnrxjbptj4c0000gn/T/tmp93059by_/test_config.json
2025-06-05 14:42:49,238 - DEBUG - Saved configuration to /var/folders/3f/2n5sjdw50vj9gfnrxjbptj4c0000gn/T/tmp88gltg83/test_config.json
2025-06-05 14:42:49,238 - DEBUG - Loaded configuration from /var/folders/3f/2n5sjdw50vj9gfnrxjbptj4c0000gn/T/tmp88gltg83/test_config.json
2025-06-05 14:42:49,238 - DEBUG - Loaded configuration from /var/folders/3f/2n5sjdw50vj9gfnrxjbptj4c0000gn/T/tmp88gltg83/test_config.json
2025-06-05 14:42:49,238 - DEBUG - Saved configuration to /var/folders/3f/2n5sjdw50vj9gfnrxjbptj4c0000gn/T/tmp88gltg83/test_config.json
2025-06-05 14:42:49,238 - DEBUG - Loaded configuration from /var/folders/3f/2n5sjdw50vj9gfnrxjbptj4c0000gn/T/tmp88gltg83/test_config.json
2025-06-05 14:42:49,239 - DEBUG - Saved configuration to /var/folders/3f/2n5sjdw50vj9gfnrxjbptj4c0000gn/T/tmp88gltg83/test_config.json
2025-06-05 14:42:49,239 - DEBUG - Loaded configuration from /var/folders/3f/2n5sjdw50vj9gfnrxjbptj4c0000gn/T/tmp88gltg83/test_config.json
2025-06-05 14:42:49,239 - DEBUG - Saved configuration to /var/folders/3f/2n5sjdw50vj9gfnrxjbptj4c0000gn/T/tmp88gltg83/test_config.json
2025-06-05 14:42:49,239 - DEBUG - Loaded configuration from /var/folders/3f/2n5sjdw50vj9gfnrxjbptj4c0000gn/T/tmp88gltg83/test_config.json
2025-06-05 14:42:49,239 - DEBUG - Saved configuration to /var/folders/3f/2n5sjdw50vj9gfnrxjbptj4c0000gn/T/tmp88gltg83/test_config.json
2025-06-05 14:42:49,240 - DEBUG - Loaded configuration from /var/folders/3f/2n5sjdw50vj9gfnrxjbptj4c0000gn/T/tmp88gltg83/test_config.json
2025-06-05 14:42:49,240 - DEBUG - Using workspace_url from environment variable CHUCK_WORKSPACE_URL
2025-06-05 14:42:49,240 - DEBUG - Using active_model from environment variable CHUCK_ACTIVE_MODEL
2025-06-05 14:42:49,240 - DEBUG - Using warehouse_id from environment variable CHUCK_WAREHOUSE_ID
2025-06-05 14:42:49,240 - DEBUG - Using active_catalog from environment variable CHUCK_ACTIVE_CATALOG
2025-06-05 14:42:49,240 - DEBUG - Using active_schema from environment variable CHUCK_ACTIVE_SCHEMA
2025-06-05 14:42:49,240 - DEBUG - Using usage_tracking_consent from environment variable CHUCK_USAGE_TRACKING_CONSENT
2025-06-05 14:42:49,240 - DEBUG - Loaded configuration from /var/folders/3f/2n5sjdw50vj9gfnrxjbptj4c0000gn/T/tmp88gltg83/test_config.json
2025-06-05 14:42:49,241 - DEBUG - Saved configuration to /var/folders/3f/2n5sjdw50vj9gfnrxjbptj4c0000gn/T/tmp52_cv5j0/test_config.json
2025-06-05 14:42:49,241 - DEBUG - Loaded configuration from /var/folders/3f/2n5sjdw50vj9gfnrxjbptj4c0000gn/T/tmp52_cv5j0/test_config.json
2025-06-05 14:42:49,241 - DEBUG - Loaded configuration from /var/folders/3f/2n5sjdw50vj9gfnrxjbptj4c0000gn/T/tmp52_cv5j0/test_config.json
2025-06-05 14:42:49,242 - WARNING - Invalid workspace_url provided, using default instead
2025-06-05 14:42:49,242 - DEBUG - Saved configuration to /var/folders/3f/2n5sjdw50vj9gfnrxjbptj4c0000gn/T/tmp52_cv5j0/test_config.json
2025-06-05 14:42:49,242 - DEBUG - Loaded configuration from /var/folders/3f/2n5sjdw50vj9gfnrxjbptj4c0000gn/T/tmp52_cv5j0/test_config.json
2025-06-05 14:42:49,242 - DEBUG - Loaded configuration from /var/folders/3f/2n5sjdw50vj9gfnrxjbptj4c0000gn/T/tmp52_cv5j0/test_config.json
2025-06-05 14:42:49,242 - DEBUG - Saved configuration to /var/folders/3f/2n5sjdw50vj9gfnrxjbptj4c0000gn/T/tmp52_cv5j0/test_config.json
2025-06-05 14:42:49,242 - DEBUG - Loaded configuration from /var/folders/3f/2n5sjdw50vj9gfnrxjbptj4c0000gn/T/tmp52_cv5j0/test_config.json
2025-06-05 14:42:49,244 - DEBUG - Using workspace_url from environment variable CHUCK_WORKSPACE_URL
2025-06-05 14:42:49,244 - DEBUG - Using workspace_url from environment variable CHUCK_WORKSPACE_URL
2025-06-05 14:42:49,244 - DEBUG - Using active_model from environment variable CHUCK_ACTIVE_MODEL
2025-06-05 14:42:49,244 - DEBUG - Using amperity_token from environment variable CHUCK_AMPERITY_TOKEN
2025-06-05 14:42:49,244 - DEBUG - Using databricks_token from environment variable CHUCK_DATABRICKS_TOKEN
2025-06-05 14:42:49,244 - DEBUG - Saved configuration to /var/folders/3f/2n5sjdw50vj9gfnrxjbptj4c0000gn/T/tmpkqvlazqd/test_config.json
2025-06-05 14:42:49,244 - DEBUG - Loaded configuration from /var/folders/3f/2n5sjdw50vj9gfnrxjbptj4c0000gn/T/tmpkqvlazqd/test_config.json
2025-06-05 14:42:49,246 - DEBUG - Saved configuration to /var/folders/3f/2n5sjdw50vj9gfnrxjbptj4c0000gn/T/tmpshq_3hcg/test_config.json
2025-06-05 14:42:49,253 - DEBUG - GET request to: https://adb-3856707039489412.12.azuredatabricks.net/test-endpoint
2025-06-05 14:42:49,256 - DEBUG - GET request to: https://test-workspace.cloud.databricks.com/test-endpoint
2025-06-05 14:42:49,256 - DEBUG - Connection error: Connection failed
2025-06-05 14:42:49,256 - DEBUG - GET request to: https://test-workspace.cloud.databricks.com/test-endpoint
2025-06-05 14:42:49,256 - DEBUG - HTTP error: HTTP 404, Response: Not Found
2025-06-05 14:42:49,257 - WARNING - Model 'nonexistent-model' not found
2025-06-05 14:42:49,258 - DEBUG - GET request to: https://test-workspace.cloud.databricks.com/test-endpoint
2025-06-05 14:42:49,262 - DEBUG - POST request to: https://test-workspace.cloud.databricks.com/test-endpoint
2025-06-05 14:42:49,262 - DEBUG - Connection error: Connection failed
2025-06-05 14:42:49,263 - DEBUG - POST request to: https://test-workspace.cloud.databricks.com/test-endpoint
2025-06-05 14:42:49,263 - DEBUG - HTTP error: HTTP 400, Response: Bad Request
2025-06-05 14:42:49,263 - DEBUG - POST request to: https://test-workspace.cloud.databricks.com/test-endpoint
2025-06-05 14:42:49,264 - DEBUG - File upload request to: https://test-workspace.cloud.databricks.com/api/2.0/fs/files/test/path.txt
2025-06-05 14:42:49,285 - DEBUG - File upload request to: https://test-workspace.cloud.databricks.com/api/2.0/fs/files/test/path.txt
2025-06-05 14:42:49,286 - DEBUG - Token validation failed: Token validation failed
2025-06-05 14:42:49,288 - DEBUG - Saved configuration to /tmp/.test_chuck_integration_config.json
2025-06-05 14:42:49,288 - DEBUG - Saved configuration to /tmp/.test_chuck_integration_config.json
2025-06-05 14:42:49,289 - DEBUG - Saved configuration to /tmp/.test_chuck_integration_config.json
2025-06-05 14:42:49,289 - DEBUG - Saved configuration to /tmp/.test_chuck_integration_config.json
2025-06-05 14:42:49,290 - DEBUG - Saved configuration to /tmp/.test_chuck_integration_config.json
2025-06-05 14:42:49,291 - DEBUG - Saved configuration to /tmp/.test_chuck_integration_config.json
2025-06-05 14:42:49,293 - DEBUG - Sending metric: {"event": "USAGE", "prompt": "test prompt"}...
2025-06-05 14:42:49,293 - DEBUG - Error sending metrics: Test exception
Traceback (most recent call last):
  File "/Users/johnrush/repos/chuck-data/src/metrics_collector.py", line 123, in send_metric
    return self._client.submit_metrics(payload, token)
           ~~~~~~~~~~~~~~~~~~~~~~~~~~~^^^^^^^^^^^^^^^^
  File "/Users/johnrush/repos/chuck-data/tests/fixtures.py", line 60, in submit_metrics
    raise Exception("Test exception")
Exception: Test exception
2025-06-05 14:42:49,294 - DEBUG - Sending metric: {"event": "USAGE", "prompt": "test prompt"}...
2025-06-05 14:42:49,295 - DEBUG - Cannot send metrics - no authentication token available
2025-06-05 14:42:49,296 - DEBUG - Sending metric: {"event": "USAGE", "prompt": "test prompt"}...
2025-06-05 14:42:49,297 - DEBUG - Metrics tracking skipped - user has not provided consent
2025-06-05 14:42:49,299 - ERROR - Connection error when getting model: Connection failed
2025-06-05 14:42:49,299 - ERROR - Failed to get model: HTTP error occurred: 500 Internal Server Error
2025-06-05 14:42:49,300 - ERROR - Connection error when listing models: Connection failed
2025-06-05 14:42:49,301 - ERROR - Failed to list models: HTTP error occurred: 404 Not Found
2025-06-05 14:42:49,323 - ERROR - Error executing handler for command 'test_command': Command failed
Traceback (most recent call last):
  File "/Users/johnrush/repos/chuck-data/src/service.py", line 395, in execute_command
    result: CommandResult = command_def.handler(
                            ~~~~~~~~~~~~~~~~~~~^
        effective_client, **args_for_handler
        ^^^^^^^^^^^^^^^^^^^^^^^^^^^^^^^^^^^^
    )
    ^
  File "/opt/homebrew/Cellar/python@3.13/3.13.2/Frameworks/Python.framework/Versions/3.13/lib/python3.13/unittest/mock.py", line 1167, in __call__
    return self._mock_call(*args, **kwargs)
           ~~~~~~~~~~~~~~~^^^^^^^^^^^^^^^^^
  File "/opt/homebrew/Cellar/python@3.13/3.13.2/Frameworks/Python.framework/Versions/3.13/lib/python3.13/unittest/mock.py", line 1171, in _mock_call
    return self._execute_mock_call(*args, **kwargs)
           ~~~~~~~~~~~~~~~~~~~~~~~^^^^^^^^^^^^^^^^^
  File "/opt/homebrew/Cellar/python@3.13/3.13.2/Frameworks/Python.framework/Versions/3.13/lib/python3.13/unittest/mock.py", line 1226, in _execute_mock_call
    raise effect
Exception: Command failed
2025-06-05 14:42:49,346 - DEBUG - Executing SQL: SELECT * INVALID SQL
2025-06-05 14:42:49,347 - DEBUG - Executing SQL: SELECT * INVALID SQL
2025-06-05 14:42:49,348 - DEBUG - Executing SQL: SELECT * FROM table
2025-06-05 14:42:49,348 - DEBUG - Executing SQL: SELECT * FROM table
2025-06-05 14:42:49,349 - DEBUG - Executing SQL: SELECT * FROM table
2025-06-05 14:42:49,350 - DEBUG - Executing SQL: SELECT * FROM table
