2025-06-05 14:31:17,951 - DEBUG - Logging initialized. Writing to /Users/johnrush/repos/chuck-data/log/sessions/2025-06-05_14-31-17.log
2025-06-05 14:31:17,954 - DEBUG - HTTP error: HTTP 401, Response: {"status":401,"message":"Unauthorized"}
2025-06-05 14:31:17,955 - DEBUG - GET request to: https://test-workspace.cloud.databricks.com/test-endpoint
2025-06-05 14:31:17,955 - DEBUG - Connection error: Connection failed
2025-06-05 14:31:17,955 - DEBUG - GET request to: https://test-workspace.cloud.databricks.com/test-endpoint
2025-06-05 14:31:17,956 - DEBUG - HTTP error: HTTP 404, Response: Not Found
2025-06-05 14:31:17,956 - DEBUG - GET request to: https://test-workspace.cloud.databricks.com/test-endpoint
2025-06-05 14:31:17,957 - DEBUG - POST request to: https://test-workspace.cloud.databricks.com/test-endpoint
2025-06-05 14:31:17,957 - DEBUG - Connection error: Connection failed
2025-06-05 14:31:17,958 - DEBUG - POST request to: https://test-workspace.cloud.databricks.com/test-endpoint
2025-06-05 14:31:17,958 - DEBUG - HTTP error: HTTP 400, Response: Bad Request
2025-06-05 14:31:17,958 - DEBUG - POST request to: https://test-workspace.cloud.databricks.com/test-endpoint
2025-06-05 14:31:17,960 - DEBUG - Saved configuration to /var/folders/3f/2n5sjdw50vj9gfnrxjbptj4c0000gn/T/tmphuzz0tkd/test_config.json
2025-06-05 14:31:17,960 - DEBUG - Loaded configuration from /var/folders/3f/2n5sjdw50vj9gfnrxjbptj4c0000gn/T/tmphuzz0tkd/test_config.json
2025-06-05 14:31:17,960 - DEBUG - Loaded configuration from /var/folders/3f/2n5sjdw50vj9gfnrxjbptj4c0000gn/T/tmphuzz0tkd/test_config.json
2025-06-05 14:31:17,961 - DEBUG - Saved configuration to /var/folders/3f/2n5sjdw50vj9gfnrxjbptj4c0000gn/T/tmphuzz0tkd/test_config.json
2025-06-05 14:31:17,961 - DEBUG - Loaded configuration from /var/folders/3f/2n5sjdw50vj9gfnrxjbptj4c0000gn/T/tmphuzz0tkd/test_config.json
2025-06-05 14:31:17,961 - DEBUG - Saved configuration to /var/folders/3f/2n5sjdw50vj9gfnrxjbptj4c0000gn/T/tmphuzz0tkd/test_config.json
2025-06-05 14:31:17,961 - DEBUG - Loaded configuration from /var/folders/3f/2n5sjdw50vj9gfnrxjbptj4c0000gn/T/tmphuzz0tkd/test_config.json
2025-06-05 14:31:17,961 - DEBUG - Saved configuration to /var/folders/3f/2n5sjdw50vj9gfnrxjbptj4c0000gn/T/tmphuzz0tkd/test_config.json
2025-06-05 14:31:17,961 - DEBUG - Loaded configuration from /var/folders/3f/2n5sjdw50vj9gfnrxjbptj4c0000gn/T/tmphuzz0tkd/test_config.json
2025-06-05 14:31:17,962 - DEBUG - Saved configuration to /var/folders/3f/2n5sjdw50vj9gfnrxjbptj4c0000gn/T/tmphuzz0tkd/test_config.json
2025-06-05 14:31:17,962 - DEBUG - Loaded configuration from /var/folders/3f/2n5sjdw50vj9gfnrxjbptj4c0000gn/T/tmphuzz0tkd/test_config.json
2025-06-05 14:31:17,962 - DEBUG - Loaded configuration from /var/folders/3f/2n5sjdw50vj9gfnrxjbptj4c0000gn/T/tmphuzz0tkd/test_config.json
2025-06-05 14:31:17,962 - DEBUG - Loaded configuration from /var/folders/3f/2n5sjdw50vj9gfnrxjbptj4c0000gn/T/tmphuzz0tkd/test_config.json
2025-06-05 14:31:17,962 - DEBUG - Loaded configuration from /var/folders/3f/2n5sjdw50vj9gfnrxjbptj4c0000gn/T/tmphuzz0tkd/test_config.json
2025-06-05 14:31:17,962 - DEBUG - Loaded configuration from /var/folders/3f/2n5sjdw50vj9gfnrxjbptj4c0000gn/T/tmphuzz0tkd/test_config.json
2025-06-05 14:31:17,964 - DEBUG - Saved configuration to /var/folders/3f/2n5sjdw50vj9gfnrxjbptj4c0000gn/T/tmp73e4v7ci/test_config.json
2025-06-05 14:31:17,964 - DEBUG - Loaded configuration from /var/folders/3f/2n5sjdw50vj9gfnrxjbptj4c0000gn/T/tmp73e4v7ci/test_config.json
2025-06-05 14:31:17,965 - DEBUG - Saved configuration to /var/folders/3f/2n5sjdw50vj9gfnrxjbptj4c0000gn/T/tmpnlvuypgb/test_config.json
2025-06-05 14:31:17,965 - DEBUG - Loaded configuration from /var/folders/3f/2n5sjdw50vj9gfnrxjbptj4c0000gn/T/tmpnlvuypgb/test_config.json
2025-06-05 14:31:17,966 - DEBUG - Saved configuration to /var/folders/3f/2n5sjdw50vj9gfnrxjbptj4c0000gn/T/tmpxw_0chv7/test_config.json
2025-06-05 14:31:17,967 - DEBUG - Loaded configuration from /var/folders/3f/2n5sjdw50vj9gfnrxjbptj4c0000gn/T/tmpxw_0chv7/test_config.json
2025-06-05 14:31:17,967 - DEBUG - Loaded configuration from /var/folders/3f/2n5sjdw50vj9gfnrxjbptj4c0000gn/T/tmpxw_0chv7/test_config.json
2025-06-05 14:31:17,967 - DEBUG - Saved configuration to /var/folders/3f/2n5sjdw50vj9gfnrxjbptj4c0000gn/T/tmpxw_0chv7/test_config.json
2025-06-05 14:31:17,967 - DEBUG - Loaded configuration from /var/folders/3f/2n5sjdw50vj9gfnrxjbptj4c0000gn/T/tmpxw_0chv7/test_config.json
2025-06-05 14:31:17,967 - DEBUG - Loaded configuration from /var/folders/3f/2n5sjdw50vj9gfnrxjbptj4c0000gn/T/tmpxw_0chv7/test_config.json
2025-06-05 14:31:17,969 - DEBUG - Saved configuration to /var/folders/3f/2n5sjdw50vj9gfnrxjbptj4c0000gn/T/tmpiu4z7a1x/test_config.json
2025-06-05 14:31:17,969 - DEBUG - Loaded configuration from /var/folders/3f/2n5sjdw50vj9gfnrxjbptj4c0000gn/T/tmpiu4z7a1x/test_config.json
2025-06-05 14:31:17,969 - DEBUG - Loaded configuration from /var/folders/3f/2n5sjdw50vj9gfnrxjbptj4c0000gn/T/tmpiu4z7a1x/test_config.json
2025-06-05 14:31:17,969 - DEBUG - Saved configuration to /var/folders/3f/2n5sjdw50vj9gfnrxjbptj4c0000gn/T/tmpiu4z7a1x/test_config.json
2025-06-05 14:31:17,969 - DEBUG - Loaded configuration from /var/folders/3f/2n5sjdw50vj9gfnrxjbptj4c0000gn/T/tmpiu4z7a1x/test_config.json
2025-06-05 14:31:17,970 - DEBUG - Saved configuration to /var/folders/3f/2n5sjdw50vj9gfnrxjbptj4c0000gn/T/tmpiu4z7a1x/test_config.json
2025-06-05 14:31:17,970 - DEBUG - Loaded configuration from /var/folders/3f/2n5sjdw50vj9gfnrxjbptj4c0000gn/T/tmpiu4z7a1x/test_config.json
2025-06-05 14:31:17,970 - DEBUG - Saved configuration to /var/folders/3f/2n5sjdw50vj9gfnrxjbptj4c0000gn/T/tmpiu4z7a1x/test_config.json
2025-06-05 14:31:17,970 - DEBUG - Loaded configuration from /var/folders/3f/2n5sjdw50vj9gfnrxjbptj4c0000gn/T/tmpiu4z7a1x/test_config.json
2025-06-05 14:31:17,970 - DEBUG - Saved configuration to /var/folders/3f/2n5sjdw50vj9gfnrxjbptj4c0000gn/T/tmpiu4z7a1x/test_config.json
2025-06-05 14:31:17,970 - DEBUG - Loaded configuration from /var/folders/3f/2n5sjdw50vj9gfnrxjbptj4c0000gn/T/tmpiu4z7a1x/test_config.json
2025-06-05 14:31:17,970 - DEBUG - Using workspace_url from environment variable CHUCK_WORKSPACE_URL
2025-06-05 14:31:17,970 - DEBUG - Using active_model from environment variable CHUCK_ACTIVE_MODEL
2025-06-05 14:31:17,970 - DEBUG - Using warehouse_id from environment variable CHUCK_WAREHOUSE_ID
2025-06-05 14:31:17,970 - DEBUG - Using active_catalog from environment variable CHUCK_ACTIVE_CATALOG
2025-06-05 14:31:17,970 - DEBUG - Using active_schema from environment variable CHUCK_ACTIVE_SCHEMA
2025-06-05 14:31:17,970 - DEBUG - Using usage_tracking_consent from environment variable CHUCK_USAGE_TRACKING_CONSENT
2025-06-05 14:31:17,970 - DEBUG - Loaded configuration from /var/folders/3f/2n5sjdw50vj9gfnrxjbptj4c0000gn/T/tmpiu4z7a1x/test_config.json
2025-06-05 14:31:17,971 - DEBUG - Saved configuration to /var/folders/3f/2n5sjdw50vj9gfnrxjbptj4c0000gn/T/tmpkl4klykh/test_config.json
2025-06-05 14:31:17,972 - DEBUG - Loaded configuration from /var/folders/3f/2n5sjdw50vj9gfnrxjbptj4c0000gn/T/tmpkl4klykh/test_config.json
2025-06-05 14:31:17,972 - DEBUG - Loaded configuration from /var/folders/3f/2n5sjdw50vj9gfnrxjbptj4c0000gn/T/tmpkl4klykh/test_config.json
2025-06-05 14:31:17,972 - WARNING - Invalid workspace_url provided, using default instead
2025-06-05 14:31:17,972 - DEBUG - Saved configuration to /var/folders/3f/2n5sjdw50vj9gfnrxjbptj4c0000gn/T/tmpkl4klykh/test_config.json
2025-06-05 14:31:17,972 - DEBUG - Loaded configuration from /var/folders/3f/2n5sjdw50vj9gfnrxjbptj4c0000gn/T/tmpkl4klykh/test_config.json
2025-06-05 14:31:17,972 - DEBUG - Loaded configuration from /var/folders/3f/2n5sjdw50vj9gfnrxjbptj4c0000gn/T/tmpkl4klykh/test_config.json
2025-06-05 14:31:17,972 - DEBUG - Saved configuration to /var/folders/3f/2n5sjdw50vj9gfnrxjbptj4c0000gn/T/tmpkl4klykh/test_config.json
2025-06-05 14:31:17,973 - DEBUG - Loaded configuration from /var/folders/3f/2n5sjdw50vj9gfnrxjbptj4c0000gn/T/tmpkl4klykh/test_config.json
2025-06-05 14:31:17,974 - DEBUG - Using workspace_url from environment variable CHUCK_WORKSPACE_URL
2025-06-05 14:31:17,974 - DEBUG - Using workspace_url from environment variable CHUCK_WORKSPACE_URL
2025-06-05 14:31:17,974 - DEBUG - Using active_model from environment variable CHUCK_ACTIVE_MODEL
2025-06-05 14:31:17,974 - DEBUG - Using amperity_token from environment variable CHUCK_AMPERITY_TOKEN
2025-06-05 14:31:17,974 - DEBUG - Using databricks_token from environment variable CHUCK_DATABRICKS_TOKEN
2025-06-05 14:31:17,974 - DEBUG - Saved configuration to /var/folders/3f/2n5sjdw50vj9gfnrxjbptj4c0000gn/T/tmpob55ke_k/test_config.json
2025-06-05 14:31:17,974 - DEBUG - Loaded configuration from /var/folders/3f/2n5sjdw50vj9gfnrxjbptj4c0000gn/T/tmpob55ke_k/test_config.json
2025-06-05 14:31:17,976 - DEBUG - Saved configuration to /var/folders/3f/2n5sjdw50vj9gfnrxjbptj4c0000gn/T/tmp197shux5/test_config.json
2025-06-05 14:31:17,984 - DEBUG - GET request to: https://adb-3856707039489412.12.azuredatabricks.net/test-endpoint
2025-06-05 14:31:17,987 - DEBUG - GET request to: https://test-workspace.cloud.databricks.com/test-endpoint
2025-06-05 14:31:17,987 - DEBUG - Connection error: Connection failed
2025-06-05 14:31:17,988 - DEBUG - GET request to: https://test-workspace.cloud.databricks.com/test-endpoint
2025-06-05 14:31:17,988 - DEBUG - HTTP error: HTTP 404, Response: Not Found
2025-06-05 14:31:17,989 - WARNING - Model 'nonexistent-model' not found
2025-06-05 14:31:17,990 - DEBUG - GET request to: https://test-workspace.cloud.databricks.com/test-endpoint
2025-06-05 14:31:17,995 - DEBUG - POST request to: https://test-workspace.cloud.databricks.com/test-endpoint
2025-06-05 14:31:17,995 - DEBUG - Connection error: Connection failed
2025-06-05 14:31:17,996 - DEBUG - POST request to: https://test-workspace.cloud.databricks.com/test-endpoint
2025-06-05 14:31:17,996 - DEBUG - HTTP error: HTTP 400, Response: Bad Request
2025-06-05 14:31:17,996 - DEBUG - POST request to: https://test-workspace.cloud.databricks.com/test-endpoint
2025-06-05 14:31:17,998 - DEBUG - File upload request to: https://test-workspace.cloud.databricks.com/api/2.0/fs/files/test/path.txt
2025-06-05 14:31:18,026 - DEBUG - File upload request to: https://test-workspace.cloud.databricks.com/api/2.0/fs/files/test/path.txt
2025-06-05 14:31:18,027 - DEBUG - Token validation failed: Token validation failed
2025-06-05 14:31:18,030 - DEBUG - Saved configuration to /tmp/.test_chuck_integration_config.json
2025-06-05 14:31:18,030 - DEBUG - Saved configuration to /tmp/.test_chuck_integration_config.json
2025-06-05 14:31:18,032 - DEBUG - Saved configuration to /tmp/.test_chuck_integration_config.json
2025-06-05 14:31:18,032 - DEBUG - Saved configuration to /tmp/.test_chuck_integration_config.json
2025-06-05 14:31:18,034 - DEBUG - Saved configuration to /tmp/.test_chuck_integration_config.json
2025-06-05 14:31:18,034 - DEBUG - Saved configuration to /tmp/.test_chuck_integration_config.json
2025-06-05 14:31:18,038 - DEBUG - Sending metric: {"event": "USAGE", "prompt": "test prompt"}...
2025-06-05 14:31:18,038 - DEBUG - Error sending metrics: Test exception
Traceback (most recent call last):
  File "/Users/johnrush/repos/chuck-data/src/metrics_collector.py", line 123, in send_metric
    return self._client.submit_metrics(payload, token)
           ~~~~~~~~~~~~~~~~~~~~~~~~~~~^^^^^^^^^^^^^^^^
  File "/Users/johnrush/repos/chuck-data/tests/fixtures.py", line 60, in submit_metrics
    raise Exception("Test exception")
Exception: Test exception
2025-06-05 14:31:18,039 - DEBUG - Sending metric: {"event": "USAGE", "prompt": "test prompt"}...
2025-06-05 14:31:18,040 - DEBUG - Cannot send metrics - no authentication token available
2025-06-05 14:31:18,041 - DEBUG - Sending metric: {"event": "USAGE", "prompt": "test prompt"}...
2025-06-05 14:31:18,043 - DEBUG - Metrics tracking skipped - user has not provided consent
2025-06-05 14:31:18,044 - ERROR - Connection error when getting model: Connection failed
2025-06-05 14:31:18,045 - ERROR - Failed to get model: HTTP error occurred: 500 Internal Server Error
2025-06-05 14:31:18,046 - ERROR - Connection error when listing models: Connection failed
2025-06-05 14:31:18,047 - ERROR - Failed to list models: HTTP error occurred: 404 Not Found
2025-06-05 14:31:18,067 - ERROR - Error executing handler for command 'test_command': Command failed
Traceback (most recent call last):
  File "/Users/johnrush/repos/chuck-data/src/service.py", line 395, in execute_command
    result: CommandResult = command_def.handler(
                            ~~~~~~~~~~~~~~~~~~~^
        effective_client, **args_for_handler
        ^^^^^^^^^^^^^^^^^^^^^^^^^^^^^^^^^^^^
    )
    ^
  File "/opt/homebrew/Cellar/python@3.13/3.13.2/Frameworks/Python.framework/Versions/3.13/lib/python3.13/unittest/mock.py", line 1167, in __call__
    return self._mock_call(*args, **kwargs)
           ~~~~~~~~~~~~~~~^^^^^^^^^^^^^^^^^
  File "/opt/homebrew/Cellar/python@3.13/3.13.2/Frameworks/Python.framework/Versions/3.13/lib/python3.13/unittest/mock.py", line 1171, in _mock_call
    return self._execute_mock_call(*args, **kwargs)
           ~~~~~~~~~~~~~~~~~~~~~~~^^^^^^^^^^^^^^^^^
  File "/opt/homebrew/Cellar/python@3.13/3.13.2/Frameworks/Python.framework/Versions/3.13/lib/python3.13/unittest/mock.py", line 1226, in _execute_mock_call
    raise effect
Exception: Command failed
2025-06-05 14:31:18,088 - DEBUG - Executing SQL: SELECT * INVALID SQL
2025-06-05 14:31:18,090 - DEBUG - Executing SQL: SELECT * INVALID SQL
2025-06-05 14:31:18,090 - DEBUG - Executing SQL: SELECT * FROM table
2025-06-05 14:31:18,091 - DEBUG - Executing SQL: SELECT * FROM table
2025-06-05 14:31:18,091 - DEBUG - Executing SQL: SELECT * FROM table
2025-06-05 14:31:18,092 - DEBUG - Executing SQL: SELECT * FROM table
