2025-06-04 14:21:36,107 - DEBUG - Logging initialized. Writing to /Users/johnrush/repos/chuck-data/log/sessions/2025-06-04_14-21-36.log
2025-06-04 14:21:36,109 - DEBUG - HTTP error: HTTP 401, Response: {"status":401,"message":"Unauthorized"}
2025-06-04 14:21:36,110 - DEBUG - GET request to: https://test-workspace.cloud.databricks.com/test-endpoint
2025-06-04 14:21:36,110 - DEBUG - Connection error: Connection failed
2025-06-04 14:21:36,111 - DEBUG - GET request to: https://test-workspace.cloud.databricks.com/test-endpoint
2025-06-04 14:21:36,111 - DEBUG - HTTP error: HTTP 404, Response: Not Found
2025-06-04 14:21:36,112 - DEBUG - GET request to: https://test-workspace.cloud.databricks.com/test-endpoint
2025-06-04 14:21:36,113 - DEBUG - POST request to: https://test-workspace.cloud.databricks.com/test-endpoint
2025-06-04 14:21:36,113 - DEBUG - Connection error: Connection failed
2025-06-04 14:21:36,114 - DEBUG - POST request to: https://test-workspace.cloud.databricks.com/test-endpoint
2025-06-04 14:21:36,114 - DEBUG - HTTP error: HTTP 400, Response: Bad Request
2025-06-04 14:21:36,115 - DEBUG - POST request to: https://test-workspace.cloud.databricks.com/test-endpoint
2025-06-04 14:21:36,116 - DEBUG - Saved configuration to /var/folders/3f/2n5sjdw50vj9gfnrxjbptj4c0000gn/T/tmpcc9pcpty/test_config.json
2025-06-04 14:21:36,117 - DEBUG - Loaded configuration from /var/folders/3f/2n5sjdw50vj9gfnrxjbptj4c0000gn/T/tmpcc9pcpty/test_config.json
2025-06-04 14:21:36,117 - DEBUG - Loaded configuration from /var/folders/3f/2n5sjdw50vj9gfnrxjbptj4c0000gn/T/tmpcc9pcpty/test_config.json
2025-06-04 14:21:36,117 - DEBUG - Saved configuration to /var/folders/3f/2n5sjdw50vj9gfnrxjbptj4c0000gn/T/tmpcc9pcpty/test_config.json
2025-06-04 14:21:36,117 - DEBUG - Loaded configuration from /var/folders/3f/2n5sjdw50vj9gfnrxjbptj4c0000gn/T/tmpcc9pcpty/test_config.json
2025-06-04 14:21:36,117 - DEBUG - Saved configuration to /var/folders/3f/2n5sjdw50vj9gfnrxjbptj4c0000gn/T/tmpcc9pcpty/test_config.json
2025-06-04 14:21:36,117 - DEBUG - Loaded configuration from /var/folders/3f/2n5sjdw50vj9gfnrxjbptj4c0000gn/T/tmpcc9pcpty/test_config.json
2025-06-04 14:21:36,118 - DEBUG - Saved configuration to /var/folders/3f/2n5sjdw50vj9gfnrxjbptj4c0000gn/T/tmpcc9pcpty/test_config.json
2025-06-04 14:21:36,118 - DEBUG - Loaded configuration from /var/folders/3f/2n5sjdw50vj9gfnrxjbptj4c0000gn/T/tmpcc9pcpty/test_config.json
2025-06-04 14:21:36,118 - DEBUG - Saved configuration to /var/folders/3f/2n5sjdw50vj9gfnrxjbptj4c0000gn/T/tmpcc9pcpty/test_config.json
2025-06-04 14:21:36,118 - DEBUG - Loaded configuration from /var/folders/3f/2n5sjdw50vj9gfnrxjbptj4c0000gn/T/tmpcc9pcpty/test_config.json
2025-06-04 14:21:36,118 - DEBUG - Loaded configuration from /var/folders/3f/2n5sjdw50vj9gfnrxjbptj4c0000gn/T/tmpcc9pcpty/test_config.json
2025-06-04 14:21:36,118 - DEBUG - Loaded configuration from /var/folders/3f/2n5sjdw50vj9gfnrxjbptj4c0000gn/T/tmpcc9pcpty/test_config.json
2025-06-04 14:21:36,118 - DEBUG - Loaded configuration from /var/folders/3f/2n5sjdw50vj9gfnrxjbptj4c0000gn/T/tmpcc9pcpty/test_config.json
2025-06-04 14:21:36,119 - DEBUG - Loaded configuration from /var/folders/3f/2n5sjdw50vj9gfnrxjbptj4c0000gn/T/tmpcc9pcpty/test_config.json
2025-06-04 14:21:36,120 - DEBUG - Saved configuration to /var/folders/3f/2n5sjdw50vj9gfnrxjbptj4c0000gn/T/tmpn8a3je8c/test_config.json
2025-06-04 14:21:36,120 - DEBUG - Loaded configuration from /var/folders/3f/2n5sjdw50vj9gfnrxjbptj4c0000gn/T/tmpn8a3je8c/test_config.json
2025-06-04 14:21:36,121 - DEBUG - Saved configuration to /var/folders/3f/2n5sjdw50vj9gfnrxjbptj4c0000gn/T/tmple077o6n/test_config.json
2025-06-04 14:21:36,121 - DEBUG - Loaded configuration from /var/folders/3f/2n5sjdw50vj9gfnrxjbptj4c0000gn/T/tmple077o6n/test_config.json
2025-06-04 14:21:36,123 - DEBUG - Saved configuration to /var/folders/3f/2n5sjdw50vj9gfnrxjbptj4c0000gn/T/tmpknl7qd1w/test_config.json
2025-06-04 14:21:36,123 - DEBUG - Loaded configuration from /var/folders/3f/2n5sjdw50vj9gfnrxjbptj4c0000gn/T/tmpknl7qd1w/test_config.json
2025-06-04 14:21:36,123 - DEBUG - Loaded configuration from /var/folders/3f/2n5sjdw50vj9gfnrxjbptj4c0000gn/T/tmpknl7qd1w/test_config.json
2025-06-04 14:21:36,123 - DEBUG - Saved configuration to /var/folders/3f/2n5sjdw50vj9gfnrxjbptj4c0000gn/T/tmpknl7qd1w/test_config.json
2025-06-04 14:21:36,123 - DEBUG - Loaded configuration from /var/folders/3f/2n5sjdw50vj9gfnrxjbptj4c0000gn/T/tmpknl7qd1w/test_config.json
2025-06-04 14:21:36,123 - DEBUG - Loaded configuration from /var/folders/3f/2n5sjdw50vj9gfnrxjbptj4c0000gn/T/tmpknl7qd1w/test_config.json
2025-06-04 14:21:36,125 - DEBUG - Saved configuration to /var/folders/3f/2n5sjdw50vj9gfnrxjbptj4c0000gn/T/tmp4ggyfjvm/test_config.json
2025-06-04 14:21:36,125 - DEBUG - Loaded configuration from /var/folders/3f/2n5sjdw50vj9gfnrxjbptj4c0000gn/T/tmp4ggyfjvm/test_config.json
2025-06-04 14:21:36,126 - DEBUG - Loaded configuration from /var/folders/3f/2n5sjdw50vj9gfnrxjbptj4c0000gn/T/tmp4ggyfjvm/test_config.json
2025-06-04 14:21:36,126 - DEBUG - Saved configuration to /var/folders/3f/2n5sjdw50vj9gfnrxjbptj4c0000gn/T/tmp4ggyfjvm/test_config.json
2025-06-04 14:21:36,126 - DEBUG - Loaded configuration from /var/folders/3f/2n5sjdw50vj9gfnrxjbptj4c0000gn/T/tmp4ggyfjvm/test_config.json
2025-06-04 14:21:36,126 - DEBUG - Saved configuration to /var/folders/3f/2n5sjdw50vj9gfnrxjbptj4c0000gn/T/tmp4ggyfjvm/test_config.json
2025-06-04 14:21:36,126 - DEBUG - Loaded configuration from /var/folders/3f/2n5sjdw50vj9gfnrxjbptj4c0000gn/T/tmp4ggyfjvm/test_config.json
2025-06-04 14:21:36,127 - DEBUG - Saved configuration to /var/folders/3f/2n5sjdw50vj9gfnrxjbptj4c0000gn/T/tmp4ggyfjvm/test_config.json
2025-06-04 14:21:36,127 - DEBUG - Loaded configuration from /var/folders/3f/2n5sjdw50vj9gfnrxjbptj4c0000gn/T/tmp4ggyfjvm/test_config.json
2025-06-04 14:21:36,127 - DEBUG - Saved configuration to /var/folders/3f/2n5sjdw50vj9gfnrxjbptj4c0000gn/T/tmp4ggyfjvm/test_config.json
2025-06-04 14:21:36,127 - DEBUG - Loaded configuration from /var/folders/3f/2n5sjdw50vj9gfnrxjbptj4c0000gn/T/tmp4ggyfjvm/test_config.json
2025-06-04 14:21:36,127 - DEBUG - Using workspace_url from environment variable CHUCK_WORKSPACE_URL
2025-06-04 14:21:36,127 - DEBUG - Using active_model from environment variable CHUCK_ACTIVE_MODEL
2025-06-04 14:21:36,127 - DEBUG - Using warehouse_id from environment variable CHUCK_WAREHOUSE_ID
2025-06-04 14:21:36,127 - DEBUG - Using active_catalog from environment variable CHUCK_ACTIVE_CATALOG
2025-06-04 14:21:36,127 - DEBUG - Using active_schema from environment variable CHUCK_ACTIVE_SCHEMA
2025-06-04 14:21:36,127 - DEBUG - Using usage_tracking_consent from environment variable CHUCK_USAGE_TRACKING_CONSENT
2025-06-04 14:21:36,127 - DEBUG - Loaded configuration from /var/folders/3f/2n5sjdw50vj9gfnrxjbptj4c0000gn/T/tmp4ggyfjvm/test_config.json
2025-06-04 14:21:36,128 - DEBUG - Saved configuration to /var/folders/3f/2n5sjdw50vj9gfnrxjbptj4c0000gn/T/tmpuy9848fq/test_config.json
2025-06-04 14:21:36,128 - DEBUG - Loaded configuration from /var/folders/3f/2n5sjdw50vj9gfnrxjbptj4c0000gn/T/tmpuy9848fq/test_config.json
2025-06-04 14:21:36,128 - DEBUG - Loaded configuration from /var/folders/3f/2n5sjdw50vj9gfnrxjbptj4c0000gn/T/tmpuy9848fq/test_config.json
2025-06-04 14:21:36,128 - WARNING - Invalid workspace_url provided, using default instead
2025-06-04 14:21:36,129 - DEBUG - Saved configuration to /var/folders/3f/2n5sjdw50vj9gfnrxjbptj4c0000gn/T/tmpuy9848fq/test_config.json
2025-06-04 14:21:36,129 - DEBUG - Loaded configuration from /var/folders/3f/2n5sjdw50vj9gfnrxjbptj4c0000gn/T/tmpuy9848fq/test_config.json
2025-06-04 14:21:36,129 - DEBUG - Loaded configuration from /var/folders/3f/2n5sjdw50vj9gfnrxjbptj4c0000gn/T/tmpuy9848fq/test_config.json
2025-06-04 14:21:36,129 - DEBUG - Saved configuration to /var/folders/3f/2n5sjdw50vj9gfnrxjbptj4c0000gn/T/tmpuy9848fq/test_config.json
2025-06-04 14:21:36,129 - DEBUG - Loaded configuration from /var/folders/3f/2n5sjdw50vj9gfnrxjbptj4c0000gn/T/tmpuy9848fq/test_config.json
2025-06-04 14:21:36,130 - DEBUG - Using workspace_url from environment variable CHUCK_WORKSPACE_URL
2025-06-04 14:21:36,130 - DEBUG - Using workspace_url from environment variable CHUCK_WORKSPACE_URL
2025-06-04 14:21:36,130 - DEBUG - Using active_model from environment variable CHUCK_ACTIVE_MODEL
2025-06-04 14:21:36,130 - DEBUG - Using amperity_token from environment variable CHUCK_AMPERITY_TOKEN
2025-06-04 14:21:36,130 - DEBUG - Using databricks_token from environment variable CHUCK_DATABRICKS_TOKEN
2025-06-04 14:21:36,131 - DEBUG - Saved configuration to /var/folders/3f/2n5sjdw50vj9gfnrxjbptj4c0000gn/T/tmpqyuoddwm/test_config.json
2025-06-04 14:21:36,131 - DEBUG - Loaded configuration from /var/folders/3f/2n5sjdw50vj9gfnrxjbptj4c0000gn/T/tmpqyuoddwm/test_config.json
2025-06-04 14:21:36,132 - DEBUG - Saved configuration to /var/folders/3f/2n5sjdw50vj9gfnrxjbptj4c0000gn/T/tmpygiuvffd/test_config.json
2025-06-04 14:21:36,139 - DEBUG - GET request to: https://adb-3856707039489412.12.azuredatabricks.net/test-endpoint
2025-06-04 14:21:36,141 - DEBUG - GET request to: https://test-workspace.cloud.databricks.com/test-endpoint
2025-06-04 14:21:36,141 - DEBUG - Connection error: Connection failed
2025-06-04 14:21:36,142 - DEBUG - GET request to: https://test-workspace.cloud.databricks.com/test-endpoint
2025-06-04 14:21:36,142 - DEBUG - HTTP error: HTTP 404, Response: Not Found
2025-06-04 14:21:36,143 - WARNING - Model 'nonexistent-model' not found
2025-06-04 14:21:36,144 - DEBUG - GET request to: https://test-workspace.cloud.databricks.com/test-endpoint
2025-06-04 14:21:36,147 - DEBUG - POST request to: https://test-workspace.cloud.databricks.com/test-endpoint
2025-06-04 14:21:36,148 - DEBUG - Connection error: Connection failed
2025-06-04 14:21:36,148 - DEBUG - POST request to: https://test-workspace.cloud.databricks.com/test-endpoint
2025-06-04 14:21:36,148 - DEBUG - HTTP error: HTTP 400, Response: Bad Request
2025-06-04 14:21:36,149 - DEBUG - POST request to: https://test-workspace.cloud.databricks.com/test-endpoint
2025-06-04 14:21:36,151 - DEBUG - File upload request to: https://test-workspace.cloud.databricks.com/api/2.0/fs/files/test/path.txt
2025-06-04 14:21:36,152 - DEBUG - File upload request to: https://test-workspace.cloud.databricks.com/api/2.0/fs/files/test/path.txt
2025-06-04 14:21:36,153 - DEBUG - Token validation failed: Token validation failed
2025-06-04 14:21:36,155 - DEBUG - Saved configuration to /tmp/.test_chuck_integration_config.json
2025-06-04 14:21:36,155 - DEBUG - Saved configuration to /tmp/.test_chuck_integration_config.json
2025-06-04 14:21:36,156 - DEBUG - Saved configuration to /tmp/.test_chuck_integration_config.json
2025-06-04 14:21:36,156 - DEBUG - Saved configuration to /tmp/.test_chuck_integration_config.json
2025-06-04 14:21:36,157 - DEBUG - Saved configuration to /tmp/.test_chuck_integration_config.json
2025-06-04 14:21:36,158 - DEBUG - Saved configuration to /tmp/.test_chuck_integration_config.json
2025-06-04 14:21:36,160 - DEBUG - Sending metric: {"event": "USAGE", "prompt": "test prompt"}...
2025-06-04 14:21:36,160 - DEBUG - Error sending metrics: Test exception
Traceback (most recent call last):
  File "/Users/johnrush/repos/chuck-data/src/metrics_collector.py", line 123, in send_metric
    return self._client.submit_metrics(payload, token)
           ~~~~~~~~~~~~~~~~~~~~~~~~~~~^^^^^^^^^^^^^^^^
  File "/Users/johnrush/repos/chuck-data/tests/fixtures.py", line 60, in submit_metrics
    raise Exception("Test exception")
Exception: Test exception
2025-06-04 14:21:36,162 - DEBUG - Sending metric: {"event": "USAGE", "prompt": "test prompt"}...
2025-06-04 14:21:36,163 - DEBUG - Cannot send metrics - no authentication token available
2025-06-04 14:21:36,163 - DEBUG - Sending metric: {"event": "USAGE", "prompt": "test prompt"}...
2025-06-04 14:21:36,165 - DEBUG - Metrics tracking skipped - user has not provided consent
2025-06-04 14:21:36,167 - ERROR - Connection error when getting model: Connection failed
2025-06-04 14:21:36,167 - ERROR - Failed to get model: HTTP error occurred: 500 Internal Server Error
2025-06-04 14:21:36,168 - ERROR - Connection error when listing models: Connection failed
2025-06-04 14:21:36,169 - ERROR - Failed to list models: HTTP error occurred: 404 Not Found
2025-06-04 14:21:36,194 - ERROR - Error executing handler for command 'test_command': Command failed
Traceback (most recent call last):
  File "/Users/johnrush/repos/chuck-data/src/service.py", line 395, in execute_command
    result: CommandResult = command_def.handler(
                            ~~~~~~~~~~~~~~~~~~~^
        effective_client, **args_for_handler
        ^^^^^^^^^^^^^^^^^^^^^^^^^^^^^^^^^^^^
    )
    ^
  File "/opt/homebrew/Cellar/python@3.13/3.13.2/Frameworks/Python.framework/Versions/3.13/lib/python3.13/unittest/mock.py", line 1167, in __call__
    return self._mock_call(*args, **kwargs)
           ~~~~~~~~~~~~~~~^^^^^^^^^^^^^^^^^
  File "/opt/homebrew/Cellar/python@3.13/3.13.2/Frameworks/Python.framework/Versions/3.13/lib/python3.13/unittest/mock.py", line 1171, in _mock_call
    return self._execute_mock_call(*args, **kwargs)
           ~~~~~~~~~~~~~~~~~~~~~~~^^^^^^^^^^^^^^^^^
  File "/opt/homebrew/Cellar/python@3.13/3.13.2/Frameworks/Python.framework/Versions/3.13/lib/python3.13/unittest/mock.py", line 1226, in _execute_mock_call
    raise effect
Exception: Command failed
2025-06-04 14:21:36,212 - DEBUG - Executing SQL: SELECT * INVALID SQL
2025-06-04 14:21:36,213 - DEBUG - Executing SQL: SELECT * INVALID SQL
2025-06-04 14:21:36,213 - DEBUG - Executing SQL: SELECT * FROM table
2025-06-04 14:21:36,214 - DEBUG - Executing SQL: SELECT * FROM table
2025-06-04 14:21:36,215 - DEBUG - Executing SQL: SELECT * FROM table
2025-06-04 14:21:36,216 - DEBUG - Executing SQL: SELECT * FROM table
