2025-06-05 15:16:02,999 - DEBUG - Logging initialized. Writing to /Users/johnrush/repos/chuck-data/log/sessions/2025-06-05_15-16-02.log
2025-06-05 15:16:03,000 - DEBUG - HTTP error: HTTP 401, Response: {"status":401,"message":"Unauthorized"}
2025-06-05 15:16:03,001 - DEBUG - GET request to: https://test-workspace.cloud.databricks.com/test-endpoint
2025-06-05 15:16:03,001 - DEBUG - Connection error: Connection failed
2025-06-05 15:16:03,002 - DEBUG - GET request to: https://test-workspace.cloud.databricks.com/test-endpoint
2025-06-05 15:16:03,002 - DEBUG - HTTP error: HTTP 404, Response: Not Found
2025-06-05 15:16:03,003 - DEBUG - GET request to: https://test-workspace.cloud.databricks.com/test-endpoint
2025-06-05 15:16:03,004 - DEBUG - POST request to: https://test-workspace.cloud.databricks.com/test-endpoint
2025-06-05 15:16:03,004 - DEBUG - Connection error: Connection failed
2025-06-05 15:16:03,004 - DEBUG - POST request to: https://test-workspace.cloud.databricks.com/test-endpoint
2025-06-05 15:16:03,005 - DEBUG - HTTP error: HTTP 400, Response: Bad Request
2025-06-05 15:16:03,005 - DEBUG - POST request to: https://test-workspace.cloud.databricks.com/test-endpoint
2025-06-05 15:16:03,007 - DEBUG - Saved configuration to /var/folders/3f/2n5sjdw50vj9gfnrxjbptj4c0000gn/T/tmp4_ufjwwz/test_config.json
2025-06-05 15:16:03,007 - DEBUG - Loaded configuration from /var/folders/3f/2n5sjdw50vj9gfnrxjbptj4c0000gn/T/tmp4_ufjwwz/test_config.json
2025-06-05 15:16:03,007 - DEBUG - Loaded configuration from /var/folders/3f/2n5sjdw50vj9gfnrxjbptj4c0000gn/T/tmp4_ufjwwz/test_config.json
2025-06-05 15:16:03,007 - DEBUG - Saved configuration to /var/folders/3f/2n5sjdw50vj9gfnrxjbptj4c0000gn/T/tmp4_ufjwwz/test_config.json
2025-06-05 15:16:03,007 - DEBUG - Loaded configuration from /var/folders/3f/2n5sjdw50vj9gfnrxjbptj4c0000gn/T/tmp4_ufjwwz/test_config.json
2025-06-05 15:16:03,008 - DEBUG - Saved configuration to /var/folders/3f/2n5sjdw50vj9gfnrxjbptj4c0000gn/T/tmp4_ufjwwz/test_config.json
2025-06-05 15:16:03,008 - DEBUG - Loaded configuration from /var/folders/3f/2n5sjdw50vj9gfnrxjbptj4c0000gn/T/tmp4_ufjwwz/test_config.json
2025-06-05 15:16:03,008 - DEBUG - Saved configuration to /var/folders/3f/2n5sjdw50vj9gfnrxjbptj4c0000gn/T/tmp4_ufjwwz/test_config.json
2025-06-05 15:16:03,008 - DEBUG - Loaded configuration from /var/folders/3f/2n5sjdw50vj9gfnrxjbptj4c0000gn/T/tmp4_ufjwwz/test_config.json
2025-06-05 15:16:03,008 - DEBUG - Saved configuration to /var/folders/3f/2n5sjdw50vj9gfnrxjbptj4c0000gn/T/tmp4_ufjwwz/test_config.json
2025-06-05 15:16:03,008 - DEBUG - Loaded configuration from /var/folders/3f/2n5sjdw50vj9gfnrxjbptj4c0000gn/T/tmp4_ufjwwz/test_config.json
2025-06-05 15:16:03,008 - DEBUG - Loaded configuration from /var/folders/3f/2n5sjdw50vj9gfnrxjbptj4c0000gn/T/tmp4_ufjwwz/test_config.json
2025-06-05 15:16:03,008 - DEBUG - Loaded configuration from /var/folders/3f/2n5sjdw50vj9gfnrxjbptj4c0000gn/T/tmp4_ufjwwz/test_config.json
2025-06-05 15:16:03,009 - DEBUG - Loaded configuration from /var/folders/3f/2n5sjdw50vj9gfnrxjbptj4c0000gn/T/tmp4_ufjwwz/test_config.json
2025-06-05 15:16:03,009 - DEBUG - Loaded configuration from /var/folders/3f/2n5sjdw50vj9gfnrxjbptj4c0000gn/T/tmp4_ufjwwz/test_config.json
2025-06-05 15:16:03,010 - DEBUG - Saved configuration to /var/folders/3f/2n5sjdw50vj9gfnrxjbptj4c0000gn/T/tmpz4evpsji/test_config.json
2025-06-05 15:16:03,010 - DEBUG - Loaded configuration from /var/folders/3f/2n5sjdw50vj9gfnrxjbptj4c0000gn/T/tmpz4evpsji/test_config.json
2025-06-05 15:16:03,011 - DEBUG - Saved configuration to /var/folders/3f/2n5sjdw50vj9gfnrxjbptj4c0000gn/T/tmpuv3gnhlh/test_config.json
2025-06-05 15:16:03,011 - DEBUG - Loaded configuration from /var/folders/3f/2n5sjdw50vj9gfnrxjbptj4c0000gn/T/tmpuv3gnhlh/test_config.json
2025-06-05 15:16:03,013 - DEBUG - Saved configuration to /var/folders/3f/2n5sjdw50vj9gfnrxjbptj4c0000gn/T/tmpbn6fyjwo/test_config.json
2025-06-05 15:16:03,013 - DEBUG - Loaded configuration from /var/folders/3f/2n5sjdw50vj9gfnrxjbptj4c0000gn/T/tmpbn6fyjwo/test_config.json
2025-06-05 15:16:03,013 - DEBUG - Loaded configuration from /var/folders/3f/2n5sjdw50vj9gfnrxjbptj4c0000gn/T/tmpbn6fyjwo/test_config.json
2025-06-05 15:16:03,013 - DEBUG - Saved configuration to /var/folders/3f/2n5sjdw50vj9gfnrxjbptj4c0000gn/T/tmpbn6fyjwo/test_config.json
2025-06-05 15:16:03,013 - DEBUG - Loaded configuration from /var/folders/3f/2n5sjdw50vj9gfnrxjbptj4c0000gn/T/tmpbn6fyjwo/test_config.json
2025-06-05 15:16:03,014 - DEBUG - Loaded configuration from /var/folders/3f/2n5sjdw50vj9gfnrxjbptj4c0000gn/T/tmpbn6fyjwo/test_config.json
2025-06-05 15:16:03,016 - DEBUG - Saved configuration to /var/folders/3f/2n5sjdw50vj9gfnrxjbptj4c0000gn/T/tmpkdy34uy8/test_config.json
2025-06-05 15:16:03,016 - DEBUG - Loaded configuration from /var/folders/3f/2n5sjdw50vj9gfnrxjbptj4c0000gn/T/tmpkdy34uy8/test_config.json
2025-06-05 15:16:03,016 - DEBUG - Loaded configuration from /var/folders/3f/2n5sjdw50vj9gfnrxjbptj4c0000gn/T/tmpkdy34uy8/test_config.json
2025-06-05 15:16:03,016 - DEBUG - Saved configuration to /var/folders/3f/2n5sjdw50vj9gfnrxjbptj4c0000gn/T/tmpkdy34uy8/test_config.json
2025-06-05 15:16:03,016 - DEBUG - Loaded configuration from /var/folders/3f/2n5sjdw50vj9gfnrxjbptj4c0000gn/T/tmpkdy34uy8/test_config.json
2025-06-05 15:16:03,017 - DEBUG - Saved configuration to /var/folders/3f/2n5sjdw50vj9gfnrxjbptj4c0000gn/T/tmpkdy34uy8/test_config.json
2025-06-05 15:16:03,017 - DEBUG - Loaded configuration from /var/folders/3f/2n5sjdw50vj9gfnrxjbptj4c0000gn/T/tmpkdy34uy8/test_config.json
2025-06-05 15:16:03,017 - DEBUG - Saved configuration to /var/folders/3f/2n5sjdw50vj9gfnrxjbptj4c0000gn/T/tmpkdy34uy8/test_config.json
2025-06-05 15:16:03,017 - DEBUG - Loaded configuration from /var/folders/3f/2n5sjdw50vj9gfnrxjbptj4c0000gn/T/tmpkdy34uy8/test_config.json
2025-06-05 15:16:03,017 - DEBUG - Saved configuration to /var/folders/3f/2n5sjdw50vj9gfnrxjbptj4c0000gn/T/tmpkdy34uy8/test_config.json
2025-06-05 15:16:03,017 - DEBUG - Loaded configuration from /var/folders/3f/2n5sjdw50vj9gfnrxjbptj4c0000gn/T/tmpkdy34uy8/test_config.json
2025-06-05 15:16:03,017 - DEBUG - Using workspace_url from environment variable CHUCK_WORKSPACE_URL
2025-06-05 15:16:03,017 - DEBUG - Using active_model from environment variable CHUCK_ACTIVE_MODEL
2025-06-05 15:16:03,017 - DEBUG - Using warehouse_id from environment variable CHUCK_WAREHOUSE_ID
2025-06-05 15:16:03,017 - DEBUG - Using active_catalog from environment variable CHUCK_ACTIVE_CATALOG
2025-06-05 15:16:03,017 - DEBUG - Using active_schema from environment variable CHUCK_ACTIVE_SCHEMA
2025-06-05 15:16:03,017 - DEBUG - Using usage_tracking_consent from environment variable CHUCK_USAGE_TRACKING_CONSENT
2025-06-05 15:16:03,017 - DEBUG - Loaded configuration from /var/folders/3f/2n5sjdw50vj9gfnrxjbptj4c0000gn/T/tmpkdy34uy8/test_config.json
2025-06-05 15:16:03,019 - DEBUG - Saved configuration to /var/folders/3f/2n5sjdw50vj9gfnrxjbptj4c0000gn/T/tmp8ioeud0f/test_config.json
2025-06-05 15:16:03,019 - DEBUG - Loaded configuration from /var/folders/3f/2n5sjdw50vj9gfnrxjbptj4c0000gn/T/tmp8ioeud0f/test_config.json
2025-06-05 15:16:03,019 - DEBUG - Loaded configuration from /var/folders/3f/2n5sjdw50vj9gfnrxjbptj4c0000gn/T/tmp8ioeud0f/test_config.json
2025-06-05 15:16:03,019 - WARNING - Invalid workspace_url provided, using default instead
2025-06-05 15:16:03,019 - DEBUG - Saved configuration to /var/folders/3f/2n5sjdw50vj9gfnrxjbptj4c0000gn/T/tmp8ioeud0f/test_config.json
2025-06-05 15:16:03,020 - DEBUG - Loaded configuration from /var/folders/3f/2n5sjdw50vj9gfnrxjbptj4c0000gn/T/tmp8ioeud0f/test_config.json
2025-06-05 15:16:03,020 - DEBUG - Loaded configuration from /var/folders/3f/2n5sjdw50vj9gfnrxjbptj4c0000gn/T/tmp8ioeud0f/test_config.json
2025-06-05 15:16:03,020 - DEBUG - Saved configuration to /var/folders/3f/2n5sjdw50vj9gfnrxjbptj4c0000gn/T/tmp8ioeud0f/test_config.json
2025-06-05 15:16:03,020 - DEBUG - Loaded configuration from /var/folders/3f/2n5sjdw50vj9gfnrxjbptj4c0000gn/T/tmp8ioeud0f/test_config.json
2025-06-05 15:16:03,021 - DEBUG - Using workspace_url from environment variable CHUCK_WORKSPACE_URL
2025-06-05 15:16:03,021 - DEBUG - Using workspace_url from environment variable CHUCK_WORKSPACE_URL
2025-06-05 15:16:03,021 - DEBUG - Using active_model from environment variable CHUCK_ACTIVE_MODEL
2025-06-05 15:16:03,021 - DEBUG - Using amperity_token from environment variable CHUCK_AMPERITY_TOKEN
2025-06-05 15:16:03,021 - DEBUG - Using databricks_token from environment variable CHUCK_DATABRICKS_TOKEN
2025-06-05 15:16:03,022 - DEBUG - Saved configuration to /var/folders/3f/2n5sjdw50vj9gfnrxjbptj4c0000gn/T/tmphqrjzq7u/test_config.json
2025-06-05 15:16:03,022 - DEBUG - Loaded configuration from /var/folders/3f/2n5sjdw50vj9gfnrxjbptj4c0000gn/T/tmphqrjzq7u/test_config.json
2025-06-05 15:16:03,023 - DEBUG - Saved configuration to /var/folders/3f/2n5sjdw50vj9gfnrxjbptj4c0000gn/T/tmp8s8gphh_/test_config.json
2025-06-05 15:16:03,032 - DEBUG - GET request to: https://adb-3856707039489412.12.azuredatabricks.net/test-endpoint
2025-06-05 15:16:03,034 - DEBUG - GET request to: https://test-workspace.cloud.databricks.com/test-endpoint
2025-06-05 15:16:03,034 - DEBUG - Connection error: Connection failed
2025-06-05 15:16:03,035 - DEBUG - GET request to: https://test-workspace.cloud.databricks.com/test-endpoint
2025-06-05 15:16:03,035 - DEBUG - HTTP error: HTTP 404, Response: Not Found
2025-06-05 15:16:03,036 - WARNING - Model 'nonexistent-model' not found
2025-06-05 15:16:03,037 - DEBUG - GET request to: https://test-workspace.cloud.databricks.com/test-endpoint
2025-06-05 15:16:03,041 - DEBUG - POST request to: https://test-workspace.cloud.databricks.com/test-endpoint
2025-06-05 15:16:03,041 - DEBUG - Connection error: Connection failed
2025-06-05 15:16:03,042 - DEBUG - POST request to: https://test-workspace.cloud.databricks.com/test-endpoint
2025-06-05 15:16:03,042 - DEBUG - HTTP error: HTTP 400, Response: Bad Request
2025-06-05 15:16:03,043 - DEBUG - POST request to: https://test-workspace.cloud.databricks.com/test-endpoint
2025-06-05 15:16:03,044 - DEBUG - File upload request to: https://test-workspace.cloud.databricks.com/api/2.0/fs/files/test/path.txt
2025-06-05 15:16:03,067 - DEBUG - File upload request to: https://test-workspace.cloud.databricks.com/api/2.0/fs/files/test/path.txt
2025-06-05 15:16:03,068 - DEBUG - Token validation failed: Token validation failed
2025-06-05 15:16:03,070 - DEBUG - Saved configuration to /tmp/.test_chuck_integration_config.json
2025-06-05 15:16:03,071 - DEBUG - Saved configuration to /tmp/.test_chuck_integration_config.json
2025-06-05 15:16:03,072 - DEBUG - Saved configuration to /tmp/.test_chuck_integration_config.json
2025-06-05 15:16:03,072 - DEBUG - Saved configuration to /tmp/.test_chuck_integration_config.json
2025-06-05 15:16:03,073 - DEBUG - Saved configuration to /tmp/.test_chuck_integration_config.json
2025-06-05 15:16:03,073 - DEBUG - Saved configuration to /tmp/.test_chuck_integration_config.json
2025-06-05 15:16:03,076 - DEBUG - Sending metric: {"event": "USAGE", "prompt": "test prompt"}...
2025-06-05 15:16:03,076 - DEBUG - Error sending metrics: Test exception
Traceback (most recent call last):
  File "/Users/johnrush/repos/chuck-data/src/metrics_collector.py", line 123, in send_metric
    return self._client.submit_metrics(payload, token)
           ~~~~~~~~~~~~~~~~~~~~~~~~~~~^^^^^^^^^^^^^^^^
  File "/Users/johnrush/repos/chuck-data/tests/fixtures.py", line 60, in submit_metrics
    raise Exception("Test exception")
Exception: Test exception
2025-06-05 15:16:03,077 - DEBUG - Sending metric: {"event": "USAGE", "prompt": "test prompt"}...
2025-06-05 15:16:03,078 - DEBUG - Cannot send metrics - no authentication token available
2025-06-05 15:16:03,079 - DEBUG - Sending metric: {"event": "USAGE", "prompt": "test prompt"}...
2025-06-05 15:16:03,080 - DEBUG - Metrics tracking skipped - user has not provided consent
2025-06-05 15:16:03,081 - ERROR - Connection error when getting model: Connection failed
2025-06-05 15:16:03,082 - ERROR - Failed to get model: HTTP error occurred: 500 Internal Server Error
2025-06-05 15:16:03,083 - ERROR - Connection error when listing models: Connection failed
2025-06-05 15:16:03,084 - ERROR - Failed to list models: HTTP error occurred: 404 Not Found
2025-06-05 15:16:03,107 - ERROR - Error executing handler for command 'test_command': Command failed
Traceback (most recent call last):
  File "/Users/johnrush/repos/chuck-data/src/service.py", line 395, in execute_command
    result: CommandResult = command_def.handler(
                            ~~~~~~~~~~~~~~~~~~~^
        effective_client, **args_for_handler
        ^^^^^^^^^^^^^^^^^^^^^^^^^^^^^^^^^^^^
    )
    ^
  File "/opt/homebrew/Cellar/python@3.13/3.13.2/Frameworks/Python.framework/Versions/3.13/lib/python3.13/unittest/mock.py", line 1167, in __call__
    return self._mock_call(*args, **kwargs)
           ~~~~~~~~~~~~~~~^^^^^^^^^^^^^^^^^
  File "/opt/homebrew/Cellar/python@3.13/3.13.2/Frameworks/Python.framework/Versions/3.13/lib/python3.13/unittest/mock.py", line 1171, in _mock_call
    return self._execute_mock_call(*args, **kwargs)
           ~~~~~~~~~~~~~~~~~~~~~~~^^^^^^^^^^^^^^^^^
  File "/opt/homebrew/Cellar/python@3.13/3.13.2/Frameworks/Python.framework/Versions/3.13/lib/python3.13/unittest/mock.py", line 1226, in _execute_mock_call
    raise effect
Exception: Command failed
2025-06-05 15:16:03,132 - DEBUG - Executing SQL: SELECT * INVALID SQL
2025-06-05 15:16:03,133 - DEBUG - Executing SQL: SELECT * INVALID SQL
2025-06-05 15:16:03,134 - DEBUG - Executing SQL: SELECT * FROM table
2025-06-05 15:16:03,135 - DEBUG - Executing SQL: SELECT * FROM table
2025-06-05 15:16:03,135 - DEBUG - Executing SQL: SELECT * FROM table
2025-06-05 15:16:03,136 - DEBUG - Executing SQL: SELECT * FROM table
