2025-06-05 14:36:24,720 - DEBUG - Logging initialized. Writing to /Users/johnrush/repos/chuck-data/log/sessions/2025-06-05_14-36-24.log
2025-06-05 14:36:24,722 - DEBUG - Loaded configuration from /Users/johnrush/.chuck_config.json
2025-06-05 14:36:24,741 - DEBUG - Using selector: KqueueSelector
2025-06-05 14:36:25,807 - DEBUG - connect_tcp.started host='dbc-df998298-4c7e.cloud.databricks.com' port=443 local_address=None timeout=5.0 socket_options=None
2025-06-05 14:36:25,862 - DEBUG - connect_tcp.complete return_value=<httpcore._backends.sync.SyncStream object at 0x1046aa510>
2025-06-05 14:36:25,862 - DEBUG - start_tls.started ssl_context=<ssl.SSLContext object at 0x104623890> server_hostname='dbc-df998298-4c7e.cloud.databricks.com' timeout=5.0
2025-06-05 14:36:25,954 - DEBUG - start_tls.complete return_value=<httpcore._backends.sync.SyncStream object at 0x1044ffc50>
2025-06-05 14:36:25,954 - DEBUG - send_request_headers.started request=<Request [b'POST']>
2025-06-05 14:36:25,955 - DEBUG - send_request_headers.complete
2025-06-05 14:36:25,955 - DEBUG - send_request_body.started request=<Request [b'POST']>
2025-06-05 14:36:25,955 - DEBUG - send_request_body.complete
2025-06-05 14:36:25,955 - DEBUG - receive_response_headers.started request=<Request [b'POST']>
2025-06-05 14:36:29,055 - DEBUG - receive_response_headers.complete return_value=(b'HTTP/1.1', 200, b'OK', [(b'x-amzn-requestid', b'dcdb8f6f-fd3e-437c-8dba-4c6a45b79034'), (b'x-amzn-bedrock-invocation-latency', b'2704'), (b'x-amzn-bedrock-output-token-count', b'62'), (b'x-amzn-bedrock-input-token-count', b'4148'), (b'content-type', b'application/json'), (b'date', b'Thu, 5 Jun 2025 21:36:29 GMT'), (b'x-databricks-org-id', b'3416276235813320'), (b'x-request-id', b'e93b6eb9-0033-4997-96bb-3f3dd3a75be3'), (b'content-encoding', b'gzip'), (b'vary', b'Accept-Encoding'), (b'strict-transport-security', b'max-age=31536000; includeSubDomains; preload'), (b'x-content-type-options', b'nosniff'), (b'server', b'databricks'), (b'transfer-encoding', b'chunked')])
2025-06-05 14:36:29,058 - DEBUG - receive_response_body.started request=<Request [b'POST']>
2025-06-05 14:36:29,058 - DEBUG - receive_response_body.complete
2025-06-05 14:36:29,059 - DEBUG - response_closed.started
2025-06-05 14:36:29,059 - DEBUG - response_closed.complete
2025-06-05 14:36:29,065 - DEBUG - Agent attempting to execute tool: list-warehouses with args: {}
2025-06-05 14:36:29,066 - DEBUG - Tool arguments for 'list-warehouses' validated successfully.
2025-06-05 14:36:29,066 - DEBUG - Executing agent tool 'list-warehouses' with handler: handle_command
2025-06-05 14:36:29,066 - DEBUG - GET request to: https://dbc-df998298-4c7e.cloud.databricks.com/api/2.0/sql/warehouses
2025-06-05 14:36:29,070 - DEBUG - Starting new HTTPS connection (1): dbc-df998298-4c7e.cloud.databricks.com:443
2025-06-05 14:36:29,325 - DEBUG - https://dbc-df998298-4c7e.cloud.databricks.com:443 "GET /api/2.0/sql/warehouses HTTP/1.1" 200 None
2025-06-05 14:36:29,327 - DEBUG - Tool 'list-warehouses' executed successfully. Data: {'warehouses': [{'id': '1bfc8803d32a69c3', 'name': 'Perlovsky Chuck Testing', 'size': 'XLARGE', 'state': 'STOPPED', 'creator_name': 'daniel.perlovsky@amperity.com', 'auto_stop_mins': 10, 'enable_serverless_compute': True, 'warehouse_type': 'PRO'}, {'id': '865b9b2dc901775c', 'name': 'Christian Serverless Compute', 'size': 'XLARGE', 'state': 'STOPPED', 'creator_name': 'christian.saffici@amperity.com', 'auto_stop_mins': 10, 'enable_serverless_compute': True, 'warehouse_type': 'PRO'}, {'id': '9b07e1f740586a24', 'name': 'Integration tests', 'size': 'XXSMALL', 'state': 'STOPPED', 'creator_name': 'john.rush@amperity.com', 'auto_stop_mins': 10, 'enable_serverless_compute': True, 'warehouse_type': 'PRO'}, {'id': 'aaa2993b572dcf34', 'name': 'Parker Chuck Testing', 'size': 'XLARGE', 'state': 'STOPPED', 'creator_name': 'jeff.parker@amperity.com', 'auto_stop_mins': 10, 'enable_serverless_compute': True, 'warehouse_type': 'PRO'}, {'id': 'cda9d8187af3f951', 'name': "Carson's Chuck Data", 'size': 'XLARGE', 'state': 'STOPPED', 'creator_name': 'carson.crooks@amperity.com', 'auto_stop_mins': 10, 'enable_serverless_compute': True, 'warehouse_type': 'PRO'}, {'id': 'ed6a5cc30217adf0', 'name': 'Starter Warehouse', 'size': 'SMALL', 'state': 'STOPPED', 'creator_name': 'cary+databricks@amperity.com', 'auto_stop_mins': 60, 'enable_serverless_compute': False, 'warehouse_type': 'PRO'}], 'total_count': 6}
2025-06-05 14:36:29,338 - DEBUG - Using selector: KqueueSelector
2025-06-05 14:42:41,320 - DEBUG - close.started
2025-06-05 14:42:41,321 - DEBUG - close.complete
