2025-06-04 11:45:36,589 - DEBUG - Logging initialized. Writing to /Users/johnrush/repos/clamp-internal/log/sessions/2025-06-04_11-45-36.log
2025-06-04 11:45:36,590 - DEBUG - Loaded configuration from /Users/johnrush/.chuck_config.json
2025-06-04 11:45:36,597 - DEBUG - Using selector: KqueueSelector
2025-06-04 11:45:37,746 - DEBUG - connect_tcp.started host='dbc-df998298-4c7e.cloud.databricks.com' port=443 local_address=None timeout=5.0 socket_options=None
2025-06-04 11:45:37,766 - DEBUG - connect_tcp.complete return_value=<httpcore._backends.sync.SyncStream object at 0x103f316a0>
2025-06-04 11:45:37,767 - DEBUG - start_tls.started ssl_context=<ssl.SSLContext object at 0x103e9fb60> server_hostname='dbc-df998298-4c7e.cloud.databricks.com' timeout=5.0
2025-06-04 11:45:37,811 - DEBUG - start_tls.complete return_value=<httpcore._backends.sync.SyncStream object at 0x103f4c410>
2025-06-04 11:45:37,811 - DEBUG - send_request_headers.started request=<Request [b'POST']>
2025-06-04 11:45:37,811 - DEBUG - send_request_headers.complete
2025-06-04 11:45:37,811 - DEBUG - send_request_body.started request=<Request [b'POST']>
2025-06-04 11:45:37,812 - DEBUG - send_request_body.complete
2025-06-04 11:45:37,812 - DEBUG - receive_response_headers.started request=<Request [b'POST']>
2025-06-04 11:45:45,026 - DEBUG - receive_response_headers.complete return_value=(b'HTTP/1.1', 200, b'OK', [(b'x-amzn-requestid', b'e985c228-ca2a-45f5-868c-be6fc1aaa006'), (b'x-amzn-bedrock-invocation-latency', b'7112'), (b'x-amzn-bedrock-output-token-count', b'119'), (b'x-amzn-bedrock-input-token-count', b'4160'), (b'content-type', b'application/json'), (b'date', b'Wed, 4 Jun 2025 18:45:45 GMT'), (b'x-databricks-org-id', b'3416276235813320'), (b'x-request-id', b'967f4da8-6f70-4115-b489-0e5bdae12626'), (b'content-encoding', b'gzip'), (b'vary', b'Accept-Encoding'), (b'strict-transport-security', b'max-age=31536000; includeSubDomains; preload'), (b'x-content-type-options', b'nosniff'), (b'server', b'databricks'), (b'transfer-encoding', b'chunked')])
2025-06-04 11:45:45,026 - DEBUG - receive_response_body.started request=<Request [b'POST']>
2025-06-04 11:45:45,026 - DEBUG - receive_response_body.complete
2025-06-04 11:45:45,027 - DEBUG - response_closed.started
2025-06-04 11:45:45,027 - DEBUG - response_closed.complete
2025-06-04 11:45:45,028 - DEBUG - Sending metric: {"event": "USAGE", "configuration": {"workspace_url": "https://dbc-df998298-4c7e.cloud.databricks.co...
2025-06-04 11:45:45,031 - DEBUG - Starting new HTTPS connection (1): chuck.amperity.com:443
2025-06-04 11:45:45,125 - DEBUG - https://chuck.amperity.com:443 "POST /api/usage HTTP/1.1" 204 0
2025-06-04 11:45:45,125 - DEBUG - Failed to send metrics: 204 - 
2025-06-04 11:45:45,127 - DEBUG - Using selector: KqueueSelector
