2025-06-08 15:07:34,481 - DEBUG - Logging initialized. Writing to /Users/johnrush/repos/chuck-data/log/sessions/2025-06-08_15-07-34.log
2025-06-08 15:07:34,482 - DEBUG - Loaded configuration from /Users/johnrush/.chuck_config.json
2025-06-08 15:07:34,497 - DEBUG - Using selector: KqueueSelector
2025-06-08 15:07:35,703 - DEBUG - connect_tcp.started host='dbc-df998298-4c7e.cloud.databricks.com' port=443 local_address=None timeout=5.0 socket_options=None
2025-06-08 15:07:35,750 - DEBUG - connect_tcp.complete return_value=<httpcore._backends.sync.SyncStream object at 0x103e4b4d0>
2025-06-08 15:07:35,750 - DEBUG - start_tls.started ssl_context=<ssl.SSLContext object at 0x103e1d520> server_hostname='dbc-df998298-4c7e.cloud.databricks.com' timeout=5.0
2025-06-08 15:07:35,793 - DEBUG - start_tls.complete return_value=<httpcore._backends.sync.SyncStream object at 0x103e6c690>
2025-06-08 15:07:35,793 - DEBUG - send_request_headers.started request=<Request [b'POST']>
2025-06-08 15:07:35,793 - DEBUG - send_request_headers.complete
2025-06-08 15:07:35,793 - DEBUG - send_request_body.started request=<Request [b'POST']>
2025-06-08 15:07:35,794 - DEBUG - send_request_body.complete
2025-06-08 15:07:35,794 - DEBUG - receive_response_headers.started request=<Request [b'POST']>
2025-06-08 15:07:42,397 - DEBUG - receive_response_headers.complete return_value=(b'HTTP/1.1', 200, b'OK', [(b'x-amzn-requestid', b'77a96c0d-9779-402b-ab75-08aafb899bce'), (b'x-amzn-bedrock-invocation-latency', b'6496'), (b'x-amzn-bedrock-output-token-count', b'162'), (b'x-amzn-bedrock-input-token-count', b'5360'), (b'content-type', b'application/json'), (b'date', b'Sun, 8 Jun 2025 22:07:42 GMT'), (b'x-databricks-org-id', b'3416276235813320'), (b'x-request-id', b'5261c4bc-882d-4deb-829b-008807c2755b'), (b'content-encoding', b'gzip'), (b'vary', b'Accept-Encoding'), (b'strict-transport-security', b'max-age=31536000; includeSubDomains; preload'), (b'x-content-type-options', b'nosniff'), (b'server', b'databricks'), (b'transfer-encoding', b'chunked')])
2025-06-08 15:07:42,400 - DEBUG - receive_response_body.started request=<Request [b'POST']>
2025-06-08 15:07:42,401 - DEBUG - receive_response_body.complete
2025-06-08 15:07:42,401 - DEBUG - response_closed.started
2025-06-08 15:07:42,401 - DEBUG - response_closed.complete
2025-06-08 15:07:42,405 - DEBUG - Sending metric: {"event": "USAGE", "configuration": {"workspace_url": "https://dbc-df998298-4c7e.cloud.databricks.co...
2025-06-08 15:07:42,410 - DEBUG - Starting new HTTPS connection (1): chuck.amperity.com:443
2025-06-08 15:07:42,946 - DEBUG - https://chuck.amperity.com:443 "POST /api/usage HTTP/1.1" 204 0
2025-06-08 15:07:42,947 - DEBUG - Failed to send metrics: 204 - 
2025-06-08 15:07:42,952 - DEBUG - Using selector: KqueueSelector
2025-06-08 15:07:52,609 - DEBUG - connect_tcp.started host='dbc-df998298-4c7e.cloud.databricks.com' port=443 local_address=None timeout=5.0 socket_options=None
2025-06-08 15:07:52,634 - DEBUG - connect_tcp.complete return_value=<httpcore._backends.sync.SyncStream object at 0x103eba5d0>
2025-06-08 15:07:52,634 - DEBUG - start_tls.started ssl_context=<ssl.SSLContext object at 0x103e1e2a0> server_hostname='dbc-df998298-4c7e.cloud.databricks.com' timeout=5.0
2025-06-08 15:07:52,691 - DEBUG - start_tls.complete return_value=<httpcore._backends.sync.SyncStream object at 0x103ca55b0>
2025-06-08 15:07:52,691 - DEBUG - send_request_headers.started request=<Request [b'POST']>
2025-06-08 15:07:52,691 - DEBUG - send_request_headers.complete
2025-06-08 15:07:52,691 - DEBUG - send_request_body.started request=<Request [b'POST']>
2025-06-08 15:07:52,691 - DEBUG - send_request_body.complete
2025-06-08 15:07:52,691 - DEBUG - receive_response_headers.started request=<Request [b'POST']>
2025-06-08 15:07:56,753 - DEBUG - receive_response_headers.complete return_value=(b'HTTP/1.1', 200, b'OK', [(b'x-amzn-requestid', b'e2e3b01e-a33f-464b-bd02-a9e7972d1b41'), (b'x-amzn-bedrock-invocation-latency', b'3893'), (b'x-amzn-bedrock-output-token-count', b'82'), (b'x-amzn-bedrock-input-token-count', b'5529'), (b'content-type', b'application/json'), (b'date', b'Sun, 8 Jun 2025 22:07:56 GMT'), (b'x-databricks-org-id', b'3416276235813320'), (b'x-request-id', b'd9d27705-3d59-449d-9c37-c76b8ba5d47e'), (b'content-encoding', b'gzip'), (b'vary', b'Accept-Encoding'), (b'strict-transport-security', b'max-age=31536000; includeSubDomains; preload'), (b'x-content-type-options', b'nosniff'), (b'server', b'databricks'), (b'transfer-encoding', b'chunked')])
2025-06-08 15:07:56,754 - DEBUG - receive_response_body.started request=<Request [b'POST']>
2025-06-08 15:07:56,755 - DEBUG - receive_response_body.complete
2025-06-08 15:07:56,755 - DEBUG - response_closed.started
2025-06-08 15:07:56,755 - DEBUG - response_closed.complete
2025-06-08 15:07:56,757 - DEBUG - Agent attempting to execute tool: bulk-tag-pii with args: {}
2025-06-08 15:07:56,759 - DEBUG - Tool arguments for 'bulk-tag-pii' validated successfully.
2025-06-08 15:07:56,759 - DEBUG - Executing agent tool 'bulk-tag-pii' with handler: handle_bulk_tag_pii
2025-06-08 15:07:56,760 - DEBUG - GET request to: https://dbc-df998298-4c7e.cloud.databricks.com/api/2.1/unity-catalog/catalogs/john_test
2025-06-08 15:07:56,762 - DEBUG - Starting new HTTPS connection (1): dbc-df998298-4c7e.cloud.databricks.com:443
2025-06-08 15:07:56,893 - DEBUG - https://dbc-df998298-4c7e.cloud.databricks.com:443 "GET /api/2.1/unity-catalog/catalogs/john_test HTTP/1.1" 200 None
2025-06-08 15:07:56,894 - DEBUG - GET request to: https://dbc-df998298-4c7e.cloud.databricks.com/api/2.1/unity-catalog/schemas/john_test.bronze
2025-06-08 15:07:56,895 - DEBUG - Starting new HTTPS connection (1): dbc-df998298-4c7e.cloud.databricks.com:443
2025-06-08 15:07:57,091 - DEBUG - https://dbc-df998298-4c7e.cloud.databricks.com:443 "GET /api/2.1/unity-catalog/schemas/john_test.bronze HTTP/1.1" 200 None
2025-06-08 15:07:57,091 - DEBUG - GET request with params to: https://dbc-df998298-4c7e.cloud.databricks.com/api/2.1/unity-catalog/tables
2025-06-08 15:07:57,093 - DEBUG - Starting new HTTPS connection (1): dbc-df998298-4c7e.cloud.databricks.com:443
2025-06-08 15:07:57,327 - DEBUG - https://dbc-df998298-4c7e.cloud.databricks.com:443 "GET /api/2.1/unity-catalog/tables?catalog_name=john_test&schema_name=bronze&omit_columns=true HTTP/1.1" 200 None
2025-06-08 15:07:57,330 - INFO - Starting PII Scan for 3 tables in john_test.bronze.
2025-06-08 15:07:57,331 - DEBUG - GET request to: https://dbc-df998298-4c7e.cloud.databricks.com/api/2.1/unity-catalog/tables/john_test.bronze.ecommerce_profiles
2025-06-08 15:07:57,332 - DEBUG - GET request to: https://dbc-df998298-4c7e.cloud.databricks.com/api/2.1/unity-catalog/tables/john_test.bronze.loyalty_member
2025-06-08 15:07:57,333 - DEBUG - GET request to: https://dbc-df998298-4c7e.cloud.databricks.com/api/2.1/unity-catalog/tables/john_test.bronze.pos_customer
2025-06-08 15:07:57,334 - DEBUG - Starting new HTTPS connection (1): dbc-df998298-4c7e.cloud.databricks.com:443
2025-06-08 15:07:57,335 - DEBUG - Starting new HTTPS connection (1): dbc-df998298-4c7e.cloud.databricks.com:443
2025-06-08 15:07:57,335 - DEBUG - Starting new HTTPS connection (1): dbc-df998298-4c7e.cloud.databricks.com:443
2025-06-08 15:07:57,475 - DEBUG - https://dbc-df998298-4c7e.cloud.databricks.com:443 "GET /api/2.1/unity-catalog/tables/john_test.bronze.loyalty_member HTTP/1.1" 200 None
2025-06-08 15:07:57,489 - DEBUG - connect_tcp.started host='dbc-df998298-4c7e.cloud.databricks.com' port=443 local_address=None timeout=5.0 socket_options=None
2025-06-08 15:07:57,494 - DEBUG - https://dbc-df998298-4c7e.cloud.databricks.com:443 "GET /api/2.1/unity-catalog/tables/john_test.bronze.pos_customer HTTP/1.1" 200 None
2025-06-08 15:07:57,503 - DEBUG - connect_tcp.started host='dbc-df998298-4c7e.cloud.databricks.com' port=443 local_address=None timeout=5.0 socket_options=None
2025-06-08 15:07:57,515 - DEBUG - connect_tcp.complete return_value=<httpcore._backends.sync.SyncStream object at 0x103f063f0>
2025-06-08 15:07:57,515 - DEBUG - start_tls.started ssl_context=<ssl.SSLContext object at 0x103e1e450> server_hostname='dbc-df998298-4c7e.cloud.databricks.com' timeout=5.0
2025-06-08 15:07:57,522 - DEBUG - https://dbc-df998298-4c7e.cloud.databricks.com:443 "GET /api/2.1/unity-catalog/tables/john_test.bronze.ecommerce_profiles HTTP/1.1" 200 None
2025-06-08 15:07:57,525 - DEBUG - connect_tcp.complete return_value=<httpcore._backends.sync.SyncStream object at 0x103e3a7b0>
2025-06-08 15:07:57,525 - DEBUG - start_tls.started ssl_context=<ssl.SSLContext object at 0x103e1e7b0> server_hostname='dbc-df998298-4c7e.cloud.databricks.com' timeout=5.0
2025-06-08 15:07:57,531 - DEBUG - connect_tcp.started host='dbc-df998298-4c7e.cloud.databricks.com' port=443 local_address=None timeout=5.0 socket_options=None
2025-06-08 15:07:57,559 - DEBUG - connect_tcp.complete return_value=<httpcore._backends.sync.SyncStream object at 0x103e60380>
2025-06-08 15:07:57,559 - DEBUG - start_tls.started ssl_context=<ssl.SSLContext object at 0x103e1e720> server_hostname='dbc-df998298-4c7e.cloud.databricks.com' timeout=5.0
2025-06-08 15:07:57,563 - DEBUG - start_tls.complete return_value=<httpcore._backends.sync.SyncStream object at 0x103e60160>
2025-06-08 15:07:57,563 - DEBUG - send_request_headers.started request=<Request [b'POST']>
2025-06-08 15:07:57,563 - DEBUG - send_request_headers.complete
2025-06-08 15:07:57,563 - DEBUG - send_request_body.started request=<Request [b'POST']>
2025-06-08 15:07:57,564 - DEBUG - send_request_body.complete
2025-06-08 15:07:57,564 - DEBUG - receive_response_headers.started request=<Request [b'POST']>
2025-06-08 15:07:57,573 - DEBUG - start_tls.complete return_value=<httpcore._backends.sync.SyncStream object at 0x103e17150>
2025-06-08 15:07:57,573 - DEBUG - send_request_headers.started request=<Request [b'POST']>
2025-06-08 15:07:57,573 - DEBUG - send_request_headers.complete
2025-06-08 15:07:57,573 - DEBUG - send_request_body.started request=<Request [b'POST']>
2025-06-08 15:07:57,573 - DEBUG - send_request_body.complete
2025-06-08 15:07:57,573 - DEBUG - receive_response_headers.started request=<Request [b'POST']>
2025-06-08 15:07:57,610 - DEBUG - start_tls.complete return_value=<httpcore._backends.sync.SyncStream object at 0x103e17650>
2025-06-08 15:07:57,610 - DEBUG - send_request_headers.started request=<Request [b'POST']>
2025-06-08 15:07:57,610 - DEBUG - send_request_headers.complete
2025-06-08 15:07:57,610 - DEBUG - send_request_body.started request=<Request [b'POST']>
2025-06-08 15:07:57,610 - DEBUG - send_request_body.complete
2025-06-08 15:07:57,611 - DEBUG - receive_response_headers.started request=<Request [b'POST']>
2025-06-08 15:08:00,758 - DEBUG - receive_response_headers.complete return_value=(b'HTTP/1.1', 200, b'OK', [(b'x-amzn-requestid', b'ad7ce5d6-dbb2-49a9-972d-d5fdace1262f'), (b'x-amzn-bedrock-invocation-latency', b'3020'), (b'x-amzn-bedrock-output-token-count', b'197'), (b'x-amzn-bedrock-input-token-count', b'493'), (b'content-type', b'application/json'), (b'date', b'Sun, 8 Jun 2025 22:08:00 GMT'), (b'x-databricks-org-id', b'3416276235813320'), (b'x-request-id', b'3a07fb99-e275-400f-92c2-841037625c6f'), (b'content-encoding', b'gzip'), (b'vary', b'Accept-Encoding'), (b'strict-transport-security', b'max-age=31536000; includeSubDomains; preload'), (b'x-content-type-options', b'nosniff'), (b'server', b'databricks'), (b'transfer-encoding', b'chunked')])
2025-06-08 15:08:00,759 - DEBUG - receive_response_body.started request=<Request [b'POST']>
2025-06-08 15:08:00,759 - DEBUG - receive_response_body.complete
2025-06-08 15:08:00,759 - DEBUG - response_closed.started
2025-06-08 15:08:00,759 - DEBUG - response_closed.complete
2025-06-08 15:08:02,207 - DEBUG - receive_response_headers.complete return_value=(b'HTTP/1.1', 200, b'OK', [(b'x-amzn-requestid', b'cf3ed3fa-05de-40fa-9ca6-d88b5bd8b0ae'), (b'x-amzn-bedrock-invocation-latency', b'4482'), (b'x-amzn-bedrock-output-token-count', b'205'), (b'x-amzn-bedrock-input-token-count', b'508'), (b'content-type', b'application/json'), (b'date', b'Sun, 8 Jun 2025 22:08:02 GMT'), (b'x-databricks-org-id', b'3416276235813320'), (b'x-request-id', b'd107f5dd-c741-4905-a057-149e6bf3de47'), (b'content-encoding', b'gzip'), (b'vary', b'Accept-Encoding'), (b'strict-transport-security', b'max-age=31536000; includeSubDomains; preload'), (b'x-content-type-options', b'nosniff'), (b'server', b'databricks'), (b'transfer-encoding', b'chunked')])
2025-06-08 15:08:02,208 - DEBUG - receive_response_body.started request=<Request [b'POST']>
2025-06-08 15:08:02,208 - DEBUG - receive_response_body.complete
2025-06-08 15:08:02,208 - DEBUG - response_closed.started
2025-06-08 15:08:02,208 - DEBUG - response_closed.complete
2025-06-08 15:08:53,987 - DEBUG - receive_response_headers.complete return_value=(b'HTTP/1.1', 200, b'OK', [(b'x-amzn-requestid', b'a6b055ef-429c-4fd5-ba5b-b635b1357a2a'), (b'x-amzn-bedrock-invocation-latency', b'56308'), (b'x-amzn-bedrock-output-token-count', b'267'), (b'x-amzn-bedrock-input-token-count', b'588'), (b'content-type', b'application/json'), (b'date', b'Sun, 8 Jun 2025 22:08:54 GMT'), (b'x-databricks-org-id', b'3416276235813320'), (b'x-request-id', b'f70a8821-b14a-4ba4-995f-0af3e11c25c0'), (b'content-encoding', b'gzip'), (b'vary', b'Accept-Encoding'), (b'strict-transport-security', b'max-age=31536000; includeSubDomains; preload'), (b'x-content-type-options', b'nosniff'), (b'server', b'databricks'), (b'transfer-encoding', b'chunked')])
2025-06-08 15:08:53,987 - DEBUG - receive_response_body.started request=<Request [b'POST']>
2025-06-08 15:08:53,987 - DEBUG - receive_response_body.complete
2025-06-08 15:08:53,987 - DEBUG - response_closed.started
2025-06-08 15:08:53,987 - DEBUG - response_closed.complete
2025-06-08 15:08:53,992 - DEBUG - Tool 'bulk-tag-pii' executed successfully. Data: {'catalog_name': 'john_test', 'schema_name': 'bronze', 'tables_with_pii': 3, 'total_pii_columns': 33, 'scan_summary': {'catalog': 'john_test', 'schema': 'bronze', 'tables_scanned_attempted': 3, 'tables_successfully_processed': 3, 'tables_with_pii': 3, 'total_pii_columns': 33, 'results_detail': [{'table_name': 'ecommerce_profiles', 'full_name': 'john_test.bronze.ecommerce_profiles', 'column_count': 12, 'pii_column_count': 11, 'has_pii': True, 'columns': [{'name': 'system_id', 'type': 'STRING', 'semantic': None}, {'name': 'last_updated', 'type': 'TIMESTAMP', 'semantic': 'update-dt'}, {'name': 'first_name', 'type': 'STRING', 'semantic': 'given-name'}, {'name': 'last_name', 'type': 'STRING', 'semantic': 'surname'}, {'name': 'email_address', 'type': 'STRING', 'semantic': 'email'}, {'name': 'phone_number', 'type': 'STRING', 'semantic': 'phone'}, {'name': 'address_line_1', 'type': 'STRING', 'semantic': 'address'}, {'name': 'city', 'type': 'STRING', 'semantic': 'city'}, {'name': 'state', 'type': 'STRING', 'semantic': 'state'}, {'name': 'zip_code', 'type': 'STRING', 'semantic': 'postal'}, {'name': 'gender', 'type': 'STRING', 'semantic': 'gender'}, {'name': 'birthdate', 'type': 'DATE', 'semantic': 'birthdate'}], 'pii_columns': [{'name': 'last_updated', 'type': 'TIMESTAMP', 'semantic': 'update-dt'}, {'name': 'first_name', 'type': 'STRING', 'semantic': 'given-name'}, {'name': 'last_name', 'type': 'STRING', 'semantic': 'surname'}, {'name': 'email_address', 'type': 'STRING', 'semantic': 'email'}, {'name': 'phone_number', 'type': 'STRING', 'semantic': 'phone'}, {'name': 'address_line_1', 'type': 'STRING', 'semantic': 'address'}, {'name': 'city', 'type': 'STRING', 'semantic': 'city'}, {'name': 'state', 'type': 'STRING', 'semantic': 'state'}, {'name': 'zip_code', 'type': 'STRING', 'semantic': 'postal'}, {'name': 'gender', 'type': 'STRING', 'semantic': 'gender'}, {'name': 'birthdate', 'type': 'DATE', 'semantic': 'birthdate'}], 'skipped': False}, {'table_name': 'loyalty_member', 'full_name': 'john_test.bronze.loyalty_member', 'column_count': 15, 'pii_column_count': 11, 'has_pii': True, 'columns': [{'name': 'customer_id', 'type': 'STRING', 'semantic': None}, {'name': 'dtUpdateDate', 'type': 'TIMESTAMP', 'semantic': 'update-dt'}, {'name': 'cus_first', 'type': 'STRING', 'semantic': 'given-name'}, {'name': 'cus_last', 'type': 'STRING', 'semantic': 'surname'}, {'name': 'cus_email', 'type': 'STRING', 'semantic': 'email'}, {'name': 'cus_phone', 'type': 'STRING', 'semantic': 'phone'}, {'name': 'cus_addr1', 'type': 'STRING', 'semantic': 'address'}, {'name': 'cus_city', 'type': 'STRING', 'semantic': 'city'}, {'name': 'cus_state', 'type': 'STRING', 'semantic': 'state'}, {'name': 'cus_zip', 'type': 'STRING', 'semantic': 'postal'}, {'name': 'cus_gender', 'type': 'STRING', 'semantic': 'gender'}, {'name': 'loyalty_opt_in_date', 'type': 'DATE', 'semantic': None}, {'name': 'loyalty_opt_out_date', 'type': 'DATE', 'semantic': None}, {'name': 'cus_birthdt', 'type': 'DATE', 'semantic': 'birthdate'}, {'name': 'loyalty_program', 'type': 'STRING', 'semantic': None}], 'pii_columns': [{'name': 'dtUpdateDate', 'type': 'TIMESTAMP', 'semantic': 'update-dt'}, {'name': 'cus_first', 'type': 'STRING', 'semantic': 'given-name'}, {'name': 'cus_last', 'type': 'STRING', 'semantic': 'surname'}, {'name': 'cus_email', 'type': 'STRING', 'semantic': 'email'}, {'name': 'cus_phone', 'type': 'STRING', 'semantic': 'phone'}, {'name': 'cus_addr1', 'type': 'STRING', 'semantic': 'address'}, {'name': 'cus_city', 'type': 'STRING', 'semantic': 'city'}, {'name': 'cus_state', 'type': 'STRING', 'semantic': 'state'}, {'name': 'cus_zip', 'type': 'STRING', 'semantic': 'postal'}, {'name': 'cus_gender', 'type': 'STRING', 'semantic': 'gender'}, {'name': 'cus_birthdt', 'type': 'DATE', 'semantic': 'birthdate'}], 'skipped': False}, {'table_name': 'pos_customer', 'full_name': 'john_test.bronze.pos_customer', 'column_count': 13, 'pii_column_count': 11, 'has_pii': True, 'columns': [{'name': 'pos_id', 'type': 'STRING', 'semantic': None}, {'name': 'last_updated', 'type': 'TIMESTAMP', 'semantic': 'update-dt'}, {'name': 'fname', 'type': 'STRING', 'semantic': 'given-name'}, {'name': 'lname', 'type': 'STRING', 'semantic': 'surname'}, {'name': 'email', 'type': 'STRING', 'semantic': 'email'}, {'name': 'phone_nbr', 'type': 'STRING', 'semantic': 'phone'}, {'name': 'address_line_1', 'type': 'STRING', 'semantic': 'address'}, {'name': 'city', 'type': 'STRING', 'semantic': 'city'}, {'name': 'state', 'type': 'STRING', 'semantic': 'state'}, {'name': 'postal', 'type': 'STRING', 'semantic': 'postal'}, {'name': 'gender', 'type': 'STRING', 'semantic': 'gender'}, {'name': 'brand', 'type': 'STRING', 'semantic': None}, {'name': 'birth_date', 'type': 'DATE', 'semantic': 'birthdate'}], 'pii_columns': [{'name': 'last_updated', 'type': 'TIMESTAMP', 'semantic': 'update-dt'}, {'name': 'fname', 'type': 'STRING', 'semantic': 'given-name'}, {'name': 'lname', 'type': 'STRING', 'semantic': 'surname'}, {'name': 'email', 'type': 'STRING', 'semantic': 'email'}, {'name': 'phone_nbr', 'type': 'STRING', 'semantic': 'phone'}, {'name': 'address_line_1', 'type': 'STRING', 'semantic': 'address'}, {'name': 'city', 'type': 'STRING', 'semantic': 'city'}, {'name': 'state', 'type': 'STRING', 'semantic': 'state'}, {'name': 'postal', 'type': 'STRING', 'semantic': 'postal'}, {'name': 'gender', 'type': 'STRING', 'semantic': 'gender'}, {'name': 'birth_date', 'type': 'DATE', 'semantic': 'birthdate'}], 'skipped': False}], 'excluded_tables_count': 0}, 'interactive': True, 'awaiting_input': True}
2025-06-08 15:08:53,992 - DEBUG - Tool initiated interactive mode, stopping agent processing
2025-06-08 15:08:53,992 - DEBUG - Error sending metrics: Object of type ChatCompletionMessage is not JSON serializable
Traceback (most recent call last):
  File "/Users/johnrush/repos/chuck-data/chuck_data/metrics_collector.py", line 120, in send_metric
    payload_str = json.dumps(payload)
  File "/opt/homebrew/Cellar/python@3.13/3.13.2/Frameworks/Python.framework/Versions/3.13/lib/python3.13/json/__init__.py", line 231, in dumps
    return _default_encoder.encode(obj)
           ~~~~~~~~~~~~~~~~~~~~~~~^^^^^
  File "/opt/homebrew/Cellar/python@3.13/3.13.2/Frameworks/Python.framework/Versions/3.13/lib/python3.13/json/encoder.py", line 200, in encode
    chunks = self.iterencode(o, _one_shot=True)
  File "/opt/homebrew/Cellar/python@3.13/3.13.2/Frameworks/Python.framework/Versions/3.13/lib/python3.13/json/encoder.py", line 261, in iterencode
    return _iterencode(o, 0)
  File "/opt/homebrew/Cellar/python@3.13/3.13.2/Frameworks/Python.framework/Versions/3.13/lib/python3.13/json/encoder.py", line 180, in default
    raise TypeError(f'Object of type {o.__class__.__name__} '
                    f'is not JSON serializable')
TypeError: Object of type ChatCompletionMessage is not JSON serializable
2025-06-08 15:08:53,994 - DEBUG - Using selector: KqueueSelector
2025-06-08 15:09:11,384 - DEBUG - connect_tcp.started host='dbc-df998298-4c7e.cloud.databricks.com' port=443 local_address=None timeout=5.0 socket_options=None
2025-06-08 15:09:11,437 - DEBUG - connect_tcp.complete return_value=<httpcore._backends.sync.SyncStream object at 0x103ec8320>
2025-06-08 15:09:11,437 - DEBUG - start_tls.started ssl_context=<ssl.SSLContext object at 0x103e1e960> server_hostname='dbc-df998298-4c7e.cloud.databricks.com' timeout=5.0
2025-06-08 15:09:11,494 - DEBUG - start_tls.complete return_value=<httpcore._backends.sync.SyncStream object at 0x103ec8b90>
2025-06-08 15:09:11,494 - DEBUG - send_request_headers.started request=<Request [b'POST']>
2025-06-08 15:09:11,494 - DEBUG - send_request_headers.complete
2025-06-08 15:09:11,494 - DEBUG - send_request_body.started request=<Request [b'POST']>
2025-06-08 15:09:11,494 - DEBUG - send_request_body.complete
2025-06-08 15:09:11,494 - DEBUG - receive_response_headers.started request=<Request [b'POST']>
2025-06-08 15:09:14,438 - DEBUG - receive_response_headers.complete return_value=(b'HTTP/1.1', 200, b'OK', [(b'x-amzn-requestid', b'7a3ad013-67cc-4b0e-bf95-22626d457da7'), (b'x-amzn-bedrock-invocation-latency', b'2798'), (b'x-amzn-bedrock-output-token-count', b'122'), (b'x-amzn-bedrock-input-token-count', b'899'), (b'content-type', b'application/json'), (b'date', b'Sun, 8 Jun 2025 22:09:14 GMT'), (b'x-databricks-org-id', b'3416276235813320'), (b'x-request-id', b'498e9eab-1ac5-4013-9bbd-454574938cfd'), (b'content-encoding', b'gzip'), (b'vary', b'Accept-Encoding'), (b'strict-transport-security', b'max-age=31536000; includeSubDomains; preload'), (b'x-content-type-options', b'nosniff'), (b'server', b'databricks'), (b'transfer-encoding', b'chunked')])
2025-06-08 15:09:14,439 - DEBUG - receive_response_body.started request=<Request [b'POST']>
2025-06-08 15:09:14,439 - DEBUG - receive_response_body.complete
2025-06-08 15:09:14,439 - DEBUG - response_closed.started
2025-06-08 15:09:14,439 - DEBUG - response_closed.complete
2025-06-08 15:09:14,444 - DEBUG - Using selector: KqueueSelector
2025-06-08 15:09:17,558 - DEBUG - close.started
2025-06-08 15:09:17,558 - DEBUG - close.complete
2025-06-08 15:09:18,544 - DEBUG - POST request to: https://dbc-df998298-4c7e.cloud.databricks.com/api/2.0/sql/statements
2025-06-08 15:09:18,547 - DEBUG - Starting new HTTPS connection (1): dbc-df998298-4c7e.cloud.databricks.com:443
2025-06-08 15:09:26,971 - DEBUG - https://dbc-df998298-4c7e.cloud.databricks.com:443 "POST /api/2.0/sql/statements HTTP/1.1" 200 None
2025-06-08 15:09:26,974 - DEBUG - GET request to: https://dbc-df998298-4c7e.cloud.databricks.com/api/2.0/sql/statements/01f044b5-3934-1bfb-ac69-77452246a4dc
2025-06-08 15:09:26,975 - DEBUG - Starting new HTTPS connection (1): dbc-df998298-4c7e.cloud.databricks.com:443
2025-06-08 15:09:27,339 - DEBUG - https://dbc-df998298-4c7e.cloud.databricks.com:443 "GET /api/2.0/sql/statements/01f044b5-3934-1bfb-ac69-77452246a4dc HTTP/1.1" 200 None
2025-06-08 15:09:27,340 - DEBUG - POST request to: https://dbc-df998298-4c7e.cloud.databricks.com/api/2.0/sql/statements
2025-06-08 15:09:27,341 - DEBUG - Starting new HTTPS connection (1): dbc-df998298-4c7e.cloud.databricks.com:443
2025-06-08 15:09:28,010 - DEBUG - https://dbc-df998298-4c7e.cloud.databricks.com:443 "POST /api/2.0/sql/statements HTTP/1.1" 200 None
2025-06-08 15:09:28,011 - DEBUG - GET request to: https://dbc-df998298-4c7e.cloud.databricks.com/api/2.0/sql/statements/01f044b5-3e67-1c37-b878-60bc6c18135b
2025-06-08 15:09:28,011 - DEBUG - Starting new HTTPS connection (1): dbc-df998298-4c7e.cloud.databricks.com:443
2025-06-08 15:09:28,335 - DEBUG - https://dbc-df998298-4c7e.cloud.databricks.com:443 "GET /api/2.0/sql/statements/01f044b5-3e67-1c37-b878-60bc6c18135b HTTP/1.1" 200 None
2025-06-08 15:09:28,335 - DEBUG - POST request to: https://dbc-df998298-4c7e.cloud.databricks.com/api/2.0/sql/statements
2025-06-08 15:09:28,336 - DEBUG - Starting new HTTPS connection (1): dbc-df998298-4c7e.cloud.databricks.com:443
2025-06-08 15:09:28,960 - DEBUG - https://dbc-df998298-4c7e.cloud.databricks.com:443 "POST /api/2.0/sql/statements HTTP/1.1" 200 None
2025-06-08 15:09:28,961 - DEBUG - GET request to: https://dbc-df998298-4c7e.cloud.databricks.com/api/2.0/sql/statements/01f044b5-3efe-1644-85ec-525df738bf63
2025-06-08 15:09:28,962 - DEBUG - Starting new HTTPS connection (1): dbc-df998298-4c7e.cloud.databricks.com:443
2025-06-08 15:09:29,200 - DEBUG - https://dbc-df998298-4c7e.cloud.databricks.com:443 "GET /api/2.0/sql/statements/01f044b5-3efe-1644-85ec-525df738bf63 HTTP/1.1" 200 None
2025-06-08 15:09:29,200 - DEBUG - POST request to: https://dbc-df998298-4c7e.cloud.databricks.com/api/2.0/sql/statements
2025-06-08 15:09:29,201 - DEBUG - Starting new HTTPS connection (1): dbc-df998298-4c7e.cloud.databricks.com:443
2025-06-08 15:09:29,894 - DEBUG - https://dbc-df998298-4c7e.cloud.databricks.com:443 "POST /api/2.0/sql/statements HTTP/1.1" 200 None
2025-06-08 15:09:29,896 - DEBUG - GET request to: https://dbc-df998298-4c7e.cloud.databricks.com/api/2.0/sql/statements/01f044b5-3f86-15b9-a303-9d9bfd958926
2025-06-08 15:09:29,898 - DEBUG - Starting new HTTPS connection (1): dbc-df998298-4c7e.cloud.databricks.com:443
2025-06-08 15:09:30,207 - DEBUG - https://dbc-df998298-4c7e.cloud.databricks.com:443 "GET /api/2.0/sql/statements/01f044b5-3f86-15b9-a303-9d9bfd958926 HTTP/1.1" 200 None
2025-06-08 15:09:30,207 - DEBUG - POST request to: https://dbc-df998298-4c7e.cloud.databricks.com/api/2.0/sql/statements
2025-06-08 15:09:30,208 - DEBUG - Starting new HTTPS connection (1): dbc-df998298-4c7e.cloud.databricks.com:443
2025-06-08 15:09:30,962 - DEBUG - https://dbc-df998298-4c7e.cloud.databricks.com:443 "POST /api/2.0/sql/statements HTTP/1.1" 200 None
2025-06-08 15:09:30,964 - DEBUG - GET request to: https://dbc-df998298-4c7e.cloud.databricks.com/api/2.0/sql/statements/01f044b5-4021-184f-9cd8-2610df0567bc
2025-06-08 15:09:30,966 - DEBUG - Starting new HTTPS connection (1): dbc-df998298-4c7e.cloud.databricks.com:443
2025-06-08 15:09:31,277 - DEBUG - https://dbc-df998298-4c7e.cloud.databricks.com:443 "GET /api/2.0/sql/statements/01f044b5-4021-184f-9cd8-2610df0567bc HTTP/1.1" 200 None
2025-06-08 15:09:31,278 - DEBUG - POST request to: https://dbc-df998298-4c7e.cloud.databricks.com/api/2.0/sql/statements
2025-06-08 15:09:31,280 - DEBUG - Starting new HTTPS connection (1): dbc-df998298-4c7e.cloud.databricks.com:443
2025-06-08 15:09:31,982 - DEBUG - https://dbc-df998298-4c7e.cloud.databricks.com:443 "POST /api/2.0/sql/statements HTTP/1.1" 200 None
2025-06-08 15:09:31,983 - DEBUG - GET request to: https://dbc-df998298-4c7e.cloud.databricks.com/api/2.0/sql/statements/01f044b5-40c9-128a-97c6-430217c58f60
2025-06-08 15:09:31,985 - DEBUG - Starting new HTTPS connection (1): dbc-df998298-4c7e.cloud.databricks.com:443
2025-06-08 15:09:32,218 - DEBUG - https://dbc-df998298-4c7e.cloud.databricks.com:443 "GET /api/2.0/sql/statements/01f044b5-40c9-128a-97c6-430217c58f60 HTTP/1.1" 200 None
2025-06-08 15:09:32,220 - DEBUG - POST request to: https://dbc-df998298-4c7e.cloud.databricks.com/api/2.0/sql/statements
2025-06-08 15:09:32,221 - DEBUG - Starting new HTTPS connection (1): dbc-df998298-4c7e.cloud.databricks.com:443
2025-06-08 15:09:32,791 - DEBUG - https://dbc-df998298-4c7e.cloud.databricks.com:443 "POST /api/2.0/sql/statements HTTP/1.1" 200 None
2025-06-08 15:09:32,792 - DEBUG - GET request to: https://dbc-df998298-4c7e.cloud.databricks.com/api/2.0/sql/statements/01f044b5-414f-1191-8bff-7c84534cce67
2025-06-08 15:09:32,793 - DEBUG - Starting new HTTPS connection (1): dbc-df998298-4c7e.cloud.databricks.com:443
2025-06-08 15:09:33,092 - DEBUG - https://dbc-df998298-4c7e.cloud.databricks.com:443 "GET /api/2.0/sql/statements/01f044b5-414f-1191-8bff-7c84534cce67 HTTP/1.1" 200 None
2025-06-08 15:09:33,093 - DEBUG - POST request to: https://dbc-df998298-4c7e.cloud.databricks.com/api/2.0/sql/statements
2025-06-08 15:09:33,093 - DEBUG - Starting new HTTPS connection (1): dbc-df998298-4c7e.cloud.databricks.com:443
2025-06-08 15:09:33,672 - DEBUG - https://dbc-df998298-4c7e.cloud.databricks.com:443 "POST /api/2.0/sql/statements HTTP/1.1" 200 None
2025-06-08 15:09:33,672 - DEBUG - GET request to: https://dbc-df998298-4c7e.cloud.databricks.com/api/2.0/sql/statements/01f044b5-41d1-1d51-ae10-7f0bb5dfc2e6
2025-06-08 15:09:33,673 - DEBUG - Starting new HTTPS connection (1): dbc-df998298-4c7e.cloud.databricks.com:443
2025-06-08 15:09:33,887 - DEBUG - https://dbc-df998298-4c7e.cloud.databricks.com:443 "GET /api/2.0/sql/statements/01f044b5-41d1-1d51-ae10-7f0bb5dfc2e6 HTTP/1.1" 200 None
2025-06-08 15:09:33,887 - DEBUG - POST request to: https://dbc-df998298-4c7e.cloud.databricks.com/api/2.0/sql/statements
2025-06-08 15:09:33,888 - DEBUG - Starting new HTTPS connection (1): dbc-df998298-4c7e.cloud.databricks.com:443
2025-06-08 15:09:34,480 - DEBUG - https://dbc-df998298-4c7e.cloud.databricks.com:443 "POST /api/2.0/sql/statements HTTP/1.1" 200 None
2025-06-08 15:09:34,480 - DEBUG - GET request to: https://dbc-df998298-4c7e.cloud.databricks.com/api/2.0/sql/statements/01f044b5-424c-1c68-af29-72f978bcb64f
2025-06-08 15:09:34,481 - DEBUG - Starting new HTTPS connection (1): dbc-df998298-4c7e.cloud.databricks.com:443
2025-06-08 15:09:34,789 - DEBUG - https://dbc-df998298-4c7e.cloud.databricks.com:443 "GET /api/2.0/sql/statements/01f044b5-424c-1c68-af29-72f978bcb64f HTTP/1.1" 200 None
2025-06-08 15:09:34,790 - DEBUG - POST request to: https://dbc-df998298-4c7e.cloud.databricks.com/api/2.0/sql/statements
2025-06-08 15:09:34,792 - DEBUG - Starting new HTTPS connection (1): dbc-df998298-4c7e.cloud.databricks.com:443
2025-06-08 15:09:35,325 - DEBUG - https://dbc-df998298-4c7e.cloud.databricks.com:443 "POST /api/2.0/sql/statements HTTP/1.1" 200 None
2025-06-08 15:09:35,326 - DEBUG - GET request to: https://dbc-df998298-4c7e.cloud.databricks.com/api/2.0/sql/statements/01f044b5-42d6-14d1-9988-c605d685e7d1
2025-06-08 15:09:35,327 - DEBUG - Starting new HTTPS connection (1): dbc-df998298-4c7e.cloud.databricks.com:443
2025-06-08 15:09:35,553 - DEBUG - https://dbc-df998298-4c7e.cloud.databricks.com:443 "GET /api/2.0/sql/statements/01f044b5-42d6-14d1-9988-c605d685e7d1 HTTP/1.1" 200 None
2025-06-08 15:09:35,555 - DEBUG - POST request to: https://dbc-df998298-4c7e.cloud.databricks.com/api/2.0/sql/statements
2025-06-08 15:09:35,557 - DEBUG - Starting new HTTPS connection (1): dbc-df998298-4c7e.cloud.databricks.com:443
2025-06-08 15:09:36,182 - DEBUG - https://dbc-df998298-4c7e.cloud.databricks.com:443 "POST /api/2.0/sql/statements HTTP/1.1" 200 None
2025-06-08 15:09:36,184 - DEBUG - GET request to: https://dbc-df998298-4c7e.cloud.databricks.com/api/2.0/sql/statements/01f044b5-434e-1acb-a846-fef39f965a53
2025-06-08 15:09:36,187 - DEBUG - Starting new HTTPS connection (1): dbc-df998298-4c7e.cloud.databricks.com:443
2025-06-08 15:09:36,477 - DEBUG - https://dbc-df998298-4c7e.cloud.databricks.com:443 "GET /api/2.0/sql/statements/01f044b5-434e-1acb-a846-fef39f965a53 HTTP/1.1" 200 None
2025-06-08 15:09:36,479 - DEBUG - POST request to: https://dbc-df998298-4c7e.cloud.databricks.com/api/2.0/sql/statements
2025-06-08 15:09:36,480 - DEBUG - Starting new HTTPS connection (1): dbc-df998298-4c7e.cloud.databricks.com:443
2025-06-08 15:09:37,096 - DEBUG - https://dbc-df998298-4c7e.cloud.databricks.com:443 "POST /api/2.0/sql/statements HTTP/1.1" 200 None
2025-06-08 15:09:37,098 - DEBUG - GET request to: https://dbc-df998298-4c7e.cloud.databricks.com/api/2.0/sql/statements/01f044b5-43da-1578-b4f5-625cc8bb08bd
2025-06-08 15:09:37,100 - DEBUG - Starting new HTTPS connection (1): dbc-df998298-4c7e.cloud.databricks.com:443
2025-06-08 15:09:37,364 - DEBUG - https://dbc-df998298-4c7e.cloud.databricks.com:443 "GET /api/2.0/sql/statements/01f044b5-43da-1578-b4f5-625cc8bb08bd HTTP/1.1" 200 None
2025-06-08 15:09:37,364 - DEBUG - POST request to: https://dbc-df998298-4c7e.cloud.databricks.com/api/2.0/sql/statements
2025-06-08 15:09:37,365 - DEBUG - Starting new HTTPS connection (1): dbc-df998298-4c7e.cloud.databricks.com:443
2025-06-08 15:09:37,954 - DEBUG - https://dbc-df998298-4c7e.cloud.databricks.com:443 "POST /api/2.0/sql/statements HTTP/1.1" 200 None
2025-06-08 15:09:37,955 - DEBUG - GET request to: https://dbc-df998298-4c7e.cloud.databricks.com/api/2.0/sql/statements/01f044b5-445f-1aa3-809c-96dcc592fcbc
2025-06-08 15:09:37,956 - DEBUG - Starting new HTTPS connection (1): dbc-df998298-4c7e.cloud.databricks.com:443
2025-06-08 15:09:38,186 - DEBUG - https://dbc-df998298-4c7e.cloud.databricks.com:443 "GET /api/2.0/sql/statements/01f044b5-445f-1aa3-809c-96dcc592fcbc HTTP/1.1" 200 None
2025-06-08 15:09:38,186 - DEBUG - POST request to: https://dbc-df998298-4c7e.cloud.databricks.com/api/2.0/sql/statements
2025-06-08 15:09:38,187 - DEBUG - Starting new HTTPS connection (1): dbc-df998298-4c7e.cloud.databricks.com:443
2025-06-08 15:09:38,691 - DEBUG - https://dbc-df998298-4c7e.cloud.databricks.com:443 "POST /api/2.0/sql/statements HTTP/1.1" 200 None
2025-06-08 15:09:38,692 - DEBUG - GET request to: https://dbc-df998298-4c7e.cloud.databricks.com/api/2.0/sql/statements/01f044b5-44dc-1438-b55b-8bd685e48e0d
2025-06-08 15:09:38,692 - DEBUG - Starting new HTTPS connection (1): dbc-df998298-4c7e.cloud.databricks.com:443
2025-06-08 15:09:38,918 - DEBUG - https://dbc-df998298-4c7e.cloud.databricks.com:443 "GET /api/2.0/sql/statements/01f044b5-44dc-1438-b55b-8bd685e48e0d HTTP/1.1" 200 None
2025-06-08 15:09:38,919 - DEBUG - POST request to: https://dbc-df998298-4c7e.cloud.databricks.com/api/2.0/sql/statements
2025-06-08 15:09:38,920 - DEBUG - Starting new HTTPS connection (1): dbc-df998298-4c7e.cloud.databricks.com:443
2025-06-08 15:09:39,548 - DEBUG - https://dbc-df998298-4c7e.cloud.databricks.com:443 "POST /api/2.0/sql/statements HTTP/1.1" 200 None
2025-06-08 15:09:39,549 - DEBUG - GET request to: https://dbc-df998298-4c7e.cloud.databricks.com/api/2.0/sql/statements/01f044b5-4551-1034-8413-5fce8673852b
2025-06-08 15:09:39,550 - DEBUG - Starting new HTTPS connection (1): dbc-df998298-4c7e.cloud.databricks.com:443
2025-06-08 15:09:39,762 - DEBUG - https://dbc-df998298-4c7e.cloud.databricks.com:443 "GET /api/2.0/sql/statements/01f044b5-4551-1034-8413-5fce8673852b HTTP/1.1" 200 None
2025-06-08 15:09:39,763 - DEBUG - POST request to: https://dbc-df998298-4c7e.cloud.databricks.com/api/2.0/sql/statements
2025-06-08 15:09:39,765 - DEBUG - Starting new HTTPS connection (1): dbc-df998298-4c7e.cloud.databricks.com:443
2025-06-08 15:09:40,339 - DEBUG - https://dbc-df998298-4c7e.cloud.databricks.com:443 "POST /api/2.0/sql/statements HTTP/1.1" 200 None
2025-06-08 15:09:40,340 - DEBUG - GET request to: https://dbc-df998298-4c7e.cloud.databricks.com/api/2.0/sql/statements/01f044b5-45ce-1082-843f-16d0fd655efb
2025-06-08 15:09:40,341 - DEBUG - Starting new HTTPS connection (1): dbc-df998298-4c7e.cloud.databricks.com:443
2025-06-08 15:09:40,576 - DEBUG - https://dbc-df998298-4c7e.cloud.databricks.com:443 "GET /api/2.0/sql/statements/01f044b5-45ce-1082-843f-16d0fd655efb HTTP/1.1" 200 None
2025-06-08 15:09:40,577 - DEBUG - POST request to: https://dbc-df998298-4c7e.cloud.databricks.com/api/2.0/sql/statements
2025-06-08 15:09:40,579 - DEBUG - Starting new HTTPS connection (1): dbc-df998298-4c7e.cloud.databricks.com:443
2025-06-08 15:09:41,163 - DEBUG - https://dbc-df998298-4c7e.cloud.databricks.com:443 "POST /api/2.0/sql/statements HTTP/1.1" 200 None
2025-06-08 15:09:41,163 - DEBUG - GET request to: https://dbc-df998298-4c7e.cloud.databricks.com/api/2.0/sql/statements/01f044b5-4648-1a48-9e0f-26cc0c6f9aed
2025-06-08 15:09:41,164 - DEBUG - Starting new HTTPS connection (1): dbc-df998298-4c7e.cloud.databricks.com:443
2025-06-08 15:09:41,439 - DEBUG - https://dbc-df998298-4c7e.cloud.databricks.com:443 "GET /api/2.0/sql/statements/01f044b5-4648-1a48-9e0f-26cc0c6f9aed HTTP/1.1" 200 None
2025-06-08 15:09:41,440 - DEBUG - POST request to: https://dbc-df998298-4c7e.cloud.databricks.com/api/2.0/sql/statements
2025-06-08 15:09:41,440 - DEBUG - Starting new HTTPS connection (1): dbc-df998298-4c7e.cloud.databricks.com:443
2025-06-08 15:09:41,967 - DEBUG - https://dbc-df998298-4c7e.cloud.databricks.com:443 "POST /api/2.0/sql/statements HTTP/1.1" 200 None
2025-06-08 15:09:41,969 - DEBUG - GET request to: https://dbc-df998298-4c7e.cloud.databricks.com/api/2.0/sql/statements/01f044b5-46cb-1642-9a00-2061a8a07a3a
2025-06-08 15:09:41,971 - DEBUG - Starting new HTTPS connection (1): dbc-df998298-4c7e.cloud.databricks.com:443
2025-06-08 15:09:42,193 - DEBUG - https://dbc-df998298-4c7e.cloud.databricks.com:443 "GET /api/2.0/sql/statements/01f044b5-46cb-1642-9a00-2061a8a07a3a HTTP/1.1" 200 None
2025-06-08 15:09:42,193 - DEBUG - POST request to: https://dbc-df998298-4c7e.cloud.databricks.com/api/2.0/sql/statements
2025-06-08 15:09:42,195 - DEBUG - Starting new HTTPS connection (1): dbc-df998298-4c7e.cloud.databricks.com:443
2025-06-08 15:09:42,756 - DEBUG - https://dbc-df998298-4c7e.cloud.databricks.com:443 "POST /api/2.0/sql/statements HTTP/1.1" 200 None
2025-06-08 15:09:42,758 - DEBUG - GET request to: https://dbc-df998298-4c7e.cloud.databricks.com/api/2.0/sql/statements/01f044b5-4740-1cb0-a29c-73a806ecec0b
2025-06-08 15:09:42,760 - DEBUG - Starting new HTTPS connection (1): dbc-df998298-4c7e.cloud.databricks.com:443
2025-06-08 15:09:43,001 - DEBUG - https://dbc-df998298-4c7e.cloud.databricks.com:443 "GET /api/2.0/sql/statements/01f044b5-4740-1cb0-a29c-73a806ecec0b HTTP/1.1" 200 None
2025-06-08 15:09:43,002 - DEBUG - POST request to: https://dbc-df998298-4c7e.cloud.databricks.com/api/2.0/sql/statements
2025-06-08 15:09:43,004 - DEBUG - Starting new HTTPS connection (1): dbc-df998298-4c7e.cloud.databricks.com:443
2025-06-08 15:09:43,561 - DEBUG - https://dbc-df998298-4c7e.cloud.databricks.com:443 "POST /api/2.0/sql/statements HTTP/1.1" 200 None
2025-06-08 15:09:43,561 - DEBUG - GET request to: https://dbc-df998298-4c7e.cloud.databricks.com/api/2.0/sql/statements/01f044b5-47bb-1443-9517-3bfc463f58c1
2025-06-08 15:09:43,563 - DEBUG - Starting new HTTPS connection (1): dbc-df998298-4c7e.cloud.databricks.com:443
2025-06-08 15:09:43,839 - DEBUG - https://dbc-df998298-4c7e.cloud.databricks.com:443 "GET /api/2.0/sql/statements/01f044b5-47bb-1443-9517-3bfc463f58c1 HTTP/1.1" 200 None
2025-06-08 15:09:43,839 - DEBUG - POST request to: https://dbc-df998298-4c7e.cloud.databricks.com/api/2.0/sql/statements
2025-06-08 15:09:43,840 - DEBUG - Starting new HTTPS connection (1): dbc-df998298-4c7e.cloud.databricks.com:443
2025-06-08 15:09:44,410 - DEBUG - https://dbc-df998298-4c7e.cloud.databricks.com:443 "POST /api/2.0/sql/statements HTTP/1.1" 200 None
2025-06-08 15:09:44,410 - DEBUG - GET request to: https://dbc-df998298-4c7e.cloud.databricks.com/api/2.0/sql/statements/01f044b5-483a-1505-b222-525e14e9c813
2025-06-08 15:09:44,411 - DEBUG - Starting new HTTPS connection (1): dbc-df998298-4c7e.cloud.databricks.com:443
2025-06-08 15:09:44,645 - DEBUG - https://dbc-df998298-4c7e.cloud.databricks.com:443 "GET /api/2.0/sql/statements/01f044b5-483a-1505-b222-525e14e9c813 HTTP/1.1" 200 None
2025-06-08 15:09:44,645 - DEBUG - POST request to: https://dbc-df998298-4c7e.cloud.databricks.com/api/2.0/sql/statements
2025-06-08 15:09:44,646 - DEBUG - Starting new HTTPS connection (1): dbc-df998298-4c7e.cloud.databricks.com:443
2025-06-08 15:09:45,230 - DEBUG - https://dbc-df998298-4c7e.cloud.databricks.com:443 "POST /api/2.0/sql/statements HTTP/1.1" 200 None
2025-06-08 15:09:45,231 - DEBUG - GET request to: https://dbc-df998298-4c7e.cloud.databricks.com/api/2.0/sql/statements/01f044b5-48b4-1792-a60d-97ccea0f9ea9
2025-06-08 15:09:45,233 - DEBUG - Starting new HTTPS connection (1): dbc-df998298-4c7e.cloud.databricks.com:443
2025-06-08 15:09:45,460 - DEBUG - https://dbc-df998298-4c7e.cloud.databricks.com:443 "GET /api/2.0/sql/statements/01f044b5-48b4-1792-a60d-97ccea0f9ea9 HTTP/1.1" 200 None
2025-06-08 15:09:45,462 - DEBUG - POST request to: https://dbc-df998298-4c7e.cloud.databricks.com/api/2.0/sql/statements
2025-06-08 15:09:45,464 - DEBUG - Starting new HTTPS connection (1): dbc-df998298-4c7e.cloud.databricks.com:443
2025-06-08 15:09:46,012 - DEBUG - https://dbc-df998298-4c7e.cloud.databricks.com:443 "POST /api/2.0/sql/statements HTTP/1.1" 200 None
2025-06-08 15:09:46,014 - DEBUG - GET request to: https://dbc-df998298-4c7e.cloud.databricks.com/api/2.0/sql/statements/01f044b5-4931-1d6f-91b1-87deb62a9ac3
2025-06-08 15:09:46,015 - DEBUG - Starting new HTTPS connection (1): dbc-df998298-4c7e.cloud.databricks.com:443
2025-06-08 15:09:46,254 - DEBUG - https://dbc-df998298-4c7e.cloud.databricks.com:443 "GET /api/2.0/sql/statements/01f044b5-4931-1d6f-91b1-87deb62a9ac3 HTTP/1.1" 200 None
2025-06-08 15:09:46,255 - DEBUG - POST request to: https://dbc-df998298-4c7e.cloud.databricks.com/api/2.0/sql/statements
2025-06-08 15:09:46,257 - DEBUG - Starting new HTTPS connection (1): dbc-df998298-4c7e.cloud.databricks.com:443
2025-06-08 15:09:46,832 - DEBUG - https://dbc-df998298-4c7e.cloud.databricks.com:443 "POST /api/2.0/sql/statements HTTP/1.1" 200 None
2025-06-08 15:09:46,833 - DEBUG - GET request to: https://dbc-df998298-4c7e.cloud.databricks.com/api/2.0/sql/statements/01f044b5-49ad-159d-be29-a444a7d32cce
2025-06-08 15:09:46,834 - DEBUG - Starting new HTTPS connection (1): dbc-df998298-4c7e.cloud.databricks.com:443
2025-06-08 15:09:47,064 - DEBUG - https://dbc-df998298-4c7e.cloud.databricks.com:443 "GET /api/2.0/sql/statements/01f044b5-49ad-159d-be29-a444a7d32cce HTTP/1.1" 200 None
2025-06-08 15:09:47,065 - DEBUG - POST request to: https://dbc-df998298-4c7e.cloud.databricks.com/api/2.0/sql/statements
2025-06-08 15:09:47,067 - DEBUG - Starting new HTTPS connection (1): dbc-df998298-4c7e.cloud.databricks.com:443
2025-06-08 15:09:47,674 - DEBUG - https://dbc-df998298-4c7e.cloud.databricks.com:443 "POST /api/2.0/sql/statements HTTP/1.1" 200 None
2025-06-08 15:09:47,675 - DEBUG - GET request to: https://dbc-df998298-4c7e.cloud.databricks.com/api/2.0/sql/statements/01f044b5-4a29-157c-81f4-adcb101b11c0
2025-06-08 15:09:47,677 - DEBUG - Starting new HTTPS connection (1): dbc-df998298-4c7e.cloud.databricks.com:443
2025-06-08 15:09:47,911 - DEBUG - https://dbc-df998298-4c7e.cloud.databricks.com:443 "GET /api/2.0/sql/statements/01f044b5-4a29-157c-81f4-adcb101b11c0 HTTP/1.1" 200 None
2025-06-08 15:09:47,911 - DEBUG - POST request to: https://dbc-df998298-4c7e.cloud.databricks.com/api/2.0/sql/statements
2025-06-08 15:09:47,912 - DEBUG - Starting new HTTPS connection (1): dbc-df998298-4c7e.cloud.databricks.com:443
2025-06-08 15:09:48,495 - DEBUG - https://dbc-df998298-4c7e.cloud.databricks.com:443 "POST /api/2.0/sql/statements HTTP/1.1" 200 None
2025-06-08 15:09:48,496 - DEBUG - GET request to: https://dbc-df998298-4c7e.cloud.databricks.com/api/2.0/sql/statements/01f044b5-4aa7-1102-bb31-762ad20ced4a
2025-06-08 15:09:48,497 - DEBUG - Starting new HTTPS connection (1): dbc-df998298-4c7e.cloud.databricks.com:443
2025-06-08 15:09:48,711 - DEBUG - https://dbc-df998298-4c7e.cloud.databricks.com:443 "GET /api/2.0/sql/statements/01f044b5-4aa7-1102-bb31-762ad20ced4a HTTP/1.1" 200 None
2025-06-08 15:09:48,713 - DEBUG - POST request to: https://dbc-df998298-4c7e.cloud.databricks.com/api/2.0/sql/statements
2025-06-08 15:09:48,715 - DEBUG - Starting new HTTPS connection (1): dbc-df998298-4c7e.cloud.databricks.com:443
2025-06-08 15:09:49,254 - DEBUG - https://dbc-df998298-4c7e.cloud.databricks.com:443 "POST /api/2.0/sql/statements HTTP/1.1" 200 None
2025-06-08 15:09:49,255 - DEBUG - GET request to: https://dbc-df998298-4c7e.cloud.databricks.com/api/2.0/sql/statements/01f044b5-4b21-1a8e-9fa5-e9239fbb8ef3
2025-06-08 15:09:49,257 - DEBUG - Starting new HTTPS connection (1): dbc-df998298-4c7e.cloud.databricks.com:443
2025-06-08 15:09:49,556 - DEBUG - https://dbc-df998298-4c7e.cloud.databricks.com:443 "GET /api/2.0/sql/statements/01f044b5-4b21-1a8e-9fa5-e9239fbb8ef3 HTTP/1.1" 200 None
2025-06-08 15:09:49,556 - DEBUG - POST request to: https://dbc-df998298-4c7e.cloud.databricks.com/api/2.0/sql/statements
2025-06-08 15:09:49,557 - DEBUG - Starting new HTTPS connection (1): dbc-df998298-4c7e.cloud.databricks.com:443
2025-06-08 15:09:50,064 - DEBUG - https://dbc-df998298-4c7e.cloud.databricks.com:443 "POST /api/2.0/sql/statements HTTP/1.1" 200 None
2025-06-08 15:09:50,066 - DEBUG - GET request to: https://dbc-df998298-4c7e.cloud.databricks.com/api/2.0/sql/statements/01f044b5-4ba3-1183-b14b-9b12c3749c28
2025-06-08 15:09:50,068 - DEBUG - Starting new HTTPS connection (1): dbc-df998298-4c7e.cloud.databricks.com:443
2025-06-08 15:09:50,274 - DEBUG - https://dbc-df998298-4c7e.cloud.databricks.com:443 "GET /api/2.0/sql/statements/01f044b5-4ba3-1183-b14b-9b12c3749c28 HTTP/1.1" 200 None
2025-06-08 15:09:50,275 - DEBUG - POST request to: https://dbc-df998298-4c7e.cloud.databricks.com/api/2.0/sql/statements
2025-06-08 15:09:50,276 - DEBUG - Starting new HTTPS connection (1): dbc-df998298-4c7e.cloud.databricks.com:443
2025-06-08 15:09:50,839 - DEBUG - https://dbc-df998298-4c7e.cloud.databricks.com:443 "POST /api/2.0/sql/statements HTTP/1.1" 200 None
2025-06-08 15:09:50,839 - DEBUG - GET request to: https://dbc-df998298-4c7e.cloud.databricks.com/api/2.0/sql/statements/01f044b5-4c10-1827-bf2b-e757fdb5336b
2025-06-08 15:09:50,840 - DEBUG - Starting new HTTPS connection (1): dbc-df998298-4c7e.cloud.databricks.com:443
2025-06-08 15:09:51,073 - DEBUG - https://dbc-df998298-4c7e.cloud.databricks.com:443 "GET /api/2.0/sql/statements/01f044b5-4c10-1827-bf2b-e757fdb5336b HTTP/1.1" 200 None
2025-06-08 15:09:51,075 - DEBUG - POST request to: https://dbc-df998298-4c7e.cloud.databricks.com/api/2.0/sql/statements
2025-06-08 15:09:51,076 - DEBUG - Starting new HTTPS connection (1): dbc-df998298-4c7e.cloud.databricks.com:443
2025-06-08 15:09:51,569 - DEBUG - https://dbc-df998298-4c7e.cloud.databricks.com:443 "POST /api/2.0/sql/statements HTTP/1.1" 200 None
2025-06-08 15:09:51,570 - DEBUG - GET request to: https://dbc-df998298-4c7e.cloud.databricks.com/api/2.0/sql/statements/01f044b5-4c8b-1139-ae57-f88eb7315da2
2025-06-08 15:09:51,571 - DEBUG - Starting new HTTPS connection (1): dbc-df998298-4c7e.cloud.databricks.com:443
2025-06-08 15:09:51,812 - DEBUG - https://dbc-df998298-4c7e.cloud.databricks.com:443 "GET /api/2.0/sql/statements/01f044b5-4c8b-1139-ae57-f88eb7315da2 HTTP/1.1" 200 None
2025-06-08 15:09:51,813 - DEBUG - POST request to: https://dbc-df998298-4c7e.cloud.databricks.com/api/2.0/sql/statements
2025-06-08 15:09:51,814 - DEBUG - Starting new HTTPS connection (1): dbc-df998298-4c7e.cloud.databricks.com:443
2025-06-08 15:09:52,345 - DEBUG - https://dbc-df998298-4c7e.cloud.databricks.com:443 "POST /api/2.0/sql/statements HTTP/1.1" 200 None
2025-06-08 15:09:52,345 - DEBUG - GET request to: https://dbc-df998298-4c7e.cloud.databricks.com/api/2.0/sql/statements/01f044b5-4cff-1ca1-a363-be580e93cdde
2025-06-08 15:09:52,346 - DEBUG - Starting new HTTPS connection (1): dbc-df998298-4c7e.cloud.databricks.com:443
2025-06-08 15:09:52,577 - DEBUG - https://dbc-df998298-4c7e.cloud.databricks.com:443 "GET /api/2.0/sql/statements/01f044b5-4cff-1ca1-a363-be580e93cdde HTTP/1.1" 200 None
2025-06-08 15:09:52,578 - DEBUG - POST request to: https://dbc-df998298-4c7e.cloud.databricks.com/api/2.0/sql/statements
2025-06-08 15:09:52,579 - DEBUG - Starting new HTTPS connection (1): dbc-df998298-4c7e.cloud.databricks.com:443
2025-06-08 15:09:53,165 - DEBUG - https://dbc-df998298-4c7e.cloud.databricks.com:443 "POST /api/2.0/sql/statements HTTP/1.1" 200 None
2025-06-08 15:09:53,167 - DEBUG - GET request to: https://dbc-df998298-4c7e.cloud.databricks.com/api/2.0/sql/statements/01f044b5-4d6f-139a-bd61-105dbba30bf9
2025-06-08 15:09:53,169 - DEBUG - Starting new HTTPS connection (1): dbc-df998298-4c7e.cloud.databricks.com:443
2025-06-08 15:09:53,401 - DEBUG - https://dbc-df998298-4c7e.cloud.databricks.com:443 "GET /api/2.0/sql/statements/01f044b5-4d6f-139a-bd61-105dbba30bf9 HTTP/1.1" 200 None
2025-06-08 15:09:53,401 - DEBUG - POST request to: https://dbc-df998298-4c7e.cloud.databricks.com/api/2.0/sql/statements
2025-06-08 15:09:53,402 - DEBUG - Starting new HTTPS connection (1): dbc-df998298-4c7e.cloud.databricks.com:443
2025-06-08 15:09:53,945 - DEBUG - https://dbc-df998298-4c7e.cloud.databricks.com:443 "POST /api/2.0/sql/statements HTTP/1.1" 200 None
2025-06-08 15:09:53,945 - DEBUG - GET request to: https://dbc-df998298-4c7e.cloud.databricks.com/api/2.0/sql/statements/01f044b5-4ded-1078-8769-317113f97b23
2025-06-08 15:09:53,946 - DEBUG - Starting new HTTPS connection (1): dbc-df998298-4c7e.cloud.databricks.com:443
2025-06-08 15:09:54,170 - DEBUG - https://dbc-df998298-4c7e.cloud.databricks.com:443 "GET /api/2.0/sql/statements/01f044b5-4ded-1078-8769-317113f97b23 HTTP/1.1" 200 None
2025-06-08 15:09:54,171 - DEBUG - Using selector: KqueueSelector
2025-06-08 15:14:02,513 - DEBUG - Using selector: KqueueSelector
2025-06-08 15:14:02,777 - DEBUG - close.started
2025-06-08 15:14:02,778 - DEBUG - close.complete
2025-06-08 15:14:02,778 - DEBUG - close.started
2025-06-08 15:14:02,778 - DEBUG - close.complete
2025-06-08 15:14:02,778 - DEBUG - close.started
2025-06-08 15:14:02,778 - DEBUG - close.complete
2025-06-08 15:14:02,778 - DEBUG - close.started
2025-06-08 15:14:02,779 - DEBUG - close.complete
2025-06-08 15:14:02,779 - DEBUG - close.started
2025-06-08 15:14:02,779 - DEBUG - close.complete
