2025-06-04 12:38:57,508 - DEBUG - Logging initialized. Writing to /Users/johnrush/repos/clamp-internal/log/sessions/2025-06-04_12-38-57.log
2025-06-04 12:38:57,508 - DEBUG - Loaded configuration from /Users/johnrush/.chuck_config.json
2025-06-04 12:38:57,515 - DEBUG - Using selector: KqueueSelector
2025-06-04 12:38:58,669 - DEBUG - connect_tcp.started host='dbc-df998298-4c7e.cloud.databricks.com' port=443 local_address=None timeout=5.0 socket_options=None
2025-06-04 12:38:58,693 - DEBUG - connect_tcp.complete return_value=<httpcore._backends.sync.SyncStream object at 0x1065796a0>
2025-06-04 12:38:58,693 - DEBUG - start_tls.started ssl_context=<ssl.SSLContext object at 0x1064e3b60> server_hostname='dbc-df998298-4c7e.cloud.databricks.com' timeout=5.0
2025-06-04 12:38:58,742 - DEBUG - start_tls.complete return_value=<httpcore._backends.sync.SyncStream object at 0x106588690>
2025-06-04 12:38:58,742 - DEBUG - send_request_headers.started request=<Request [b'POST']>
2025-06-04 12:38:58,742 - DEBUG - send_request_headers.complete
2025-06-04 12:38:58,742 - DEBUG - send_request_body.started request=<Request [b'POST']>
2025-06-04 12:38:58,742 - DEBUG - send_request_body.complete
2025-06-04 12:38:58,742 - DEBUG - receive_response_headers.started request=<Request [b'POST']>
2025-06-04 12:39:11,249 - DEBUG - receive_response_headers.complete return_value=(b'HTTP/1.1', 200, b'OK', [(b'x-amzn-requestid', b'b0c6dd4d-dabf-4ef5-9449-7a0620f9bdc9'), (b'x-amzn-bedrock-invocation-latency', b'12406'), (b'x-amzn-bedrock-output-token-count', b'88'), (b'x-amzn-bedrock-input-token-count', b'4158'), (b'content-type', b'application/json'), (b'date', b'Wed, 4 Jun 2025 19:39:11 GMT'), (b'x-databricks-org-id', b'3416276235813320'), (b'x-request-id', b'4ac4d78d-f14c-4089-b38f-d9614e3d00e2'), (b'content-encoding', b'gzip'), (b'vary', b'Accept-Encoding'), (b'strict-transport-security', b'max-age=31536000; includeSubDomains; preload'), (b'x-content-type-options', b'nosniff'), (b'server', b'databricks'), (b'transfer-encoding', b'chunked')])
2025-06-04 12:39:11,251 - DEBUG - receive_response_body.started request=<Request [b'POST']>
2025-06-04 12:39:11,251 - DEBUG - receive_response_body.complete
2025-06-04 12:39:11,251 - DEBUG - response_closed.started
2025-06-04 12:39:11,251 - DEBUG - response_closed.complete
2025-06-04 12:39:11,255 - DEBUG - Agent attempting to execute tool: list-schemas with args: {'catalog_name': 'amperity_marketplace'}
2025-06-04 12:39:11,256 - DEBUG - Tool arguments for 'list-schemas' validated successfully.
2025-06-04 12:39:11,256 - DEBUG - Executing agent tool 'list-schemas' with handler: handle_command
2025-06-04 12:39:11,256 - DEBUG - GET request with params to: https://dbc-df998298-4c7e.cloud.databricks.com/api/2.1/unity-catalog/schemas
2025-06-04 12:39:11,260 - DEBUG - Starting new HTTPS connection (1): dbc-df998298-4c7e.cloud.databricks.com:443
2025-06-04 12:39:11,453 - DEBUG - https://dbc-df998298-4c7e.cloud.databricks.com:443 "GET /api/2.1/unity-catalog/schemas?catalog_name=amperity_marketplace HTTP/1.1" 200 None
2025-06-04 12:39:11,455 - DEBUG - Tool 'list-schemas' executed successfully. Data: {'schemas': [{'name': 'bronze', 'full_name': 'amperity_marketplace.bronze', 'catalog_name': 'amperity_marketplace', 'comment': 'Example bronze datasets', 'created_at': 1705447103818, 'created_by': 'caleb@amperity.com', 'owner': 'caleb@amperity.com'}, {'name': 'default', 'full_name': 'amperity_marketplace.default', 'catalog_name': 'amperity_marketplace', 'comment': 'Example gold datasets', 'created_at': 1705443380217, 'created_by': 'caleb@amperity.com', 'owner': 'caleb@amperity.com'}, {'name': 'idraccelerator', 'full_name': 'amperity_marketplace.idraccelerator', 'catalog_name': 'amperity_marketplace', 'comment': '', 'created_at': 1719245397123, 'created_by': 'christian.saffici@amperity.com', 'owner': 'christian.saffici@amperity.com'}, {'name': 'information_schema', 'full_name': 'amperity_marketplace.information_schema', 'catalog_name': 'amperity_marketplace', 'comment': 'Information schema (auto-created)', 'created_at': 1705443380219, 'created_by': 'System user', 'owner': 'System user'}, {'name': 'silver', 'full_name': 'amperity_marketplace.silver', 'catalog_name': 'amperity_marketplace', 'comment': 'Example silver datasets', 'created_at': 1705446630307, 'created_by': 'caleb@amperity.com', 'owner': 'caleb@amperity.com'}, {'name': 'solution_accelerator', 'full_name': 'amperity_marketplace.solution_accelerator', 'catalog_name': 'amperity_marketplace', 'comment': '', 'created_at': 1739216178991, 'created_by': 'allyson.hepp@amperity.com', 'owner': 'allyson.hepp@amperity.com'}, {'name': 'stitch_outputs', 'full_name': 'amperity_marketplace.stitch_outputs', 'catalog_name': 'amperity_marketplace', 'comment': '', 'created_at': 1747693346496, 'created_by': 'caleb@amperity.com', 'owner': 'caleb@amperity.com'}], 'total_count': 7, 'catalog_name': 'amperity_marketplace', 'next_page_token': None}
2025-06-04 12:39:11,480 - DEBUG - connect_tcp.started host='dbc-df998298-4c7e.cloud.databricks.com' port=443 local_address=None timeout=5.0 socket_options=None
2025-06-04 12:39:11,505 - DEBUG - connect_tcp.complete return_value=<httpcore._backends.sync.SyncStream object at 0x1065b6210>
2025-06-04 12:39:11,505 - DEBUG - start_tls.started ssl_context=<ssl.SSLContext object at 0x106558560> server_hostname='dbc-df998298-4c7e.cloud.databricks.com' timeout=5.0
2025-06-04 12:39:11,555 - DEBUG - start_tls.complete return_value=<httpcore._backends.sync.SyncStream object at 0x1065cc050>
2025-06-04 12:39:11,555 - DEBUG - send_request_headers.started request=<Request [b'POST']>
2025-06-04 12:39:11,555 - DEBUG - send_request_headers.complete
2025-06-04 12:39:11,555 - DEBUG - send_request_body.started request=<Request [b'POST']>
2025-06-04 12:39:11,555 - DEBUG - send_request_body.complete
2025-06-04 12:39:11,556 - DEBUG - receive_response_headers.started request=<Request [b'POST']>
2025-06-04 12:39:18,706 - DEBUG - receive_response_headers.complete return_value=(b'HTTP/1.1', 200, b'OK', [(b'x-amzn-requestid', b'26efbd2b-c516-44e4-ae35-e55c53897e87'), (b'x-amzn-bedrock-invocation-latency', b'7072'), (b'x-amzn-bedrock-output-token-count', b'90'), (b'x-amzn-bedrock-input-token-count', b'4873'), (b'content-type', b'application/json'), (b'date', b'Wed, 4 Jun 2025 19:39:18 GMT'), (b'x-databricks-org-id', b'3416276235813320'), (b'x-request-id', b'1c96c2c7-d5d3-49ad-8aa7-bd92933625c0'), (b'content-encoding', b'gzip'), (b'vary', b'Accept-Encoding'), (b'strict-transport-security', b'max-age=31536000; includeSubDomains; preload'), (b'x-content-type-options', b'nosniff'), (b'server', b'databricks'), (b'transfer-encoding', b'chunked')])
2025-06-04 12:39:18,707 - DEBUG - receive_response_body.started request=<Request [b'POST']>
2025-06-04 12:39:18,707 - DEBUG - receive_response_body.complete
2025-06-04 12:39:18,708 - DEBUG - response_closed.started
2025-06-04 12:39:18,708 - DEBUG - response_closed.complete
2025-06-04 12:39:18,709 - DEBUG - Agent attempting to execute tool: set-schema with args: {'schema_name': 'bronze'}
2025-06-04 12:39:18,710 - DEBUG - Tool arguments for 'set-schema' validated successfully.
2025-06-04 12:39:18,711 - DEBUG - Executing agent tool 'set-schema' with handler: handle_command
2025-06-04 12:39:18,711 - DEBUG - GET request to: https://dbc-df998298-4c7e.cloud.databricks.com/api/2.1/unity-catalog/schemas/amperity_marketplace.bronze
2025-06-04 12:39:18,718 - DEBUG - Starting new HTTPS connection (1): dbc-df998298-4c7e.cloud.databricks.com:443
2025-06-04 12:39:18,901 - DEBUG - https://dbc-df998298-4c7e.cloud.databricks.com:443 "GET /api/2.1/unity-catalog/schemas/amperity_marketplace.bronze HTTP/1.1" 200 None
2025-06-04 12:39:18,903 - DEBUG - Saved configuration to /Users/johnrush/.chuck_config.json
2025-06-04 12:39:18,903 - DEBUG - Tool 'set-schema' executed successfully. Data: {'schema_name': 'bronze', 'catalog_name': 'amperity_marketplace'}
2025-06-04 12:39:18,916 - DEBUG - close.started
2025-06-04 12:39:18,916 - DEBUG - close.complete
2025-06-04 12:39:18,920 - DEBUG - connect_tcp.started host='dbc-df998298-4c7e.cloud.databricks.com' port=443 local_address=None timeout=5.0 socket_options=None
2025-06-04 12:39:18,943 - DEBUG - connect_tcp.complete return_value=<httpcore._backends.sync.SyncStream object at 0x1065cc640>
2025-06-04 12:39:18,944 - DEBUG - start_tls.started ssl_context=<ssl.SSLContext object at 0x1065588c0> server_hostname='dbc-df998298-4c7e.cloud.databricks.com' timeout=5.0
2025-06-04 12:39:18,987 - DEBUG - start_tls.complete return_value=<httpcore._backends.sync.SyncStream object at 0x1065229f0>
2025-06-04 12:39:18,987 - DEBUG - send_request_headers.started request=<Request [b'POST']>
2025-06-04 12:39:18,987 - DEBUG - send_request_headers.complete
2025-06-04 12:39:18,987 - DEBUG - send_request_body.started request=<Request [b'POST']>
2025-06-04 12:39:18,987 - DEBUG - send_request_body.complete
2025-06-04 12:39:18,987 - DEBUG - receive_response_headers.started request=<Request [b'POST']>
2025-06-04 12:39:22,220 - DEBUG - receive_response_headers.complete return_value=(b'HTTP/1.1', 200, b'OK', [(b'x-amzn-requestid', b'0993dbad-c7af-4802-9206-b4f092506854'), (b'x-amzn-bedrock-invocation-latency', b'3102'), (b'x-amzn-bedrock-output-token-count', b'88'), (b'x-amzn-bedrock-input-token-count', b'4993'), (b'content-type', b'application/json'), (b'date', b'Wed, 4 Jun 2025 19:39:22 GMT'), (b'x-databricks-org-id', b'3416276235813320'), (b'x-request-id', b'33a79d7b-568b-48ef-a991-7835e47fe93b'), (b'content-encoding', b'gzip'), (b'vary', b'Accept-Encoding'), (b'strict-transport-security', b'max-age=31536000; includeSubDomains; preload'), (b'x-content-type-options', b'nosniff'), (b'server', b'databricks'), (b'transfer-encoding', b'chunked')])
2025-06-04 12:39:22,221 - DEBUG - receive_response_body.started request=<Request [b'POST']>
2025-06-04 12:39:22,221 - DEBUG - receive_response_body.complete
2025-06-04 12:39:22,222 - DEBUG - response_closed.started
2025-06-04 12:39:22,222 - DEBUG - response_closed.complete
2025-06-04 12:39:22,223 - DEBUG - Agent attempting to execute tool: schema with args: {'name': 'bronze', 'catalog_name': 'amperity_marketplace'}
2025-06-04 12:39:22,225 - DEBUG - Tool arguments for 'schema' validated successfully.
2025-06-04 12:39:22,225 - DEBUG - Executing agent tool 'schema' with handler: handle_command
2025-06-04 12:39:22,225 - DEBUG - GET request to: https://dbc-df998298-4c7e.cloud.databricks.com/api/2.1/unity-catalog/schemas/amperity_marketplace.bronze
2025-06-04 12:39:22,227 - DEBUG - Starting new HTTPS connection (1): dbc-df998298-4c7e.cloud.databricks.com:443
2025-06-04 12:39:22,369 - DEBUG - https://dbc-df998298-4c7e.cloud.databricks.com:443 "GET /api/2.1/unity-catalog/schemas/amperity_marketplace.bronze HTTP/1.1" 200 None
2025-06-04 12:39:22,371 - DEBUG - Tool 'schema' executed successfully. Data: {'name': 'bronze', 'catalog_name': 'amperity_marketplace', 'owner': 'caleb@amperity.com', 'comment': 'Example bronze datasets', 'enable_auto_maintenance': 'INHERIT', 'enable_predictive_optimization': 'INHERIT', 'metastore_id': '3d9c7015-7acb-4bbf-a697-26dbd255171c', 'full_name': 'amperity_marketplace.bronze', 'created_at': 1705447103818, 'created_by': 'caleb@amperity.com', 'updated_at': 1705447103818, 'updated_by': 'caleb@amperity.com', 'catalog_type': 'MANAGED_CATALOG', 'effective_auto_maintenance_flag': {'value': 'ENABLE', 'inherited_from_type': 'METASTORE', 'inherited_from_name': 'amp-prod-uc-metastore'}, 'effective_predictive_optimization_flag': {'value': 'ENABLE', 'inherited_from_type': 'METASTORE', 'inherited_from_name': 'amp-prod-uc-metastore'}, 'schema_id': '473a061e-0958-4703-a9c0-7645d9e55d6a', 'securable_type': 'SCHEMA', 'securable_kind': 'SCHEMA_STANDARD', 'browse_only': False, 'metastore_version': 3258610}
2025-06-04 12:39:22,396 - DEBUG - connect_tcp.started host='dbc-df998298-4c7e.cloud.databricks.com' port=443 local_address=None timeout=5.0 socket_options=None
2025-06-04 12:39:22,422 - DEBUG - connect_tcp.complete return_value=<httpcore._backends.sync.SyncStream object at 0x1065ec160>
2025-06-04 12:39:22,422 - DEBUG - start_tls.started ssl_context=<ssl.SSLContext object at 0x106558560> server_hostname='dbc-df998298-4c7e.cloud.databricks.com' timeout=5.0
2025-06-04 12:39:22,468 - DEBUG - start_tls.complete return_value=<httpcore._backends.sync.SyncStream object at 0x1065ec270>
2025-06-04 12:39:22,468 - DEBUG - send_request_headers.started request=<Request [b'POST']>
2025-06-04 12:39:22,469 - DEBUG - send_request_headers.complete
2025-06-04 12:39:22,469 - DEBUG - send_request_body.started request=<Request [b'POST']>
2025-06-04 12:39:22,469 - DEBUG - send_request_body.complete
2025-06-04 12:39:22,470 - DEBUG - receive_response_headers.started request=<Request [b'POST']>
2025-06-04 12:39:25,584 - DEBUG - receive_response_headers.complete return_value=(b'HTTP/1.1', 200, b'OK', [(b'x-amzn-requestid', b'b36da2a0-792c-4564-8961-8192b6b28f90'), (b'x-amzn-bedrock-invocation-latency', b'2927'), (b'x-amzn-bedrock-output-token-count', b'92'), (b'x-amzn-bedrock-input-token-count', b'5439'), (b'content-type', b'application/json'), (b'date', b'Wed, 4 Jun 2025 19:39:25 GMT'), (b'x-databricks-org-id', b'3416276235813320'), (b'x-request-id', b'4087d3d5-3723-4312-89cc-9a93cb06de8a'), (b'content-encoding', b'gzip'), (b'vary', b'Accept-Encoding'), (b'strict-transport-security', b'max-age=31536000; includeSubDomains; preload'), (b'x-content-type-options', b'nosniff'), (b'server', b'databricks'), (b'transfer-encoding', b'chunked')])
2025-06-04 12:39:25,584 - DEBUG - receive_response_body.started request=<Request [b'POST']>
2025-06-04 12:39:25,585 - DEBUG - receive_response_body.complete
2025-06-04 12:39:25,585 - DEBUG - response_closed.started
2025-06-04 12:39:25,585 - DEBUG - response_closed.complete
2025-06-04 12:39:25,586 - DEBUG - Agent attempting to execute tool: list-tables with args: {'catalog_name': 'amperity_marketplace', 'schema_name': 'bronze'}
2025-06-04 12:39:25,590 - DEBUG - Tool arguments for 'list-tables' validated successfully.
2025-06-04 12:39:25,591 - DEBUG - Executing agent tool 'list-tables' with handler: handle_command
2025-06-04 12:39:25,591 - DEBUG - GET request with params to: https://dbc-df998298-4c7e.cloud.databricks.com/api/2.1/unity-catalog/tables
2025-06-04 12:39:25,593 - DEBUG - Starting new HTTPS connection (1): dbc-df998298-4c7e.cloud.databricks.com:443
2025-06-04 12:39:25,777 - DEBUG - https://dbc-df998298-4c7e.cloud.databricks.com:443 "GET /api/2.1/unity-catalog/tables?catalog_name=amperity_marketplace&schema_name=bronze HTTP/1.1" 200 None
2025-06-04 12:39:25,779 - DEBUG - Tool 'list-tables' executed successfully. Data: {'tables': [{'name': 'e_commerce_customers', 'full_name': 'amperity_marketplace.bronze.e_commerce_customers', 'table_type': 'MANAGED', 'data_source_format': 'DELTA', 'comment': '', 'created_at': 1705449612155, 'created_by': 'caleb@amperity.com', 'owner': 'caleb@amperity.com', 'row_count': 'Unknown', 'size_bytes': 'Unknown', 'column_count': 19, 'columns': [{'name': 'customer_id_uuid', 'type': 'string', 'nullable': True}, {'name': 'master_id', 'type': 'bigint', 'nullable': True}, {'name': 'customer_id', 'type': 'string', 'nullable': True}, {'name': 'name_prefix', 'type': 'string', 'nullable': True}, {'name': 'name_first', 'type': 'string', 'nullable': True}, {'name': 'name_last', 'type': 'string', 'nullable': True}, {'name': 'gender', 'type': 'string', 'nullable': True}, {'name': 'email', 'type': 'string', 'nullable': True}, {'name': 'account_status', 'type': 'string', 'nullable': True}, {'name': 'addr_ln_1_txt', 'type': 'string', 'nullable': True}, {'name': 'city', 'type': 'string', 'nullable': True}, {'name': 'state', 'type': 'string', 'nullable': True}, {'name': 'postal_code', 'type': 'string', 'nullable': True}, {'name': 'birth_dt', 'type': 'date', 'nullable': True}, {'name': 'employment', 'type': 'string', 'nullable': True}, {'name': 'job_title', 'type': 'string', 'nullable': True}, {'name': 'phone', 'type': 'string', 'nullable': True}, {'name': 'dtUpdateDate', 'type': 'string', 'nullable': True}, {'name': '_updated', 'type': 'bigint', 'nullable': True}]}, {'name': 'loyalty_members', 'full_name': 'amperity_marketplace.bronze.loyalty_members', 'table_type': 'MANAGED', 'data_source_format': 'DELTA', 'comment': '', 'created_at': 1705449669759, 'created_by': 'caleb@amperity.com', 'owner': 'caleb@amperity.com', 'row_count': 'Unknown', 'size_bytes': 'Unknown', 'column_count': 19, 'columns': [{'name': 'lm_id_uuid', 'type': 'string', 'nullable': True}, {'name': 'master_id', 'type': 'bigint', 'nullable': True}, {'name': 'lm_id', 'type': 'string', 'nullable': True}, {'name': 'name_first', 'type': 'string', 'nullable': True}, {'name': 'name_last', 'type': 'string', 'nullable': True}, {'name': 'email', 'type': 'string', 'nullable': True}, {'name': 'gender', 'type': 'string', 'nullable': True}, {'name': 'address1', 'type': 'string', 'nullable': True}, {'name': 'city', 'type': 'string', 'nullable': True}, {'name': 'state', 'type': 'string', 'nullable': True}, {'name': 'postal_code', 'type': 'string', 'nullable': True}, {'name': 'birthdate', 'type': 'date', 'nullable': True}, {'name': 'created', 'type': 'date', 'nullable': True}, {'name': 'phone', 'type': 'string', 'nullable': True}, {'name': 'points', 'type': 'bigint', 'nullable': True}, {'name': 'current_tier', 'type': 'string', 'nullable': True}, {'name': 'lmProgramName', 'type': 'string', 'nullable': True}, {'name': 'dtUpdateDate', 'type': 'string', 'nullable': True}, {'name': '_updated', 'type': 'bigint', 'nullable': True}]}, {'name': 'pos_customers', 'full_name': 'amperity_marketplace.bronze.pos_customers', 'table_type': 'MANAGED', 'data_source_format': 'DELTA', 'comment': '', 'created_at': 1705449748132, 'created_by': 'caleb@amperity.com', 'owner': 'caleb@amperity.com', 'row_count': 'Unknown', 'size_bytes': 'Unknown', 'column_count': 19, 'columns': [{'name': 'customer_id_uuid', 'type': 'string', 'nullable': True}, {'name': 'master_id', 'type': 'bigint', 'nullable': True}, {'name': 'customer_id', 'type': 'string', 'nullable': True}, {'name': 'name_prefix', 'type': 'string', 'nullable': True}, {'name': 'name_first', 'type': 'string', 'nullable': True}, {'name': 'name_last', 'type': 'string', 'nullable': True}, {'name': 'gender', 'type': 'string', 'nullable': True}, {'name': 'email', 'type': 'string', 'nullable': True}, {'name': 'account_status', 'type': 'string', 'nullable': True}, {'name': 'addr_ln_1_txt', 'type': 'string', 'nullable': True}, {'name': 'city', 'type': 'string', 'nullable': True}, {'name': 'state', 'type': 'string', 'nullable': True}, {'name': 'postal_code', 'type': 'string', 'nullable': True}, {'name': 'birth_dt', 'type': 'date', 'nullable': True}, {'name': 'employment', 'type': 'string', 'nullable': True}, {'name': 'job_title', 'type': 'string', 'nullable': True}, {'name': 'phone', 'type': 'string', 'nullable': True}, {'name': 'dtUpdateDate', 'type': 'string', 'nullable': True}, {'name': '_updated', 'type': 'bigint', 'nullable': True}]}, {'name': 'web_visitors', 'full_name': 'amperity_marketplace.bronze.web_visitors', 'table_type': 'MANAGED', 'data_source_format': 'DELTA', 'comment': '', 'created_at': 1745516169030, 'created_by': 'caleb@amperity.com', 'owner': 'caleb@amperity.com', 'row_count': 'Unknown', 'size_bytes': 'Unknown', 'column_count': 3, 'columns': [{'name': 'unique_key', 'type': 'string', 'nullable': True}, {'name': 'first_party_web_id', 'type': 'string', 'nullable': True}, {'name': 'visitor_id', 'type': 'string', 'nullable': True}]}, {'name': 'wifi_connections', 'full_name': 'amperity_marketplace.bronze.wifi_connections', 'table_type': 'MANAGED', 'data_source_format': 'DELTA', 'comment': '', 'created_at': 1745516310700, 'created_by': 'caleb@amperity.com', 'owner': 'caleb@amperity.com', 'row_count': 'Unknown', 'size_bytes': 'Unknown', 'column_count': 14, 'columns': [{'name': 'PK', 'type': 'string', 'nullable': True}, {'name': 'mobile_pk_uuid', 'type': 'string', 'nullable': True}, {'name': 'master_id', 'type': 'bigint', 'nullable': True}, {'name': 'email', 'type': 'string', 'nullable': True}, {'name': 'fname', 'type': 'string', 'nullable': True}, {'name': 'lname', 'type': 'string', 'nullable': True}, {'name': 'roomOrStoreID', 'type': 'bigint', 'nullable': True}, {'name': 'postal_code', 'type': 'string', 'nullable': True}, {'name': 'client_ip', 'type': 'string', 'nullable': True}, {'name': 'login_time', 'type': 'timestamp', 'nullable': True}, {'name': 'sha', 'type': 'string', 'nullable': True}, {'name': 'device_uuid', 'type': 'string', 'nullable': True}, {'name': 'dtUpdateDate', 'type': 'string', 'nullable': True}, {'name': '_updated', 'type': 'bigint', 'nullable': True}]}], 'total_count': 5, 'catalog_name': 'amperity_marketplace', 'schema_name': 'bronze'}
2025-06-04 12:39:25,780 - DEBUG - close.started
2025-06-04 12:39:25,781 - DEBUG - close.complete
2025-06-04 12:39:25,810 - DEBUG - connect_tcp.started host='dbc-df998298-4c7e.cloud.databricks.com' port=443 local_address=None timeout=5.0 socket_options=None
2025-06-04 12:39:25,835 - DEBUG - connect_tcp.complete return_value=<httpcore._backends.sync.SyncStream object at 0x106552550>
2025-06-04 12:39:25,835 - DEBUG - start_tls.started ssl_context=<ssl.SSLContext object at 0x106558a70> server_hostname='dbc-df998298-4c7e.cloud.databricks.com' timeout=5.0
2025-06-04 12:39:25,888 - DEBUG - start_tls.complete return_value=<httpcore._backends.sync.SyncStream object at 0x106552650>
2025-06-04 12:39:25,888 - DEBUG - send_request_headers.started request=<Request [b'POST']>
2025-06-04 12:39:25,888 - DEBUG - send_request_headers.complete
2025-06-04 12:39:25,889 - DEBUG - send_request_body.started request=<Request [b'POST']>
2025-06-04 12:39:25,889 - DEBUG - send_request_body.complete
2025-06-04 12:39:25,889 - DEBUG - receive_response_headers.started request=<Request [b'POST']>
2025-06-04 12:39:44,097 - DEBUG - receive_response_headers.complete return_value=(b'HTTP/1.1', 200, b'OK', [(b'x-amzn-requestid', b'3bfab301-2169-4503-b64e-ef9fee5d258e'), (b'x-amzn-bedrock-invocation-latency', b'18091'), (b'x-amzn-bedrock-output-token-count', b'285'), (b'x-amzn-bedrock-input-token-count', b'7564'), (b'content-type', b'application/json'), (b'date', b'Wed, 4 Jun 2025 19:39:44 GMT'), (b'x-databricks-org-id', b'3416276235813320'), (b'x-request-id', b'c5e2af9f-2797-4dbf-a59d-69bd992e603e'), (b'content-encoding', b'gzip'), (b'vary', b'Accept-Encoding'), (b'strict-transport-security', b'max-age=31536000; includeSubDomains; preload'), (b'x-content-type-options', b'nosniff'), (b'server', b'databricks'), (b'transfer-encoding', b'chunked')])
2025-06-04 12:39:44,107 - DEBUG - receive_response_body.started request=<Request [b'POST']>
2025-06-04 12:39:44,108 - DEBUG - receive_response_body.complete
2025-06-04 12:39:44,109 - DEBUG - response_closed.started
2025-06-04 12:39:44,109 - DEBUG - response_closed.complete
2025-06-04 12:39:44,116 - DEBUG - Sending metric: {"event": "USAGE", "configuration": {"workspace_url": "https://dbc-df998298-4c7e.cloud.databricks.co...
2025-06-04 12:39:44,121 - DEBUG - Starting new HTTPS connection (1): chuck.amperity.com:443
2025-06-04 12:39:44,288 - DEBUG - https://chuck.amperity.com:443 "POST /api/usage HTTP/1.1" 204 0
2025-06-04 12:39:44,292 - DEBUG - Failed to send metrics: 204 - 
2025-06-04 12:39:44,307 - DEBUG - Using selector: KqueueSelector
