2025-06-08 14:35:02,593 - DEBUG - Logging initialized. Writing to /Users/johnrush/repos/chuck-data/log/sessions/2025-06-08_14-35-02.log
2025-06-08 14:35:02,594 - DEBUG - Loaded configuration from /Users/johnrush/.chuck_config.json
2025-06-08 14:35:02,611 - DEBUG - Using selector: KqueueSelector
2025-06-08 14:35:05,264 - DEBUG - GET request to: https://dbc-df998298-4c7e.cloud.databricks.com/api/2.1/unity-catalog/catalogs/john_test
2025-06-08 14:35:05,275 - DEBUG - Starting new HTTPS connection (1): dbc-df998298-4c7e.cloud.databricks.com:443
2025-06-08 14:35:05,708 - DEBUG - https://dbc-df998298-4c7e.cloud.databricks.com:443 "GET /api/2.1/unity-catalog/catalogs/john_test HTTP/1.1" 200 None
2025-06-08 14:35:05,710 - DEBUG - GET request to: https://dbc-df998298-4c7e.cloud.databricks.com/api/2.1/unity-catalog/schemas/john_test.bronze
2025-06-08 14:35:05,712 - DEBUG - Starting new HTTPS connection (1): dbc-df998298-4c7e.cloud.databricks.com:443
2025-06-08 14:35:05,885 - DEBUG - https://dbc-df998298-4c7e.cloud.databricks.com:443 "GET /api/2.1/unity-catalog/schemas/john_test.bronze HTTP/1.1" 200 None
2025-06-08 14:35:05,886 - DEBUG - GET request with params to: https://dbc-df998298-4c7e.cloud.databricks.com/api/2.1/unity-catalog/tables
2025-06-08 14:35:05,888 - DEBUG - Starting new HTTPS connection (1): dbc-df998298-4c7e.cloud.databricks.com:443
2025-06-08 14:35:06,140 - DEBUG - https://dbc-df998298-4c7e.cloud.databricks.com:443 "GET /api/2.1/unity-catalog/tables?catalog_name=john_test&schema_name=bronze&omit_columns=true HTTP/1.1" 200 None
2025-06-08 14:35:06,142 - INFO - Starting PII Scan for 3 tables in john_test.bronze.
2025-06-08 14:35:06,146 - DEBUG - GET request to: https://dbc-df998298-4c7e.cloud.databricks.com/api/2.1/unity-catalog/tables/john_test.bronze.ecommerce_profiles
2025-06-08 14:35:06,147 - DEBUG - GET request to: https://dbc-df998298-4c7e.cloud.databricks.com/api/2.1/unity-catalog/tables/john_test.bronze.loyalty_member
2025-06-08 14:35:06,148 - DEBUG - GET request to: https://dbc-df998298-4c7e.cloud.databricks.com/api/2.1/unity-catalog/tables/john_test.bronze.pos_customer
2025-06-08 14:35:06,149 - DEBUG - Starting new HTTPS connection (1): dbc-df998298-4c7e.cloud.databricks.com:443
2025-06-08 14:35:06,149 - DEBUG - Starting new HTTPS connection (1): dbc-df998298-4c7e.cloud.databricks.com:443
2025-06-08 14:35:06,150 - DEBUG - Starting new HTTPS connection (1): dbc-df998298-4c7e.cloud.databricks.com:443
2025-06-08 14:35:06,336 - DEBUG - https://dbc-df998298-4c7e.cloud.databricks.com:443 "GET /api/2.1/unity-catalog/tables/john_test.bronze.pos_customer HTTP/1.1" 200 None
2025-06-08 14:35:06,341 - DEBUG - https://dbc-df998298-4c7e.cloud.databricks.com:443 "GET /api/2.1/unity-catalog/tables/john_test.bronze.loyalty_member HTTP/1.1" 200 None
2025-06-08 14:35:06,343 - DEBUG - https://dbc-df998298-4c7e.cloud.databricks.com:443 "GET /api/2.1/unity-catalog/tables/john_test.bronze.ecommerce_profiles HTTP/1.1" 200 None
2025-06-08 14:35:06,397 - DEBUG - connect_tcp.started host='dbc-df998298-4c7e.cloud.databricks.com' port=443 local_address=None timeout=5.0 socket_options=None
2025-06-08 14:35:06,397 - DEBUG - connect_tcp.started host='dbc-df998298-4c7e.cloud.databricks.com' port=443 local_address=None timeout=5.0 socket_options=None
2025-06-08 14:35:06,398 - DEBUG - connect_tcp.started host='dbc-df998298-4c7e.cloud.databricks.com' port=443 local_address=None timeout=5.0 socket_options=None
2025-06-08 14:35:06,420 - DEBUG - connect_tcp.complete return_value=<httpcore._backends.sync.SyncStream object at 0x1102c7b60>
2025-06-08 14:35:06,420 - DEBUG - start_tls.started ssl_context=<ssl.SSLContext object at 0x1102a5910> server_hostname='dbc-df998298-4c7e.cloud.databricks.com' timeout=5.0
2025-06-08 14:35:06,420 - DEBUG - connect_tcp.complete return_value=<httpcore._backends.sync.SyncStream object at 0x1102ef890>
2025-06-08 14:35:06,421 - DEBUG - start_tls.started ssl_context=<ssl.SSLContext object at 0x1102a56d0> server_hostname='dbc-df998298-4c7e.cloud.databricks.com' timeout=5.0
2025-06-08 14:35:06,422 - DEBUG - connect_tcp.complete return_value=<httpcore._backends.sync.SyncStream object at 0x1102eec10>
2025-06-08 14:35:06,422 - DEBUG - start_tls.started ssl_context=<ssl.SSLContext object at 0x1102a52e0> server_hostname='dbc-df998298-4c7e.cloud.databricks.com' timeout=5.0
2025-06-08 14:35:06,473 - DEBUG - start_tls.complete return_value=<httpcore._backends.sync.SyncStream object at 0x1102a0c30>
2025-06-08 14:35:06,473 - DEBUG - send_request_headers.started request=<Request [b'POST']>
2025-06-08 14:35:06,473 - DEBUG - send_request_headers.complete
2025-06-08 14:35:06,473 - DEBUG - send_request_body.started request=<Request [b'POST']>
2025-06-08 14:35:06,473 - DEBUG - send_request_body.complete
2025-06-08 14:35:06,473 - DEBUG - receive_response_headers.started request=<Request [b'POST']>
2025-06-08 14:35:06,476 - DEBUG - start_tls.complete return_value=<httpcore._backends.sync.SyncStream object at 0x1102a0fc0>
2025-06-08 14:35:06,476 - DEBUG - send_request_headers.started request=<Request [b'POST']>
2025-06-08 14:35:06,477 - DEBUG - start_tls.complete return_value=<httpcore._backends.sync.SyncStream object at 0x1102b5b50>
2025-06-08 14:35:06,477 - DEBUG - send_request_headers.complete
2025-06-08 14:35:06,477 - DEBUG - send_request_headers.started request=<Request [b'POST']>
2025-06-08 14:35:06,477 - DEBUG - send_request_body.started request=<Request [b'POST']>
2025-06-08 14:35:06,477 - DEBUG - send_request_headers.complete
2025-06-08 14:35:06,477 - DEBUG - send_request_body.started request=<Request [b'POST']>
2025-06-08 14:35:06,477 - DEBUG - send_request_body.complete
2025-06-08 14:35:06,477 - DEBUG - receive_response_headers.started request=<Request [b'POST']>
2025-06-08 14:35:06,477 - DEBUG - send_request_body.complete
2025-06-08 14:35:06,477 - DEBUG - receive_response_headers.started request=<Request [b'POST']>
2025-06-08 14:35:11,406 - DEBUG - receive_response_headers.complete return_value=(b'HTTP/1.1', 200, b'OK', [(b'x-amzn-requestid', b'8370ac92-d749-4be2-b931-66f3fef9af3d'), (b'x-amzn-bedrock-invocation-latency', b'4782'), (b'x-amzn-bedrock-output-token-count', b'205'), (b'x-amzn-bedrock-input-token-count', b'508'), (b'content-type', b'application/json'), (b'date', b'Sun, 8 Jun 2025 21:35:11 GMT'), (b'x-databricks-org-id', b'3416276235813320'), (b'x-request-id', b'da2c1e8a-f06c-456c-bba6-496a506b1660'), (b'content-encoding', b'gzip'), (b'vary', b'Accept-Encoding'), (b'strict-transport-security', b'max-age=31536000; includeSubDomains; preload'), (b'x-content-type-options', b'nosniff'), (b'server', b'databricks'), (b'transfer-encoding', b'chunked')])
2025-06-08 14:35:11,408 - DEBUG - receive_response_body.started request=<Request [b'POST']>
2025-06-08 14:35:11,408 - DEBUG - receive_response_body.complete
2025-06-08 14:35:11,408 - DEBUG - response_closed.started
2025-06-08 14:35:11,408 - DEBUG - response_closed.complete
2025-06-08 14:35:11,748 - DEBUG - receive_response_headers.complete return_value=(b'HTTP/1.1', 200, b'OK', [(b'x-amzn-requestid', b'721e89ee-cbaf-4625-834c-5126f0896a91'), (b'x-amzn-bedrock-invocation-latency', b'5102'), (b'x-amzn-bedrock-output-token-count', b'197'), (b'x-amzn-bedrock-input-token-count', b'493'), (b'content-type', b'application/json'), (b'date', b'Sun, 8 Jun 2025 21:35:11 GMT'), (b'x-databricks-org-id', b'3416276235813320'), (b'x-request-id', b'717898aa-ce05-41b8-a52f-1787fbee5cd4'), (b'content-encoding', b'gzip'), (b'vary', b'Accept-Encoding'), (b'strict-transport-security', b'max-age=31536000; includeSubDomains; preload'), (b'x-content-type-options', b'nosniff'), (b'server', b'databricks'), (b'transfer-encoding', b'chunked')])
2025-06-08 14:35:11,749 - DEBUG - receive_response_body.started request=<Request [b'POST']>
2025-06-08 14:35:11,750 - DEBUG - receive_response_body.complete
2025-06-08 14:35:11,750 - DEBUG - response_closed.started
2025-06-08 14:35:11,750 - DEBUG - response_closed.complete
2025-06-08 14:35:11,897 - DEBUG - receive_response_headers.complete return_value=(b'HTTP/1.1', 200, b'OK', [(b'x-amzn-requestid', b'd2eeaec8-f42c-4f44-89bd-8fdcb33cb863'), (b'x-amzn-bedrock-invocation-latency', b'5267'), (b'x-amzn-bedrock-output-token-count', b'267'), (b'x-amzn-bedrock-input-token-count', b'588'), (b'content-type', b'application/json'), (b'date', b'Sun, 8 Jun 2025 21:35:11 GMT'), (b'x-databricks-org-id', b'3416276235813320'), (b'x-request-id', b'612df058-9ac6-4f0c-b4cf-0a63e6eedfe7'), (b'content-encoding', b'gzip'), (b'vary', b'Accept-Encoding'), (b'strict-transport-security', b'max-age=31536000; includeSubDomains; preload'), (b'x-content-type-options', b'nosniff'), (b'server', b'databricks'), (b'transfer-encoding', b'chunked')])
2025-06-08 14:35:11,898 - DEBUG - receive_response_body.started request=<Request [b'POST']>
2025-06-08 14:35:11,898 - DEBUG - receive_response_body.complete
2025-06-08 14:35:11,898 - DEBUG - response_closed.started
2025-06-08 14:35:11,899 - DEBUG - response_closed.complete
2025-06-08 14:35:11,914 - DEBUG - Using selector: KqueueSelector
2025-06-08 14:35:44,932 - DEBUG - Using selector: KqueueSelector
2025-06-08 14:44:35,412 - DEBUG - close.started
2025-06-08 14:44:35,414 - DEBUG - close.complete
2025-06-08 14:44:35,414 - DEBUG - close.started
2025-06-08 14:44:35,414 - DEBUG - close.complete
2025-06-08 14:44:35,414 - DEBUG - close.started
2025-06-08 14:44:35,415 - DEBUG - close.complete
