2025-06-08 14:28:06,346 - DEBUG - Logging initialized. Writing to /Users/johnrush/repos/chuck-data/log/sessions/2025-06-08_14-28-06.log
2025-06-08 14:28:06,348 - DEBUG - Loaded configuration from /Users/johnrush/.chuck_config.json
2025-06-08 14:28:06,365 - DEBUG - Using selector: KqueueSelector
2025-06-08 14:28:09,243 - DEBUG - GET request to: https://dbc-df998298-4c7e.cloud.databricks.com/api/2.1/unity-catalog/catalogs/john_test
2025-06-08 14:28:09,248 - DEBUG - Starting new HTTPS connection (1): dbc-df998298-4c7e.cloud.databricks.com:443
2025-06-08 14:28:09,624 - DEBUG - https://dbc-df998298-4c7e.cloud.databricks.com:443 "GET /api/2.1/unity-catalog/catalogs/john_test HTTP/1.1" 200 None
2025-06-08 14:28:09,625 - DEBUG - GET request to: https://dbc-df998298-4c7e.cloud.databricks.com/api/2.1/unity-catalog/schemas/john_test.bronze
2025-06-08 14:28:09,626 - DEBUG - Starting new HTTPS connection (1): dbc-df998298-4c7e.cloud.databricks.com:443
2025-06-08 14:28:09,754 - DEBUG - https://dbc-df998298-4c7e.cloud.databricks.com:443 "GET /api/2.1/unity-catalog/schemas/john_test.bronze HTTP/1.1" 200 None
2025-06-08 14:28:09,756 - DEBUG - GET request with params to: https://dbc-df998298-4c7e.cloud.databricks.com/api/2.1/unity-catalog/tables
2025-06-08 14:28:09,758 - DEBUG - Starting new HTTPS connection (1): dbc-df998298-4c7e.cloud.databricks.com:443
2025-06-08 14:28:09,941 - DEBUG - https://dbc-df998298-4c7e.cloud.databricks.com:443 "GET /api/2.1/unity-catalog/tables?catalog_name=john_test&schema_name=bronze&omit_columns=true HTTP/1.1" 200 None
2025-06-08 14:28:09,943 - INFO - Starting PII Scan for 3 tables in john_test.bronze.
2025-06-08 14:28:09,946 - DEBUG - GET request to: https://dbc-df998298-4c7e.cloud.databricks.com/api/2.1/unity-catalog/tables/john_test.bronze.ecommerce_profiles
2025-06-08 14:28:09,947 - DEBUG - GET request to: https://dbc-df998298-4c7e.cloud.databricks.com/api/2.1/unity-catalog/tables/john_test.bronze.loyalty_member
2025-06-08 14:28:09,947 - DEBUG - GET request to: https://dbc-df998298-4c7e.cloud.databricks.com/api/2.1/unity-catalog/tables/john_test.bronze.pos_customer
2025-06-08 14:28:09,948 - DEBUG - Starting new HTTPS connection (1): dbc-df998298-4c7e.cloud.databricks.com:443
2025-06-08 14:28:09,948 - DEBUG - Starting new HTTPS connection (1): dbc-df998298-4c7e.cloud.databricks.com:443
2025-06-08 14:28:09,949 - DEBUG - Starting new HTTPS connection (1): dbc-df998298-4c7e.cloud.databricks.com:443
2025-06-08 14:28:10,101 - DEBUG - https://dbc-df998298-4c7e.cloud.databricks.com:443 "GET /api/2.1/unity-catalog/tables/john_test.bronze.pos_customer HTTP/1.1" 200 None
2025-06-08 14:28:10,105 - DEBUG - https://dbc-df998298-4c7e.cloud.databricks.com:443 "GET /api/2.1/unity-catalog/tables/john_test.bronze.loyalty_member HTTP/1.1" 200 None
2025-06-08 14:28:10,109 - DEBUG - https://dbc-df998298-4c7e.cloud.databricks.com:443 "GET /api/2.1/unity-catalog/tables/john_test.bronze.ecommerce_profiles HTTP/1.1" 200 None
2025-06-08 14:28:10,144 - DEBUG - connect_tcp.started host='dbc-df998298-4c7e.cloud.databricks.com' port=443 local_address=None timeout=5.0 socket_options=None
2025-06-08 14:28:10,145 - DEBUG - connect_tcp.started host='dbc-df998298-4c7e.cloud.databricks.com' port=443 local_address=None timeout=5.0 socket_options=None
2025-06-08 14:28:10,145 - DEBUG - connect_tcp.started host='dbc-df998298-4c7e.cloud.databricks.com' port=443 local_address=None timeout=5.0 socket_options=None
2025-06-08 14:28:10,169 - DEBUG - connect_tcp.complete return_value=<httpcore._backends.sync.SyncStream object at 0x106a03b60>
2025-06-08 14:28:10,169 - DEBUG - start_tls.started ssl_context=<ssl.SSLContext object at 0x1069e56d0> server_hostname='dbc-df998298-4c7e.cloud.databricks.com' timeout=5.0
2025-06-08 14:28:10,175 - DEBUG - connect_tcp.complete return_value=<httpcore._backends.sync.SyncStream object at 0x106a2b9d0>
2025-06-08 14:28:10,175 - DEBUG - start_tls.started ssl_context=<ssl.SSLContext object at 0x1069e5910> server_hostname='dbc-df998298-4c7e.cloud.databricks.com' timeout=5.0
2025-06-08 14:28:10,175 - DEBUG - connect_tcp.complete return_value=<httpcore._backends.sync.SyncStream object at 0x106a2ac10>
2025-06-08 14:28:10,175 - DEBUG - start_tls.started ssl_context=<ssl.SSLContext object at 0x1069e52e0> server_hostname='dbc-df998298-4c7e.cloud.databricks.com' timeout=5.0
2025-06-08 14:28:10,217 - DEBUG - start_tls.complete return_value=<httpcore._backends.sync.SyncStream object at 0x1069e8b00>
2025-06-08 14:28:10,217 - DEBUG - send_request_headers.started request=<Request [b'POST']>
2025-06-08 14:28:10,217 - DEBUG - send_request_headers.complete
2025-06-08 14:28:10,217 - DEBUG - send_request_body.started request=<Request [b'POST']>
2025-06-08 14:28:10,217 - DEBUG - send_request_body.complete
2025-06-08 14:28:10,217 - DEBUG - receive_response_headers.started request=<Request [b'POST']>
2025-06-08 14:28:10,225 - DEBUG - start_tls.complete return_value=<httpcore._backends.sync.SyncStream object at 0x1069e8d60>
2025-06-08 14:28:10,225 - DEBUG - send_request_headers.started request=<Request [b'POST']>
2025-06-08 14:28:10,225 - DEBUG - send_request_headers.complete
2025-06-08 14:28:10,225 - DEBUG - send_request_body.started request=<Request [b'POST']>
2025-06-08 14:28:10,225 - DEBUG - send_request_body.complete
2025-06-08 14:28:10,225 - DEBUG - receive_response_headers.started request=<Request [b'POST']>
2025-06-08 14:28:10,226 - DEBUG - start_tls.complete return_value=<httpcore._backends.sync.SyncStream object at 0x1069f1b50>
2025-06-08 14:28:10,226 - DEBUG - send_request_headers.started request=<Request [b'POST']>
2025-06-08 14:28:10,226 - DEBUG - send_request_headers.complete
2025-06-08 14:28:10,226 - DEBUG - send_request_body.started request=<Request [b'POST']>
2025-06-08 14:28:10,226 - DEBUG - send_request_body.complete
2025-06-08 14:28:10,226 - DEBUG - receive_response_headers.started request=<Request [b'POST']>
2025-06-08 14:28:14,404 - DEBUG - receive_response_headers.complete return_value=(b'HTTP/1.1', 200, b'OK', [(b'x-amzn-requestid', b'd1ced3d3-fff0-4b4e-94d7-e139493d84e0'), (b'x-amzn-bedrock-invocation-latency', b'3987'), (b'x-amzn-bedrock-output-token-count', b'205'), (b'x-amzn-bedrock-input-token-count', b'508'), (b'content-type', b'application/json'), (b'date', b'Sun, 8 Jun 2025 21:28:14 GMT'), (b'x-databricks-org-id', b'3416276235813320'), (b'x-request-id', b'd10ad2a2-7aa9-4d19-ba34-28c010ec3769'), (b'content-encoding', b'gzip'), (b'vary', b'Accept-Encoding'), (b'strict-transport-security', b'max-age=31536000; includeSubDomains; preload'), (b'x-content-type-options', b'nosniff'), (b'server', b'databricks'), (b'transfer-encoding', b'chunked')])
2025-06-08 14:28:14,405 - DEBUG - receive_response_body.started request=<Request [b'POST']>
2025-06-08 14:28:14,405 - DEBUG - receive_response_body.complete
2025-06-08 14:28:14,405 - DEBUG - response_closed.started
2025-06-08 14:28:14,405 - DEBUG - response_closed.complete
2025-06-08 14:28:15,422 - DEBUG - receive_response_headers.complete return_value=(b'HTTP/1.1', 200, b'OK', [(b'x-amzn-requestid', b'61924cb5-78f0-4168-b4ce-1e2b59335d59'), (b'x-amzn-bedrock-invocation-latency', b'5016'), (b'x-amzn-bedrock-output-token-count', b'267'), (b'x-amzn-bedrock-input-token-count', b'588'), (b'content-type', b'application/json'), (b'date', b'Sun, 8 Jun 2025 21:28:15 GMT'), (b'x-databricks-org-id', b'3416276235813320'), (b'x-request-id', b'c83357f3-5d1c-4557-bc2a-5ecb4d953b29'), (b'content-encoding', b'gzip'), (b'vary', b'Accept-Encoding'), (b'strict-transport-security', b'max-age=31536000; includeSubDomains; preload'), (b'x-content-type-options', b'nosniff'), (b'server', b'databricks'), (b'transfer-encoding', b'chunked')])
2025-06-08 14:28:15,423 - DEBUG - receive_response_body.started request=<Request [b'POST']>
2025-06-08 14:28:15,423 - DEBUG - receive_response_body.complete
2025-06-08 14:28:15,423 - DEBUG - response_closed.started
2025-06-08 14:28:15,423 - DEBUG - response_closed.complete
2025-06-08 14:28:15,741 - DEBUG - receive_response_headers.complete return_value=(b'HTTP/1.1', 200, b'OK', [(b'x-amzn-requestid', b'86c3c3f7-4b89-4205-b515-1cd980ab8029'), (b'x-amzn-bedrock-invocation-latency', b'5367'), (b'x-amzn-bedrock-output-token-count', b'197'), (b'x-amzn-bedrock-input-token-count', b'493'), (b'content-type', b'application/json'), (b'date', b'Sun, 8 Jun 2025 21:28:15 GMT'), (b'x-databricks-org-id', b'3416276235813320'), (b'x-request-id', b'80a9b978-8365-4d8b-9189-6385678902fd'), (b'content-encoding', b'gzip'), (b'vary', b'Accept-Encoding'), (b'strict-transport-security', b'max-age=31536000; includeSubDomains; preload'), (b'x-content-type-options', b'nosniff'), (b'server', b'databricks'), (b'transfer-encoding', b'chunked')])
2025-06-08 14:28:15,741 - DEBUG - receive_response_body.started request=<Request [b'POST']>
2025-06-08 14:28:15,742 - DEBUG - receive_response_body.complete
2025-06-08 14:28:15,742 - DEBUG - response_closed.started
2025-06-08 14:28:15,742 - DEBUG - response_closed.complete
2025-06-08 14:28:15,748 - DEBUG - Using selector: KqueueSelector
2025-06-08 14:28:34,714 - DEBUG - Using selector: KqueueSelector
2025-06-08 14:35:01,046 - DEBUG - close.started
2025-06-08 14:35:01,047 - DEBUG - close.complete
2025-06-08 14:35:01,047 - DEBUG - close.started
2025-06-08 14:35:01,048 - DEBUG - close.complete
2025-06-08 14:35:01,048 - DEBUG - close.started
2025-06-08 14:35:01,048 - DEBUG - close.complete
