2025-06-04 12:38:28,811 - DEBUG - Logging initialized. Writing to /Users/johnrush/repos/clamp-internal/log/sessions/2025-06-04_12-38-28.log
2025-06-04 12:38:28,812 - DEBUG - Loaded configuration from /Users/johnrush/.chuck_config.json
2025-06-04 12:38:28,819 - DEBUG - Using selector: KqueueSelector
2025-06-04 12:38:29,891 - DEBUG - GET request with params to: https://dbc-df998298-4c7e.cloud.databricks.com/api/2.1/unity-catalog/schemas
2025-06-04 12:38:29,905 - DEBUG - Starting new HTTPS connection (1): dbc-df998298-4c7e.cloud.databricks.com:443
2025-06-04 12:38:30,129 - DEBUG - https://dbc-df998298-4c7e.cloud.databricks.com:443 "GET /api/2.1/unity-catalog/schemas?catalog_name=amperity_marketplace HTTP/1.1" 200 None
2025-06-04 12:38:30,141 - DEBUG - Using selector: KqueueSelector
2025-06-04 12:38:31,206 - DEBUG - GET request to: https://dbc-df998298-4c7e.cloud.databricks.com/api/2.1/unity-catalog/schemas/amperity_marketplace.bronze
2025-06-04 12:38:31,207 - DEBUG - Starting new HTTPS connection (1): dbc-df998298-4c7e.cloud.databricks.com:443
2025-06-04 12:38:31,352 - DEBUG - https://dbc-df998298-4c7e.cloud.databricks.com:443 "GET /api/2.1/unity-catalog/schemas/amperity_marketplace.bronze HTTP/1.1" 200 None
2025-06-04 12:38:31,355 - DEBUG - Saved configuration to /Users/johnrush/.chuck_config.json
2025-06-04 12:38:31,356 - DEBUG - Using selector: KqueueSelector
2025-06-04 12:38:32,421 - DEBUG - GET request to: https://dbc-df998298-4c7e.cloud.databricks.com/api/2.0/preview/scim/v2/Me
2025-06-04 12:38:32,423 - DEBUG - Starting new HTTPS connection (1): dbc-df998298-4c7e.cloud.databricks.com:443
2025-06-04 12:38:32,695 - DEBUG - https://dbc-df998298-4c7e.cloud.databricks.com:443 "GET /api/2.0/preview/scim/v2/Me HTTP/1.1" 200 None
2025-06-04 12:38:32,696 - DEBUG - GET request to: https://dbc-df998298-4c7e.cloud.databricks.com/api/2.1/unity-catalog/catalogs?max_results=1
2025-06-04 12:38:32,698 - DEBUG - Starting new HTTPS connection (1): dbc-df998298-4c7e.cloud.databricks.com:443
2025-06-04 12:38:32,880 - DEBUG - https://dbc-df998298-4c7e.cloud.databricks.com:443 "GET /api/2.1/unity-catalog/catalogs?max_results=1 HTTP/1.1" 200 None
2025-06-04 12:38:32,881 - DEBUG - GET request to: https://dbc-df998298-4c7e.cloud.databricks.com/api/2.0/sql/warehouses?page_size=1
2025-06-04 12:38:32,882 - DEBUG - Starting new HTTPS connection (1): dbc-df998298-4c7e.cloud.databricks.com:443
2025-06-04 12:38:33,008 - DEBUG - https://dbc-df998298-4c7e.cloud.databricks.com:443 "GET /api/2.0/sql/warehouses?page_size=1 HTTP/1.1" 200 None
2025-06-04 12:38:33,010 - DEBUG - GET request to: https://dbc-df998298-4c7e.cloud.databricks.com/api/2.1/jobs/list?limit=1
2025-06-04 12:38:33,012 - DEBUG - Starting new HTTPS connection (1): dbc-df998298-4c7e.cloud.databricks.com:443
2025-06-04 12:38:33,270 - DEBUG - https://dbc-df998298-4c7e.cloud.databricks.com:443 "GET /api/2.1/jobs/list?limit=1 HTTP/1.1" 200 None
2025-06-04 12:38:33,272 - DEBUG - GET request to: https://dbc-df998298-4c7e.cloud.databricks.com/api/2.0/mlflow/registered-models/list?max_results=1
2025-06-04 12:38:33,273 - DEBUG - Starting new HTTPS connection (1): dbc-df998298-4c7e.cloud.databricks.com:443
2025-06-04 12:38:33,402 - DEBUG - https://dbc-df998298-4c7e.cloud.databricks.com:443 "GET /api/2.0/mlflow/registered-models/list?max_results=1 HTTP/1.1" 200 2
2025-06-04 12:38:33,404 - DEBUG - GET request to: https://dbc-df998298-4c7e.cloud.databricks.com/api/2.1/unity-catalog/catalogs?max_results=1
2025-06-04 12:38:33,406 - DEBUG - Starting new HTTPS connection (1): dbc-df998298-4c7e.cloud.databricks.com:443
2025-06-04 12:38:33,599 - DEBUG - https://dbc-df998298-4c7e.cloud.databricks.com:443 "GET /api/2.1/unity-catalog/catalogs?max_results=1 HTTP/1.1" 200 None
2025-06-04 12:38:33,601 - DEBUG - GET request to: https://dbc-df998298-4c7e.cloud.databricks.com/api/2.1/unity-catalog/schemas?catalog_name=__databricks_internal&max_results=1
2025-06-04 12:38:33,604 - DEBUG - Starting new HTTPS connection (1): dbc-df998298-4c7e.cloud.databricks.com:443
2025-06-04 12:38:33,820 - DEBUG - https://dbc-df998298-4c7e.cloud.databricks.com:443 "GET /api/2.1/unity-catalog/schemas?catalog_name=__databricks_internal&max_results=1 HTTP/1.1" 200 None
2025-06-04 12:38:33,822 - DEBUG - GET request to: https://dbc-df998298-4c7e.cloud.databricks.com/api/2.1/unity-catalog/volumes?catalog_name=__databricks_internal&schema_name=__dlt_materialization_schema_16ba9f51_ef4e_43a2_bfe8_4a1a919fe7cd
2025-06-04 12:38:33,824 - DEBUG - Starting new HTTPS connection (1): dbc-df998298-4c7e.cloud.databricks.com:443
2025-06-04 12:38:33,942 - DEBUG - https://dbc-df998298-4c7e.cloud.databricks.com:443 "GET /api/2.1/unity-catalog/volumes?catalog_name=__databricks_internal&schema_name=__dlt_materialization_schema_16ba9f51_ef4e_43a2_bfe8_4a1a919fe7cd HTTP/1.1" 200 2
