2025-06-04 11:45:47,620 - DEBUG - Logging initialized. Writing to /Users/johnrush/repos/clamp-internal/log/sessions/2025-06-04_11-45-47.log
2025-06-04 11:45:47,620 - DEBUG - Loaded configuration from /Users/johnrush/.chuck_config.json
2025-06-04 11:45:47,627 - DEBUG - Using selector: KqueueSelector
2025-06-04 11:45:48,697 - DEBUG - GET request with params to: https://dbc-df998298-4c7e.cloud.databricks.com/api/2.1/unity-catalog/tables
2025-06-04 11:45:48,705 - DEBUG - Starting new HTTPS connection (1): dbc-df998298-4c7e.cloud.databricks.com:443
2025-06-04 11:45:48,922 - DEBUG - https://dbc-df998298-4c7e.cloud.databricks.com:443 "GET /api/2.1/unity-catalog/tables?catalog_name=chuck_integration_test_8792&schema_name=bronze&omit_columns=true HTTP/1.1" 200 None
2025-06-04 11:45:48,923 - INFO - Starting PII Scan for 3 tables in chuck_integration_test_8792.bronze.
2025-06-04 11:45:48,923 - DEBUG - GET request to: https://dbc-df998298-4c7e.cloud.databricks.com/api/2.1/unity-catalog/tables/chuck_integration_test_8792.bronze.ecommerce_profiles
2025-06-04 11:45:48,924 - DEBUG - GET request to: https://dbc-df998298-4c7e.cloud.databricks.com/api/2.1/unity-catalog/tables/chuck_integration_test_8792.bronze.loyalty_member
2025-06-04 11:45:48,924 - DEBUG - GET request to: https://dbc-df998298-4c7e.cloud.databricks.com/api/2.1/unity-catalog/tables/chuck_integration_test_8792.bronze.pos_customer
2025-06-04 11:45:48,925 - DEBUG - Starting new HTTPS connection (1): dbc-df998298-4c7e.cloud.databricks.com:443
2025-06-04 11:45:48,925 - DEBUG - Starting new HTTPS connection (1): dbc-df998298-4c7e.cloud.databricks.com:443
2025-06-04 11:45:48,926 - DEBUG - Starting new HTTPS connection (1): dbc-df998298-4c7e.cloud.databricks.com:443
2025-06-04 11:45:49,050 - DEBUG - https://dbc-df998298-4c7e.cloud.databricks.com:443 "GET /api/2.1/unity-catalog/tables/chuck_integration_test_8792.bronze.ecommerce_profiles HTTP/1.1" 200 None
2025-06-04 11:45:49,060 - DEBUG - https://dbc-df998298-4c7e.cloud.databricks.com:443 "GET /api/2.1/unity-catalog/tables/chuck_integration_test_8792.bronze.pos_customer HTTP/1.1" 200 None
2025-06-04 11:45:49,086 - DEBUG - https://dbc-df998298-4c7e.cloud.databricks.com:443 "GET /api/2.1/unity-catalog/tables/chuck_integration_test_8792.bronze.loyalty_member HTTP/1.1" 200 None
2025-06-04 11:45:49,121 - DEBUG - connect_tcp.started host='dbc-df998298-4c7e.cloud.databricks.com' port=443 local_address=None timeout=5.0 socket_options=None
2025-06-04 11:45:49,122 - DEBUG - connect_tcp.started host='dbc-df998298-4c7e.cloud.databricks.com' port=443 local_address=None timeout=5.0 socket_options=None
2025-06-04 11:45:49,124 - DEBUG - connect_tcp.started host='dbc-df998298-4c7e.cloud.databricks.com' port=443 local_address=None timeout=5.0 socket_options=None
2025-06-04 11:45:49,142 - DEBUG - connect_tcp.complete return_value=<httpcore._backends.sync.SyncStream object at 0x106179160>
2025-06-04 11:45:49,142 - DEBUG - start_tls.started ssl_context=<ssl.SSLContext object at 0x1060e7e30> server_hostname='dbc-df998298-4c7e.cloud.databricks.com' timeout=5.0
2025-06-04 11:45:49,147 - DEBUG - connect_tcp.complete return_value=<httpcore._backends.sync.SyncStream object at 0x1061a7750>
2025-06-04 11:45:49,148 - DEBUG - start_tls.started ssl_context=<ssl.SSLContext object at 0x1060e79b0> server_hostname='dbc-df998298-4c7e.cloud.databricks.com' timeout=5.0
2025-06-04 11:45:49,148 - DEBUG - connect_tcp.complete return_value=<httpcore._backends.sync.SyncStream object at 0x1061a6990>
2025-06-04 11:45:49,148 - DEBUG - start_tls.started ssl_context=<ssl.SSLContext object at 0x10616c200> server_hostname='dbc-df998298-4c7e.cloud.databricks.com' timeout=5.0
2025-06-04 11:45:49,189 - DEBUG - start_tls.complete return_value=<httpcore._backends.sync.SyncStream object at 0x1061b4770>
2025-06-04 11:45:49,190 - DEBUG - send_request_headers.started request=<Request [b'POST']>
2025-06-04 11:45:49,190 - DEBUG - send_request_headers.complete
2025-06-04 11:45:49,190 - DEBUG - send_request_body.started request=<Request [b'POST']>
2025-06-04 11:45:49,190 - DEBUG - send_request_body.complete
2025-06-04 11:45:49,190 - DEBUG - receive_response_headers.started request=<Request [b'POST']>
2025-06-04 11:45:49,202 - DEBUG - start_tls.complete return_value=<httpcore._backends.sync.SyncStream object at 0x1061b48a0>
2025-06-04 11:45:49,202 - DEBUG - send_request_headers.started request=<Request [b'POST']>
2025-06-04 11:45:49,202 - DEBUG - start_tls.complete return_value=<httpcore._backends.sync.SyncStream object at 0x1060cbbf0>
2025-06-04 11:45:49,202 - DEBUG - send_request_headers.started request=<Request [b'POST']>
2025-06-04 11:45:49,202 - DEBUG - send_request_headers.complete
2025-06-04 11:45:49,202 - DEBUG - send_request_body.started request=<Request [b'POST']>
2025-06-04 11:45:49,202 - DEBUG - send_request_headers.complete
2025-06-04 11:45:49,202 - DEBUG - send_request_body.complete
2025-06-04 11:45:49,202 - DEBUG - send_request_body.started request=<Request [b'POST']>
2025-06-04 11:45:49,202 - DEBUG - receive_response_headers.started request=<Request [b'POST']>
2025-06-04 11:45:49,203 - DEBUG - send_request_body.complete
2025-06-04 11:45:49,203 - DEBUG - receive_response_headers.started request=<Request [b'POST']>
2025-06-04 11:45:54,184 - DEBUG - receive_response_headers.complete return_value=(b'HTTP/1.1', 200, b'OK', [(b'x-amzn-requestid', b'd9266a2f-b809-48eb-9e13-31e4981fb527'), (b'x-amzn-bedrock-invocation-latency', b'4905'), (b'x-amzn-bedrock-output-token-count', b'267'), (b'x-amzn-bedrock-input-token-count', b'593'), (b'content-type', b'application/json'), (b'date', b'Wed, 4 Jun 2025 18:45:54 GMT'), (b'x-databricks-org-id', b'3416276235813320'), (b'x-request-id', b'a70394ef-b1d9-49be-9e25-e6a3a893b06c'), (b'content-encoding', b'gzip'), (b'vary', b'Accept-Encoding'), (b'strict-transport-security', b'max-age=31536000; includeSubDomains; preload'), (b'x-content-type-options', b'nosniff'), (b'server', b'databricks'), (b'transfer-encoding', b'chunked')])
2025-06-04 11:45:54,185 - DEBUG - receive_response_body.started request=<Request [b'POST']>
2025-06-04 11:45:54,186 - DEBUG - receive_response_body.complete
2025-06-04 11:45:54,186 - DEBUG - response_closed.started
2025-06-04 11:45:54,186 - DEBUG - response_closed.complete
2025-06-04 11:45:56,426 - DEBUG - receive_response_headers.complete return_value=(b'HTTP/1.1', 200, b'OK', [(b'x-amzn-requestid', b'1baf2af9-5435-4730-bd16-12d586fadc58'), (b'x-amzn-bedrock-invocation-latency', b'7107'), (b'x-amzn-bedrock-output-token-count', b'205'), (b'x-amzn-bedrock-input-token-count', b'513'), (b'content-type', b'application/json'), (b'date', b'Wed, 4 Jun 2025 18:45:56 GMT'), (b'x-databricks-org-id', b'3416276235813320'), (b'x-request-id', b'bd1f4656-7877-46e0-a4c3-0a7058cfcd99'), (b'content-encoding', b'gzip'), (b'vary', b'Accept-Encoding'), (b'strict-transport-security', b'max-age=31536000; includeSubDomains; preload'), (b'x-content-type-options', b'nosniff'), (b'server', b'databricks'), (b'transfer-encoding', b'chunked')])
2025-06-04 11:45:56,426 - DEBUG - receive_response_body.started request=<Request [b'POST']>
2025-06-04 11:45:56,427 - DEBUG - receive_response_body.complete
2025-06-04 11:45:56,427 - DEBUG - response_closed.started
2025-06-04 11:45:56,427 - DEBUG - response_closed.complete
2025-06-04 11:46:05,488 - DEBUG - receive_response_headers.complete return_value=(b'HTTP/1.1', 200, b'OK', [(b'x-amzn-requestid', b'56ae6e8f-e96f-4381-97b8-13997d37b429'), (b'x-amzn-bedrock-invocation-latency', b'16230'), (b'x-amzn-bedrock-output-token-count', b'197'), (b'x-amzn-bedrock-input-token-count', b'498'), (b'content-type', b'application/json'), (b'date', b'Wed, 4 Jun 2025 18:46:05 GMT'), (b'x-databricks-org-id', b'3416276235813320'), (b'x-request-id', b'33554c6d-27dc-44a3-89cc-4e1bfd2d8829'), (b'content-encoding', b'gzip'), (b'vary', b'Accept-Encoding'), (b'strict-transport-security', b'max-age=31536000; includeSubDomains; preload'), (b'x-content-type-options', b'nosniff'), (b'server', b'databricks'), (b'transfer-encoding', b'chunked')])
2025-06-04 11:46:05,489 - DEBUG - receive_response_body.started request=<Request [b'POST']>
2025-06-04 11:46:05,489 - DEBUG - receive_response_body.complete
2025-06-04 11:46:05,489 - DEBUG - response_closed.started
2025-06-04 11:46:05,489 - DEBUG - response_closed.complete
2025-06-04 11:46:05,491 - DEBUG - GET request with params to: https://dbc-df998298-4c7e.cloud.databricks.com/api/2.1/unity-catalog/volumes
2025-06-04 11:46:05,492 - DEBUG - Starting new HTTPS connection (1): dbc-df998298-4c7e.cloud.databricks.com:443
2025-06-04 11:46:05,630 - DEBUG - https://dbc-df998298-4c7e.cloud.databricks.com:443 "GET /api/2.1/unity-catalog/volumes?catalog_name=chuck_integration_test_8792&schema_name=bronze HTTP/1.1" 200 2
2025-06-04 11:46:05,631 - DEBUG - Volume 'chuck' not found in chuck_integration_test_8792.bronze. Attempting to create.
2025-06-04 11:46:05,631 - DEBUG - POST request to: https://dbc-df998298-4c7e.cloud.databricks.com/api/2.1/unity-catalog/volumes
2025-06-04 11:46:05,631 - DEBUG - Starting new HTTPS connection (1): dbc-df998298-4c7e.cloud.databricks.com:443
2025-06-04 11:46:06,167 - DEBUG - https://dbc-df998298-4c7e.cloud.databricks.com:443 "POST /api/2.1/unity-catalog/volumes HTTP/1.1" 200 None
2025-06-04 11:46:06,168 - DEBUG - Volume 'chuck' created successfully.
2025-06-04 11:46:06,169 - DEBUG - Starting new HTTPS connection (1): chuck.amperity.com:443
2025-06-04 11:46:06,274 - DEBUG - https://chuck.amperity.com:443 "POST /api/job/launch HTTP/1.1" 200 720
2025-06-04 11:46:06,274 - DEBUG - GET request with params to: https://dbc-df998298-4c7e.cloud.databricks.com/api/2.1/unity-catalog/volumes
2025-06-04 11:46:06,275 - DEBUG - Starting new HTTPS connection (1): dbc-df998298-4c7e.cloud.databricks.com:443
2025-06-04 11:46:06,411 - DEBUG - https://dbc-df998298-4c7e.cloud.databricks.com:443 "GET /api/2.1/unity-catalog/volumes?catalog_name=chuck_integration_test_8792&schema_name=bronze HTTP/1.1" 200 None
2025-06-04 11:46:06,412 - DEBUG - File upload request to: https://dbc-df998298-4c7e.cloud.databricks.com/api/2.0/fs/files/Volumes/chuck_integration_test_8792/bronze/chuck/cluster_init-2025-06-04_11-46.sh?overwrite=true
2025-06-04 11:46:06,413 - DEBUG - Starting new HTTPS connection (1): dbc-df998298-4c7e.cloud.databricks.com:443
2025-06-04 11:46:06,927 - DEBUG - https://dbc-df998298-4c7e.cloud.databricks.com:443 "PUT /api/2.0/fs/files/Volumes/chuck_integration_test_8792/bronze/chuck/cluster_init-2025-06-04_11-46.sh?overwrite=true HTTP/1.1" 204 0
2025-06-04 11:46:06,927 - INFO - Cluster init script uploaded successfully to /Volumes/chuck_integration_test_8792/bronze/chuck/cluster_init-2025-06-04_11-46.sh
2025-06-04 11:46:06,927 - DEBUG - Versioned cluster init script uploaded to /Volumes/chuck_integration_test_8792/bronze/chuck/cluster_init-2025-06-04_11-46.sh
2025-06-04 11:46:06,936 - DEBUG - Using selector: KqueueSelector
