2025-06-08 13:39:44,711 - DEBUG - Logging initialized. Writing to /Users/johnrush/repos/chuck-data/log/sessions/2025-06-08_13-39-44.log
2025-06-08 13:39:44,712 - DEBUG - Loaded configuration from /Users/johnrush/.chuck_config.json
2025-06-08 13:39:44,727 - DEBUG - Using selector: KqueueSelector
2025-06-08 13:39:45,861 - DEBUG - GET request to: https://dbc-df998298-4c7e.cloud.databricks.com/api/2.1/unity-catalog/catalogs/john_test
2025-06-08 13:39:45,872 - DEBUG - Starting new HTTPS connection (1): dbc-df998298-4c7e.cloud.databricks.com:443
2025-06-08 13:39:46,247 - DEBUG - https://dbc-df998298-4c7e.cloud.databricks.com:443 "GET /api/2.1/unity-catalog/catalogs/john_test HTTP/1.1" 200 None
2025-06-08 13:39:46,248 - DEBUG - GET request to: https://dbc-df998298-4c7e.cloud.databricks.com/api/2.1/unity-catalog/schemas/john_test.bronze
2025-06-08 13:39:46,249 - DEBUG - Starting new HTTPS connection (1): dbc-df998298-4c7e.cloud.databricks.com:443
2025-06-08 13:39:46,391 - DEBUG - https://dbc-df998298-4c7e.cloud.databricks.com:443 "GET /api/2.1/unity-catalog/schemas/john_test.bronze HTTP/1.1" 200 None
2025-06-08 13:39:46,393 - DEBUG - GET request with params to: https://dbc-df998298-4c7e.cloud.databricks.com/api/2.1/unity-catalog/tables
2025-06-08 13:39:46,395 - DEBUG - Starting new HTTPS connection (1): dbc-df998298-4c7e.cloud.databricks.com:443
2025-06-08 13:39:46,564 - DEBUG - https://dbc-df998298-4c7e.cloud.databricks.com:443 "GET /api/2.1/unity-catalog/tables?catalog_name=john_test&schema_name=bronze&omit_columns=true HTTP/1.1" 200 None
2025-06-08 13:39:46,566 - INFO - Starting PII Scan for 3 tables in john_test.bronze.
2025-06-08 13:39:46,566 - DEBUG - GET request to: https://dbc-df998298-4c7e.cloud.databricks.com/api/2.1/unity-catalog/tables/john_test.bronze.ecommerce_profiles
2025-06-08 13:39:46,566 - DEBUG - GET request to: https://dbc-df998298-4c7e.cloud.databricks.com/api/2.1/unity-catalog/tables/john_test.bronze.loyalty_member
2025-06-08 13:39:46,567 - DEBUG - GET request to: https://dbc-df998298-4c7e.cloud.databricks.com/api/2.1/unity-catalog/tables/john_test.bronze.pos_customer
2025-06-08 13:39:46,568 - DEBUG - Starting new HTTPS connection (1): dbc-df998298-4c7e.cloud.databricks.com:443
2025-06-08 13:39:46,568 - DEBUG - Starting new HTTPS connection (1): dbc-df998298-4c7e.cloud.databricks.com:443
2025-06-08 13:39:46,569 - DEBUG - Starting new HTTPS connection (1): dbc-df998298-4c7e.cloud.databricks.com:443
2025-06-08 13:39:46,737 - DEBUG - https://dbc-df998298-4c7e.cloud.databricks.com:443 "GET /api/2.1/unity-catalog/tables/john_test.bronze.pos_customer HTTP/1.1" 200 None
2025-06-08 13:39:46,740 - DEBUG - https://dbc-df998298-4c7e.cloud.databricks.com:443 "GET /api/2.1/unity-catalog/tables/john_test.bronze.loyalty_member HTTP/1.1" 200 None
2025-06-08 13:39:46,750 - DEBUG - https://dbc-df998298-4c7e.cloud.databricks.com:443 "GET /api/2.1/unity-catalog/tables/john_test.bronze.ecommerce_profiles HTTP/1.1" 200 None
2025-06-08 13:39:46,799 - DEBUG - connect_tcp.started host='dbc-df998298-4c7e.cloud.databricks.com' port=443 local_address=None timeout=5.0 socket_options=None
2025-06-08 13:39:46,799 - DEBUG - connect_tcp.started host='dbc-df998298-4c7e.cloud.databricks.com' port=443 local_address=None timeout=5.0 socket_options=None
2025-06-08 13:39:46,800 - DEBUG - connect_tcp.started host='dbc-df998298-4c7e.cloud.databricks.com' port=443 local_address=None timeout=5.0 socket_options=None
2025-06-08 13:39:46,824 - DEBUG - connect_tcp.complete return_value=<httpcore._backends.sync.SyncStream object at 0x105bc3b60>
2025-06-08 13:39:46,824 - DEBUG - start_tls.started ssl_context=<ssl.SSLContext object at 0x105ba9640> server_hostname='dbc-df998298-4c7e.cloud.databricks.com' timeout=5.0
2025-06-08 13:39:46,829 - DEBUG - connect_tcp.complete return_value=<httpcore._backends.sync.SyncStream object at 0x105bf3ed0>
2025-06-08 13:39:46,829 - DEBUG - start_tls.started ssl_context=<ssl.SSLContext object at 0x105ba9880> server_hostname='dbc-df998298-4c7e.cloud.databricks.com' timeout=5.0
2025-06-08 13:39:46,833 - DEBUG - connect_tcp.complete return_value=<httpcore._backends.sync.SyncStream object at 0x105bf3110>
2025-06-08 13:39:46,833 - DEBUG - start_tls.started ssl_context=<ssl.SSLContext object at 0x105ba9250> server_hostname='dbc-df998298-4c7e.cloud.databricks.com' timeout=5.0
2025-06-08 13:39:46,873 - DEBUG - start_tls.complete return_value=<httpcore._backends.sync.SyncStream object at 0x105ba4d60>
2025-06-08 13:39:46,873 - DEBUG - send_request_headers.started request=<Request [b'POST']>
2025-06-08 13:39:46,873 - DEBUG - send_request_headers.complete
2025-06-08 13:39:46,873 - DEBUG - send_request_body.started request=<Request [b'POST']>
2025-06-08 13:39:46,873 - DEBUG - send_request_body.complete
2025-06-08 13:39:46,873 - DEBUG - receive_response_headers.started request=<Request [b'POST']>
2025-06-08 13:39:46,877 - DEBUG - start_tls.complete return_value=<httpcore._backends.sync.SyncStream object at 0x105ba4fc0>
2025-06-08 13:39:46,877 - DEBUG - send_request_headers.started request=<Request [b'POST']>
2025-06-08 13:39:46,877 - DEBUG - send_request_headers.complete
2025-06-08 13:39:46,877 - DEBUG - send_request_body.started request=<Request [b'POST']>
2025-06-08 13:39:46,877 - DEBUG - send_request_body.complete
2025-06-08 13:39:46,877 - DEBUG - receive_response_headers.started request=<Request [b'POST']>
2025-06-08 13:39:46,887 - DEBUG - start_tls.complete return_value=<httpcore._backends.sync.SyncStream object at 0x105bb9c70>
2025-06-08 13:39:46,887 - DEBUG - send_request_headers.started request=<Request [b'POST']>
2025-06-08 13:39:46,887 - DEBUG - send_request_headers.complete
2025-06-08 13:39:46,887 - DEBUG - send_request_body.started request=<Request [b'POST']>
2025-06-08 13:39:46,887 - DEBUG - send_request_body.complete
2025-06-08 13:39:46,887 - DEBUG - receive_response_headers.started request=<Request [b'POST']>
2025-06-08 13:39:51,228 - DEBUG - receive_response_headers.complete return_value=(b'HTTP/1.1', 200, b'OK', [(b'x-amzn-requestid', b'650d890d-11fe-4eea-9188-f8855d658edb'), (b'x-amzn-bedrock-invocation-latency', b'4071'), (b'x-amzn-bedrock-output-token-count', b'205'), (b'x-amzn-bedrock-input-token-count', b'508'), (b'content-type', b'application/json'), (b'date', b'Sun, 8 Jun 2025 20:39:51 GMT'), (b'x-databricks-org-id', b'3416276235813320'), (b'x-request-id', b'f03b70cf-f3f8-42b9-9e89-9cebae96005a'), (b'content-encoding', b'gzip'), (b'vary', b'Accept-Encoding'), (b'strict-transport-security', b'max-age=31536000; includeSubDomains; preload'), (b'x-content-type-options', b'nosniff'), (b'server', b'databricks'), (b'transfer-encoding', b'chunked')])
2025-06-08 13:39:51,228 - DEBUG - receive_response_body.started request=<Request [b'POST']>
2025-06-08 13:39:51,228 - DEBUG - receive_response_body.complete
2025-06-08 13:39:51,229 - DEBUG - response_closed.started
2025-06-08 13:39:51,229 - DEBUG - response_closed.complete
2025-06-08 13:39:51,929 - DEBUG - receive_response_headers.complete return_value=(b'HTTP/1.1', 200, b'OK', [(b'x-amzn-requestid', b'cb4221a2-9b3f-4d98-bbeb-e2568d54f1d5'), (b'x-amzn-bedrock-invocation-latency', b'4828'), (b'x-amzn-bedrock-output-token-count', b'197'), (b'x-amzn-bedrock-input-token-count', b'493'), (b'content-type', b'application/json'), (b'date', b'Sun, 8 Jun 2025 20:39:51 GMT'), (b'x-databricks-org-id', b'3416276235813320'), (b'x-request-id', b'c3359f41-f0ba-4150-b83a-022efef9a094'), (b'content-encoding', b'gzip'), (b'vary', b'Accept-Encoding'), (b'strict-transport-security', b'max-age=31536000; includeSubDomains; preload'), (b'x-content-type-options', b'nosniff'), (b'server', b'databricks'), (b'transfer-encoding', b'chunked')])
2025-06-08 13:39:51,929 - DEBUG - receive_response_body.started request=<Request [b'POST']>
2025-06-08 13:39:51,930 - DEBUG - receive_response_body.complete
2025-06-08 13:39:51,930 - DEBUG - response_closed.started
2025-06-08 13:39:51,930 - DEBUG - response_closed.complete
2025-06-08 13:39:52,381 - DEBUG - receive_response_headers.complete return_value=(b'HTTP/1.1', 200, b'OK', [(b'x-amzn-requestid', b'7d01455a-9d33-438c-acda-2b0cf31b7935'), (b'x-amzn-bedrock-invocation-latency', b'5228'), (b'x-amzn-bedrock-output-token-count', b'267'), (b'x-amzn-bedrock-input-token-count', b'588'), (b'content-type', b'application/json'), (b'date', b'Sun, 8 Jun 2025 20:39:52 GMT'), (b'x-databricks-org-id', b'3416276235813320'), (b'x-request-id', b'bfd60cdf-3a43-4b7a-897f-a7f3be42d3bb'), (b'content-encoding', b'gzip'), (b'vary', b'Accept-Encoding'), (b'strict-transport-security', b'max-age=31536000; includeSubDomains; preload'), (b'x-content-type-options', b'nosniff'), (b'server', b'databricks'), (b'transfer-encoding', b'chunked')])
2025-06-08 13:39:52,382 - DEBUG - receive_response_body.started request=<Request [b'POST']>
2025-06-08 13:39:52,382 - DEBUG - receive_response_body.complete
2025-06-08 13:39:52,382 - DEBUG - response_closed.started
2025-06-08 13:39:52,382 - DEBUG - response_closed.complete
2025-06-08 13:39:52,383 - DEBUG - Using selector: KqueueSelector
2025-06-08 13:40:57,205 - DEBUG - close.started
2025-06-08 13:40:57,206 - DEBUG - close.complete
2025-06-08 13:40:57,206 - DEBUG - close.started
2025-06-08 13:40:57,206 - DEBUG - close.complete
2025-06-08 13:40:57,206 - DEBUG - close.started
2025-06-08 13:40:57,206 - DEBUG - close.complete
