2025-06-04 11:46:50,218 - DEBUG - Logging initialized. Writing to /Users/johnrush/repos/clamp-internal/log/sessions/2025-06-04_11-46-50.log
2025-06-04 11:46:50,219 - DEBUG - Loaded configuration from /Users/johnrush/.chuck_config.json
2025-06-04 11:46:50,225 - DEBUG - Using selector: KqueueSelector
2025-06-04 11:46:51,316 - DEBUG - GET request to: https://dbc-df998298-4c7e.cloud.databricks.com/api/2.1/unity-catalog/tables/chuck_integration_test_8792.bronze.ecommerce_profiles
2025-06-04 11:46:51,326 - DEBUG - Starting new HTTPS connection (1): dbc-df998298-4c7e.cloud.databricks.com:443
2025-06-04 11:46:51,495 - DEBUG - https://dbc-df998298-4c7e.cloud.databricks.com:443 "GET /api/2.1/unity-catalog/tables/chuck_integration_test_8792.bronze.ecommerce_profiles HTTP/1.1" 200 None
2025-06-04 11:46:51,496 - INFO - Applying tag 'given-name' to column 'first_name'
2025-06-04 11:46:51,496 - DEBUG - POST request to: https://dbc-df998298-4c7e.cloud.databricks.com/api/2.0/sql/statements
2025-06-04 11:46:51,498 - DEBUG - Starting new HTTPS connection (1): dbc-df998298-4c7e.cloud.databricks.com:443
2025-06-04 11:46:52,305 - DEBUG - https://dbc-df998298-4c7e.cloud.databricks.com:443 "POST /api/2.0/sql/statements HTTP/1.1" 200 None
2025-06-04 11:46:52,307 - DEBUG - GET request to: https://dbc-df998298-4c7e.cloud.databricks.com/api/2.0/sql/statements/01f04174-475a-1d0f-b2a2-01ddb261d338
2025-06-04 11:46:52,309 - DEBUG - Starting new HTTPS connection (1): dbc-df998298-4c7e.cloud.databricks.com:443
2025-06-04 11:46:52,686 - DEBUG - https://dbc-df998298-4c7e.cloud.databricks.com:443 "GET /api/2.0/sql/statements/01f04174-475a-1d0f-b2a2-01ddb261d338 HTTP/1.1" 200 None
2025-06-04 11:46:52,687 - INFO - Applying tag 'email' to column 'email_address'
2025-06-04 11:46:52,687 - DEBUG - POST request to: https://dbc-df998298-4c7e.cloud.databricks.com/api/2.0/sql/statements
2025-06-04 11:46:52,688 - DEBUG - Starting new HTTPS connection (1): dbc-df998298-4c7e.cloud.databricks.com:443
2025-06-04 11:46:53,329 - DEBUG - https://dbc-df998298-4c7e.cloud.databricks.com:443 "POST /api/2.0/sql/statements HTTP/1.1" 200 None
2025-06-04 11:46:53,331 - DEBUG - GET request to: https://dbc-df998298-4c7e.cloud.databricks.com/api/2.0/sql/statements/01f04174-480a-1047-b8f3-e82921433276
2025-06-04 11:46:53,332 - DEBUG - Starting new HTTPS connection (1): dbc-df998298-4c7e.cloud.databricks.com:443
2025-06-04 11:46:53,636 - DEBUG - https://dbc-df998298-4c7e.cloud.databricks.com:443 "GET /api/2.0/sql/statements/01f04174-480a-1047-b8f3-e82921433276 HTTP/1.1" 200 None
2025-06-04 11:46:53,637 - INFO - Applying tag 'phone' to column 'phone_number'
2025-06-04 11:46:53,637 - DEBUG - POST request to: https://dbc-df998298-4c7e.cloud.databricks.com/api/2.0/sql/statements
2025-06-04 11:46:53,639 - DEBUG - Starting new HTTPS connection (1): dbc-df998298-4c7e.cloud.databricks.com:443
2025-06-04 11:46:54,341 - DEBUG - https://dbc-df998298-4c7e.cloud.databricks.com:443 "POST /api/2.0/sql/statements HTTP/1.1" 200 None
2025-06-04 11:46:54,343 - DEBUG - GET request to: https://dbc-df998298-4c7e.cloud.databricks.com/api/2.0/sql/statements/01f04174-4893-1932-884e-410ccf05f1a6
2025-06-04 11:46:54,345 - DEBUG - Starting new HTTPS connection (1): dbc-df998298-4c7e.cloud.databricks.com:443
2025-06-04 11:46:54,641 - DEBUG - https://dbc-df998298-4c7e.cloud.databricks.com:443 "GET /api/2.0/sql/statements/01f04174-4893-1932-884e-410ccf05f1a6 HTTP/1.1" 200 None
2025-06-04 11:46:54,644 - DEBUG - Using selector: KqueueSelector
