2025-06-05 14:42:42,236 - DEBUG - Logging initialized. Writing to /Users/johnrush/repos/chuck-data/log/sessions/2025-06-05_14-42-42.log
2025-06-05 14:42:42,237 - DEBUG - Loaded configuration from /Users/johnrush/.chuck_config.json
2025-06-05 14:42:42,255 - DEBUG - Using selector: KqueueSelector
2025-06-05 14:42:43,231 - DEBUG - connect_tcp.started host='dbc-df998298-4c7e.cloud.databricks.com' port=443 local_address=None timeout=5.0 socket_options=None
2025-06-05 14:42:43,282 - DEBUG - connect_tcp.complete return_value=<httpcore._backends.sync.SyncStream object at 0x1084fe510>
2025-06-05 14:42:43,283 - DEBUG - start_tls.started ssl_context=<ssl.SSLContext object at 0x108477890> server_hostname='dbc-df998298-4c7e.cloud.databricks.com' timeout=5.0
2025-06-05 14:42:43,320 - DEBUG - start_tls.complete return_value=<httpcore._backends.sync.SyncStream object at 0x108353c50>
2025-06-05 14:42:43,320 - DEBUG - send_request_headers.started request=<Request [b'POST']>
2025-06-05 14:42:43,320 - DEBUG - send_request_headers.complete
2025-06-05 14:42:43,320 - DEBUG - send_request_body.started request=<Request [b'POST']>
2025-06-05 14:42:43,320 - DEBUG - send_request_body.complete
2025-06-05 14:42:43,320 - DEBUG - receive_response_headers.started request=<Request [b'POST']>
2025-06-05 14:42:46,709 - DEBUG - receive_response_headers.complete return_value=(b'HTTP/1.1', 200, b'OK', [(b'x-amzn-requestid', b'b9118cfb-93ff-4a90-a3bf-102e3b35dba9'), (b'x-amzn-bedrock-invocation-latency', b'3075'), (b'x-amzn-bedrock-output-token-count', b'61'), (b'x-amzn-bedrock-input-token-count', b'4148'), (b'content-type', b'application/json'), (b'date', b'Thu, 5 Jun 2025 21:42:46 GMT'), (b'x-databricks-org-id', b'3416276235813320'), (b'x-request-id', b'34775e02-36d4-49d7-a2d8-b6cd147703a1'), (b'content-encoding', b'gzip'), (b'vary', b'Accept-Encoding'), (b'strict-transport-security', b'max-age=31536000; includeSubDomains; preload'), (b'x-content-type-options', b'nosniff'), (b'server', b'databricks'), (b'transfer-encoding', b'chunked')])
2025-06-05 14:42:46,709 - DEBUG - receive_response_body.started request=<Request [b'POST']>
2025-06-05 14:42:46,709 - DEBUG - receive_response_body.complete
2025-06-05 14:42:46,709 - DEBUG - response_closed.started
2025-06-05 14:42:46,709 - DEBUG - response_closed.complete
2025-06-05 14:42:46,712 - DEBUG - Agent attempting to execute tool: list-warehouses with args: {}
2025-06-05 14:42:46,712 - DEBUG - Tool arguments for 'list-warehouses' validated successfully.
2025-06-05 14:42:46,712 - DEBUG - Executing agent tool 'list-warehouses' with handler: handle_command
2025-06-05 14:42:46,712 - DEBUG - GET request to: https://dbc-df998298-4c7e.cloud.databricks.com/api/2.0/sql/warehouses
2025-06-05 14:42:46,714 - DEBUG - Starting new HTTPS connection (1): dbc-df998298-4c7e.cloud.databricks.com:443
2025-06-05 14:42:46,956 - DEBUG - https://dbc-df998298-4c7e.cloud.databricks.com:443 "GET /api/2.0/sql/warehouses HTTP/1.1" 200 None
2025-06-05 14:42:46,957 - DEBUG - Tool 'list-warehouses' executed successfully. Data: {'warehouses': [{'id': '1bfc8803d32a69c3', 'name': 'Perlovsky Chuck Testing', 'size': 'XLARGE', 'state': 'STOPPED', 'creator_name': 'daniel.perlovsky@amperity.com', 'auto_stop_mins': 10, 'enable_serverless_compute': True, 'warehouse_type': 'PRO'}, {'id': '865b9b2dc901775c', 'name': 'Christian Serverless Compute', 'size': 'XLARGE', 'state': 'STOPPED', 'creator_name': 'christian.saffici@amperity.com', 'auto_stop_mins': 10, 'enable_serverless_compute': True, 'warehouse_type': 'PRO'}, {'id': '9b07e1f740586a24', 'name': 'Integration tests', 'size': 'XXSMALL', 'state': 'STOPPED', 'creator_name': 'john.rush@amperity.com', 'auto_stop_mins': 10, 'enable_serverless_compute': True, 'warehouse_type': 'PRO'}, {'id': 'aaa2993b572dcf34', 'name': 'Parker Chuck Testing', 'size': 'XLARGE', 'state': 'STOPPED', 'creator_name': 'jeff.parker@amperity.com', 'auto_stop_mins': 10, 'enable_serverless_compute': True, 'warehouse_type': 'PRO'}, {'id': 'cda9d8187af3f951', 'name': "Carson's Chuck Data", 'size': 'XLARGE', 'state': 'STOPPED', 'creator_name': 'carson.crooks@amperity.com', 'auto_stop_mins': 10, 'enable_serverless_compute': True, 'warehouse_type': 'PRO'}, {'id': 'ed6a5cc30217adf0', 'name': 'Starter Warehouse', 'size': 'SMALL', 'state': 'STOPPED', 'creator_name': 'cary+databricks@amperity.com', 'auto_stop_mins': 60, 'enable_serverless_compute': False, 'warehouse_type': 'PRO'}], 'total_count': 6}
2025-06-05 14:42:46,961 - DEBUG - Using selector: KqueueSelector
2025-06-05 15:07:23,915 - DEBUG - close.started
2025-06-05 15:07:23,916 - DEBUG - close.complete
