2025-05-20 16:36:43,303 - INFO - Processing category: Authentication & Workspace
2025-05-20 16:36:43,303 - INFO - Command list: ['select_workspace', 'set_token', 'status', 'amp_login', 'amp_logout']
2025-05-20 16:36:43,303 - INFO - command: CommandDefinition(name='select_workspace', description='Set the Databricks workspace URL', handler=<function handle_workspace_selection at 0x1023fa3e0>, parameters={'workspace_url': {'type': 'string', 'description': 'URL of the Databricks workspace (e.g., my-workspace.cloud.databricks.com)'}}, required_params=['workspace_url'], needs_api_client=True, visible_to_user=True, visible_to_agent=False, tui_aliases=['/select_workspace'], output_formatter=None) cmd_name: select_workspace
2025-05-20 16:36:43,303 - INFO - Formatted command: /select_workspace <url>        - Set the Databricks workspace URL
2025-05-20 16:36:43,304 - INFO - command: CommandDefinition(name='set_token', description='Save your Databricks API token to configuration', handler=<function handle_set_token at 0x1023fac00>, parameters={'token': {'type': 'string', 'description': 'Databricks API token to save'}}, required_params=['token'], needs_api_client=True, visible_to_user=True, visible_to_agent=False, tui_aliases=['/set_token'], output_formatter=None) cmd_name: set_token
2025-05-20 16:36:43,304 - INFO - Formatted command: /set_token <token>             - Save your Databricks API token to configuration
2025-05-20 16:36:43,304 - INFO - command: CommandDefinition(name='status', description='Show current status of workspace, catalog, schema, model, and API permissions', handler=<function handle_status at 0x1023fade0>, parameters={}, required_params=[], needs_api_client=True, visible_to_user=True, visible_to_agent=True, tui_aliases=['/status', '/auth', '/connect'], output_formatter=None) cmd_name: status
2025-05-20 16:36:43,304 - INFO - Formatted command: /status                        - Show current status of workspace, catalog, schema, model, and API permissions
2025-05-20 16:36:43,304 - INFO - command: CommandDefinition(name='amp_login', description='Login to Amperity', handler=<function handle_amp_login at 0x1023faac0>, parameters={}, required_params=[], needs_api_client=True, visible_to_user=True, visible_to_agent=False, tui_aliases=['/amp_login'], output_formatter=None) cmd_name: amp_login
2025-05-20 16:36:43,304 - INFO - Formatted command: /amp_login                     - Login to Amperity
2025-05-20 16:36:43,304 - INFO - command: CommandDefinition(name='amp_logout', description='Logout from Amperity', handler=<function handle_amp_logout at 0x1023fab60>, parameters={}, required_params=[], needs_api_client=True, visible_to_user=True, visible_to_agent=False, tui_aliases=['/amp_logout'], output_formatter=None) cmd_name: amp_logout
2025-05-20 16:36:43,304 - INFO - Formatted command: /amp_logout                    - Logout from Amperity
2025-05-20 16:36:43,304 - INFO - Processing category: Browsing Data
2025-05-20 16:36:43,304 - INFO - Command list: ['catalogs', 'list_models', 'schemas', 'tables', 'show_table']
2025-05-20 16:36:43,304 - INFO - command: CommandDefinition(name='list_models', description='List available language models in the Databricks workspace', handler=<function handle_models at 0x10088d1c0>, parameters={}, required_params=[], needs_api_client=True, visible_to_user=True, visible_to_agent=True, tui_aliases=['/models'], output_formatter=None) cmd_name: list_models
2025-05-20 16:36:43,304 - INFO - Formatted command: /models                        - List available language models in the Databricks workspace
2025-05-20 16:36:43,304 - INFO - Processing category: Resource Selection
2025-05-20 16:36:43,304 - INFO - Command list: ['select_catalog', 'select_schema', 'select_model', 'select_warehouse']
2025-05-20 16:36:43,304 - INFO - command: CommandDefinition(name='select_model', description='Set the active model for agent operations', handler=<function handle_model_selection at 0x1023f9e40>, parameters={'model_name': {'type': 'string', 'description': 'Name of the model to set as active'}}, required_params=['model_name'], needs_api_client=True, visible_to_user=True, visible_to_agent=True, tui_aliases=['/select_model'], output_formatter=None) cmd_name: select_model
2025-05-20 16:36:43,304 - INFO - Formatted command: /select_model <name>           - Set the active model for agent operations
2025-05-20 16:36:43,304 - INFO - Processing category: Agent & AI Tools
2025-05-20 16:36:43,304 - INFO - Command list: ['tag_pii', 'scan_pii']
2025-05-20 16:36:43,304 - INFO - Processing category: Storage & Files
2025-05-20 16:36:43,304 - INFO - Command list: ['volumes', 'create_volume']
2025-05-20 16:36:43,304 - INFO - command: CommandDefinition(name='create_volume', description='Create a new managed volume in the active catalog/schema', handler=<function handle_create_volume at 0x1023fa8e0>, parameters={'name': {'type': 'string', 'description': 'Name of the volume to create'}}, required_params=['name'], needs_api_client=True, visible_to_user=True, visible_to_agent=True, tui_aliases=['/create_volume'], output_formatter=None) cmd_name: create_volume
2025-05-20 16:36:43,304 - INFO - Formatted command: /create_volume <name>          - Create a new managed volume in the active catalog/schema
2025-05-20 16:36:43,304 - INFO - Processing category: Jobs & Integration
2025-05-20 16:36:43,304 - INFO - Command list: ['launch_job', 'job_status', 'setup_stitch']
2025-05-20 16:36:43,304 - INFO - command: CommandDefinition(name='launch_job', description='Launch a sample Databricks job', handler=<function handle_launch_job at 0x1023fa480>, parameters={'run_name': {'type': 'string', 'description': 'Optional name for the job run'}}, required_params=[], needs_api_client=True, visible_to_user=True, visible_to_agent=True, tui_aliases=['/launch_job'], output_formatter=None) cmd_name: launch_job
2025-05-20 16:36:43,304 - INFO - Formatted command: /launch_job <run_name>         - Launch a sample Databricks job
2025-05-20 16:36:43,304 - INFO - command: CommandDefinition(name='job_status', description='Check status of a job run', handler=<function handle_job_status at 0x1023fa520>, parameters={'run_id': {'type': 'string', 'description': 'ID of the job run to check'}}, required_params=['run_id'], needs_api_client=True, visible_to_user=True, visible_to_agent=True, tui_aliases=['/job_status'], output_formatter=None) cmd_name: job_status
2025-05-20 16:36:43,304 - INFO - Formatted command: /job_status <run_id>           - Check status of a job run
2025-05-20 16:36:43,305 - INFO - command: CommandDefinition(name='setup_stitch', description='Set up a Stitch integration by scanning for PII columns and creating a configuration file', handler=<function handle_setup_stitch at 0x1023faa20>, parameters={'catalog_name': {'type': 'string', 'description': 'Optional: Name of the catalog. If not provided, uses the active catalog'}, 'schema_name': {'type': 'string', 'description': 'Optional: Name of the schema. If not provided, uses the active schema'}}, required_params=[], needs_api_client=True, visible_to_user=True, visible_to_agent=True, tui_aliases=['/setup_stitch'], output_formatter=None) cmd_name: setup_stitch
2025-05-20 16:36:43,305 - INFO - Formatted command: /setup_stitch                  - Set up a Stitch integration by scanning for PII columns and creating a configuration file
2025-05-20 16:36:43,305 - INFO - Processing category: System
2025-05-20 16:36:43,305 - INFO - Command list: ['help', 'debug', 'exit']
2025-05-20 16:36:43,305 - INFO - command: CommandDefinition(name='help', description='Display help information about available commands', handler=<function handle_help at 0x1023fa700>, parameters={}, required_params=[], needs_api_client=True, visible_to_user=True, visible_to_agent=True, tui_aliases=['/help'], output_formatter=None) cmd_name: help
2025-05-20 16:36:43,305 - INFO - Formatted command: /help                          - Display help information about available commands
