2025-06-06 22:12:18,507 - DEBUG - Logging initialized. Writing to /Users/johnrush/repos/chuck-data/log/sessions/2025-06-06_22-12-18.log
2025-06-06 22:12:18,508 - DEBUG - Loaded configuration from /Users/johnrush/.chuck_config.json
2025-06-06 22:12:18,523 - DEBUG - Using selector: KqueueSelector
2025-06-06 22:12:21,103 - DEBUG - connect_tcp.started host='dbc-df998298-4c7e.cloud.databricks.com' port=443 local_address=None timeout=5.0 socket_options=None
2025-06-06 22:12:21,160 - DEBUG - connect_tcp.complete return_value=<httpcore._backends.sync.SyncStream object at 0x10a4770e0>
2025-06-06 22:12:21,160 - DEBUG - start_tls.started ssl_context=<ssl.SSLContext object at 0x10a460e60> server_hostname='dbc-df998298-4c7e.cloud.databricks.com' timeout=5.0
2025-06-06 22:12:21,209 - DEBUG - start_tls.complete return_value=<httpcore._backends.sync.SyncStream object at 0x10a4b0190>
2025-06-06 22:12:21,209 - DEBUG - send_request_headers.started request=<Request [b'POST']>
2025-06-06 22:12:21,209 - DEBUG - send_request_headers.complete
2025-06-06 22:12:21,209 - DEBUG - send_request_body.started request=<Request [b'POST']>
2025-06-06 22:12:21,209 - DEBUG - send_request_body.complete
2025-06-06 22:12:21,209 - DEBUG - receive_response_headers.started request=<Request [b'POST']>
2025-06-06 22:12:27,289 - DEBUG - receive_response_headers.complete return_value=(b'HTTP/1.1', 200, b'OK', [(b'content-type', b'application/json; charset=utf-8'), (b'server', b'databricks'), (b'date', b'Sat, 7 Jun 2025 05:12:27 GMT'), (b'x-databricks-org-id', b'3416276235813320'), (b'x-request-id', b'66e95129-897a-47df-b625-d1cdf2fe28ec'), (b'content-encoding', b'gzip'), (b'vary', b'Accept-Encoding'), (b'strict-transport-security', b'max-age=31536000; includeSubDomains; preload'), (b'x-content-type-options', b'nosniff'), (b'transfer-encoding', b'chunked')])
2025-06-06 22:12:27,290 - DEBUG - receive_response_body.started request=<Request [b'POST']>
2025-06-06 22:12:27,291 - DEBUG - receive_response_body.complete
2025-06-06 22:12:27,291 - DEBUG - response_closed.started
2025-06-06 22:12:27,291 - DEBUG - response_closed.complete
2025-06-06 22:12:27,295 - DEBUG - Agent attempting to execute tool: scan-schema-for-pii with args: {'catalog_name': 'john_test', 'schema_name': 'bronze', 'show_progress': True}
2025-06-06 22:12:27,297 - DEBUG - Tool arguments for 'scan-schema-for-pii' validated successfully.
2025-06-06 22:12:27,297 - DEBUG - Executing agent tool 'scan-schema-for-pii' with handler: handle_command
2025-06-06 22:12:27,297 - DEBUG - GET request with params to: https://dbc-df998298-4c7e.cloud.databricks.com/api/2.1/unity-catalog/tables
2025-06-06 22:12:27,301 - DEBUG - Starting new HTTPS connection (1): dbc-df998298-4c7e.cloud.databricks.com:443
2025-06-06 22:12:27,506 - DEBUG - https://dbc-df998298-4c7e.cloud.databricks.com:443 "GET /api/2.1/unity-catalog/tables?catalog_name=john_test&schema_name=bronze&omit_columns=true HTTP/1.1" 200 None
2025-06-06 22:12:27,508 - INFO - Starting PII Scan for 3 tables in john_test.bronze.
2025-06-06 22:12:27,509 - DEBUG - GET request to: https://dbc-df998298-4c7e.cloud.databricks.com/api/2.1/unity-catalog/tables/john_test.bronze.ecommerce_profiles
2025-06-06 22:12:27,509 - DEBUG - GET request to: https://dbc-df998298-4c7e.cloud.databricks.com/api/2.1/unity-catalog/tables/john_test.bronze.loyalty_member
2025-06-06 22:12:27,511 - DEBUG - GET request to: https://dbc-df998298-4c7e.cloud.databricks.com/api/2.1/unity-catalog/tables/john_test.bronze.pos_customer
2025-06-06 22:12:27,511 - DEBUG - Starting new HTTPS connection (1): dbc-df998298-4c7e.cloud.databricks.com:443
2025-06-06 22:12:27,511 - DEBUG - Starting new HTTPS connection (1): dbc-df998298-4c7e.cloud.databricks.com:443
2025-06-06 22:12:27,512 - DEBUG - Starting new HTTPS connection (1): dbc-df998298-4c7e.cloud.databricks.com:443
2025-06-06 22:12:27,658 - DEBUG - https://dbc-df998298-4c7e.cloud.databricks.com:443 "GET /api/2.1/unity-catalog/tables/john_test.bronze.pos_customer HTTP/1.1" 200 None
2025-06-06 22:12:27,660 - DEBUG - https://dbc-df998298-4c7e.cloud.databricks.com:443 "GET /api/2.1/unity-catalog/tables/john_test.bronze.ecommerce_profiles HTTP/1.1" 200 None
2025-06-06 22:12:27,665 - DEBUG - https://dbc-df998298-4c7e.cloud.databricks.com:443 "GET /api/2.1/unity-catalog/tables/john_test.bronze.loyalty_member HTTP/1.1" 200 None
2025-06-06 22:12:27,667 - DEBUG - connect_tcp.started host='dbc-df998298-4c7e.cloud.databricks.com' port=443 local_address=None timeout=5.0 socket_options=None
2025-06-06 22:12:27,668 - DEBUG - connect_tcp.started host='dbc-df998298-4c7e.cloud.databricks.com' port=443 local_address=None timeout=5.0 socket_options=None
2025-06-06 22:12:27,675 - DEBUG - connect_tcp.started host='dbc-df998298-4c7e.cloud.databricks.com' port=443 local_address=None timeout=5.0 socket_options=None
2025-06-06 22:12:27,691 - DEBUG - connect_tcp.complete return_value=<httpcore._backends.sync.SyncStream object at 0x10a4b1bd0>
2025-06-06 22:12:27,691 - DEBUG - start_tls.started ssl_context=<ssl.SSLContext object at 0x10a461760> server_hostname='dbc-df998298-4c7e.cloud.databricks.com' timeout=5.0
2025-06-06 22:12:27,696 - DEBUG - connect_tcp.complete return_value=<httpcore._backends.sync.SyncStream object at 0x10a729810>
2025-06-06 22:12:27,696 - DEBUG - start_tls.started ssl_context=<ssl.SSLContext object at 0x10a461520> server_hostname='dbc-df998298-4c7e.cloud.databricks.com' timeout=5.0
2025-06-06 22:12:27,702 - DEBUG - connect_tcp.complete return_value=<httpcore._backends.sync.SyncStream object at 0x10a729940>
2025-06-06 22:12:27,702 - DEBUG - start_tls.started ssl_context=<ssl.SSLContext object at 0x10a461910> server_hostname='dbc-df998298-4c7e.cloud.databricks.com' timeout=5.0
2025-06-06 22:12:27,738 - DEBUG - start_tls.complete return_value=<httpcore._backends.sync.SyncStream object at 0x10a489910>
2025-06-06 22:12:27,738 - DEBUG - send_request_headers.started request=<Request [b'POST']>
2025-06-06 22:12:27,738 - DEBUG - send_request_headers.complete
2025-06-06 22:12:27,738 - DEBUG - send_request_body.started request=<Request [b'POST']>
2025-06-06 22:12:27,738 - DEBUG - send_request_body.complete
2025-06-06 22:12:27,738 - DEBUG - receive_response_headers.started request=<Request [b'POST']>
2025-06-06 22:12:27,749 - DEBUG - start_tls.complete return_value=<httpcore._backends.sync.SyncStream object at 0x10a498f30>
2025-06-06 22:12:27,749 - DEBUG - send_request_headers.started request=<Request [b'POST']>
2025-06-06 22:12:27,749 - DEBUG - send_request_headers.complete
2025-06-06 22:12:27,749 - DEBUG - send_request_body.started request=<Request [b'POST']>
2025-06-06 22:12:27,749 - DEBUG - send_request_body.complete
2025-06-06 22:12:27,749 - DEBUG - receive_response_headers.started request=<Request [b'POST']>
2025-06-06 22:12:27,755 - DEBUG - start_tls.complete return_value=<httpcore._backends.sync.SyncStream object at 0x10a4985a0>
2025-06-06 22:12:27,755 - DEBUG - send_request_headers.started request=<Request [b'POST']>
2025-06-06 22:12:27,755 - DEBUG - send_request_headers.complete
2025-06-06 22:12:27,755 - DEBUG - send_request_body.started request=<Request [b'POST']>
2025-06-06 22:12:27,756 - DEBUG - send_request_body.complete
2025-06-06 22:12:27,756 - DEBUG - receive_response_headers.started request=<Request [b'POST']>
2025-06-06 22:12:29,979 - DEBUG - receive_response_headers.complete return_value=(b'HTTP/1.1', 200, b'OK', [(b'content-type', b'application/json; charset=utf-8'), (b'server', b'databricks'), (b'date', b'Sat, 7 Jun 2025 05:12:29 GMT'), (b'x-databricks-org-id', b'3416276235813320'), (b'x-request-id', b'1fe1232c-0b8c-45df-8033-66c0f8390f01'), (b'content-encoding', b'gzip'), (b'vary', b'Accept-Encoding'), (b'strict-transport-security', b'max-age=31536000; includeSubDomains; preload'), (b'x-content-type-options', b'nosniff'), (b'transfer-encoding', b'chunked')])
2025-06-06 22:12:29,979 - DEBUG - receive_response_body.started request=<Request [b'POST']>
2025-06-06 22:12:29,979 - DEBUG - receive_response_body.complete
2025-06-06 22:12:29,979 - DEBUG - response_closed.started
2025-06-06 22:12:29,979 - DEBUG - response_closed.complete
2025-06-06 22:12:30,249 - DEBUG - receive_response_headers.complete return_value=(b'HTTP/1.1', 200, b'OK', [(b'content-type', b'application/json; charset=utf-8'), (b'server', b'databricks'), (b'date', b'Sat, 7 Jun 2025 05:12:30 GMT'), (b'x-databricks-org-id', b'3416276235813320'), (b'x-request-id', b'46e54da1-1e15-41fd-b1e7-74e8df1a651b'), (b'content-encoding', b'gzip'), (b'vary', b'Accept-Encoding'), (b'strict-transport-security', b'max-age=31536000; includeSubDomains; preload'), (b'x-content-type-options', b'nosniff'), (b'transfer-encoding', b'chunked')])
2025-06-06 22:12:30,249 - DEBUG - receive_response_body.started request=<Request [b'POST']>
2025-06-06 22:12:30,249 - DEBUG - receive_response_body.complete
2025-06-06 22:12:30,249 - DEBUG - response_closed.started
2025-06-06 22:12:30,249 - DEBUG - response_closed.complete
2025-06-06 22:12:30,703 - DEBUG - receive_response_headers.complete return_value=(b'HTTP/1.1', 200, b'OK', [(b'content-type', b'application/json; charset=utf-8'), (b'server', b'databricks'), (b'date', b'Sat, 7 Jun 2025 05:12:30 GMT'), (b'x-databricks-org-id', b'3416276235813320'), (b'x-request-id', b'69cd3b64-70cb-4efd-8928-01cece15fbd8'), (b'content-encoding', b'gzip'), (b'vary', b'Accept-Encoding'), (b'strict-transport-security', b'max-age=31536000; includeSubDomains; preload'), (b'x-content-type-options', b'nosniff'), (b'transfer-encoding', b'chunked')])
2025-06-06 22:12:30,703 - DEBUG - receive_response_body.started request=<Request [b'POST']>
2025-06-06 22:12:30,704 - DEBUG - receive_response_body.complete
2025-06-06 22:12:30,704 - DEBUG - response_closed.started
2025-06-06 22:12:30,704 - DEBUG - response_closed.complete
2025-06-06 22:12:30,704 - DEBUG - Tool 'scan-schema-for-pii' executed successfully. Data: {'catalog': 'john_test', 'schema': 'bronze', 'tables_scanned_attempted': 3, 'tables_successfully_processed': 3, 'tables_with_pii': 3, 'total_pii_columns': 33, 'results_detail': [{'table_name': 'ecommerce_profiles', 'full_name': 'john_test.bronze.ecommerce_profiles', 'column_count': 12, 'pii_column_count': 11, 'has_pii': True, 'columns': [{'name': 'system_id', 'type': 'STRING', 'semantic': None}, {'name': 'last_updated', 'type': 'TIMESTAMP', 'semantic': 'update-dt'}, {'name': 'first_name', 'type': 'STRING', 'semantic': 'given-name'}, {'name': 'last_name', 'type': 'STRING', 'semantic': 'surname'}, {'name': 'email_address', 'type': 'STRING', 'semantic': 'email'}, {'name': 'phone_number', 'type': 'STRING', 'semantic': 'phone'}, {'name': 'address_line_1', 'type': 'STRING', 'semantic': 'address'}, {'name': 'city', 'type': 'STRING', 'semantic': 'city'}, {'name': 'state', 'type': 'STRING', 'semantic': 'state'}, {'name': 'zip_code', 'type': 'STRING', 'semantic': 'postal'}, {'name': 'gender', 'type': 'STRING', 'semantic': 'gender'}, {'name': 'birthdate', 'type': 'DATE', 'semantic': 'birthdate'}], 'pii_columns': [{'name': 'last_updated', 'type': 'TIMESTAMP', 'semantic': 'update-dt'}, {'name': 'first_name', 'type': 'STRING', 'semantic': 'given-name'}, {'name': 'last_name', 'type': 'STRING', 'semantic': 'surname'}, {'name': 'email_address', 'type': 'STRING', 'semantic': 'email'}, {'name': 'phone_number', 'type': 'STRING', 'semantic': 'phone'}, {'name': 'address_line_1', 'type': 'STRING', 'semantic': 'address'}, {'name': 'city', 'type': 'STRING', 'semantic': 'city'}, {'name': 'state', 'type': 'STRING', 'semantic': 'state'}, {'name': 'zip_code', 'type': 'STRING', 'semantic': 'postal'}, {'name': 'gender', 'type': 'STRING', 'semantic': 'gender'}, {'name': 'birthdate', 'type': 'DATE', 'semantic': 'birthdate'}], 'skipped': False}, {'table_name': 'loyalty_member', 'full_name': 'john_test.bronze.loyalty_member', 'column_count': 15, 'pii_column_count': 11, 'has_pii': True, 'columns': [{'name': 'customer_id', 'type': 'STRING', 'semantic': None}, {'name': 'dtUpdateDate', 'type': 'TIMESTAMP', 'semantic': 'update-dt'}, {'name': 'cus_first', 'type': 'STRING', 'semantic': 'given-name'}, {'name': 'cus_last', 'type': 'STRING', 'semantic': 'surname'}, {'name': 'cus_email', 'type': 'STRING', 'semantic': 'email'}, {'name': 'cus_phone', 'type': 'STRING', 'semantic': 'phone'}, {'name': 'cus_addr1', 'type': 'STRING', 'semantic': 'address'}, {'name': 'cus_city', 'type': 'STRING', 'semantic': 'city'}, {'name': 'cus_state', 'type': 'STRING', 'semantic': 'state'}, {'name': 'cus_zip', 'type': 'STRING', 'semantic': 'postal'}, {'name': 'cus_gender', 'type': 'STRING', 'semantic': 'gender'}, {'name': 'loyalty_opt_in_date', 'type': 'DATE', 'semantic': None}, {'name': 'loyalty_opt_out_date', 'type': 'DATE', 'semantic': None}, {'name': 'cus_birthdt', 'type': 'DATE', 'semantic': 'birthdate'}, {'name': 'loyalty_program', 'type': 'STRING', 'semantic': None}], 'pii_columns': [{'name': 'dtUpdateDate', 'type': 'TIMESTAMP', 'semantic': 'update-dt'}, {'name': 'cus_first', 'type': 'STRING', 'semantic': 'given-name'}, {'name': 'cus_last', 'type': 'STRING', 'semantic': 'surname'}, {'name': 'cus_email', 'type': 'STRING', 'semantic': 'email'}, {'name': 'cus_phone', 'type': 'STRING', 'semantic': 'phone'}, {'name': 'cus_addr1', 'type': 'STRING', 'semantic': 'address'}, {'name': 'cus_city', 'type': 'STRING', 'semantic': 'city'}, {'name': 'cus_state', 'type': 'STRING', 'semantic': 'state'}, {'name': 'cus_zip', 'type': 'STRING', 'semantic': 'postal'}, {'name': 'cus_gender', 'type': 'STRING', 'semantic': 'gender'}, {'name': 'cus_birthdt', 'type': 'DATE', 'semantic': 'birthdate'}], 'skipped': False}, {'table_name': 'pos_customer', 'full_name': 'john_test.bronze.pos_customer', 'column_count': 13, 'pii_column_count': 11, 'has_pii': True, 'columns': [{'name': 'pos_id', 'type': 'STRING', 'semantic': None}, {'name': 'last_updated', 'type': 'TIMESTAMP', 'semantic': 'update-dt'}, {'name': 'fname', 'type': 'STRING', 'semantic': 'given-name'}, {'name': 'lname', 'type': 'STRING', 'semantic': 'surname'}, {'name': 'email', 'type': 'STRING', 'semantic': 'email'}, {'name': 'phone_nbr', 'type': 'STRING', 'semantic': 'phone'}, {'name': 'address_line_1', 'type': 'STRING', 'semantic': 'address'}, {'name': 'city', 'type': 'STRING', 'semantic': 'city'}, {'name': 'state', 'type': 'STRING', 'semantic': 'state'}, {'name': 'postal', 'type': 'STRING', 'semantic': 'postal'}, {'name': 'gender', 'type': 'STRING', 'semantic': 'gender'}, {'name': 'brand', 'type': 'STRING', 'semantic': None}, {'name': 'birth_date', 'type': 'DATE', 'semantic': 'birthdate'}], 'pii_columns': [{'name': 'last_updated', 'type': 'TIMESTAMP', 'semantic': 'update-dt'}, {'name': 'fname', 'type': 'STRING', 'semantic': 'given-name'}, {'name': 'lname', 'type': 'STRING', 'semantic': 'surname'}, {'name': 'email', 'type': 'STRING', 'semantic': 'email'}, {'name': 'phone_nbr', 'type': 'STRING', 'semantic': 'phone'}, {'name': 'address_line_1', 'type': 'STRING', 'semantic': 'address'}, {'name': 'city', 'type': 'STRING', 'semantic': 'city'}, {'name': 'state', 'type': 'STRING', 'semantic': 'state'}, {'name': 'postal', 'type': 'STRING', 'semantic': 'postal'}, {'name': 'gender', 'type': 'STRING', 'semantic': 'gender'}, {'name': 'birth_date', 'type': 'DATE', 'semantic': 'birthdate'}], 'skipped': False}]}
2025-06-06 22:12:30,726 - DEBUG - connect_tcp.started host='dbc-df998298-4c7e.cloud.databricks.com' port=443 local_address=None timeout=5.0 socket_options=None
2025-06-06 22:12:30,752 - DEBUG - connect_tcp.complete return_value=<httpcore._backends.sync.SyncStream object at 0x10a768050>
2025-06-06 22:12:30,752 - DEBUG - start_tls.started ssl_context=<ssl.SSLContext object at 0x10a461b50> server_hostname='dbc-df998298-4c7e.cloud.databricks.com' timeout=5.0
2025-06-06 22:12:30,801 - DEBUG - start_tls.complete return_value=<httpcore._backends.sync.SyncStream object at 0x10a768150>
2025-06-06 22:12:30,801 - DEBUG - send_request_headers.started request=<Request [b'POST']>
2025-06-06 22:12:30,801 - DEBUG - send_request_headers.complete
2025-06-06 22:12:30,801 - DEBUG - send_request_body.started request=<Request [b'POST']>
2025-06-06 22:12:30,801 - DEBUG - send_request_body.complete
2025-06-06 22:12:30,801 - DEBUG - receive_response_headers.started request=<Request [b'POST']>
2025-06-06 22:12:38,236 - DEBUG - receive_response_headers.complete return_value=(b'HTTP/1.1', 200, b'OK', [(b'content-type', b'application/json; charset=utf-8'), (b'server', b'databricks'), (b'date', b'Sat, 7 Jun 2025 05:12:38 GMT'), (b'x-databricks-org-id', b'3416276235813320'), (b'x-request-id', b'c7f806a1-ba0b-4774-a523-04c03e746d6a'), (b'content-encoding', b'gzip'), (b'vary', b'Accept-Encoding'), (b'strict-transport-security', b'max-age=31536000; includeSubDomains; preload'), (b'x-content-type-options', b'nosniff'), (b'transfer-encoding', b'chunked')])
2025-06-06 22:12:38,236 - DEBUG - receive_response_body.started request=<Request [b'POST']>
2025-06-06 22:12:38,237 - DEBUG - receive_response_body.complete
2025-06-06 22:12:38,237 - DEBUG - response_closed.started
2025-06-06 22:12:38,237 - DEBUG - response_closed.complete
2025-06-06 22:12:38,237 - DEBUG - Sending metric: {"event": "USAGE", "configuration": {"workspace_url": "https://dbc-df998298-4c7e.cloud.databricks.co...
2025-06-06 22:12:38,238 - DEBUG - Starting new HTTPS connection (1): chuck.amperity.com:443
2025-06-06 22:12:38,776 - DEBUG - https://chuck.amperity.com:443 "POST /api/usage HTTP/1.1" 204 0
2025-06-06 22:12:38,777 - DEBUG - Failed to send metrics: 204 - 
2025-06-06 22:12:38,778 - DEBUG - Using selector: KqueueSelector
2025-06-06 22:12:40,858 - DEBUG - close.started
2025-06-06 22:12:40,858 - DEBUG - close.complete
2025-06-06 22:46:28,140 - DEBUG - close.started
2025-06-06 22:46:28,141 - DEBUG - close.complete
2025-06-06 22:46:28,141 - DEBUG - close.started
2025-06-06 22:46:28,141 - DEBUG - close.complete
2025-06-06 22:46:28,141 - DEBUG - close.started
2025-06-06 22:46:28,142 - DEBUG - close.complete
2025-06-06 22:46:28,142 - DEBUG - close.started
2025-06-06 22:46:28,142 - DEBUG - close.complete
