2025-06-06 02:22:37,047 - DEBUG - Logging initialized. Writing to /Users/johnrush/repos/chuck-data/log/sessions/2025-06-06_02-22-37.log
2025-06-06 02:22:37,049 - DEBUG - Loaded configuration from /Users/johnrush/.chuck_config.json
2025-06-06 02:22:37,070 - DEBUG - Using selector: KqueueSelector
2025-06-06 02:22:40,700 - DEBUG - connect_tcp.started host='dbc-df998298-4c7e.cloud.databricks.com' port=443 local_address=None timeout=5.0 socket_options=None
2025-06-06 02:22:40,798 - DEBUG - connect_tcp.complete return_value=<httpcore._backends.sync.SyncStream object at 0x110d1af90>
2025-06-06 02:22:40,798 - DEBUG - start_tls.started ssl_context=<ssl.SSLContext object at 0x110897770> server_hostname='dbc-df998298-4c7e.cloud.databricks.com' timeout=5.0
2025-06-06 02:22:40,853 - DEBUG - start_tls.complete return_value=<httpcore._backends.sync.SyncStream object at 0x11075b9d0>
2025-06-06 02:22:40,853 - DEBUG - send_request_headers.started request=<Request [b'POST']>
2025-06-06 02:22:40,854 - DEBUG - send_request_headers.complete
2025-06-06 02:22:40,854 - DEBUG - send_request_body.started request=<Request [b'POST']>
2025-06-06 02:22:40,854 - DEBUG - send_request_body.complete
2025-06-06 02:22:40,854 - DEBUG - receive_response_headers.started request=<Request [b'POST']>
2025-06-06 02:22:47,563 - DEBUG - receive_response_headers.complete return_value=(b'HTTP/1.1', 200, b'OK', [(b'content-type', b'application/json; charset=utf-8'), (b'server', b'databricks'), (b'date', b'Fri, 6 Jun 2025 09:22:47 GMT'), (b'x-databricks-org-id', b'3416276235813320'), (b'x-request-id', b'994a702f-25c5-48e0-8272-1fc1b56c3f7c'), (b'content-encoding', b'gzip'), (b'vary', b'Accept-Encoding'), (b'strict-transport-security', b'max-age=31536000; includeSubDomains; preload'), (b'x-content-type-options', b'nosniff'), (b'transfer-encoding', b'chunked')])
2025-06-06 02:22:47,564 - DEBUG - receive_response_body.started request=<Request [b'POST']>
2025-06-06 02:22:47,565 - DEBUG - receive_response_body.complete
2025-06-06 02:22:47,565 - DEBUG - response_closed.started
2025-06-06 02:22:47,565 - DEBUG - response_closed.complete
2025-06-06 02:22:47,569 - DEBUG - Sending metric: {"event": "USAGE", "configuration": {"workspace_url": "https://dbc-df998298-4c7e.cloud.databricks.co...
2025-06-06 02:22:47,573 - DEBUG - Starting new HTTPS connection (1): chuck.amperity.com:443
2025-06-06 02:22:48,118 - DEBUG - https://chuck.amperity.com:443 "POST /api/usage HTTP/1.1" 204 0
2025-06-06 02:22:48,119 - DEBUG - Failed to send metrics: 204 - 
2025-06-06 02:22:48,123 - DEBUG - Using selector: KqueueSelector
