2025-06-06 21:20:38,483 - DEBUG - Logging initialized. Writing to /Users/johnrush/repos/chuck-data/log/sessions/2025-06-06_21-20-38.log
2025-06-06 21:20:38,485 - DEBUG - Loaded configuration from /Users/johnrush/.chuck_config.json
2025-06-06 21:20:38,504 - DEBUG - Using selector: KqueueSelector
2025-06-06 21:20:42,655 - DEBUG - GET request to: https://dbc-df998298-4c7e.cloud.databricks.com/api/2.0/preview/scim/v2/Me
2025-06-06 21:20:42,661 - DEBUG - Starting new HTTPS connection (1): dbc-df998298-4c7e.cloud.databricks.com:443
2025-06-06 21:20:43,039 - DEBUG - https://dbc-df998298-4c7e.cloud.databricks.com:443 "GET /api/2.0/preview/scim/v2/Me HTTP/1.1" 200 None
2025-06-06 21:20:43,040 - DEBUG - GET request to: https://dbc-df998298-4c7e.cloud.databricks.com/api/2.1/unity-catalog/catalogs?max_results=1
2025-06-06 21:20:43,041 - DEBUG - Starting new HTTPS connection (1): dbc-df998298-4c7e.cloud.databricks.com:443
2025-06-06 21:20:43,245 - DEBUG - https://dbc-df998298-4c7e.cloud.databricks.com:443 "GET /api/2.1/unity-catalog/catalogs?max_results=1 HTTP/1.1" 200 None
2025-06-06 21:20:43,246 - DEBUG - GET request to: https://dbc-df998298-4c7e.cloud.databricks.com/api/2.0/sql/warehouses?page_size=1
2025-06-06 21:20:43,247 - DEBUG - Starting new HTTPS connection (1): dbc-df998298-4c7e.cloud.databricks.com:443
2025-06-06 21:20:43,414 - DEBUG - https://dbc-df998298-4c7e.cloud.databricks.com:443 "GET /api/2.0/sql/warehouses?page_size=1 HTTP/1.1" 200 None
2025-06-06 21:20:43,415 - DEBUG - GET request to: https://dbc-df998298-4c7e.cloud.databricks.com/api/2.1/jobs/list?limit=1
2025-06-06 21:20:43,416 - DEBUG - Starting new HTTPS connection (1): dbc-df998298-4c7e.cloud.databricks.com:443
2025-06-06 21:20:43,729 - DEBUG - https://dbc-df998298-4c7e.cloud.databricks.com:443 "GET /api/2.1/jobs/list?limit=1 HTTP/1.1" 200 None
2025-06-06 21:20:43,730 - DEBUG - GET request to: https://dbc-df998298-4c7e.cloud.databricks.com/api/2.0/mlflow/registered-models/list?max_results=1
2025-06-06 21:20:43,732 - DEBUG - Starting new HTTPS connection (1): dbc-df998298-4c7e.cloud.databricks.com:443
2025-06-06 21:20:43,870 - DEBUG - https://dbc-df998298-4c7e.cloud.databricks.com:443 "GET /api/2.0/mlflow/registered-models/list?max_results=1 HTTP/1.1" 200 2
2025-06-06 21:20:43,871 - DEBUG - GET request to: https://dbc-df998298-4c7e.cloud.databricks.com/api/2.1/unity-catalog/catalogs?max_results=1
2025-06-06 21:20:43,872 - DEBUG - Starting new HTTPS connection (1): dbc-df998298-4c7e.cloud.databricks.com:443
2025-06-06 21:20:44,047 - DEBUG - https://dbc-df998298-4c7e.cloud.databricks.com:443 "GET /api/2.1/unity-catalog/catalogs?max_results=1 HTTP/1.1" 200 None
2025-06-06 21:20:44,048 - DEBUG - GET request to: https://dbc-df998298-4c7e.cloud.databricks.com/api/2.1/unity-catalog/schemas?catalog_name=__databricks_internal&max_results=1
2025-06-06 21:20:44,049 - DEBUG - Starting new HTTPS connection (1): dbc-df998298-4c7e.cloud.databricks.com:443
2025-06-06 21:20:44,237 - DEBUG - https://dbc-df998298-4c7e.cloud.databricks.com:443 "GET /api/2.1/unity-catalog/schemas?catalog_name=__databricks_internal&max_results=1 HTTP/1.1" 200 None
2025-06-06 21:20:44,238 - DEBUG - GET request to: https://dbc-df998298-4c7e.cloud.databricks.com/api/2.1/unity-catalog/volumes?catalog_name=__databricks_internal&schema_name=__dlt_materialization_schema_16ba9f51_ef4e_43a2_bfe8_4a1a919fe7cd
2025-06-06 21:20:44,240 - DEBUG - Starting new HTTPS connection (1): dbc-df998298-4c7e.cloud.databricks.com:443
2025-06-06 21:20:44,412 - DEBUG - https://dbc-df998298-4c7e.cloud.databricks.com:443 "GET /api/2.1/unity-catalog/volumes?catalog_name=__databricks_internal&schema_name=__dlt_materialization_schema_16ba9f51_ef4e_43a2_bfe8_4a1a919fe7cd HTTP/1.1" 200 2
2025-06-06 21:20:44,424 - DEBUG - Using selector: KqueueSelector
2025-06-06 21:20:50,286 - DEBUG - connect_tcp.started host='dbc-df998298-4c7e.cloud.databricks.com' port=443 local_address=None timeout=5.0 socket_options=None
2025-06-06 21:20:50,309 - DEBUG - connect_tcp.complete return_value=<httpcore._backends.sync.SyncStream object at 0x10870af90>
2025-06-06 21:20:50,309 - DEBUG - start_tls.started ssl_context=<ssl.SSLContext object at 0x1086e1250> server_hostname='dbc-df998298-4c7e.cloud.databricks.com' timeout=5.0
2025-06-06 21:20:50,358 - DEBUG - start_tls.complete return_value=<httpcore._backends.sync.SyncStream object at 0x1086f07d0>
2025-06-06 21:20:50,358 - DEBUG - send_request_headers.started request=<Request [b'POST']>
2025-06-06 21:20:50,358 - DEBUG - send_request_headers.complete
2025-06-06 21:20:50,358 - DEBUG - send_request_body.started request=<Request [b'POST']>
2025-06-06 21:20:50,358 - DEBUG - send_request_body.complete
2025-06-06 21:20:50,358 - DEBUG - receive_response_headers.started request=<Request [b'POST']>
2025-06-06 21:20:56,673 - DEBUG - receive_response_headers.complete return_value=(b'HTTP/1.1', 200, b'OK', [(b'content-type', b'application/json; charset=utf-8'), (b'server', b'databricks'), (b'date', b'Sat, 7 Jun 2025 04:20:56 GMT'), (b'x-databricks-org-id', b'3416276235813320'), (b'x-request-id', b'bfa74f19-1737-45b9-827a-d19829c13fb8'), (b'content-encoding', b'gzip'), (b'vary', b'Accept-Encoding'), (b'strict-transport-security', b'max-age=31536000; includeSubDomains; preload'), (b'x-content-type-options', b'nosniff'), (b'transfer-encoding', b'chunked')])
2025-06-06 21:20:56,674 - DEBUG - receive_response_body.started request=<Request [b'POST']>
2025-06-06 21:20:56,674 - DEBUG - receive_response_body.complete
2025-06-06 21:20:56,675 - DEBUG - response_closed.started
2025-06-06 21:20:56,675 - DEBUG - response_closed.complete
2025-06-06 21:20:56,679 - DEBUG - Agent attempting to execute tool: select-catalog with args: {'catalog': 'bronze'}
2025-06-06 21:20:56,680 - DEBUG - Tool arguments for 'select-catalog' validated successfully.
2025-06-06 21:20:56,680 - DEBUG - Executing agent tool 'select-catalog' with handler: handle_command
2025-06-06 21:20:56,680 - DEBUG - GET request to: https://dbc-df998298-4c7e.cloud.databricks.com/api/2.1/unity-catalog/catalogs/bronze
2025-06-06 21:20:56,681 - DEBUG - Starting new HTTPS connection (1): dbc-df998298-4c7e.cloud.databricks.com:443
2025-06-06 21:20:56,852 - DEBUG - https://dbc-df998298-4c7e.cloud.databricks.com:443 "GET /api/2.1/unity-catalog/catalogs/bronze HTTP/1.1" 404 None
2025-06-06 21:20:56,853 - DEBUG - HTTP error: 404 Client Error: Not Found for url: https://dbc-df998298-4c7e.cloud.databricks.com/api/2.1/unity-catalog/catalogs/bronze, Response: {"error_code":"CATALOG_DOES_NOT_EXIST","message":"Catalog 'bronze' does not exist.","details":[{"@type":"type.googleapis.com/google.rpc.ErrorInfo","reason":"RESOURCE_DOES_NOT_EXIST","domain":"unity-catalog.databricks.com","metadata":{"resourceType":"Catalog","resourceIdentifier":"bronze"}},{"@type":"type.googleapis.com/google.rpc.RequestInfo","request_id":"a9ca2c55-6894-4667-8b9f-421455dee287","serving_data":""}]}
2025-06-06 21:20:56,854 - DEBUG - GET request to: https://dbc-df998298-4c7e.cloud.databricks.com/api/2.1/unity-catalog/catalogs
2025-06-06 21:20:56,855 - DEBUG - Starting new HTTPS connection (1): dbc-df998298-4c7e.cloud.databricks.com:443
2025-06-06 21:20:59,564 - DEBUG - https://dbc-df998298-4c7e.cloud.databricks.com:443 "GET /api/2.1/unity-catalog/catalogs HTTP/1.1" 200 None
2025-06-06 21:20:59,606 - DEBUG - Saved configuration to /Users/johnrush/.chuck_config.json
2025-06-06 21:20:59,607 - DEBUG - Tool 'select-catalog' executed successfully. Data: {'catalog_name': 'inboundtest', 'catalog_type': 'Unknown', 'owner': 'luke@amperity.com', 'step': 'Catalog set - Name: inboundtest'}
2025-06-06 21:20:59,621 - DEBUG - connect_tcp.started host='dbc-df998298-4c7e.cloud.databricks.com' port=443 local_address=None timeout=5.0 socket_options=None
2025-06-06 21:20:59,647 - DEBUG - connect_tcp.complete return_value=<httpcore._backends.sync.SyncStream object at 0x108739f90>
2025-06-06 21:20:59,647 - DEBUG - start_tls.started ssl_context=<ssl.SSLContext object at 0x1086e1ac0> server_hostname='dbc-df998298-4c7e.cloud.databricks.com' timeout=5.0
2025-06-06 21:20:59,700 - DEBUG - start_tls.complete return_value=<httpcore._backends.sync.SyncStream object at 0x108724510>
2025-06-06 21:20:59,700 - DEBUG - send_request_headers.started request=<Request [b'POST']>
2025-06-06 21:20:59,700 - DEBUG - send_request_headers.complete
2025-06-06 21:20:59,700 - DEBUG - send_request_body.started request=<Request [b'POST']>
2025-06-06 21:20:59,700 - DEBUG - send_request_body.complete
2025-06-06 21:20:59,700 - DEBUG - receive_response_headers.started request=<Request [b'POST']>
2025-06-06 21:21:06,513 - DEBUG - receive_response_headers.complete return_value=(b'HTTP/1.1', 200, b'OK', [(b'content-type', b'application/json; charset=utf-8'), (b'server', b'databricks'), (b'date', b'Sat, 7 Jun 2025 04:21:06 GMT'), (b'x-databricks-org-id', b'3416276235813320'), (b'x-request-id', b'b8c12239-0a9a-46bc-bc10-9bae9544c1da'), (b'content-encoding', b'gzip'), (b'vary', b'Accept-Encoding'), (b'strict-transport-security', b'max-age=31536000; includeSubDomains; preload'), (b'x-content-type-options', b'nosniff'), (b'transfer-encoding', b'chunked')])
2025-06-06 21:21:06,514 - DEBUG - receive_response_body.started request=<Request [b'POST']>
2025-06-06 21:21:06,514 - DEBUG - receive_response_body.complete
2025-06-06 21:21:06,514 - DEBUG - response_closed.started
2025-06-06 21:21:06,514 - DEBUG - response_closed.complete
2025-06-06 21:21:06,515 - DEBUG - Sending metric: {"event": "USAGE", "configuration": {"workspace_url": "https://dbc-df998298-4c7e.cloud.databricks.co...
2025-06-06 21:21:06,517 - DEBUG - Starting new HTTPS connection (1): chuck.amperity.com:443
2025-06-06 21:21:07,049 - DEBUG - https://chuck.amperity.com:443 "POST /api/usage HTTP/1.1" 204 0
2025-06-06 21:21:07,049 - DEBUG - Failed to send metrics: 204 - 
2025-06-06 21:21:07,050 - DEBUG - Using selector: KqueueSelector
2025-06-06 21:21:07,054 - DEBUG - close.started
2025-06-06 21:21:07,054 - DEBUG - close.complete
2025-06-06 21:21:14,736 - DEBUG - connect_tcp.started host='dbc-df998298-4c7e.cloud.databricks.com' port=443 local_address=None timeout=5.0 socket_options=None
2025-06-06 21:21:14,761 - DEBUG - connect_tcp.complete return_value=<httpcore._backends.sync.SyncStream object at 0x108724510>
2025-06-06 21:21:14,761 - DEBUG - start_tls.started ssl_context=<ssl.SSLContext object at 0x1086e1b50> server_hostname='dbc-df998298-4c7e.cloud.databricks.com' timeout=5.0
2025-06-06 21:21:14,809 - DEBUG - start_tls.complete return_value=<httpcore._backends.sync.SyncStream object at 0x10857ef90>
2025-06-06 21:21:14,809 - DEBUG - send_request_headers.started request=<Request [b'POST']>
2025-06-06 21:21:14,809 - DEBUG - send_request_headers.complete
2025-06-06 21:21:14,809 - DEBUG - send_request_body.started request=<Request [b'POST']>
2025-06-06 21:21:14,809 - DEBUG - send_request_body.complete
2025-06-06 21:21:14,809 - DEBUG - receive_response_headers.started request=<Request [b'POST']>
2025-06-06 21:21:21,205 - DEBUG - receive_response_headers.complete return_value=(b'HTTP/1.1', 200, b'OK', [(b'content-type', b'application/json; charset=utf-8'), (b'server', b'databricks'), (b'date', b'Sat, 7 Jun 2025 04:21:21 GMT'), (b'x-databricks-org-id', b'3416276235813320'), (b'x-request-id', b'41ddc5d8-c469-43f6-9396-35fb9cbd4875'), (b'content-encoding', b'gzip'), (b'vary', b'Accept-Encoding'), (b'strict-transport-security', b'max-age=31536000; includeSubDomains; preload'), (b'x-content-type-options', b'nosniff'), (b'transfer-encoding', b'chunked')])
2025-06-06 21:21:21,208 - DEBUG - receive_response_body.started request=<Request [b'POST']>
2025-06-06 21:21:21,208 - DEBUG - receive_response_body.complete
2025-06-06 21:21:21,208 - DEBUG - response_closed.started
2025-06-06 21:21:21,208 - DEBUG - response_closed.complete
2025-06-06 21:21:21,213 - DEBUG - Agent attempting to execute tool: select-catalog with args: {'catalog': 'john_test'}
2025-06-06 21:21:21,215 - DEBUG - Tool arguments for 'select-catalog' validated successfully.
2025-06-06 21:21:21,215 - DEBUG - Executing agent tool 'select-catalog' with handler: handle_command
2025-06-06 21:21:21,215 - DEBUG - GET request to: https://dbc-df998298-4c7e.cloud.databricks.com/api/2.1/unity-catalog/catalogs/john_test
2025-06-06 21:21:21,218 - DEBUG - Starting new HTTPS connection (1): dbc-df998298-4c7e.cloud.databricks.com:443
2025-06-06 21:21:21,729 - DEBUG - https://dbc-df998298-4c7e.cloud.databricks.com:443 "GET /api/2.1/unity-catalog/catalogs/john_test HTTP/1.1" 200 None
2025-06-06 21:21:21,731 - DEBUG - Saved configuration to /Users/johnrush/.chuck_config.json
2025-06-06 21:21:21,731 - DEBUG - Tool 'select-catalog' executed successfully. Data: {'catalog_name': 'john_test', 'catalog_type': 'Unknown', 'owner': 'john.rush@amperity.com', 'step': 'Catalog set - Name: john_test'}
2025-06-06 21:21:21,745 - DEBUG - connect_tcp.started host='dbc-df998298-4c7e.cloud.databricks.com' port=443 local_address=None timeout=5.0 socket_options=None
2025-06-06 21:21:21,770 - DEBUG - connect_tcp.complete return_value=<httpcore._backends.sync.SyncStream object at 0x108720270>
2025-06-06 21:21:21,770 - DEBUG - start_tls.started ssl_context=<ssl.SSLContext object at 0x1086e1ac0> server_hostname='dbc-df998298-4c7e.cloud.databricks.com' timeout=5.0
2025-06-06 21:21:21,821 - DEBUG - start_tls.complete return_value=<httpcore._backends.sync.SyncStream object at 0x108720490>
2025-06-06 21:21:21,821 - DEBUG - send_request_headers.started request=<Request [b'POST']>
2025-06-06 21:21:21,821 - DEBUG - send_request_headers.complete
2025-06-06 21:21:21,821 - DEBUG - send_request_body.started request=<Request [b'POST']>
2025-06-06 21:21:21,821 - DEBUG - send_request_body.complete
2025-06-06 21:21:21,821 - DEBUG - receive_response_headers.started request=<Request [b'POST']>
2025-06-06 21:21:23,111 - DEBUG - receive_response_headers.complete return_value=(b'HTTP/1.1', 200, b'OK', [(b'content-type', b'application/json; charset=utf-8'), (b'server', b'databricks'), (b'date', b'Sat, 7 Jun 2025 04:21:23 GMT'), (b'x-databricks-org-id', b'3416276235813320'), (b'x-request-id', b'cb37f691-d442-43d0-8533-8ac96a1f4f8d'), (b'content-encoding', b'gzip'), (b'vary', b'Accept-Encoding'), (b'strict-transport-security', b'max-age=31536000; includeSubDomains; preload'), (b'x-content-type-options', b'nosniff'), (b'transfer-encoding', b'chunked')])
2025-06-06 21:21:23,112 - DEBUG - receive_response_body.started request=<Request [b'POST']>
2025-06-06 21:21:23,112 - DEBUG - receive_response_body.complete
2025-06-06 21:21:23,112 - DEBUG - response_closed.started
2025-06-06 21:21:23,112 - DEBUG - response_closed.complete
2025-06-06 21:21:23,113 - DEBUG - Agent attempting to execute tool: select-schema with args: {'schema': 'bronze'}
2025-06-06 21:21:23,115 - DEBUG - Tool arguments for 'select-schema' validated successfully.
2025-06-06 21:21:23,115 - DEBUG - Executing agent tool 'select-schema' with handler: handle_command
2025-06-06 21:21:23,115 - DEBUG - GET request to: https://dbc-df998298-4c7e.cloud.databricks.com/api/2.1/unity-catalog/schemas/john_test.bronze
2025-06-06 21:21:23,117 - DEBUG - Starting new HTTPS connection (1): dbc-df998298-4c7e.cloud.databricks.com:443
2025-06-06 21:21:23,300 - DEBUG - https://dbc-df998298-4c7e.cloud.databricks.com:443 "GET /api/2.1/unity-catalog/schemas/john_test.bronze HTTP/1.1" 200 None
2025-06-06 21:21:23,300 - DEBUG - Saved configuration to /Users/johnrush/.chuck_config.json
2025-06-06 21:21:23,300 - DEBUG - Tool 'select-schema' executed successfully. Data: {'schema_name': 'bronze', 'catalog_name': 'john_test', 'owner': 'Unknown', 'step': 'Schema set - Name: bronze'}
2025-06-06 21:21:23,308 - DEBUG - close.started
2025-06-06 21:21:23,308 - DEBUG - close.complete
2025-06-06 21:21:23,308 - DEBUG - close.started
2025-06-06 21:21:23,308 - DEBUG - close.complete
2025-06-06 21:21:23,310 - DEBUG - connect_tcp.started host='dbc-df998298-4c7e.cloud.databricks.com' port=443 local_address=None timeout=5.0 socket_options=None
2025-06-06 21:21:23,335 - DEBUG - connect_tcp.complete return_value=<httpcore._backends.sync.SyncStream object at 0x1086d2950>
2025-06-06 21:21:23,335 - DEBUG - start_tls.started ssl_context=<ssl.SSLContext object at 0x1086e2210> server_hostname='dbc-df998298-4c7e.cloud.databricks.com' timeout=5.0
2025-06-06 21:21:23,391 - DEBUG - start_tls.complete return_value=<httpcore._backends.sync.SyncStream object at 0x1086d2850>
2025-06-06 21:21:23,391 - DEBUG - send_request_headers.started request=<Request [b'POST']>
2025-06-06 21:21:23,391 - DEBUG - send_request_headers.complete
2025-06-06 21:21:23,391 - DEBUG - send_request_body.started request=<Request [b'POST']>
2025-06-06 21:21:23,391 - DEBUG - send_request_body.complete
2025-06-06 21:21:23,391 - DEBUG - receive_response_headers.started request=<Request [b'POST']>
2025-06-06 21:21:29,620 - DEBUG - receive_response_headers.complete return_value=(b'HTTP/1.1', 200, b'OK', [(b'content-type', b'application/json; charset=utf-8'), (b'server', b'databricks'), (b'date', b'Sat, 7 Jun 2025 04:21:29 GMT'), (b'x-databricks-org-id', b'3416276235813320'), (b'x-request-id', b'34af5468-9b0e-4a37-b154-f3635f33d4d3'), (b'content-encoding', b'gzip'), (b'vary', b'Accept-Encoding'), (b'strict-transport-security', b'max-age=31536000; includeSubDomains; preload'), (b'x-content-type-options', b'nosniff'), (b'transfer-encoding', b'chunked')])
2025-06-06 21:21:29,621 - DEBUG - receive_response_body.started request=<Request [b'POST']>
2025-06-06 21:21:29,621 - DEBUG - receive_response_body.complete
2025-06-06 21:21:29,621 - DEBUG - response_closed.started
2025-06-06 21:21:29,621 - DEBUG - response_closed.complete
2025-06-06 21:21:29,621 - DEBUG - Sending metric: {"event": "USAGE", "configuration": {"workspace_url": "https://dbc-df998298-4c7e.cloud.databricks.co...
2025-06-06 21:21:29,622 - DEBUG - Starting new HTTPS connection (1): chuck.amperity.com:443
2025-06-06 21:21:29,775 - DEBUG - https://chuck.amperity.com:443 "POST /api/usage HTTP/1.1" 204 0
2025-06-06 21:21:29,775 - DEBUG - Failed to send metrics: 204 - 
2025-06-06 21:21:29,777 - DEBUG - Using selector: KqueueSelector
2025-06-06 21:23:06,617 - DEBUG - connect_tcp.started host='dbc-df998298-4c7e.cloud.databricks.com' port=443 local_address=None timeout=5.0 socket_options=None
2025-06-06 21:23:06,641 - DEBUG - connect_tcp.complete return_value=<httpcore._backends.sync.SyncStream object at 0x10850fd40>
2025-06-06 21:23:06,641 - DEBUG - start_tls.started ssl_context=<ssl.SSLContext object at 0x1086e2060> server_hostname='dbc-df998298-4c7e.cloud.databricks.com' timeout=5.0
2025-06-06 21:23:06,682 - DEBUG - start_tls.complete return_value=<httpcore._backends.sync.SyncStream object at 0x108780050>
2025-06-06 21:23:06,683 - DEBUG - send_request_headers.started request=<Request [b'POST']>
2025-06-06 21:23:06,683 - DEBUG - send_request_headers.complete
2025-06-06 21:23:06,683 - DEBUG - send_request_body.started request=<Request [b'POST']>
2025-06-06 21:23:06,683 - DEBUG - send_request_body.complete
2025-06-06 21:23:06,683 - DEBUG - receive_response_headers.started request=<Request [b'POST']>
2025-06-06 21:23:13,566 - DEBUG - receive_response_headers.complete return_value=(b'HTTP/1.1', 200, b'OK', [(b'content-type', b'application/json; charset=utf-8'), (b'server', b'databricks'), (b'date', b'Sat, 7 Jun 2025 04:23:13 GMT'), (b'x-databricks-org-id', b'3416276235813320'), (b'x-request-id', b'77542473-4b48-4b80-a7c5-c6d9232e2226'), (b'content-encoding', b'gzip'), (b'vary', b'Accept-Encoding'), (b'strict-transport-security', b'max-age=31536000; includeSubDomains; preload'), (b'x-content-type-options', b'nosniff'), (b'transfer-encoding', b'chunked')])
2025-06-06 21:23:13,567 - DEBUG - receive_response_body.started request=<Request [b'POST']>
2025-06-06 21:23:13,567 - DEBUG - receive_response_body.complete
2025-06-06 21:23:13,567 - DEBUG - response_closed.started
2025-06-06 21:23:13,567 - DEBUG - response_closed.complete
2025-06-06 21:23:13,568 - DEBUG - Agent attempting to execute tool: scan-schema-for-pii with args: {'catalog_name': 'john_test', 'schema_name': 'bronze'}
2025-06-06 21:23:13,569 - DEBUG - Tool arguments for 'scan-schema-for-pii' validated successfully.
2025-06-06 21:23:13,569 - DEBUG - Executing agent tool 'scan-schema-for-pii' with handler: handle_command
2025-06-06 21:23:13,569 - DEBUG - GET request with params to: https://dbc-df998298-4c7e.cloud.databricks.com/api/2.1/unity-catalog/tables
2025-06-06 21:23:13,571 - DEBUG - Starting new HTTPS connection (1): dbc-df998298-4c7e.cloud.databricks.com:443
2025-06-06 21:23:13,771 - DEBUG - https://dbc-df998298-4c7e.cloud.databricks.com:443 "GET /api/2.1/unity-catalog/tables?catalog_name=john_test&schema_name=bronze&omit_columns=true HTTP/1.1" 200 None
2025-06-06 21:23:13,776 - INFO - Starting PII Scan for 3 tables in john_test.bronze.
2025-06-06 21:23:13,777 - DEBUG - GET request to: https://dbc-df998298-4c7e.cloud.databricks.com/api/2.1/unity-catalog/tables/john_test.bronze.ecommerce_profiles
2025-06-06 21:23:13,777 - DEBUG - GET request to: https://dbc-df998298-4c7e.cloud.databricks.com/api/2.1/unity-catalog/tables/john_test.bronze.loyalty_member
2025-06-06 21:23:13,778 - DEBUG - GET request to: https://dbc-df998298-4c7e.cloud.databricks.com/api/2.1/unity-catalog/tables/john_test.bronze.pos_customer
2025-06-06 21:23:13,779 - DEBUG - Starting new HTTPS connection (1): dbc-df998298-4c7e.cloud.databricks.com:443
2025-06-06 21:23:13,779 - DEBUG - Starting new HTTPS connection (1): dbc-df998298-4c7e.cloud.databricks.com:443
2025-06-06 21:23:13,780 - DEBUG - Starting new HTTPS connection (1): dbc-df998298-4c7e.cloud.databricks.com:443
2025-06-06 21:23:13,935 - DEBUG - https://dbc-df998298-4c7e.cloud.databricks.com:443 "GET /api/2.1/unity-catalog/tables/john_test.bronze.ecommerce_profiles HTTP/1.1" 200 None
2025-06-06 21:23:13,940 - DEBUG - https://dbc-df998298-4c7e.cloud.databricks.com:443 "GET /api/2.1/unity-catalog/tables/john_test.bronze.loyalty_member HTTP/1.1" 200 None
2025-06-06 21:23:13,948 - DEBUG - close.started
2025-06-06 21:23:13,948 - DEBUG - close.complete
2025-06-06 21:23:13,949 - DEBUG - connect_tcp.started host='dbc-df998298-4c7e.cloud.databricks.com' port=443 local_address=None timeout=5.0 socket_options=None
2025-06-06 21:23:13,949 - DEBUG - close.started
2025-06-06 21:23:13,949 - DEBUG - close.complete
2025-06-06 21:23:13,949 - DEBUG - close.started
2025-06-06 21:23:13,949 - DEBUG - close.complete
2025-06-06 21:23:13,952 - DEBUG - connect_tcp.started host='dbc-df998298-4c7e.cloud.databricks.com' port=443 local_address=None timeout=5.0 socket_options=None
2025-06-06 21:23:13,972 - DEBUG - https://dbc-df998298-4c7e.cloud.databricks.com:443 "GET /api/2.1/unity-catalog/tables/john_test.bronze.pos_customer HTTP/1.1" 200 None
2025-06-06 21:23:13,976 - DEBUG - connect_tcp.complete return_value=<httpcore._backends.sync.SyncStream object at 0x108550910>
2025-06-06 21:23:13,976 - DEBUG - start_tls.started ssl_context=<ssl.SSLContext object at 0x1086e1d00> server_hostname='dbc-df998298-4c7e.cloud.databricks.com' timeout=5.0
2025-06-06 21:23:13,976 - DEBUG - connect_tcp.complete return_value=<httpcore._backends.sync.SyncStream object at 0x1086caeb0>
2025-06-06 21:23:13,976 - DEBUG - start_tls.started ssl_context=<ssl.SSLContext object at 0x1086e1f40> server_hostname='dbc-df998298-4c7e.cloud.databricks.com' timeout=5.0
2025-06-06 21:23:13,980 - DEBUG - connect_tcp.started host='dbc-df998298-4c7e.cloud.databricks.com' port=443 local_address=None timeout=5.0 socket_options=None
2025-06-06 21:23:14,001 - DEBUG - connect_tcp.complete return_value=<httpcore._backends.sync.SyncStream object at 0x10874aa90>
2025-06-06 21:23:14,001 - DEBUG - start_tls.started ssl_context=<ssl.SSLContext object at 0x1086e1b50> server_hostname='dbc-df998298-4c7e.cloud.databricks.com' timeout=5.0
2025-06-06 21:23:14,022 - DEBUG - start_tls.complete return_value=<httpcore._backends.sync.SyncStream object at 0x1086c5610>
2025-06-06 21:23:14,022 - DEBUG - send_request_headers.started request=<Request [b'POST']>
2025-06-06 21:23:14,022 - DEBUG - send_request_headers.complete
2025-06-06 21:23:14,022 - DEBUG - send_request_body.started request=<Request [b'POST']>
2025-06-06 21:23:14,022 - DEBUG - start_tls.complete return_value=<httpcore._backends.sync.SyncStream object at 0x1086c4d10>
2025-06-06 21:23:14,022 - DEBUG - send_request_body.complete
2025-06-06 21:23:14,022 - DEBUG - send_request_headers.started request=<Request [b'POST']>
2025-06-06 21:23:14,022 - DEBUG - receive_response_headers.started request=<Request [b'POST']>
2025-06-06 21:23:14,022 - DEBUG - send_request_headers.complete
2025-06-06 21:23:14,022 - DEBUG - send_request_body.started request=<Request [b'POST']>
2025-06-06 21:23:14,022 - DEBUG - send_request_body.complete
2025-06-06 21:23:14,022 - DEBUG - receive_response_headers.started request=<Request [b'POST']>
2025-06-06 21:23:14,050 - DEBUG - start_tls.complete return_value=<httpcore._backends.sync.SyncStream object at 0x1084cfac0>
2025-06-06 21:23:14,050 - DEBUG - send_request_headers.started request=<Request [b'POST']>
2025-06-06 21:23:14,050 - DEBUG - send_request_headers.complete
2025-06-06 21:23:14,050 - DEBUG - send_request_body.started request=<Request [b'POST']>
2025-06-06 21:23:14,050 - DEBUG - send_request_body.complete
2025-06-06 21:23:14,050 - DEBUG - receive_response_headers.started request=<Request [b'POST']>
2025-06-06 21:23:16,361 - DEBUG - receive_response_headers.complete return_value=(b'HTTP/1.1', 200, b'OK', [(b'content-type', b'application/json; charset=utf-8'), (b'server', b'databricks'), (b'date', b'Sat, 7 Jun 2025 04:23:16 GMT'), (b'x-databricks-org-id', b'3416276235813320'), (b'x-request-id', b'747c5865-4e01-4591-8f01-bd9fe78aefcd'), (b'content-encoding', b'gzip'), (b'vary', b'Accept-Encoding'), (b'strict-transport-security', b'max-age=31536000; includeSubDomains; preload'), (b'x-content-type-options', b'nosniff'), (b'transfer-encoding', b'chunked')])
2025-06-06 21:23:16,361 - DEBUG - receive_response_body.started request=<Request [b'POST']>
2025-06-06 21:23:16,362 - DEBUG - receive_response_body.complete
2025-06-06 21:23:16,362 - DEBUG - response_closed.started
2025-06-06 21:23:16,362 - DEBUG - response_closed.complete
2025-06-06 21:23:16,458 - DEBUG - receive_response_headers.complete return_value=(b'HTTP/1.1', 200, b'OK', [(b'content-type', b'application/json; charset=utf-8'), (b'server', b'databricks'), (b'date', b'Sat, 7 Jun 2025 04:23:16 GMT'), (b'x-databricks-org-id', b'3416276235813320'), (b'x-request-id', b'48735f88-02f2-4abf-a3e2-1971afafdd02'), (b'content-encoding', b'gzip'), (b'vary', b'Accept-Encoding'), (b'strict-transport-security', b'max-age=31536000; includeSubDomains; preload'), (b'x-content-type-options', b'nosniff'), (b'transfer-encoding', b'chunked')])
2025-06-06 21:23:16,458 - DEBUG - receive_response_body.started request=<Request [b'POST']>
2025-06-06 21:23:16,458 - DEBUG - receive_response_body.complete
2025-06-06 21:23:16,458 - DEBUG - response_closed.started
2025-06-06 21:23:16,459 - DEBUG - response_closed.complete
2025-06-06 21:23:17,061 - DEBUG - receive_response_headers.complete return_value=(b'HTTP/1.1', 200, b'OK', [(b'content-type', b'application/json; charset=utf-8'), (b'server', b'databricks'), (b'date', b'Sat, 7 Jun 2025 04:23:17 GMT'), (b'x-databricks-org-id', b'3416276235813320'), (b'x-request-id', b'c6fa33e2-68df-4c40-b010-30f625be0d34'), (b'content-encoding', b'gzip'), (b'vary', b'Accept-Encoding'), (b'strict-transport-security', b'max-age=31536000; includeSubDomains; preload'), (b'x-content-type-options', b'nosniff'), (b'transfer-encoding', b'chunked')])
2025-06-06 21:23:17,062 - DEBUG - receive_response_body.started request=<Request [b'POST']>
2025-06-06 21:23:17,062 - DEBUG - receive_response_body.complete
2025-06-06 21:23:17,062 - DEBUG - response_closed.started
2025-06-06 21:23:17,062 - DEBUG - response_closed.complete
2025-06-06 21:23:17,063 - DEBUG - Tool 'scan-schema-for-pii' executed successfully. Data: {'catalog': 'john_test', 'schema': 'bronze', 'tables_scanned_attempted': 3, 'tables_successfully_processed': 3, 'tables_with_pii': 3, 'total_pii_columns': 33, 'results_detail': [{'table_name': 'ecommerce_profiles', 'full_name': 'john_test.bronze.ecommerce_profiles', 'column_count': 12, 'pii_column_count': 11, 'has_pii': True, 'columns': [{'name': 'system_id', 'type': 'STRING', 'semantic': None}, {'name': 'last_updated', 'type': 'TIMESTAMP', 'semantic': 'update-dt'}, {'name': 'first_name', 'type': 'STRING', 'semantic': 'given-name'}, {'name': 'last_name', 'type': 'STRING', 'semantic': 'surname'}, {'name': 'email_address', 'type': 'STRING', 'semantic': 'email'}, {'name': 'phone_number', 'type': 'STRING', 'semantic': 'phone'}, {'name': 'address_line_1', 'type': 'STRING', 'semantic': 'address'}, {'name': 'city', 'type': 'STRING', 'semantic': 'city'}, {'name': 'state', 'type': 'STRING', 'semantic': 'state'}, {'name': 'zip_code', 'type': 'STRING', 'semantic': 'postal'}, {'name': 'gender', 'type': 'STRING', 'semantic': 'gender'}, {'name': 'birthdate', 'type': 'DATE', 'semantic': 'birthdate'}], 'pii_columns': [{'name': 'last_updated', 'type': 'TIMESTAMP', 'semantic': 'update-dt'}, {'name': 'first_name', 'type': 'STRING', 'semantic': 'given-name'}, {'name': 'last_name', 'type': 'STRING', 'semantic': 'surname'}, {'name': 'email_address', 'type': 'STRING', 'semantic': 'email'}, {'name': 'phone_number', 'type': 'STRING', 'semantic': 'phone'}, {'name': 'address_line_1', 'type': 'STRING', 'semantic': 'address'}, {'name': 'city', 'type': 'STRING', 'semantic': 'city'}, {'name': 'state', 'type': 'STRING', 'semantic': 'state'}, {'name': 'zip_code', 'type': 'STRING', 'semantic': 'postal'}, {'name': 'gender', 'type': 'STRING', 'semantic': 'gender'}, {'name': 'birthdate', 'type': 'DATE', 'semantic': 'birthdate'}], 'skipped': False}, {'table_name': 'loyalty_member', 'full_name': 'john_test.bronze.loyalty_member', 'column_count': 15, 'pii_column_count': 11, 'has_pii': True, 'columns': [{'name': 'customer_id', 'type': 'STRING', 'semantic': None}, {'name': 'dtUpdateDate', 'type': 'TIMESTAMP', 'semantic': 'update-dt'}, {'name': 'cus_first', 'type': 'STRING', 'semantic': 'given-name'}, {'name': 'cus_last', 'type': 'STRING', 'semantic': 'surname'}, {'name': 'cus_email', 'type': 'STRING', 'semantic': 'email'}, {'name': 'cus_phone', 'type': 'STRING', 'semantic': 'phone'}, {'name': 'cus_addr1', 'type': 'STRING', 'semantic': 'address'}, {'name': 'cus_city', 'type': 'STRING', 'semantic': 'city'}, {'name': 'cus_state', 'type': 'STRING', 'semantic': 'state'}, {'name': 'cus_zip', 'type': 'STRING', 'semantic': 'postal'}, {'name': 'cus_gender', 'type': 'STRING', 'semantic': 'gender'}, {'name': 'loyalty_opt_in_date', 'type': 'DATE', 'semantic': None}, {'name': 'loyalty_opt_out_date', 'type': 'DATE', 'semantic': None}, {'name': 'cus_birthdt', 'type': 'DATE', 'semantic': 'birthdate'}, {'name': 'loyalty_program', 'type': 'STRING', 'semantic': None}], 'pii_columns': [{'name': 'dtUpdateDate', 'type': 'TIMESTAMP', 'semantic': 'update-dt'}, {'name': 'cus_first', 'type': 'STRING', 'semantic': 'given-name'}, {'name': 'cus_last', 'type': 'STRING', 'semantic': 'surname'}, {'name': 'cus_email', 'type': 'STRING', 'semantic': 'email'}, {'name': 'cus_phone', 'type': 'STRING', 'semantic': 'phone'}, {'name': 'cus_addr1', 'type': 'STRING', 'semantic': 'address'}, {'name': 'cus_city', 'type': 'STRING', 'semantic': 'city'}, {'name': 'cus_state', 'type': 'STRING', 'semantic': 'state'}, {'name': 'cus_zip', 'type': 'STRING', 'semantic': 'postal'}, {'name': 'cus_gender', 'type': 'STRING', 'semantic': 'gender'}, {'name': 'cus_birthdt', 'type': 'DATE', 'semantic': 'birthdate'}], 'skipped': False}, {'table_name': 'pos_customer', 'full_name': 'john_test.bronze.pos_customer', 'column_count': 13, 'pii_column_count': 11, 'has_pii': True, 'columns': [{'name': 'pos_id', 'type': 'STRING', 'semantic': None}, {'name': 'last_updated', 'type': 'TIMESTAMP', 'semantic': 'update-dt'}, {'name': 'fname', 'type': 'STRING', 'semantic': 'given-name'}, {'name': 'lname', 'type': 'STRING', 'semantic': 'surname'}, {'name': 'email', 'type': 'STRING', 'semantic': 'email'}, {'name': 'phone_nbr', 'type': 'STRING', 'semantic': 'phone'}, {'name': 'address_line_1', 'type': 'STRING', 'semantic': 'address'}, {'name': 'city', 'type': 'STRING', 'semantic': 'city'}, {'name': 'state', 'type': 'STRING', 'semantic': 'state'}, {'name': 'postal', 'type': 'STRING', 'semantic': 'postal'}, {'name': 'gender', 'type': 'STRING', 'semantic': 'gender'}, {'name': 'brand', 'type': 'STRING', 'semantic': None}, {'name': 'birth_date', 'type': 'DATE', 'semantic': 'birthdate'}], 'pii_columns': [{'name': 'last_updated', 'type': 'TIMESTAMP', 'semantic': 'update-dt'}, {'name': 'fname', 'type': 'STRING', 'semantic': 'given-name'}, {'name': 'lname', 'type': 'STRING', 'semantic': 'surname'}, {'name': 'email', 'type': 'STRING', 'semantic': 'email'}, {'name': 'phone_nbr', 'type': 'STRING', 'semantic': 'phone'}, {'name': 'address_line_1', 'type': 'STRING', 'semantic': 'address'}, {'name': 'city', 'type': 'STRING', 'semantic': 'city'}, {'name': 'state', 'type': 'STRING', 'semantic': 'state'}, {'name': 'postal', 'type': 'STRING', 'semantic': 'postal'}, {'name': 'gender', 'type': 'STRING', 'semantic': 'gender'}, {'name': 'birth_date', 'type': 'DATE', 'semantic': 'birthdate'}], 'skipped': False}]}
2025-06-06 21:23:17,075 - DEBUG - connect_tcp.started host='dbc-df998298-4c7e.cloud.databricks.com' port=443 local_address=None timeout=5.0 socket_options=None
2025-06-06 21:23:17,127 - DEBUG - connect_tcp.complete return_value=<httpcore._backends.sync.SyncStream object at 0x1087b0050>
2025-06-06 21:23:17,127 - DEBUG - start_tls.started ssl_context=<ssl.SSLContext object at 0x1086e2210> server_hostname='dbc-df998298-4c7e.cloud.databricks.com' timeout=5.0
2025-06-06 21:23:17,171 - DEBUG - start_tls.complete return_value=<httpcore._backends.sync.SyncStream object at 0x108743610>
2025-06-06 21:23:17,171 - DEBUG - send_request_headers.started request=<Request [b'POST']>
2025-06-06 21:23:17,171 - DEBUG - send_request_headers.complete
2025-06-06 21:23:17,171 - DEBUG - send_request_body.started request=<Request [b'POST']>
2025-06-06 21:23:17,171 - DEBUG - send_request_body.complete
2025-06-06 21:23:17,171 - DEBUG - receive_response_headers.started request=<Request [b'POST']>
2025-06-06 21:23:24,493 - DEBUG - receive_response_headers.complete return_value=(b'HTTP/1.1', 200, b'OK', [(b'content-type', b'application/json; charset=utf-8'), (b'server', b'databricks'), (b'date', b'Sat, 7 Jun 2025 04:23:24 GMT'), (b'x-databricks-org-id', b'3416276235813320'), (b'x-request-id', b'2f802cb2-835f-48cb-aef2-438864d8b6cb'), (b'content-encoding', b'gzip'), (b'vary', b'Accept-Encoding'), (b'strict-transport-security', b'max-age=31536000; includeSubDomains; preload'), (b'x-content-type-options', b'nosniff'), (b'transfer-encoding', b'chunked')])
2025-06-06 21:23:24,494 - DEBUG - receive_response_body.started request=<Request [b'POST']>
2025-06-06 21:23:24,495 - DEBUG - receive_response_body.complete
2025-06-06 21:23:24,495 - DEBUG - response_closed.started
2025-06-06 21:23:24,495 - DEBUG - response_closed.complete
2025-06-06 21:23:24,496 - DEBUG - Sending metric: {"event": "USAGE", "configuration": {"workspace_url": "https://dbc-df998298-4c7e.cloud.databricks.co...
2025-06-06 21:23:24,498 - DEBUG - Starting new HTTPS connection (1): chuck.amperity.com:443
2025-06-06 21:23:24,619 - DEBUG - https://chuck.amperity.com:443 "POST /api/usage HTTP/1.1" 204 0
2025-06-06 21:23:24,619 - DEBUG - Failed to send metrics: 204 - 
2025-06-06 21:23:24,623 - DEBUG - Using selector: KqueueSelector
2025-06-06 21:25:59,056 - DEBUG - GET request with params to: https://dbc-df998298-4c7e.cloud.databricks.com/api/2.1/unity-catalog/tables
2025-06-06 21:25:59,058 - DEBUG - Starting new HTTPS connection (1): dbc-df998298-4c7e.cloud.databricks.com:443
2025-06-06 21:25:59,417 - DEBUG - https://dbc-df998298-4c7e.cloud.databricks.com:443 "GET /api/2.1/unity-catalog/tables?catalog_name=john_test&schema_name=bronze&omit_columns=true HTTP/1.1" 200 None
2025-06-06 21:25:59,418 - INFO - Starting PII Scan for 3 tables in john_test.bronze.
2025-06-06 21:25:59,421 - DEBUG - GET request to: https://dbc-df998298-4c7e.cloud.databricks.com/api/2.1/unity-catalog/tables/john_test.bronze.ecommerce_profiles
2025-06-06 21:25:59,421 - DEBUG - GET request to: https://dbc-df998298-4c7e.cloud.databricks.com/api/2.1/unity-catalog/tables/john_test.bronze.loyalty_member
2025-06-06 21:25:59,422 - DEBUG - GET request to: https://dbc-df998298-4c7e.cloud.databricks.com/api/2.1/unity-catalog/tables/john_test.bronze.pos_customer
2025-06-06 21:25:59,423 - DEBUG - Starting new HTTPS connection (1): dbc-df998298-4c7e.cloud.databricks.com:443
2025-06-06 21:25:59,424 - DEBUG - Starting new HTTPS connection (1): dbc-df998298-4c7e.cloud.databricks.com:443
2025-06-06 21:25:59,424 - DEBUG - Starting new HTTPS connection (1): dbc-df998298-4c7e.cloud.databricks.com:443
2025-06-06 21:25:59,490 - DEBUG - close.started
2025-06-06 21:25:59,490 - DEBUG - close.complete
2025-06-06 21:25:59,490 - DEBUG - close.started
2025-06-06 21:25:59,490 - DEBUG - close.complete
2025-06-06 21:25:59,585 - DEBUG - https://dbc-df998298-4c7e.cloud.databricks.com:443 "GET /api/2.1/unity-catalog/tables/john_test.bronze.ecommerce_profiles HTTP/1.1" 200 None
2025-06-06 21:25:59,587 - DEBUG - https://dbc-df998298-4c7e.cloud.databricks.com:443 "GET /api/2.1/unity-catalog/tables/john_test.bronze.pos_customer HTTP/1.1" 200 None
2025-06-06 21:25:59,588 - DEBUG - https://dbc-df998298-4c7e.cloud.databricks.com:443 "GET /api/2.1/unity-catalog/tables/john_test.bronze.loyalty_member HTTP/1.1" 200 None
2025-06-06 21:25:59,599 - DEBUG - connect_tcp.started host='dbc-df998298-4c7e.cloud.databricks.com' port=443 local_address=None timeout=5.0 socket_options=None
2025-06-06 21:25:59,599 - DEBUG - connect_tcp.started host='dbc-df998298-4c7e.cloud.databricks.com' port=443 local_address=None timeout=5.0 socket_options=None
2025-06-06 21:25:59,600 - DEBUG - connect_tcp.started host='dbc-df998298-4c7e.cloud.databricks.com' port=443 local_address=None timeout=5.0 socket_options=None
2025-06-06 21:25:59,621 - DEBUG - connect_tcp.complete return_value=<httpcore._backends.sync.SyncStream object at 0x108743e30>
2025-06-06 21:25:59,622 - DEBUG - start_tls.started ssl_context=<ssl.SSLContext object at 0x1086e2210> server_hostname='dbc-df998298-4c7e.cloud.databricks.com' timeout=5.0
2025-06-06 21:25:59,624 - DEBUG - connect_tcp.complete return_value=<httpcore._backends.sync.SyncStream object at 0x1086e24e0>
2025-06-06 21:25:59,624 - DEBUG - start_tls.started ssl_context=<ssl.SSLContext object at 0x1086e2060> server_hostname='dbc-df998298-4c7e.cloud.databricks.com' timeout=5.0
2025-06-06 21:25:59,630 - DEBUG - connect_tcp.complete return_value=<httpcore._backends.sync.SyncStream object at 0x1086dd8d0>
2025-06-06 21:25:59,630 - DEBUG - start_tls.started ssl_context=<ssl.SSLContext object at 0x1086e1ac0> server_hostname='dbc-df998298-4c7e.cloud.databricks.com' timeout=5.0
2025-06-06 21:25:59,664 - DEBUG - start_tls.complete return_value=<httpcore._backends.sync.SyncStream object at 0x10860ef50>
2025-06-06 21:25:59,664 - DEBUG - send_request_headers.started request=<Request [b'POST']>
2025-06-06 21:25:59,664 - DEBUG - send_request_headers.complete
2025-06-06 21:25:59,664 - DEBUG - send_request_body.started request=<Request [b'POST']>
2025-06-06 21:25:59,664 - DEBUG - send_request_body.complete
2025-06-06 21:25:59,664 - DEBUG - receive_response_headers.started request=<Request [b'POST']>
2025-06-06 21:25:59,671 - DEBUG - start_tls.complete return_value=<httpcore._backends.sync.SyncStream object at 0x1086f8fa0>
2025-06-06 21:25:59,671 - DEBUG - send_request_headers.started request=<Request [b'POST']>
2025-06-06 21:25:59,671 - DEBUG - send_request_headers.complete
2025-06-06 21:25:59,671 - DEBUG - send_request_body.started request=<Request [b'POST']>
2025-06-06 21:25:59,671 - DEBUG - send_request_body.complete
2025-06-06 21:25:59,671 - DEBUG - receive_response_headers.started request=<Request [b'POST']>
2025-06-06 21:25:59,678 - DEBUG - start_tls.complete return_value=<httpcore._backends.sync.SyncStream object at 0x1086fb770>
2025-06-06 21:25:59,678 - DEBUG - send_request_headers.started request=<Request [b'POST']>
2025-06-06 21:25:59,678 - DEBUG - send_request_headers.complete
2025-06-06 21:25:59,678 - DEBUG - send_request_body.started request=<Request [b'POST']>
2025-06-06 21:25:59,679 - DEBUG - send_request_body.complete
2025-06-06 21:25:59,679 - DEBUG - receive_response_headers.started request=<Request [b'POST']>
2025-06-06 21:26:02,033 - DEBUG - receive_response_headers.complete return_value=(b'HTTP/1.1', 200, b'OK', [(b'content-type', b'application/json; charset=utf-8'), (b'server', b'databricks'), (b'date', b'Sat, 7 Jun 2025 04:26:02 GMT'), (b'x-databricks-org-id', b'3416276235813320'), (b'x-request-id', b'f844dc93-6c7d-4ccd-8324-118644e21e07'), (b'content-encoding', b'gzip'), (b'vary', b'Accept-Encoding'), (b'strict-transport-security', b'max-age=31536000; includeSubDomains; preload'), (b'x-content-type-options', b'nosniff'), (b'transfer-encoding', b'chunked')])
2025-06-06 21:26:02,034 - DEBUG - receive_response_body.started request=<Request [b'POST']>
2025-06-06 21:26:02,035 - DEBUG - receive_response_body.complete
2025-06-06 21:26:02,035 - DEBUG - response_closed.started
2025-06-06 21:26:02,035 - DEBUG - response_closed.complete
2025-06-06 21:26:02,162 - DEBUG - receive_response_headers.complete return_value=(b'HTTP/1.1', 200, b'OK', [(b'content-type', b'application/json; charset=utf-8'), (b'server', b'databricks'), (b'date', b'Sat, 7 Jun 2025 04:26:02 GMT'), (b'x-databricks-org-id', b'3416276235813320'), (b'x-request-id', b'cb54e145-434e-49ed-a637-f41d1258bdfa'), (b'content-encoding', b'gzip'), (b'vary', b'Accept-Encoding'), (b'strict-transport-security', b'max-age=31536000; includeSubDomains; preload'), (b'x-content-type-options', b'nosniff'), (b'transfer-encoding', b'chunked')])
2025-06-06 21:26:02,162 - DEBUG - receive_response_body.started request=<Request [b'POST']>
2025-06-06 21:26:02,162 - DEBUG - receive_response_body.complete
2025-06-06 21:26:02,162 - DEBUG - response_closed.started
2025-06-06 21:26:02,162 - DEBUG - response_closed.complete
2025-06-06 21:26:02,748 - DEBUG - receive_response_headers.complete return_value=(b'HTTP/1.1', 200, b'OK', [(b'content-type', b'application/json; charset=utf-8'), (b'server', b'databricks'), (b'date', b'Sat, 7 Jun 2025 04:26:02 GMT'), (b'x-databricks-org-id', b'3416276235813320'), (b'x-request-id', b'368cb523-f43b-4e2d-858d-40548bfd65ba'), (b'content-encoding', b'gzip'), (b'vary', b'Accept-Encoding'), (b'strict-transport-security', b'max-age=31536000; includeSubDomains; preload'), (b'x-content-type-options', b'nosniff'), (b'transfer-encoding', b'chunked')])
2025-06-06 21:26:02,749 - DEBUG - receive_response_body.started request=<Request [b'POST']>
2025-06-06 21:26:02,749 - DEBUG - receive_response_body.complete
2025-06-06 21:26:02,749 - DEBUG - response_closed.started
2025-06-06 21:26:02,749 - DEBUG - response_closed.complete
2025-06-06 21:26:02,767 - DEBUG - Using selector: KqueueSelector
2025-06-06 21:30:02,575 - DEBUG - close.started
2025-06-06 21:30:02,576 - DEBUG - close.complete
2025-06-06 21:30:02,576 - DEBUG - close.started
2025-06-06 21:30:02,577 - DEBUG - close.complete
2025-06-06 21:30:02,577 - DEBUG - close.started
2025-06-06 21:30:02,578 - DEBUG - close.complete
2025-06-06 21:30:02,578 - DEBUG - close.started
2025-06-06 21:30:02,578 - DEBUG - close.complete
2025-06-06 21:30:02,578 - DEBUG - close.started
2025-06-06 21:30:02,578 - DEBUG - close.complete
