2025-06-06 08:10:49,287 - DEBUG - Logging initialized. Writing to /Users/johnrush/repos/chuck-data/log/sessions/2025-06-06_08-10-49.log
2025-06-06 08:10:49,289 - DEBUG - Loaded configuration from /Users/johnrush/.chuck_config.json
2025-06-06 08:10:49,306 - DEBUG - Using selector: KqueueSelector
2025-06-06 08:10:55,066 - DEBUG - Using selector: KqueueSelector
2025-06-06 08:10:57,068 - DEBUG - GET request to: https://dbc-df998298-4c7e.cloud.databricks.com/api/2.0/preview/scim/v2/Me
2025-06-06 08:10:57,076 - DEBUG - Starting new HTTPS connection (1): dbc-df998298-4c7e.cloud.databricks.com:443
2025-06-06 08:10:57,623 - DEBUG - https://dbc-df998298-4c7e.cloud.databricks.com:443 "GET /api/2.0/preview/scim/v2/Me HTTP/1.1" 200 None
2025-06-06 08:10:57,624 - DEBUG - GET request to: https://dbc-df998298-4c7e.cloud.databricks.com/api/2.1/unity-catalog/catalogs?max_results=1
2025-06-06 08:10:57,625 - DEBUG - Starting new HTTPS connection (1): dbc-df998298-4c7e.cloud.databricks.com:443
2025-06-06 08:10:57,861 - DEBUG - https://dbc-df998298-4c7e.cloud.databricks.com:443 "GET /api/2.1/unity-catalog/catalogs?max_results=1 HTTP/1.1" 200 None
2025-06-06 08:10:57,861 - DEBUG - GET request to: https://dbc-df998298-4c7e.cloud.databricks.com/api/2.0/sql/warehouses?page_size=1
2025-06-06 08:10:57,862 - DEBUG - Starting new HTTPS connection (1): dbc-df998298-4c7e.cloud.databricks.com:443
2025-06-06 08:10:58,121 - DEBUG - https://dbc-df998298-4c7e.cloud.databricks.com:443 "GET /api/2.0/sql/warehouses?page_size=1 HTTP/1.1" 200 None
2025-06-06 08:10:58,122 - DEBUG - GET request to: https://dbc-df998298-4c7e.cloud.databricks.com/api/2.1/jobs/list?limit=1
2025-06-06 08:10:58,123 - DEBUG - Starting new HTTPS connection (1): dbc-df998298-4c7e.cloud.databricks.com:443
2025-06-06 08:10:58,410 - DEBUG - https://dbc-df998298-4c7e.cloud.databricks.com:443 "GET /api/2.1/jobs/list?limit=1 HTTP/1.1" 200 None
2025-06-06 08:10:58,411 - DEBUG - GET request to: https://dbc-df998298-4c7e.cloud.databricks.com/api/2.0/mlflow/registered-models/list?max_results=1
2025-06-06 08:10:58,412 - DEBUG - Starting new HTTPS connection (1): dbc-df998298-4c7e.cloud.databricks.com:443
2025-06-06 08:10:58,557 - DEBUG - https://dbc-df998298-4c7e.cloud.databricks.com:443 "GET /api/2.0/mlflow/registered-models/list?max_results=1 HTTP/1.1" 200 2
2025-06-06 08:10:58,557 - DEBUG - GET request to: https://dbc-df998298-4c7e.cloud.databricks.com/api/2.1/unity-catalog/catalogs?max_results=1
2025-06-06 08:10:58,558 - DEBUG - Starting new HTTPS connection (1): dbc-df998298-4c7e.cloud.databricks.com:443
2025-06-06 08:10:58,801 - DEBUG - https://dbc-df998298-4c7e.cloud.databricks.com:443 "GET /api/2.1/unity-catalog/catalogs?max_results=1 HTTP/1.1" 200 None
2025-06-06 08:10:58,802 - DEBUG - GET request to: https://dbc-df998298-4c7e.cloud.databricks.com/api/2.1/unity-catalog/schemas?catalog_name=__databricks_internal&max_results=1
2025-06-06 08:10:58,803 - DEBUG - Starting new HTTPS connection (1): dbc-df998298-4c7e.cloud.databricks.com:443
2025-06-06 08:10:58,948 - DEBUG - https://dbc-df998298-4c7e.cloud.databricks.com:443 "GET /api/2.1/unity-catalog/schemas?catalog_name=__databricks_internal&max_results=1 HTTP/1.1" 200 None
2025-06-06 08:10:58,949 - DEBUG - GET request to: https://dbc-df998298-4c7e.cloud.databricks.com/api/2.1/unity-catalog/volumes?catalog_name=__databricks_internal&schema_name=__dlt_materialization_schema_16ba9f51_ef4e_43a2_bfe8_4a1a919fe7cd
2025-06-06 08:10:58,950 - DEBUG - Starting new HTTPS connection (1): dbc-df998298-4c7e.cloud.databricks.com:443
2025-06-06 08:10:59,220 - DEBUG - https://dbc-df998298-4c7e.cloud.databricks.com:443 "GET /api/2.1/unity-catalog/volumes?catalog_name=__databricks_internal&schema_name=__dlt_materialization_schema_16ba9f51_ef4e_43a2_bfe8_4a1a919fe7cd HTTP/1.1" 200 2
2025-06-06 08:10:59,232 - DEBUG - Using selector: KqueueSelector
2025-06-06 08:11:05,446 - DEBUG - GET request to: https://dbc-df998298-4c7e.cloud.databricks.com/api/2.1/unity-catalog/tables/chuck_demo.bronze.web_visitors
2025-06-06 08:11:05,447 - DEBUG - Starting new HTTPS connection (1): dbc-df998298-4c7e.cloud.databricks.com:443
2025-06-06 08:11:05,662 - DEBUG - https://dbc-df998298-4c7e.cloud.databricks.com:443 "GET /api/2.1/unity-catalog/tables/chuck_demo.bronze.web_visitors HTTP/1.1" 404 None
2025-06-06 08:11:05,663 - DEBUG - HTTP error: 404 Client Error: Not Found for url: https://dbc-df998298-4c7e.cloud.databricks.com/api/2.1/unity-catalog/tables/chuck_demo.bronze.web_visitors, Response: {"error_code":"TABLE_DOES_NOT_EXIST","message":"Table 'chuck_demo.bronze.web_visitors' does not exist.","details":[{"@type":"type.googleapis.com/google.rpc.ErrorInfo","reason":"RESOURCE_DOES_NOT_EXIST","domain":"unity-catalog.databricks.com","metadata":{"resourceType":"Table","resourceIdentifier":"chuck_demo.bronze.web_visitors"}},{"@type":"type.googleapis.com/google.rpc.RequestInfo","request_id":"9c536611-9273-4f56-90d5-5277dba20c2e","serving_data":""}]}
2025-06-06 08:11:05,663 - ERROR - Error getting table details: HTTP error occurred: 404 Client Error: Not Found for url: https://dbc-df998298-4c7e.cloud.databricks.com/api/2.1/unity-catalog/tables/chuck_demo.bronze.web_visitors, Response: {"error_code":"TABLE_DOES_NOT_EXIST","message":"Table 'chuck_demo.bronze.web_visitors' does not exist.","details":[{"@type":"type.googleapis.com/google.rpc.ErrorInfo","reason":"RESOURCE_DOES_NOT_EXIST","domain":"unity-catalog.databricks.com","metadata":{"resourceType":"Table","resourceIdentifier":"chuck_demo.bronze.web_visitors"}},{"@type":"type.googleapis.com/google.rpc.RequestInfo","request_id":"9c536611-9273-4f56-90d5-5277dba20c2e","serving_data":""}]}
2025-06-06 08:11:05,667 - DEBUG - Using selector: KqueueSelector
2025-06-06 08:11:18,875 - DEBUG - GET request to: https://dbc-df998298-4c7e.cloud.databricks.com/api/2.1/unity-catalog/tables/chuck_demo.bronze.pos_customer
2025-06-06 08:11:18,876 - DEBUG - Starting new HTTPS connection (1): dbc-df998298-4c7e.cloud.databricks.com:443
2025-06-06 08:11:19,084 - DEBUG - https://dbc-df998298-4c7e.cloud.databricks.com:443 "GET /api/2.1/unity-catalog/tables/chuck_demo.bronze.pos_customer HTTP/1.1" 200 None
2025-06-06 08:11:19,109 - DEBUG - Using selector: KqueueSelector
2025-06-06 08:11:26,604 - DEBUG - GET request with params to: https://dbc-df998298-4c7e.cloud.databricks.com/api/2.1/unity-catalog/schemas
2025-06-06 08:11:26,605 - DEBUG - Starting new HTTPS connection (1): dbc-df998298-4c7e.cloud.databricks.com:443
2025-06-06 08:11:26,849 - DEBUG - https://dbc-df998298-4c7e.cloud.databricks.com:443 "GET /api/2.1/unity-catalog/schemas?catalog_name=chuck_demo HTTP/1.1" 200 None
2025-06-06 08:11:26,857 - DEBUG - Using selector: KqueueSelector
2025-06-06 08:11:32,145 - DEBUG - GET request with params to: https://dbc-df998298-4c7e.cloud.databricks.com/api/2.1/unity-catalog/tables
2025-06-06 08:11:32,146 - DEBUG - Starting new HTTPS connection (1): dbc-df998298-4c7e.cloud.databricks.com:443
2025-06-06 08:11:32,292 - DEBUG - https://dbc-df998298-4c7e.cloud.databricks.com:443 "GET /api/2.1/unity-catalog/tables?catalog_name=chuck_demo&schema_name=bronze HTTP/1.1" 200 None
2025-06-06 08:11:32,299 - DEBUG - Using selector: KqueueSelector
