2025-06-05 14:56:48,868 - DEBUG - Logging initialized. Writing to /Users/johnrush/repos/chuck-data/log/sessions/2025-06-05_14-56-48.log
2025-06-05 14:56:48,870 - DEBUG - HTTP error: HTTP 401, Response: {"status":401,"message":"Unauthorized"}
2025-06-05 14:56:48,871 - DEBUG - GET request to: https://test-workspace.cloud.databricks.com/test-endpoint
2025-06-05 14:56:48,871 - DEBUG - Connection error: Connection failed
2025-06-05 14:56:48,871 - DEBUG - GET request to: https://test-workspace.cloud.databricks.com/test-endpoint
2025-06-05 14:56:48,871 - DEBUG - HTTP error: HTTP 404, Response: Not Found
2025-06-05 14:56:48,872 - DEBUG - GET request to: https://test-workspace.cloud.databricks.com/test-endpoint
2025-06-05 14:56:48,873 - DEBUG - POST request to: https://test-workspace.cloud.databricks.com/test-endpoint
2025-06-05 14:56:48,873 - DEBUG - Connection error: Connection failed
2025-06-05 14:56:48,874 - DEBUG - POST request to: https://test-workspace.cloud.databricks.com/test-endpoint
2025-06-05 14:56:48,874 - DEBUG - HTTP error: HTTP 400, Response: Bad Request
2025-06-05 14:56:48,874 - DEBUG - POST request to: https://test-workspace.cloud.databricks.com/test-endpoint
2025-06-05 14:56:48,876 - DEBUG - Saved configuration to /var/folders/3f/2n5sjdw50vj9gfnrxjbptj4c0000gn/T/tmpinmm0hty/test_config.json
2025-06-05 14:56:48,876 - DEBUG - Loaded configuration from /var/folders/3f/2n5sjdw50vj9gfnrxjbptj4c0000gn/T/tmpinmm0hty/test_config.json
2025-06-05 14:56:48,876 - DEBUG - Loaded configuration from /var/folders/3f/2n5sjdw50vj9gfnrxjbptj4c0000gn/T/tmpinmm0hty/test_config.json
2025-06-05 14:56:48,877 - DEBUG - Saved configuration to /var/folders/3f/2n5sjdw50vj9gfnrxjbptj4c0000gn/T/tmpinmm0hty/test_config.json
2025-06-05 14:56:48,877 - DEBUG - Loaded configuration from /var/folders/3f/2n5sjdw50vj9gfnrxjbptj4c0000gn/T/tmpinmm0hty/test_config.json
2025-06-05 14:56:48,877 - DEBUG - Saved configuration to /var/folders/3f/2n5sjdw50vj9gfnrxjbptj4c0000gn/T/tmpinmm0hty/test_config.json
2025-06-05 14:56:48,877 - DEBUG - Loaded configuration from /var/folders/3f/2n5sjdw50vj9gfnrxjbptj4c0000gn/T/tmpinmm0hty/test_config.json
2025-06-05 14:56:48,878 - DEBUG - Saved configuration to /var/folders/3f/2n5sjdw50vj9gfnrxjbptj4c0000gn/T/tmpinmm0hty/test_config.json
2025-06-05 14:56:48,878 - DEBUG - Loaded configuration from /var/folders/3f/2n5sjdw50vj9gfnrxjbptj4c0000gn/T/tmpinmm0hty/test_config.json
2025-06-05 14:56:48,878 - DEBUG - Saved configuration to /var/folders/3f/2n5sjdw50vj9gfnrxjbptj4c0000gn/T/tmpinmm0hty/test_config.json
2025-06-05 14:56:48,878 - DEBUG - Loaded configuration from /var/folders/3f/2n5sjdw50vj9gfnrxjbptj4c0000gn/T/tmpinmm0hty/test_config.json
2025-06-05 14:56:48,878 - DEBUG - Loaded configuration from /var/folders/3f/2n5sjdw50vj9gfnrxjbptj4c0000gn/T/tmpinmm0hty/test_config.json
2025-06-05 14:56:48,879 - DEBUG - Loaded configuration from /var/folders/3f/2n5sjdw50vj9gfnrxjbptj4c0000gn/T/tmpinmm0hty/test_config.json
2025-06-05 14:56:48,879 - DEBUG - Loaded configuration from /var/folders/3f/2n5sjdw50vj9gfnrxjbptj4c0000gn/T/tmpinmm0hty/test_config.json
2025-06-05 14:56:48,879 - DEBUG - Loaded configuration from /var/folders/3f/2n5sjdw50vj9gfnrxjbptj4c0000gn/T/tmpinmm0hty/test_config.json
2025-06-05 14:56:48,881 - DEBUG - Saved configuration to /var/folders/3f/2n5sjdw50vj9gfnrxjbptj4c0000gn/T/tmpfim1owi2/test_config.json
2025-06-05 14:56:48,881 - DEBUG - Loaded configuration from /var/folders/3f/2n5sjdw50vj9gfnrxjbptj4c0000gn/T/tmpfim1owi2/test_config.json
2025-06-05 14:56:48,882 - DEBUG - Saved configuration to /var/folders/3f/2n5sjdw50vj9gfnrxjbptj4c0000gn/T/tmpt5_en9gw/test_config.json
2025-06-05 14:56:48,882 - DEBUG - Loaded configuration from /var/folders/3f/2n5sjdw50vj9gfnrxjbptj4c0000gn/T/tmpt5_en9gw/test_config.json
2025-06-05 14:56:48,884 - DEBUG - Saved configuration to /var/folders/3f/2n5sjdw50vj9gfnrxjbptj4c0000gn/T/tmprqaf7bx0/test_config.json
2025-06-05 14:56:48,884 - DEBUG - Loaded configuration from /var/folders/3f/2n5sjdw50vj9gfnrxjbptj4c0000gn/T/tmprqaf7bx0/test_config.json
2025-06-05 14:56:48,884 - DEBUG - Loaded configuration from /var/folders/3f/2n5sjdw50vj9gfnrxjbptj4c0000gn/T/tmprqaf7bx0/test_config.json
2025-06-05 14:56:48,884 - DEBUG - Saved configuration to /var/folders/3f/2n5sjdw50vj9gfnrxjbptj4c0000gn/T/tmprqaf7bx0/test_config.json
2025-06-05 14:56:48,884 - DEBUG - Loaded configuration from /var/folders/3f/2n5sjdw50vj9gfnrxjbptj4c0000gn/T/tmprqaf7bx0/test_config.json
2025-06-05 14:56:48,885 - DEBUG - Loaded configuration from /var/folders/3f/2n5sjdw50vj9gfnrxjbptj4c0000gn/T/tmprqaf7bx0/test_config.json
2025-06-05 14:56:48,887 - DEBUG - Saved configuration to /var/folders/3f/2n5sjdw50vj9gfnrxjbptj4c0000gn/T/tmpnogvwsj1/test_config.json
2025-06-05 14:56:48,887 - DEBUG - Loaded configuration from /var/folders/3f/2n5sjdw50vj9gfnrxjbptj4c0000gn/T/tmpnogvwsj1/test_config.json
2025-06-05 14:56:48,887 - DEBUG - Loaded configuration from /var/folders/3f/2n5sjdw50vj9gfnrxjbptj4c0000gn/T/tmpnogvwsj1/test_config.json
2025-06-05 14:56:48,887 - DEBUG - Saved configuration to /var/folders/3f/2n5sjdw50vj9gfnrxjbptj4c0000gn/T/tmpnogvwsj1/test_config.json
2025-06-05 14:56:48,888 - DEBUG - Loaded configuration from /var/folders/3f/2n5sjdw50vj9gfnrxjbptj4c0000gn/T/tmpnogvwsj1/test_config.json
2025-06-05 14:56:48,888 - DEBUG - Saved configuration to /var/folders/3f/2n5sjdw50vj9gfnrxjbptj4c0000gn/T/tmpnogvwsj1/test_config.json
2025-06-05 14:56:48,888 - DEBUG - Loaded configuration from /var/folders/3f/2n5sjdw50vj9gfnrxjbptj4c0000gn/T/tmpnogvwsj1/test_config.json
2025-06-05 14:56:48,889 - DEBUG - Saved configuration to /var/folders/3f/2n5sjdw50vj9gfnrxjbptj4c0000gn/T/tmpnogvwsj1/test_config.json
2025-06-05 14:56:48,889 - DEBUG - Loaded configuration from /var/folders/3f/2n5sjdw50vj9gfnrxjbptj4c0000gn/T/tmpnogvwsj1/test_config.json
2025-06-05 14:56:48,889 - DEBUG - Saved configuration to /var/folders/3f/2n5sjdw50vj9gfnrxjbptj4c0000gn/T/tmpnogvwsj1/test_config.json
2025-06-05 14:56:48,889 - DEBUG - Loaded configuration from /var/folders/3f/2n5sjdw50vj9gfnrxjbptj4c0000gn/T/tmpnogvwsj1/test_config.json
2025-06-05 14:56:48,889 - DEBUG - Using workspace_url from environment variable CHUCK_WORKSPACE_URL
2025-06-05 14:56:48,890 - DEBUG - Using active_model from environment variable CHUCK_ACTIVE_MODEL
2025-06-05 14:56:48,890 - DEBUG - Using warehouse_id from environment variable CHUCK_WAREHOUSE_ID
2025-06-05 14:56:48,890 - DEBUG - Using active_catalog from environment variable CHUCK_ACTIVE_CATALOG
2025-06-05 14:56:48,890 - DEBUG - Using active_schema from environment variable CHUCK_ACTIVE_SCHEMA
2025-06-05 14:56:48,890 - DEBUG - Using usage_tracking_consent from environment variable CHUCK_USAGE_TRACKING_CONSENT
2025-06-05 14:56:48,890 - DEBUG - Loaded configuration from /var/folders/3f/2n5sjdw50vj9gfnrxjbptj4c0000gn/T/tmpnogvwsj1/test_config.json
2025-06-05 14:56:48,891 - DEBUG - Saved configuration to /var/folders/3f/2n5sjdw50vj9gfnrxjbptj4c0000gn/T/tmp2ja3by_3/test_config.json
2025-06-05 14:56:48,892 - DEBUG - Loaded configuration from /var/folders/3f/2n5sjdw50vj9gfnrxjbptj4c0000gn/T/tmp2ja3by_3/test_config.json
2025-06-05 14:56:48,892 - DEBUG - Loaded configuration from /var/folders/3f/2n5sjdw50vj9gfnrxjbptj4c0000gn/T/tmp2ja3by_3/test_config.json
2025-06-05 14:56:48,892 - WARNING - Invalid workspace_url provided, using default instead
2025-06-05 14:56:48,892 - DEBUG - Saved configuration to /var/folders/3f/2n5sjdw50vj9gfnrxjbptj4c0000gn/T/tmp2ja3by_3/test_config.json
2025-06-05 14:56:48,892 - DEBUG - Loaded configuration from /var/folders/3f/2n5sjdw50vj9gfnrxjbptj4c0000gn/T/tmp2ja3by_3/test_config.json
2025-06-05 14:56:48,892 - DEBUG - Loaded configuration from /var/folders/3f/2n5sjdw50vj9gfnrxjbptj4c0000gn/T/tmp2ja3by_3/test_config.json
2025-06-05 14:56:48,893 - DEBUG - Saved configuration to /var/folders/3f/2n5sjdw50vj9gfnrxjbptj4c0000gn/T/tmp2ja3by_3/test_config.json
2025-06-05 14:56:48,893 - DEBUG - Loaded configuration from /var/folders/3f/2n5sjdw50vj9gfnrxjbptj4c0000gn/T/tmp2ja3by_3/test_config.json
2025-06-05 14:56:48,894 - DEBUG - Using workspace_url from environment variable CHUCK_WORKSPACE_URL
2025-06-05 14:56:48,894 - DEBUG - Using workspace_url from environment variable CHUCK_WORKSPACE_URL
2025-06-05 14:56:48,894 - DEBUG - Using active_model from environment variable CHUCK_ACTIVE_MODEL
2025-06-05 14:56:48,894 - DEBUG - Using amperity_token from environment variable CHUCK_AMPERITY_TOKEN
2025-06-05 14:56:48,894 - DEBUG - Using databricks_token from environment variable CHUCK_DATABRICKS_TOKEN
2025-06-05 14:56:48,895 - DEBUG - Saved configuration to /var/folders/3f/2n5sjdw50vj9gfnrxjbptj4c0000gn/T/tmpg2tz_k7n/test_config.json
2025-06-05 14:56:48,895 - DEBUG - Loaded configuration from /var/folders/3f/2n5sjdw50vj9gfnrxjbptj4c0000gn/T/tmpg2tz_k7n/test_config.json
2025-06-05 14:56:48,896 - DEBUG - Saved configuration to /var/folders/3f/2n5sjdw50vj9gfnrxjbptj4c0000gn/T/tmpk0yari3e/test_config.json
2025-06-05 14:56:48,904 - DEBUG - GET request to: https://adb-3856707039489412.12.azuredatabricks.net/test-endpoint
2025-06-05 14:56:48,906 - DEBUG - GET request to: https://test-workspace.cloud.databricks.com/test-endpoint
2025-06-05 14:56:48,906 - DEBUG - Connection error: Connection failed
2025-06-05 14:56:48,907 - DEBUG - GET request to: https://test-workspace.cloud.databricks.com/test-endpoint
2025-06-05 14:56:48,907 - DEBUG - HTTP error: HTTP 404, Response: Not Found
2025-06-05 14:56:48,908 - WARNING - Model 'nonexistent-model' not found
2025-06-05 14:56:48,908 - DEBUG - GET request to: https://test-workspace.cloud.databricks.com/test-endpoint
2025-06-05 14:56:48,913 - DEBUG - POST request to: https://test-workspace.cloud.databricks.com/test-endpoint
2025-06-05 14:56:48,913 - DEBUG - Connection error: Connection failed
2025-06-05 14:56:48,914 - DEBUG - POST request to: https://test-workspace.cloud.databricks.com/test-endpoint
2025-06-05 14:56:48,914 - DEBUG - HTTP error: HTTP 400, Response: Bad Request
2025-06-05 14:56:48,915 - DEBUG - POST request to: https://test-workspace.cloud.databricks.com/test-endpoint
2025-06-05 14:56:48,916 - DEBUG - File upload request to: https://test-workspace.cloud.databricks.com/api/2.0/fs/files/test/path.txt
2025-06-05 14:56:48,937 - DEBUG - File upload request to: https://test-workspace.cloud.databricks.com/api/2.0/fs/files/test/path.txt
2025-06-05 14:56:48,938 - DEBUG - Token validation failed: Token validation failed
2025-06-05 14:56:48,940 - DEBUG - Saved configuration to /tmp/.test_chuck_integration_config.json
2025-06-05 14:56:48,940 - DEBUG - Saved configuration to /tmp/.test_chuck_integration_config.json
2025-06-05 14:56:48,941 - DEBUG - Saved configuration to /tmp/.test_chuck_integration_config.json
2025-06-05 14:56:48,942 - DEBUG - Saved configuration to /tmp/.test_chuck_integration_config.json
2025-06-05 14:56:48,943 - DEBUG - Saved configuration to /tmp/.test_chuck_integration_config.json
2025-06-05 14:56:48,943 - DEBUG - Saved configuration to /tmp/.test_chuck_integration_config.json
2025-06-05 14:56:48,946 - DEBUG - Sending metric: {"event": "USAGE", "prompt": "test prompt"}...
2025-06-05 14:56:48,946 - DEBUG - Error sending metrics: Test exception
Traceback (most recent call last):
  File "/Users/johnrush/repos/chuck-data/src/metrics_collector.py", line 123, in send_metric
    return self._client.submit_metrics(payload, token)
           ~~~~~~~~~~~~~~~~~~~~~~~~~~~^^^^^^^^^^^^^^^^
  File "/Users/johnrush/repos/chuck-data/tests/fixtures.py", line 60, in submit_metrics
    raise Exception("Test exception")
Exception: Test exception
2025-06-05 14:56:48,947 - DEBUG - Sending metric: {"event": "USAGE", "prompt": "test prompt"}...
2025-06-05 14:56:48,948 - DEBUG - Cannot send metrics - no authentication token available
2025-06-05 14:56:48,948 - DEBUG - Sending metric: {"event": "USAGE", "prompt": "test prompt"}...
2025-06-05 14:56:48,950 - DEBUG - Metrics tracking skipped - user has not provided consent
2025-06-05 14:56:48,951 - ERROR - Connection error when getting model: Connection failed
2025-06-05 14:56:48,952 - ERROR - Failed to get model: HTTP error occurred: 500 Internal Server Error
2025-06-05 14:56:48,953 - ERROR - Connection error when listing models: Connection failed
2025-06-05 14:56:48,954 - ERROR - Failed to list models: HTTP error occurred: 404 Not Found
2025-06-05 14:56:48,975 - ERROR - Error executing handler for command 'test_command': Command failed
Traceback (most recent call last):
  File "/Users/johnrush/repos/chuck-data/src/service.py", line 395, in execute_command
    result: CommandResult = command_def.handler(
                            ~~~~~~~~~~~~~~~~~~~^
        effective_client, **args_for_handler
        ^^^^^^^^^^^^^^^^^^^^^^^^^^^^^^^^^^^^
    )
    ^
  File "/opt/homebrew/Cellar/python@3.13/3.13.2/Frameworks/Python.framework/Versions/3.13/lib/python3.13/unittest/mock.py", line 1167, in __call__
    return self._mock_call(*args, **kwargs)
           ~~~~~~~~~~~~~~~^^^^^^^^^^^^^^^^^
  File "/opt/homebrew/Cellar/python@3.13/3.13.2/Frameworks/Python.framework/Versions/3.13/lib/python3.13/unittest/mock.py", line 1171, in _mock_call
    return self._execute_mock_call(*args, **kwargs)
           ~~~~~~~~~~~~~~~~~~~~~~~^^^^^^^^^^^^^^^^^
  File "/opt/homebrew/Cellar/python@3.13/3.13.2/Frameworks/Python.framework/Versions/3.13/lib/python3.13/unittest/mock.py", line 1226, in _execute_mock_call
    raise effect
Exception: Command failed
2025-06-05 14:56:49,000 - DEBUG - Executing SQL: SELECT * INVALID SQL
2025-06-05 14:56:49,001 - DEBUG - Executing SQL: SELECT * INVALID SQL
2025-06-05 14:56:49,001 - DEBUG - Executing SQL: SELECT * FROM table
2025-06-05 14:56:49,002 - DEBUG - Executing SQL: SELECT * FROM table
2025-06-05 14:56:49,003 - DEBUG - Executing SQL: SELECT * FROM table
2025-06-05 14:56:49,003 - DEBUG - Executing SQL: SELECT * FROM table
