2025-05-21 17:17:06,329 - INFO - ClampService executing: '/setup', args: (), interactive: 'None'
2025-05-21 17:17:06,331 - INFO - WIZARD DEBUG - handle_command called with params:
2025-05-21 17:17:06,331 - INFO -   - interactive_input: 'None'
2025-05-21 17:17:06,332 - INFO -   - client: <src.clients.databricks.DatabricksAPIClient object at 0x103943380>
2025-05-21 17:17:06,332 - INFO -   - kwargs: {}
2025-05-21 17:17:06,332 - INFO - setup_wizard: handle_command called with interactive_input=None, kwargs={}
2025-05-21 17:17:06,332 - INFO - Setting active context. Current command: /setup_wizard
2025-05-21 17:17:06,332 - INFO - Interactive mode active: True
2025-05-21 17:17:06,332 - INFO - Context data: {'current_step': 1}
2025-05-21 17:17:06,336 - INFO - Updated step to 2, context data: {'current_step': 2}
2025-05-21 17:17:07,887 - INFO - ClampService executing: '/setup_wizard', args: (), interactive: 'hello'
2025-05-21 17:17:15,451 - INFO - ClampService executing: '/setup_wizard', args: (), interactive: 'chuck > /setup
2025-05-21 17:13:44,922 - INFO - ClampService executing: '/setup', args: (), interactive: 'None'
2025-05-21 17:13:44,924 - INFO - WIZARD DEBUG - handle_command called with params:
2025-05-21 17:13:44,924 - INFO -   - interactive_input: 'None'
2025-05-21 17:13:44,924 - INFO -   - client: <src.clients.databricks.DatabricksAPIClient object at 0x107753230>
2025-05-21 17:13:44,924 - INFO -   - kwargs: {}
2025-05-21 17:13:44,924 - INFO - setup_wizard: handle_command called with interactive_input=None, kwargs={}
2025-05-21 17:13:44,924 - INFO - Setting active context. Current command: /setup_wizard
2025-05-21 17:13:44,925 - INFO - Interactive mode active: True
2025-05-21 17:13:44,925 - INFO - Context data: {'current_step': 1}

Welcome to the Chuck Setup Wizard!
This wizard will guide you through the initial configuration steps needed to use all features of the application. Let's get started!

Step 1: Amperity Authentication
You already have an Amperity token saved.
You can use /amp_logout to clear it if needed.
2025-05-21 17:13:44,928 - INFO - Updated step to 2, context data: {'current_step': 2}

Step 2: Databricks Workspace
Please enter your Databricks workspace URL (e.g., https://my-workspace.cloud.databricks.com)
Wizard initialized. Enter Databricks workspace URL:
chuck (interactive) > hello
TUI DEBUG - Before: interactive=True, cmd=/setup_wizard
TUI DEBUG - Context before: {'current_step': 2}
TUI DEBUG - Input: 'hello' for command: /setup_wizard
2025-05-21 17:13:46,053 - INFO - ClampService executing: '/setup_wizard', args: (), interactive: 'hello'
TUI DEBUG - After execution, result: <src.commands.base.CommandResult object at 0x10790a490>
TUI DEBUG - After: interactive=True, cmd=/setup_wizard
TUI DEBUG - Context after: {'current_step': 2}
chuck (interactive) > /setup
TUI DEBUG - Before: interactive=True, cmd=/setup_wizard
TUI DEBUG - Context before: {'current_step': 2}
TUI DEBUG - Input: '/setup' for command: /setup_wizard
2025-05-21 17:13:52,565 - INFO - ClampService executing: '/setup_wizard', args: (), interactive: '/setup'
TUI DEBUG - After execution, result: <src.commands.base.CommandResult object at 0x10790ac10>
TUI DEBUG - After: interactive=True, cmd=/setup_wizard
TUI DEBUG - Context after: {'current_step': 2}
chuck (interactive) > adsf
TUI DEBUG - Before: interactive=True, cmd=/setup_wizard
TUI DEBUG - Context before: {'current_step': 2}
TUI DEBUG - Input: 'adsf' for command: /setup_wizard
2025-05-21 17:13:54,574 - INFO - ClampService executing: '/setup_wizard', args: (), interactive: 'adsf'
TUI DEBUG - After execution, result: <src.commands.base.CommandResult object at 0x107873490>
TUI DEBUG - After: interactive=True, cmd=/setup_wizard
TUI DEBUG - Context after: {'current_step': 2}
chuck (interactive) > https://dbc-df998298-4c7e.cloud.databricks.com
TUI DEBUG - Before: interactive=True, cmd=/setup_wizard
TUI DEBUG - Context before: {'current_step': 2}
TUI DEBUG - Input: 'https://dbc-df998298-4c7e.cloud.databricks.com' for command: /setup_wizard
2025-05-21 17:14:04,480 - INFO - ClampService executing: '/setup_wizard', args: (), interactive: 'https://dbc-df998298-4c7e.cloud.databricks.com'
TUI DEBUG - After execution, result: <src.commands.base.CommandResult object at 0x107873a80>
TUI DEBUG - After: interactive=True, cmd=/setup_wizard
TUI DEBUG - Context after: {'current_step': 2}
chuck (interactive) >'
2025-05-21 17:17:16,438 - INFO - ClampService executing: '/setup_wizard', args: (), interactive: 'https://dbc-df998298-4c7e.cloud.databricks.com'
