<!--
 file generated by qgraf-3.5.3

  output= 'output.out' ;
  style= 'tmp.sty' ;
  model = 'tmp.model';
  in= i103i[p1], i103i[p2];
  out= i116i[p3], i499816489330i[p4];
  loops= 0;
  loop_momentum= l;
  options= notadpole,onshell;


 You must add x= and y= with suitable vertex positions.
 Some lines may need manual bending to render properly.
-->
<feynml>
 
 <diagram
          id="Diagram1"
          incoming="2"
          outgoing="2"
          sign="+"
          symmmetry_factor="1"
 >


  <vertex id="Vert1">
  </vertex>

  <vertex id="Vert2">
  </vertex>



  <leg id="In1">
        <name>i103i</name>
        <sense>incoming</sense>
        <target>Vert1</target>
        <momentum>
          <name>p1</name>
        </momentum>
  </leg>

  <leg id="In2">
        <name>i103i</name>
        <sense>incoming</sense>
        <target>Vert1</target>
        <momentum>
          <name>p2</name>
        </momentum>
  </leg>



  <leg id="Out1">
        <name>i116i</name>
        <sense>outgoing</sense>
        <target>Vert2</target>
        <momentum>
          <name>p3</name>
        </momentum>
  </leg>

  <leg id="Out2">
        <name>i499816489330i</name>
        <sense>outgoing</sense>
        <target>Vert2</target>
        <momentum>
          <name>p4</name>
        </momentum>
  </leg>



  <propagator id="Prop1">
        <name>i103i</name>
        <source>Vert2</source>
        <target>Vert1</target>
        <momentum>
          <name>-p1-p2</name>
        </momentum>
  </propagator>


 </diagram>
 
 <diagram
          id="Diagram2"
          incoming="2"
          outgoing="2"
          sign="+"
          symmmetry_factor="1"
 >


  <vertex id="Vert1">
  </vertex>

  <vertex id="Vert2">
  </vertex>



  <leg id="In1">
        <name>i103i</name>
        <sense>incoming</sense>
        <target>Vert1</target>
        <momentum>
          <name>p1</name>
        </momentum>
  </leg>

  <leg id="In2">
        <name>i103i</name>
        <sense>incoming</sense>
        <target>Vert2</target>
        <momentum>
          <name>p2</name>
        </momentum>
  </leg>



  <leg id="Out1">
        <name>i116i</name>
        <sense>outgoing</sense>
        <target>Vert1</target>
        <momentum>
          <name>p3</name>
        </momentum>
  </leg>

  <leg id="Out2">
        <name>i499816489330i</name>
        <sense>outgoing</sense>
        <target>Vert2</target>
        <momentum>
          <name>p4</name>
        </momentum>
  </leg>



  <propagator id="Prop1">
        <name>i116i</name>
        <source>Vert2</source>
        <target>Vert1</target>
        <momentum>
          <name>-p1+p3</name>
        </momentum>
  </propagator>


 </diagram>
 
 <diagram
          id="Diagram3"
          incoming="2"
          outgoing="2"
          sign="+"
          symmmetry_factor="1"
 >


  <vertex id="Vert1">
  </vertex>

  <vertex id="Vert2">
  </vertex>



  <leg id="In1">
        <name>i103i</name>
        <sense>incoming</sense>
        <target>Vert1</target>
        <momentum>
          <name>p1</name>
        </momentum>
  </leg>

  <leg id="In2">
        <name>i103i</name>
        <sense>incoming</sense>
        <target>Vert2</target>
        <momentum>
          <name>p2</name>
        </momentum>
  </leg>



  <leg id="Out1">
        <name>i116i</name>
        <sense>outgoing</sense>
        <target>Vert2</target>
        <momentum>
          <name>p3</name>
        </momentum>
  </leg>

  <leg id="Out2">
        <name>i499816489330i</name>
        <sense>outgoing</sense>
        <target>Vert1</target>
        <momentum>
          <name>p4</name>
        </momentum>
  </leg>



  <propagator id="Prop1">
        <name>i116i</name>
        <source>Vert1</source>
        <target>Vert2</target>
        <momentum>
          <name>p1-p4</name>
        </momentum>
  </propagator>


 </diagram>
</feynml>

<!-- end -->
